<?xml version="1.0" encoding="UTF-8"?>
<testsuite name="com.indra.runners.SanityRunners" tests="0" skipped="0" failures="0" errors="0" timestamp="1970-01-01T00:00:00" hostname="22LAP5CD1195RQX" time="0.0">
  <properties/>
  <system-out><![CDATA[15:57:53.448 [Test worker] DEBUG net.thucydides.core.util.PropertiesFileLocalPreferences - LOADING LOCAL PROPERTIES FROM C:\Users\nriosa\Desktop\SanitySemillas\SanitySemilla2\serenity.properties 
15:57:53.548 [Test worker] DEBUG net.thucydides.core.util.PropertiesFileLocalPreferences - LOADING LOCAL PROPERTIES FROM C:\Users\nriosa\Desktop\SanitySemillas\SanitySemilla2\serenity.properties 
15:57:53.550 [Test worker] DEBUG net.thucydides.core.util.PropertiesFileLocalPreferences - LOADING LOCAL PROPERTIES FROM C:\Users\nriosa\Desktop\SanitySemillas\SanitySemilla2\serenity.properties 
15:57:53.560 [Test worker] DEBUG net.thucydides.core.util.PropertiesFileLocalPreferences - webdriver.driver=firefox
15:57:53.560 [Test worker] DEBUG net.thucydides.core.util.PropertiesFileLocalPreferences - serenity.console.colors=true
15:57:53.560 [Test worker] DEBUG net.thucydides.core.util.PropertiesFileLocalPreferences - webdriver.gecko.driver=src/test/resources/drivers/geckodriver.exe
15:57:53.560 [Test worker] DEBUG net.thucydides.core.util.PropertiesFileLocalPreferences - webdriver.base.url=http://10.69.60.77:8180/tigo-pos-web/index.jsp
15:57:53.560 [Test worker] DEBUG net.thucydides.core.util.PropertiesFileLocalPreferences - serenity.project.name=Automatización Sanity Ambiente - Activacion Prepago
15:57:53.560 [Test worker] DEBUG net.thucydides.core.util.PropertiesFileLocalPreferences - webdriver.wait.for.timeout=35000
15:57:53.560 [Test worker] DEBUG net.thucydides.core.util.PropertiesFileLocalPreferences - serenity.use.unique.browser=true
15:57:53.560 [Test worker] DEBUG net.thucydides.core.util.PropertiesFileLocalPreferences - webdriver.timeouts.implicitlywait=45000
15:57:53.561 [Test worker] DEBUG net.thucydides.core.util.PropertiesFileLocalPreferences - serenity.take.screenshots=FOR_EACH_ACTION
15:57:53.561 [Test worker] DEBUG net.thucydides.core.util.PropertiesFileLocalPreferences - serenity.browser.maximized=true
15:57:53.561 [Test worker] DEBUG net.thucydides.core.util.PropertiesFileLocalPreferences - firefox.capability.marionette=true
15:57:53.852 [Test worker] DEBUG net.thucydides.core.util.PropertiesFileLocalPreferences - LOADING LOCAL PROPERTIES FROM C:\Users\nriosa\Desktop\SanitySemillas\SanitySemilla2\serenity.properties 
15:57:53.908 [Test worker] DEBUG net.thucydides.core.util.PropertiesFileLocalPreferences - LOADING LOCAL PROPERTIES FROM C:\Users\nriosa\Desktop\SanitySemillas\SanitySemilla2\serenity.properties 
15:57:53.909 [Test worker] DEBUG net.thucydides.core.util.PropertiesFileLocalPreferences - LOADING LOCAL PROPERTIES FROM C:\Users\nriosa\Desktop\SanitySemillas\SanitySemilla2\serenity.properties 
15:57:53.910 [Test worker] DEBUG net.thucydides.core.util.PropertiesFileLocalPreferences - webdriver.driver=firefox
15:57:53.911 [Test worker] DEBUG net.thucydides.core.util.PropertiesFileLocalPreferences - serenity.console.colors=true
15:57:53.911 [Test worker] DEBUG net.thucydides.core.util.PropertiesFileLocalPreferences - webdriver.gecko.driver=src/test/resources/drivers/geckodriver.exe
15:57:53.911 [Test worker] DEBUG net.thucydides.core.util.PropertiesFileLocalPreferences - webdriver.base.url=http://10.69.60.77:8180/tigo-pos-web/index.jsp
15:57:53.911 [Test worker] DEBUG net.thucydides.core.util.PropertiesFileLocalPreferences - serenity.project.name=Automatización Sanity Ambiente - Activacion Prepago
15:57:53.911 [Test worker] DEBUG net.thucydides.core.util.PropertiesFileLocalPreferences - webdriver.wait.for.timeout=35000
15:57:53.911 [Test worker] DEBUG net.thucydides.core.util.PropertiesFileLocalPreferences - serenity.use.unique.browser=true
15:57:53.911 [Test worker] DEBUG net.thucydides.core.util.PropertiesFileLocalPreferences - webdriver.timeouts.implicitlywait=45000
15:57:53.911 [Test worker] DEBUG net.thucydides.core.util.PropertiesFileLocalPreferences - serenity.take.screenshots=FOR_EACH_ACTION
15:57:53.912 [Test worker] DEBUG net.thucydides.core.util.PropertiesFileLocalPreferences - serenity.browser.maximized=true
15:57:53.912 [Test worker] DEBUG net.thucydides.core.util.PropertiesFileLocalPreferences - firefox.capability.marionette=true
15:57:53.920 [Test worker] INFO net.thucydides.core.steps.ConsoleLoggingListener - ?[96m

-------------------------------------------------------------------------------------
     _______. _______ .______       _______ .__   __.  __  .___________.____    ____ 
    /       ||   ____||   _  \     |   ____||  \ |  | |  | |           |\   \  /   / 
   |   (----`|  |__   |  |_)  |    |  |__   |   \|  | |  | `---|  |----` \   \/   /  
    \   \    |   __|  |      /     |   __|  |  . `  | |  |     |  |       \_    _/   
.----)   |   |  |____ |  |\  \----.|  |____ |  |\   | |  |     |  |         |  |     
|_______/    |_______|| _| `._____||_______||__| \__| |__|     |__|         |__|    
                                                                                     
 News and tutorials at http://www.serenity-bdd.info                                  
 Documentation at https://wakaleo.gitbooks.io/the-serenity-book/content/             
 Join the Serenity Community on Rocket Chat at https://serenity-bdd.rocket.chat      
 Serenity BDD Support and Training at http://serenity-bdd.info/#/trainingandsupport  
 Learn Serenity BDD online at http://serenity-dojo.com                               
-------------------------------------------------------------------------------------
?[0m
15:57:53.925 [Test worker] DEBUG net.thucydides.core.steps.StepEventBus - Test suite started for story net.thucydides.core.model.Story@6fe68030
15:57:53.927 [Test worker] INFO net.thucydides.core.steps.ConsoleLoggingListener - Test Suite Started: Sanity limpieza y aprovisionamiento de recursos
15:57:53.971 [Test worker] INFO net.thucydides.core.steps.ConsoleLoggingListener - 
 _____ _____ ____ _____   ____ _____  _    ____ _____ _____ ____  
|_   _| ____/ ___|_   _| / ___|_   _|/ \  |  _ \_   _| ____|  _ \ 
  | | |  _| \___ \ | |   \___ \ | | / _ \ | |_) || | |  _| | | | |
  | | | |___ ___) || |    ___) || |/ ___ \|  _ < | | | |___| |_| |
  |_| |_____|____/ |_|   |____/ |_/_/   \_\_| \_\|_| |_____|____/ 
                                                                  

TEST STARTED: se requiere realizar una portabilidad prepago
-------------------------------------------------------------------(sanity-limpieza-y-aprovisionamiento-de-recursos;se-requiere-realizar-una-portabilidad-prepago)
15:57:54.029 [Test worker] DEBUG net.thucydides.core.requirements.model.cucumber.CucumberParser - Found no Cucumber 4.2.6 class cucumber.runtime.model.FeatureLoader try Cucumber 4.2.0 
15:57:54.030 [Test worker] DEBUG net.thucydides.core.requirements.model.cucumber.CucumberParser - Found no Cucumber 4.2.0 class cucumber.runtime.model.FeatureLoader try Cucumber 2.x.x 
16:02:30.389 [Test worker] DEBUG net.thucydides.core.reports.ReportService - Reporting formats: [JSON, HTML]
16:02:30.479 [Test worker] DEBUG net.thucydides.core.reports.ReportService - Reporting formats: [JSON, HTML]
16:02:30.487 [Test worker] DEBUG net.thucydides.core.reports.ReportService - Generating reports for 1 test outcomes using: net.thucydides.core.reports.json.JSONTestOutcomeReporter@7fb1c6fd
16:02:30.488 [pool-1-thread-1] DEBUG net.thucydides.core.reports.ReportService - Processing test outcome Sanity limpieza y aprovisionamiento de recursos:se requiere realizar una portabilidad prepago
16:02:30.488 [pool-1-thread-1] DEBUG net.thucydides.core.reports.ReportService - net.thucydides.core.reports.json.JSONTestOutcomeReporter@7fb1c6fd: Generating report for test outcome: Sanity limpieza y aprovisionamiento de recursos:se requiere realizar una portabilidad prepago
16:02:30.496 [pool-1-thread-1] DEBUG net.thucydides.core.reports.json.JSONTestOutcomeReporter - Generating JSON report for se requiere realizar una portabilidad prepago to file C:\Users\nriosa\Desktop\SanitySemillas\SanitySemilla2\target\site\serenity\234b4c6decfe3cd61cb4478133e472035a3771dbb7b5c8004bf4fc39fcbd071d.json (using temp file C:\Users\nriosa\Desktop\SanitySemillas\SanitySemilla2\target\site\serenity\234b4c6decfe3cd61cb4478133e472035a3771dbb7b5c8004bf4fc39fcbd071d.json7b98800b-8f60-4301-8852-07dc1cdf40bb)
16:02:30.558 [pool-1-thread-1] DEBUG net.thucydides.core.reports.ReportService - Processing test outcome Sanity limpieza y aprovisionamiento de recursos:se requiere realizar una portabilidad prepago done
16:02:30.558 [Test worker] DEBUG net.thucydides.core.reports.ReportService - Shutting down executor service
16:02:30.558 [Test worker] DEBUG net.thucydides.core.reports.ReportService - Reports generated in: 71 ms
16:02:30.558 [Test worker] DEBUG net.thucydides.core.reports.ReportService - Generating reports for 1 test outcomes using: net.thucydides.core.reports.html.HtmlAcceptanceTestReporter@1548554b
16:02:30.559 [pool-2-thread-1] DEBUG net.thucydides.core.reports.ReportService - Processing test outcome Sanity limpieza y aprovisionamiento de recursos:se requiere realizar una portabilidad prepago
16:02:30.559 [pool-2-thread-1] DEBUG net.thucydides.core.reports.ReportService - net.thucydides.core.reports.html.HtmlAcceptanceTestReporter@1548554b: Generating report for test outcome: Sanity limpieza y aprovisionamiento de recursos:se requiere realizar una portabilidad prepago
16:02:30.559 [pool-2-thread-1] DEBUG net.thucydides.core.reports.html.HtmlAcceptanceTestReporter - GENERATE TEST OUTCOME REPORT FOR se requiere realizar una portabilidad prepago in 234b4c6decfe3cd61cb4478133e472035a3771dbb7b5c8004bf4fc39fcbd071d
16:02:30.585 [pool-2-thread-1] DEBUG net.thucydides.core.requirements.model.cucumber.CucumberParser - Found no Cucumber 4.2.6 class cucumber.runtime.model.FeatureLoader try Cucumber 4.2.0 
16:02:30.585 [pool-2-thread-1] DEBUG net.thucydides.core.requirements.model.cucumber.CucumberParser - Found no Cucumber 4.2.0 class cucumber.runtime.model.FeatureLoader try Cucumber 2.x.x 
16:02:30.590 [pool-2-thread-1] DEBUG net.thucydides.core.requirements.RequirementsTagProvider -  found:[Requirement{name='Sanity limpieza y aprovisionamiento de recursos', type='feature' parent = 'null', cardNumber='null'}]
16:02:30.596 [pool-2-thread-1] DEBUG net.thucydides.core.requirements.BaseRequirementsService - Requirement found for test outcome se requiere realizar una portabilidad prepago-[]: Optional[Requirement{name='Sanity limpieza y aprovisionamiento de recursos', type='feature' parent = 'null', cardNumber='null'}]
16:02:30.598 [pool-2-thread-1] DEBUG net.thucydides.core.requirements.BaseRequirementsService - Requirement found for test outcome se requiere realizar una portabilidad prepago-[]: Optional[Requirement{name='Sanity limpieza y aprovisionamiento de recursos', type='feature' parent = 'null', cardNumber='null'}]
16:02:30.832 [pool-2-thread-1] DEBUG net.thucydides.core.requirements.BaseRequirementsService - Requirement found for test outcome se requiere realizar una portabilidad prepago-[]: Optional[Requirement{name='Sanity limpieza y aprovisionamiento de recursos', type='feature' parent = 'null', cardNumber='null'}]
16:02:30.832 [pool-2-thread-1] DEBUG net.thucydides.core.requirements.BaseRequirementsService - Requirement found for test outcome se requiere realizar una portabilidad prepago-[]: Optional[Requirement{name='Sanity limpieza y aprovisionamiento de recursos', type='feature' parent = 'null', cardNumber='null'}]
16:02:30.916 [pool-2-thread-1] DEBUG net.thucydides.core.reports.html.HtmlAcceptanceTestReporter - Generating report in 234b4c6decfe3cd61cb4478133e472035a3771dbb7b5c8004bf4fc39fcbd071d_screenshots.html
16:02:31.333 [pool-2-thread-1] DEBUG net.thucydides.core.reports.html.HtmlAcceptanceTestReporter - Generated report 234b4c6decfe3cd61cb4478133e472035a3771dbb7b5c8004bf4fc39fcbd071d_screenshots.html in 417 ms
16:02:31.335 [pool-2-thread-1] DEBUG net.thucydides.core.reports.html.HtmlAcceptanceTestReporter - GENERATING HTML REPORT FOR Sanity limpieza y aprovisionamiento de recursos:se requiere realizar una portabilidad prepago in 234b4c6decfe3cd61cb4478133e472035a3771dbb7b5c8004bf4fc39fcbd071d.html in directory C:\Users\nriosa\Desktop\SanitySemillas\SanitySemilla2\target\site\serenity  
16:02:31.339 [pool-2-thread-1] DEBUG net.thucydides.core.reports.html.HtmlAcceptanceTestReporter - Generating report in 234b4c6decfe3cd61cb4478133e472035a3771dbb7b5c8004bf4fc39fcbd071d.html
16:02:32.224 [pool-2-thread-1] DEBUG net.thucydides.core.reports.html.HtmlAcceptanceTestReporter - Generated report 234b4c6decfe3cd61cb4478133e472035a3771dbb7b5c8004bf4fc39fcbd071d.html in 885 ms
16:02:32.224 [pool-2-thread-1] DEBUG net.thucydides.core.reports.ReportService - Processing test outcome Sanity limpieza y aprovisionamiento de recursos:se requiere realizar una portabilidad prepago done
16:02:32.225 [Test worker] DEBUG net.thucydides.core.reports.ReportService - Shutting down executor service
16:02:32.225 [Test worker] DEBUG net.thucydides.core.reports.ReportService - Reports generated in: 1667 ms
16:02:32.353 [Test worker] DEBUG net.serenitybdd.core.photography.Darkroom - Closing darkroom
16:02:32.354 [Darkroom Processing Line] DEBUG net.serenitybdd.core.photography.DarkroomProcessingLine - Darkroom processing line shutting down

?[31mFailed scenarios:?[0m
?[31msrc/test/resources/features/execute.feature:92 ?[0m# se requiere realizar una portabilidad prepago

1 Scenarios (?[31m1 failed?[0m)
8 Steps (?[31m1 failed?[0m, ?[32m7 passed?[0m)
4m36,643s

org.openqa.selenium.ElementNotVisibleException: Timed out after 45 seconds. Element not available
Build info: version: '3.141.59', revision: 'e82be7d358', time: '2018-11-14T08:17:03'
System info: host: '22LAP5CD1195RQX', ip: '192.168.10.19', os.name: 'Windows 10', os.arch: 'amd64', os.version: '10.0', java.version: '1.8.0_291'
Driver info: driver.version: unknown
	at net.thucydides.core.annotations.locators.SmartAjaxElementLocator.ajaxFindElement(SmartAjaxElementLocator.java:163)
	at net.thucydides.core.annotations.locators.SmartAjaxElementLocator.findElement(SmartAjaxElementLocator.java:118)
	at net.serenitybdd.core.pages.WebElementResolverByElementLocator.resolveForDriver(WebElementResolverByElementLocator.java:30)
	at net.serenitybdd.core.pages.WebElementFacadeImpl.getElement(WebElementFacadeImpl.java:221)
	at net.serenitybdd.core.pages.WebElementExpectations$3.apply(WebElementExpectations.java:63)
	at net.serenitybdd.core.pages.WebElementExpectations$3.apply(WebElementExpectations.java:55)
	at org.openqa.selenium.support.ui.FluentWait.until(FluentWait.java:249)
	at net.serenitybdd.core.pages.WebElementFacadeImpl.waitUntilEnabled(WebElementFacadeImpl.java:1146)
	at net.serenitybdd.core.pages.WebElementFacadeImpl.waitUntilElementAvailable(WebElementFacadeImpl.java:954)
	at net.serenitybdd.core.pages.WebElementFacadeImpl.click(WebElementFacadeImpl.java:1229)
	at sun.reflect.GeneratedMethodAccessor8.invoke(Unknown Source)
	at sun.reflect.DelegatingMethodAccessorImpl.invoke(DelegatingMethodAccessorImpl.java:43)
	at java.lang.reflect.Method.invoke(Method.java:498)
	at net.thucydides.core.annotations.locators.AbstractSingleItemHandler.invoke(AbstractSingleItemHandler.java:45)
	at com.sun.proxy.$Proxy27.click(Unknown Source)
	at com.indra.actions.PortabilityPrepaidActions.consultSingleScreen2(PortabilityPrepaidActions.java:452)
	at com.indra.actions.PortabilityPrepaidActions.validateLineTemporal1(PortabilityPrepaidActions.java:418)
	at com.indra.steps_definitions.SanitySteps.seDeberiaVerEnPantallaUnicaLaLineaEnEstadoActivadoLaLineaPrepagoPortada(SanitySteps.java:310)
	at ?.Se deberia ver en pantalla unica la linea en estado activado la linea prepago portada(src/test/resources/features/execute.feature:100)

]]></system-out>
  <system-err><![CDATA[]]></system-err>
</testsuite>
