<?xml version="1.0" encoding="UTF-8"?>
<testsuite name="Sanity limpieza y aprovisionamiento de recursos" tests="1" skipped="0" failures="0" errors="0" timestamp="2022-07-07T21:14:51" hostname="22LAP5CD1195RQX" time="132.685">
  <properties/>
  <testcase name="se requiere realizar una cesion de contrato nit a nit" classname="Sanity limpieza y aprovisionamiento de recursos" time="132.685"/>
  <system-out><![CDATA[16:14:54.258 [Test worker] INFO net.serenitybdd.core.webdriver.driverproviders.ProvideNewDriver - Instantiating driver
16:14:54.258 [Test worker] INFO net.serenitybdd.core.webdriver.driverproviders.ProvideNewDriver - Driver capabilities: Capabilities {acceptInsecureCerts: true, browserName: firefox, firefox_profile: org.openqa.selenium.firefox..., headless: false, loggingPrefs: org.openqa.selenium.logging..., marionette: true, moz:firefoxOptions: {}, platform: ANY, version: }
16:15:11.386 [Test worker] DEBUG net.serenitybdd.core.photography.Darkroom - Opening darkroom
16:15:11.391 [Darkroom Processing Line] DEBUG net.serenitybdd.core.photography.DarkroomProcessingLine - Darkroom processing line starting up
16:15:11.817 [Test worker] DEBUG net.serenitybdd.core.photography.Darkroom - Send negative for processing for C:\Users\nriosa\Desktop\SanitySemillas\SanitySemilla2\target\site\serenity\8a6c552499fef698e1b57ab10a498f752a43ff0b2becb28712565b39c41ecb96.png
16:15:13.263 [Test worker] DEBUG net.serenitybdd.core.photography.Darkroom - Send negative for processing for C:\Users\nriosa\Desktop\SanitySemillas\SanitySemilla2\target\site\serenity\d1f7553147769a75b87043926a8b3b0bf936fafaf394c13940c8b35f79332bae.png
16:15:21.677 [Test worker] DEBUG net.serenitybdd.core.photography.Darkroom - Send negative for processing for C:\Users\nriosa\Desktop\SanitySemillas\SanitySemilla2\target\site\serenity\90d5e24bb27c597af57642a285344ac39cd586a8c11fc1f610a1ed72421cfd05.png
16:15:21.967 [Test worker] DEBUG net.serenitybdd.core.photography.Darkroom - Send negative for processing for C:\Users\nriosa\Desktop\SanitySemillas\SanitySemilla2\target\site\serenity\90d5e24bb27c597af57642a285344ac39cd586a8c11fc1f610a1ed72421cfd05.png
16:15:25.234 [Test worker] DEBUG net.serenitybdd.core.photography.Darkroom - Send negative for processing for C:\Users\nriosa\Desktop\SanitySemillas\SanitySemilla2\target\site\serenity\598a1cddd5f521400874c6d3db4c7dd4fe8ddc201cb63243364bcb0e9d244515.png
16:15:26.346 [Test worker] DEBUG net.serenitybdd.core.photography.Darkroom - Send negative for processing for C:\Users\nriosa\Desktop\SanitySemillas\SanitySemilla2\target\site\serenity\2d9065536ad677b59e3054ac19c52651a3d39992a5b94d66e3c14f778979ad18.png
16:15:27.359 [Test worker] DEBUG net.serenitybdd.core.photography.Darkroom - Send negative for processing for C:\Users\nriosa\Desktop\SanitySemillas\SanitySemilla2\target\site\serenity\85e6a086fd9e6d2df9d981cff993b43741c465724783a9e6baec08c0eaf732db.png
16:15:28.389 [Test worker] DEBUG net.serenitybdd.core.photography.Darkroom - Send negative for processing for C:\Users\nriosa\Desktop\SanitySemillas\SanitySemilla2\target\site\serenity\6fe185b65c3510117788f32a1ad8a5a2041f0b202d522f92ca9023003dcc1cc8.png
16:15:28.393 [Darkroom Processing Line] DEBUG net.serenitybdd.core.photography.DarkroomProcessingLine - Processing screenshot image in /var/screenshots/screenshot-6521295454729079387
16:15:28.393 [Darkroom Processing Line] DEBUG net.serenitybdd.core.photography.DarkroomProcessingLine - Saving screenshot to C:\Users\nriosa\Desktop\SanitySemillas\SanitySemilla2\target\site\serenity\6fe185b65c3510117788f32a1ad8a5a2041f0b202d522f92ca9023003dcc1cc8.png
16:15:31.171 [Test worker] DEBUG net.serenitybdd.core.photography.Darkroom - Send negative for processing for C:\Users\nriosa\Desktop\SanitySemillas\SanitySemilla2\target\site\serenity\1476a9dde6c6e4aa4b25421c787247ceee0f4547cf19d7075834f13774b88ee6.png
16:15:36.286 [Test worker] DEBUG net.serenitybdd.core.photography.Darkroom - Send negative for processing for C:\Users\nriosa\Desktop\SanitySemillas\SanitySemilla2\target\site\serenity\3f6ba58342520af8dcd910850d77e416f17bf283adaac6a65af235db71e180b4.png
16:15:37.976 [Test worker] DEBUG net.serenitybdd.core.photography.Darkroom - Send negative for processing for C:\Users\nriosa\Desktop\SanitySemillas\SanitySemilla2\target\site\serenity\776427708e4973b6dd0d3bf9b3c6f95c187210f5303ae8542e6c627b4ee7b720.png
16:15:38.893 [Test worker] DEBUG net.serenitybdd.core.photography.Darkroom - Send negative for processing for C:\Users\nriosa\Desktop\SanitySemillas\SanitySemilla2\target\site\serenity\fa6e719f10cb7d0d495a15fa0cff3ca1cab81a1f1d8c254d186d95fe35f0b0bd.png
16:15:38.898 [Darkroom Processing Line] DEBUG net.serenitybdd.core.photography.DarkroomProcessingLine - Processing screenshot image in /var/screenshots/screenshot-1568158514390458146
16:15:38.898 [Darkroom Processing Line] DEBUG net.serenitybdd.core.photography.DarkroomProcessingLine - Saving screenshot to C:\Users\nriosa\Desktop\SanitySemillas\SanitySemilla2\target\site\serenity\fa6e719f10cb7d0d495a15fa0cff3ca1cab81a1f1d8c254d186d95fe35f0b0bd.png
16:15:40.782 [Test worker] DEBUG net.serenitybdd.core.photography.Darkroom - Send negative for processing for C:\Users\nriosa\Desktop\SanitySemillas\SanitySemilla2\target\site\serenity\794274e866dfe24d34942e02de131fabedf62a51d37ca382faea8af8acbb078e.png
Connecting------
Established Session
Opened sftp Channel
Copying file from Host to Local
Copied file from Host to local
Disconnected from sftp
0580
16:15:44.169 [Test worker] DEBUG net.serenitybdd.core.photography.Darkroom - Send negative for processing for C:\Users\nriosa\Desktop\SanitySemillas\SanitySemilla2\target\site\serenity\794274e866dfe24d34942e02de131fabedf62a51d37ca382faea8af8acbb078e.png
16:15:49.115 [Test worker] DEBUG net.serenitybdd.core.photography.Darkroom - Send negative for processing for C:\Users\nriosa\Desktop\SanitySemillas\SanitySemilla2\target\site\serenity\baa5ddfe8b18256ebf714fdc851936af70d335b26c5490be3ea235f33ffac215.png
16:15:50.428 [Test worker] DEBUG net.serenitybdd.core.photography.Darkroom - Send negative for processing for C:\Users\nriosa\Desktop\SanitySemillas\SanitySemilla2\target\site\serenity\078104e4994b764e80828f504628c8ddfa76dca275c3edc08332932a2fcb95a3.png
16:15:51.435 [Test worker] DEBUG net.serenitybdd.core.photography.Darkroom - Send negative for processing for C:\Users\nriosa\Desktop\SanitySemillas\SanitySemilla2\target\site\serenity\df314784ead010f069a9e5d738791344808a837c632e4a9ddda11096b67b5627.png
16:15:52.397 [Test worker] DEBUG net.serenitybdd.core.photography.Darkroom - Send negative for processing for C:\Users\nriosa\Desktop\SanitySemillas\SanitySemilla2\target\site\serenity\df314784ead010f069a9e5d738791344808a837c632e4a9ddda11096b67b5627.png
16:15:55.052 [Test worker] DEBUG net.serenitybdd.core.photography.Darkroom - Send negative for processing for C:\Users\nriosa\Desktop\SanitySemillas\SanitySemilla2\target\site\serenity\c926f14d818bb43d83785a5e87b824707d39c9b74905ef6f8b0f2a3bbb00092b.png
16:15:56.233 [Test worker] DEBUG net.serenitybdd.core.photography.Darkroom - Send negative for processing for C:\Users\nriosa\Desktop\SanitySemillas\SanitySemilla2\target\site\serenity\dcdb9a0ec2547ee58b47d452ad7d2ea2e7c8ef2a2a9363f2cc845bbfd7efcaf1.png
16:15:57.091 [Test worker] DEBUG net.serenitybdd.core.photography.Darkroom - Send negative for processing for C:\Users\nriosa\Desktop\SanitySemillas\SanitySemilla2\target\site\serenity\266779f57148dd837f21ad8f285d72529a0a39ad8c47a9126334ce2c08000fea.png
16:15:57.961 [Test worker] DEBUG net.serenitybdd.core.photography.Darkroom - Send negative for processing for C:\Users\nriosa\Desktop\SanitySemillas\SanitySemilla2\target\site\serenity\266779f57148dd837f21ad8f285d72529a0a39ad8c47a9126334ce2c08000fea.png
16:15:58.797 [Test worker] DEBUG net.serenitybdd.core.photography.Darkroom - Send negative for processing for C:\Users\nriosa\Desktop\SanitySemillas\SanitySemilla2\target\site\serenity\4400db8a904a61540e7a6e06afb61ea43246ef1ec824907413a5ed27e4e3e360.png
16:15:59.655 [Test worker] DEBUG net.serenitybdd.core.photography.Darkroom - Send negative for processing for C:\Users\nriosa\Desktop\SanitySemillas\SanitySemilla2\target\site\serenity\4400db8a904a61540e7a6e06afb61ea43246ef1ec824907413a5ed27e4e3e360.png
16:16:00.638 [Test worker] DEBUG net.serenitybdd.core.photography.Darkroom - Send negative for processing for C:\Users\nriosa\Desktop\SanitySemillas\SanitySemilla2\target\site\serenity\4400db8a904a61540e7a6e06afb61ea43246ef1ec824907413a5ed27e4e3e360.png
16:16:01.590 [Test worker] DEBUG net.serenitybdd.core.photography.Darkroom - Send negative for processing for C:\Users\nriosa\Desktop\SanitySemillas\SanitySemilla2\target\site\serenity\8b0fe9a992dcb8cc2d6d910e2aeb6c18a3ce8949691371b075317102d90cc7ec.png
16:16:01.593 [Darkroom Processing Line] DEBUG net.serenitybdd.core.photography.DarkroomProcessingLine - Processing screenshot image in /var/screenshots/screenshot-6370902000695769439
16:16:01.594 [Darkroom Processing Line] DEBUG net.serenitybdd.core.photography.DarkroomProcessingLine - Saving screenshot to C:\Users\nriosa\Desktop\SanitySemillas\SanitySemilla2\target\site\serenity\8b0fe9a992dcb8cc2d6d910e2aeb6c18a3ce8949691371b075317102d90cc7ec.png
El parametro correo es nulo o vacio
16:16:38.404 [Test worker] DEBUG net.serenitybdd.core.photography.Darkroom - Send negative for processing for C:\Users\nriosa\Desktop\SanitySemillas\SanitySemilla2\target\site\serenity\8b0fe9a992dcb8cc2d6d910e2aeb6c18a3ce8949691371b075317102d90cc7ec.png
16:16:41.024 [Test worker] DEBUG net.serenitybdd.core.photography.Darkroom - Send negative for processing for C:\Users\nriosa\Desktop\SanitySemillas\SanitySemilla2\target\site\serenity\90d5e24bb27c597af57642a285344ac39cd586a8c11fc1f610a1ed72421cfd05.png
16:16:41.895 [Test worker] DEBUG net.serenitybdd.core.photography.Darkroom - Send negative for processing for C:\Users\nriosa\Desktop\SanitySemillas\SanitySemilla2\target\site\serenity\af7c6775cff514a33f5651bf7aafdd0b472d65b345f136e6c13b2bbc3d6b587e.png
16:16:42.955 [Test worker] DEBUG net.serenitybdd.core.photography.Darkroom - Send negative for processing for C:\Users\nriosa\Desktop\SanitySemillas\SanitySemilla2\target\site\serenity\24c29a0be3f348760d71d0a96d0406538f54b19af4e3b00139db1d07d24d2af6.png
16:16:43.892 [Test worker] DEBUG net.serenitybdd.core.photography.Darkroom - Send negative for processing for C:\Users\nriosa\Desktop\SanitySemillas\SanitySemilla2\target\site\serenity\82255d70a50ce83fef72b7a60c4c2cca75ef3c074cf0aeb7dc961049f6f9dbfe.png
16:16:45.530 [Test worker] DEBUG net.serenitybdd.core.photography.Darkroom - Send negative for processing for C:\Users\nriosa\Desktop\SanitySemillas\SanitySemilla2\target\site\serenity\9525e88fd4fdd93cc6487715a588d1375888adad0c32572519c51b88020be3bd.png
16:16:46.629 [Test worker] DEBUG net.serenitybdd.core.photography.Darkroom - Send negative for processing for C:\Users\nriosa\Desktop\SanitySemillas\SanitySemilla2\target\site\serenity\3828e8e7076207daa7fb221fc166efd2bdc34643e0f62376e1ed5423a679b88e.png
16:16:46.636 [Darkroom Processing Line] DEBUG net.serenitybdd.core.photography.DarkroomProcessingLine - Processing screenshot image in /var/screenshots/screenshot-873532209879448776
16:16:46.636 [Darkroom Processing Line] DEBUG net.serenitybdd.core.photography.DarkroomProcessingLine - Saving screenshot to C:\Users\nriosa\Desktop\SanitySemillas\SanitySemilla2\target\site\serenity\3828e8e7076207daa7fb221fc166efd2bdc34643e0f62376e1ed5423a679b88e.png
16:16:48.227 [Test worker] DEBUG net.serenitybdd.core.photography.Darkroom - Send negative for processing for C:\Users\nriosa\Desktop\SanitySemillas\SanitySemilla2\target\site\serenity\d7d43472dbda6e30472bc4729adc2a68b438c580d29825c2d7caa7966c37dd19.png
16:16:48.232 [Darkroom Processing Line] DEBUG net.serenitybdd.core.photography.DarkroomProcessingLine - Processing screenshot image in /var/screenshots/screenshot-6241423840022221686
16:16:48.233 [Darkroom Processing Line] DEBUG net.serenitybdd.core.photography.DarkroomProcessingLine - Saving screenshot to C:\Users\nriosa\Desktop\SanitySemillas\SanitySemilla2\target\site\serenity\d7d43472dbda6e30472bc4729adc2a68b438c580d29825c2d7caa7966c37dd19.png
16:17:04.329 [Test worker] INFO net.thucydides.core.steps.ConsoleLoggingListener - ?[92m
        __    _____ _____ ____ _____   ____   _    ____  ____  _____ ____  
  _     \ \  |_   _| ____/ ___|_   _| |  _ \ / \  / ___|/ ___|| ____|  _ \ 
 (_)_____| |   | | |  _| \___ \ | |   | |_) / _ \ \___ \\___ \|  _| | | | |
  _|_____| |   | | | |___ ___) || |   |  __/ ___ \ ___) |___) | |___| |_| |
 (_)     | |   |_| |_____|____/ |_|   |_| /_/   \_\____/|____/|_____|____/ 
        /_/                                                                

TEST PASSED: se requiere realizar una cesion de contrato nit a nit
----------------------------------------------------------------------------?[0m
]]></system-out>
  <system-err><![CDATA[jul 07, 2022 4:14:53 PM org.openqa.selenium.remote.DesiredCapabilities firefox
INFORMACIÓN: Using `new FirefoxOptions()` is preferred to `DesiredCapabilities.firefox()`
jul 07, 2022 4:14:53 PM org.openqa.selenium.remote.DesiredCapabilities firefox
INFORMACIÓN: Using `new FirefoxOptions()` is preferred to `DesiredCapabilities.firefox()`
1657228496238	geckodriver	INFO	Listening on 127.0.0.1:15266
1657228496922	mozrunner::runner	INFO	Running command: "C:\\Program Files\\Mozilla Firefox\\firefox.exe" "--marionette" "-foreground" "-no-remote" "-profile" "C:\\Users\\nriosa\\AppData\\Local\\Temp\\rust_mozprofileOnx293"
1657228500054	addons.webextension.doh-rollout@mozilla.org	WARN	Loading extension 'doh-rollout@mozilla.org': Reading manifest: Invalid extension permission: networkStatus
1657228500227	addons.webextension.screenshots@mozilla.org	WARN	Loading extension 'screenshots@mozilla.org': Reading manifest: Invalid extension permission: mozillaAddons
1657228500227	addons.webextension.screenshots@mozilla.org	WARN	Loading extension 'screenshots@mozilla.org': Reading manifest: Invalid extension permission: telemetry
1657228500227	addons.webextension.screenshots@mozilla.org	WARN	Loading extension 'screenshots@mozilla.org': Reading manifest: Invalid extension permission: resource://pdf.js/
1657228500227	addons.webextension.screenshots@mozilla.org	WARN	Loading extension 'screenshots@mozilla.org': Reading manifest: Invalid extension permission: about:reader*
JavaScript error: resource://gre/modules/XULStore.jsm, line 66: Error: Can't find profile directory.
1657228507322	Marionette	INFO	Listening on port 63720
1657228507664	Marionette	WARN	TLS certificate errors will be ignored for this session
jul 07, 2022 4:15:07 PM org.openqa.selenium.remote.ProtocolHandshake createSession
INFORMACIÓN: Detected dialect: W3C
1657228510068	addons.xpi	WARN	failed to set lastModifiedTime on C:\Users\nriosa\AppData\Local\Temp\rust_mozprofileOnx293\extensions\firefoxhpwolfsecurityextension@bromium.com.xpi: [Exception... "Component returned failure code: 0x8052000e (NS_ERROR_FILE_IS_LOCKED) [nsIFile.lastModifiedTime]"  nsresult: "0x8052000e (NS_ERROR_FILE_IS_LOCKED)"  location: "JS frame :: resource://gre/modules/addons/XPIInstall.jsm :: installAddon :: line 3239"  data: no] Stack trace: installAddon()@resource://gre/modules/addons/XPIInstall.jsm:3239
install()@resource://gre/modules/addons/XPIInstall.jsm:1767
startInstall/this._startupPromise<()@resource://gre/modules/addons/XPIInstall.jsm:1833
startInstall()@resource://gre/modules/addons/XPIInstall.jsm:1839
JavaScript warning: http://10.69.60.61:8280/portal/CRMPortal/Consultas?portal:windowState=normal&portal:componentId=gtnc323725e-6efe-4037-9f93-1bc06edfa941&portal:resourceID=/org.rf.res/org/richfaces/ui.pack.js&portal:cacheLevel=PAGE&portal:type=resource&portal:portletMode=view, line 10431: unreachable code after return statement
JavaScript warning: http://10.69.60.61:8280/portal/CRMPortal/Consultas?portal:windowState=normal&portal:componentId=gtnc323725e-6efe-4037-9f93-1bc06edfa941&portal:resourceID=/org.rf.res/org/richfaces/ui.pack.js&portal:cacheLevel=PAGE&portal:type=resource&portal:portletMode=view, line 10431: unreachable code after return statement
JavaScript error: http://10.69.60.61:8280/portal/CRMPortal/Consultas, line 1: ReferenceError: setIframeListeners is not defined
JavaScript warning: http://10.69.60.61:8280/portal/CRMPortal/Postventa?portal:windowState=normal&portal:componentId=gtnf5a1f4f3-5ecc-4e4a-8654-6459a01c3953&portal:resourceID=/org.rf.res/org/richfaces/ui.pack.js&portal:cacheLevel=PAGE&portal:type=resource&portal:portletMode=view, line 10431: unreachable code after return statement
JavaScript warning: http://10.69.60.61:8280/portal/CRMPortal/Postventa?portal:windowState=normal&portal:componentId=gtnf5a1f4f3-5ecc-4e4a-8654-6459a01c3953&portal:resourceID=/org.rf.res/org/richfaces/ui.pack.js&portal:cacheLevel=PAGE&portal:type=resource&portal:portletMode=view, line 10431: unreachable code after return statement
JavaScript error: http://10.69.60.61:8280/portal/CRMPortal/Postventa, line 1: ReferenceError: setIframeListeners is not defined
JavaScript warning: http://10.69.60.56:8080/PostSale/a4j/g/3_3_3.Final/org/ajax4jsf/framework.pack.js, line 5514: unreachable code after return statement
JavaScript warning: http://10.69.60.56:8080/PostSale/a4j/g/3_3_3.Final/org/richfaces/ui.pack.js, line 12786: unreachable code after return statement
JavaScript warning: http://10.69.60.56:8080/PostSale/a4j/g/3_3_3.Final/org/richfaces/ui.pack.js, line 12786: unreachable code after return statement
JavaScript error: http://10.69.60.61:8280/portal/CRMPortal/Postventa, line 1: ReferenceError: setIframeListeners is not defined
JavaScript warning: http://10.69.60.56:8080/PostSale/a4j/g/3_3_3.Final/org/ajax4jsf/framework.pack.js, line 5514: unreachable code after return statement
JavaScript warning: http://10.69.60.56:8080/PostSale/a4j/g/3_3_3.Final/org/richfaces/ui.pack.js, line 12786: unreachable code after return statement
JavaScript warning: http://10.69.60.56:8080/PostSale/a4j/g/3_3_3.Final/org/richfaces/ui.pack.js, line 12786: unreachable code after return statement
JavaScript error: http://10.69.60.61:8280/portal/CRMPortal/Postventa, line 1: ReferenceError: setIframeListeners is not defined
JavaScript warning: http://10.69.60.56:8080/PostSale/a4j/g/3_3_3.Final/org/ajax4jsf/framework.pack.js, line 5514: unreachable code after return statement
JavaScript warning: http://10.69.60.56:8080/PostSale/a4j/g/3_3_3.Final/org/richfaces/ui.pack.js, line 12786: unreachable code after return statement
JavaScript warning: http://10.69.60.56:8080/PostSale/a4j/g/3_3_3.Final/org/richfaces/ui.pack.js, line 12786: unreachable code after return statement
JavaScript error: http://10.69.60.61:8280/portal/CRMPortal/Postventa, line 1: ReferenceError: setIframeListeners is not defined
JavaScript warning: http://10.69.60.56:8080/PostSale/a4j/g/3_3_3.Final/org/ajax4jsf/framework.pack.js, line 5514: unreachable code after return statement
JavaScript warning: http://10.69.60.56:8080/PostSale/a4j/g/3_3_3.Final/org/richfaces/ui.pack.js, line 12786: unreachable code after return statement
JavaScript warning: http://10.69.60.56:8080/PostSale/a4j/g/3_3_3.Final/org/richfaces/ui.pack.js, line 12786: unreachable code after return statement
JavaScript error: http://10.69.60.61:8280/portal/CRMPortal/Postventa, line 1: ReferenceError: setIframeListeners is not defined
JavaScript warning: http://10.69.60.61:8280/portal/CRMPortal/Consultas?portal:windowState=normal&portal:componentId=gtnc323725e-6efe-4037-9f93-1bc06edfa941&portal:resourceID=/org.rf.res/org/richfaces/ui.pack.js&portal:cacheLevel=PAGE&portal:type=resource&portal:portletMode=view, line 10431: unreachable code after return statement
JavaScript warning: http://10.69.60.61:8280/portal/CRMPortal/Consultas?portal:windowState=normal&portal:componentId=gtnc323725e-6efe-4037-9f93-1bc06edfa941&portal:resourceID=/org.rf.res/org/richfaces/ui.pack.js&portal:cacheLevel=PAGE&portal:type=resource&portal:portletMode=view, line 10431: unreachable code after return statement
JavaScript error: http://10.69.60.61:8280/portal/CRMPortal/Consultas, line 1: ReferenceError: setIframeListeners is not defined
JavaScript error: http://10.69.60.61:8280/portal/CRMPortal/Consultas, line 1: ReferenceError: setIframeListeners is not defined
1657228608697	Marionette	INFO	Stopped listening on port 63720
Extension error: [Exception... "Component not initialized"  nsresult: "0xc1f30001 (NS_ERROR_NOT_INITIALIZED)"  location: "JS frame :: moz-extension://7a724414-68d3-4e82-9973-670bc659ebf1/main.js :: connect :: line 12034"  data: no] undefined 12034
[[Exception stack
connect@moz-extension://7a724414-68d3-4e82-9973-670bc659ebf1/main.js:12034:23
onPortDisconnected@moz-extension://7a724414-68d3-4e82-9973-670bc659ebf1/main.js:20120:30
makeConnection/channel<@moz-extension://7a724414-68d3-4e82-9973-670bc659ebf1/main.js:20093:136
handleDisconnect@moz-extension://7a724414-68d3-4e82-9973-670bc659ebf1/main.js:12138:14
connect/</<@moz-extension://7a724414-68d3-4e82-9973-670bc659ebf1/main.js:12020:63
Current stack
applySafeWithoutClone@resource://gre/modules/ExtensionCommon.jsm:606:13
addListener/asyncWithoutClone/<@resource://gre/modules/ExtensionCommon.jsm:2443:39
]]

###!!! [Child][RunMessage] Error: Channel closing: too late to send/recv, messages will be lost


###!!! [Child][MessageChannel::SendAndWait] Error: Channel error: cannot send/recv

]]></system-err>
</testsuite>
