<?xml version="1.0" encoding="UTF-8"?>
<testsuite name="Sanity limpieza y aprovisionamiento de recursos" tests="4" skipped="0" failures="0" errors="0" timestamp="2022-05-20T22:01:12" hostname="22LAP5CD1195R94" time="223.587">
  <properties/>
  <testcase name="se quiere ingresar a la plataforma epos" classname="Sanity limpieza y aprovisionamiento de recursos" time="97.461"/>
  <testcase name="realizar el cargue de inventario" classname="Sanity limpieza y aprovisionamiento de recursos" time="26.568"/>
  <testcase name="realizar la confirmacion de inventario" classname="Sanity limpieza y aprovisionamiento de recursos" time="20.868"/>
  <testcase name="se requiere realizar una activacion prepago" classname="Sanity limpieza y aprovisionamiento de recursos" time="78.679"/>
  <system-out><![CDATA[17:01:15.151 [Test worker] DEBUG org.apache.http.impl.conn.BasicClientConnectionManager - Get connection for route {}->http://10.65.45.12:9001
17:01:15.157 [Test worker] DEBUG org.apache.http.impl.conn.DefaultClientConnectionOperator - Connecting to 10.65.45.12:9001
17:01:15.210 [Test worker] DEBUG org.apache.http.client.protocol.RequestAddCookies - CookieSpec selected: ignoreCookies
17:01:15.211 [Test worker] DEBUG org.apache.http.client.protocol.RequestAuthCache - Auth cache not set in the context
17:01:15.211 [Test worker] DEBUG org.apache.http.client.protocol.RequestTargetAuthentication - Target auth state: UNCHALLENGED
17:01:15.211 [Test worker] DEBUG org.apache.http.client.protocol.RequestProxyAuthentication - Proxy auth state: UNCHALLENGED
17:01:15.212 [Test worker] DEBUG org.apache.http.impl.client.DefaultHttpClient - Attempt 1 to execute request
17:01:15.212 [Test worker] DEBUG org.apache.http.impl.conn.DefaultClientConnection - Sending request: POST /gatewaycbs/BcServicesInt HTTP/1.1
17:01:15.212 [Test worker] DEBUG org.apache.http.wire -  >> "POST /gatewaycbs/BcServicesInt HTTP/1.1[\r][\n]"
17:01:15.213 [Test worker] DEBUG org.apache.http.wire -  >> "Accept: */*[\r][\n]"
17:01:15.213 [Test worker] DEBUG org.apache.http.wire -  >> "Content-Type: text/xml;charset=UTF-8[\r][\n]"
17:01:15.213 [Test worker] DEBUG org.apache.http.wire -  >> "Content-Length: 748[\r][\n]"
17:01:15.214 [Test worker] DEBUG org.apache.http.wire -  >> "Host: 10.65.45.12:9001[\r][\n]"
17:01:15.214 [Test worker] DEBUG org.apache.http.wire -  >> "Connection: Keep-Alive[\r][\n]"
17:01:15.214 [Test worker] DEBUG org.apache.http.wire -  >> "User-Agent: Apache-HttpClient/4.5.9 (Java/1.8.0_301)[\r][\n]"
17:01:15.214 [Test worker] DEBUG org.apache.http.wire -  >> "Accept-Encoding: gzip,deflate[\r][\n]"
17:01:15.214 [Test worker] DEBUG org.apache.http.wire -  >> "[\r][\n]"
17:01:15.214 [Test worker] DEBUG org.apache.http.headers - >> POST /gatewaycbs/BcServicesInt HTTP/1.1
17:01:15.214 [Test worker] DEBUG org.apache.http.headers - >> Accept: */*
17:01:15.214 [Test worker] DEBUG org.apache.http.headers - >> Content-Type: text/xml;charset=UTF-8
17:01:15.214 [Test worker] DEBUG org.apache.http.headers - >> Content-Length: 748
17:01:15.214 [Test worker] DEBUG org.apache.http.headers - >> Host: 10.65.45.12:9001
17:01:15.215 [Test worker] DEBUG org.apache.http.headers - >> Connection: Keep-Alive
17:01:15.215 [Test worker] DEBUG org.apache.http.headers - >> User-Agent: Apache-HttpClient/4.5.9 (Java/1.8.0_301)
17:01:15.215 [Test worker] DEBUG org.apache.http.headers - >> Accept-Encoding: gzip,deflate
17:01:15.215 [Test worker] DEBUG org.apache.http.wire -  >> "<soapenv:Envelope xmlns:bcc="http://www.huawei.com/bme/cbsinterface/bccommon" xmlns:bcs="http://www.huawei.com/bme/cbsinterface/bcservices" xmlns:ws="http://ws.web.gatewaycbs.tigo.com.co/" xmlns:soapenv="http://schemas.xmlsoap.org/soap/envelope/">[\n]"
17:01:15.215 [Test worker] DEBUG org.apache.http.wire -  >> "   <soapenv:Header/>[\n]"
17:01:15.215 [Test worker] DEBUG org.apache.http.wire -  >> "   <soapenv:Body>[\n]"
17:01:15.215 [Test worker] DEBUG org.apache.http.wire -  >> "      <ws:queryCustomerInfo>[\n]"
17:01:15.215 [Test worker] DEBUG org.apache.http.wire -  >> "         <!--Optional:-->[\n]"
17:01:15.215 [Test worker] DEBUG org.apache.http.wire -  >> "         <QueryCustomerInfoRequest>[\n]"
17:01:15.215 [Test worker] DEBUG org.apache.http.wire -  >> "            <bcs:QueryObj>[\n]"
17:01:15.215 [Test worker] DEBUG org.apache.http.wire -  >> "               <!--Optional:-->[\n]"
17:01:15.215 [Test worker] DEBUG org.apache.http.wire -  >> "               <bcs:SubAccessCode>[\n]"
17:01:15.215 [Test worker] DEBUG org.apache.http.wire -  >> "                  <!--Optional:-->[\n]"
17:01:15.215 [Test worker] DEBUG org.apache.http.wire -  >> "                  <bcc:PrimaryIdentity>3045981670</bcc:PrimaryIdentity>[\n]"
17:01:15.215 [Test worker] DEBUG org.apache.http.wire -  >> "               </bcs:SubAccessCode>[\n]"
17:01:15.215 [Test worker] DEBUG org.apache.http.wire -  >> "            </bcs:QueryObj>[\n]"
17:01:15.215 [Test worker] DEBUG org.apache.http.wire -  >> "         </QueryCustomerInfoRequest>[\n]"
17:01:15.215 [Test worker] DEBUG org.apache.http.wire -  >> "      </ws:queryCustomerInfo>[\n]"
17:01:15.215 [Test worker] DEBUG org.apache.http.wire -  >> "   </soapenv:Body>[\n]"
17:01:15.215 [Test worker] DEBUG org.apache.http.wire -  >> "</soapenv:Envelope>"
17:01:15.288 [Test worker] DEBUG org.apache.http.wire -  << "HTTP/1.1 200 OK[\r][\n]"
17:01:15.290 [Test worker] DEBUG org.apache.http.wire -  << "Date: Fri, 20 May 2022 22:01:15 GMT[\r][\n]"
17:01:15.290 [Test worker] DEBUG org.apache.http.wire -  << "Transfer-Encoding: chunked[\r][\n]"
17:01:15.290 [Test worker] DEBUG org.apache.http.wire -  << "Content-Type: text/xml; charset=utf-8[\r][\n]"
17:01:15.290 [Test worker] DEBUG org.apache.http.wire -  << "[\r][\n]"
17:01:15.290 [Test worker] DEBUG org.apache.http.impl.conn.DefaultClientConnection - Receiving response: HTTP/1.1 200 OK
17:01:15.290 [Test worker] DEBUG org.apache.http.headers - << HTTP/1.1 200 OK
17:01:15.290 [Test worker] DEBUG org.apache.http.headers - << Date: Fri, 20 May 2022 22:01:15 GMT
17:01:15.290 [Test worker] DEBUG org.apache.http.headers - << Transfer-Encoding: chunked
17:01:15.290 [Test worker] DEBUG org.apache.http.headers - << Content-Type: text/xml; charset=utf-8
17:01:15.294 [Test worker] DEBUG org.apache.http.impl.client.DefaultHttpClient - Connection can be kept alive indefinitely
17:01:15.306 [Test worker] DEBUG io.restassured.internal.RequestSpecificationImpl$RestAssuredHttpBuilder - Parsing response as: text/xml; charset=utf-8
17:01:15.307 [Test worker] DEBUG io.restassured.internal.RequestSpecificationImpl$RestAssuredHttpBuilder - Parsed data to instance of: class org.apache.http.conn.EofSensorInputStream
17:01:15.351 [Test worker] DEBUG org.apache.http.wire -  << "006e[\r][\n]"
17:01:15.351 [Test worker] DEBUG org.apache.http.wire -  << "<?xml version='1.0' encoding='UTF-8'?><S:Envelope xmlns:S="http://schemas.xmlsoap.org/soap/envelope/"><S:Body>"
17:01:15.352 [Test worker] DEBUG org.apache.http.wire -  << "[\r][\n]"
17:01:15.352 [Test worker] DEBUG org.apache.http.wire -  << "01f8[\r][\n]"
17:01:15.352 [Test worker] DEBUG org.apache.http.wire -  << "<ns4:queryCustomerInfoResponse xmlns:ns2="http://www.huawei.com/bme/cbsinterface/bccommon" xmlns:ns3="http://www.huawei.com/bme/cbsinterface/bcservices" xmlns:ns4="http://ws.web.gatewaycbs.tigo.com.co/" xmlns:ns5="http://www.huawei.com/bme/cbsinterface/cbscommon"><return><ResultHeader><ns5:Version>1</ns5:Version><ns5:ResultCode>118030260</ns5:ResultCode><ns5:ResultDesc>Subscriber 3045981670 does not exist.</ns5:ResultDesc></ResultHeader></return></ns4:queryCustomerInfoResponse></S:Body></S:Envelope>"
17:01:15.352 [Test worker] DEBUG org.apache.http.wire -  << "[\r][\n]"
17:01:15.352 [Test worker] DEBUG org.apache.http.wire -  << "0000[\r][\n]"
17:01:15.352 [Test worker] DEBUG org.apache.http.wire -  << "[\r][\n]"
17:01:15.352 [Test worker] DEBUG org.apache.http.impl.conn.BasicClientConnectionManager - Releasing connection org.apache.http.impl.conn.ManagedClientConnectionImpl@36c825f3
17:01:15.352 [Test worker] DEBUG org.apache.http.impl.conn.BasicClientConnectionManager - Connection can be kept alive indefinitely
La linea 3045981670 no esta activa
17:01:15.615 [Finalizer] DEBUG org.apache.http.impl.conn.DefaultClientConnection - Connection 0.0.0.0:51900<->10.65.45.12:9001 closed
se ejecuta correctamente DB Activator
se ejecuta correctamente  DB EPOS
se ejecuta correctamente DB Siebel
se ejecuta correctamente DB Postale
17:01:20.581 [Test worker] DEBUG org.apache.http.impl.conn.BasicClientConnectionManager - Get connection for route {}->http://10.65.45.12:9001
17:01:20.581 [Test worker] DEBUG org.apache.http.impl.conn.DefaultClientConnectionOperator - Connecting to 10.65.45.12:9001
17:01:20.617 [Test worker] DEBUG org.apache.http.client.protocol.RequestAddCookies - CookieSpec selected: ignoreCookies
17:01:20.617 [Test worker] DEBUG org.apache.http.client.protocol.RequestAuthCache - Auth cache not set in the context
17:01:20.617 [Test worker] DEBUG org.apache.http.client.protocol.RequestTargetAuthentication - Target auth state: UNCHALLENGED
17:01:20.617 [Test worker] DEBUG org.apache.http.client.protocol.RequestProxyAuthentication - Proxy auth state: UNCHALLENGED
17:01:20.617 [Test worker] DEBUG org.apache.http.impl.client.DefaultHttpClient - Attempt 1 to execute request
17:01:20.617 [Test worker] DEBUG org.apache.http.impl.conn.DefaultClientConnection - Sending request: POST /gatewaycbs/BcServicesInt HTTP/1.1
17:01:20.618 [Test worker] DEBUG org.apache.http.wire -  >> "POST /gatewaycbs/BcServicesInt HTTP/1.1[\r][\n]"
17:01:20.618 [Test worker] DEBUG org.apache.http.wire -  >> "Accept: */*[\r][\n]"
17:01:20.618 [Test worker] DEBUG org.apache.http.wire -  >> "Content-Type: text/xml;charset=UTF-8[\r][\n]"
17:01:20.618 [Test worker] DEBUG org.apache.http.wire -  >> "Content-Length: 748[\r][\n]"
17:01:20.618 [Test worker] DEBUG org.apache.http.wire -  >> "Host: 10.65.45.12:9001[\r][\n]"
17:01:20.618 [Test worker] DEBUG org.apache.http.wire -  >> "Connection: Keep-Alive[\r][\n]"
17:01:20.618 [Test worker] DEBUG org.apache.http.wire -  >> "User-Agent: Apache-HttpClient/4.5.9 (Java/1.8.0_301)[\r][\n]"
17:01:20.618 [Test worker] DEBUG org.apache.http.wire -  >> "Accept-Encoding: gzip,deflate[\r][\n]"
17:01:20.618 [Test worker] DEBUG org.apache.http.wire -  >> "[\r][\n]"
17:01:20.618 [Test worker] DEBUG org.apache.http.headers - >> POST /gatewaycbs/BcServicesInt HTTP/1.1
17:01:20.619 [Test worker] DEBUG org.apache.http.headers - >> Accept: */*
17:01:20.619 [Test worker] DEBUG org.apache.http.headers - >> Content-Type: text/xml;charset=UTF-8
17:01:20.619 [Test worker] DEBUG org.apache.http.headers - >> Content-Length: 748
17:01:20.619 [Test worker] DEBUG org.apache.http.headers - >> Host: 10.65.45.12:9001
17:01:20.619 [Test worker] DEBUG org.apache.http.headers - >> Connection: Keep-Alive
17:01:20.619 [Test worker] DEBUG org.apache.http.headers - >> User-Agent: Apache-HttpClient/4.5.9 (Java/1.8.0_301)
17:01:20.619 [Test worker] DEBUG org.apache.http.headers - >> Accept-Encoding: gzip,deflate
17:01:20.619 [Test worker] DEBUG org.apache.http.wire -  >> "<soapenv:Envelope xmlns:bcc="http://www.huawei.com/bme/cbsinterface/bccommon" xmlns:bcs="http://www.huawei.com/bme/cbsinterface/bcservices" xmlns:ws="http://ws.web.gatewaycbs.tigo.com.co/" xmlns:soapenv="http://schemas.xmlsoap.org/soap/envelope/">[\n]"
17:01:20.619 [Test worker] DEBUG org.apache.http.wire -  >> "   <soapenv:Header/>[\n]"
17:01:20.619 [Test worker] DEBUG org.apache.http.wire -  >> "   <soapenv:Body>[\n]"
17:01:20.619 [Test worker] DEBUG org.apache.http.wire -  >> "      <ws:queryCustomerInfo>[\n]"
17:01:20.619 [Test worker] DEBUG org.apache.http.wire -  >> "         <!--Optional:-->[\n]"
17:01:20.620 [Test worker] DEBUG org.apache.http.wire -  >> "         <QueryCustomerInfoRequest>[\n]"
17:01:20.620 [Test worker] DEBUG org.apache.http.wire -  >> "            <bcs:QueryObj>[\n]"
17:01:20.620 [Test worker] DEBUG org.apache.http.wire -  >> "               <!--Optional:-->[\n]"
17:01:20.620 [Test worker] DEBUG org.apache.http.wire -  >> "               <bcs:SubAccessCode>[\n]"
17:01:20.620 [Test worker] DEBUG org.apache.http.wire -  >> "                  <!--Optional:-->[\n]"
17:01:20.620 [Test worker] DEBUG org.apache.http.wire -  >> "                  <bcc:PrimaryIdentity>3046010569</bcc:PrimaryIdentity>[\n]"
17:01:20.620 [Test worker] DEBUG org.apache.http.wire -  >> "               </bcs:SubAccessCode>[\n]"
17:01:20.620 [Test worker] DEBUG org.apache.http.wire -  >> "            </bcs:QueryObj>[\n]"
17:01:20.620 [Test worker] DEBUG org.apache.http.wire -  >> "         </QueryCustomerInfoRequest>[\n]"
17:01:20.620 [Test worker] DEBUG org.apache.http.wire -  >> "      </ws:queryCustomerInfo>[\n]"
17:01:20.620 [Test worker] DEBUG org.apache.http.wire -  >> "   </soapenv:Body>[\n]"
17:01:20.620 [Test worker] DEBUG org.apache.http.wire -  >> "</soapenv:Envelope>"
17:01:20.686 [Test worker] DEBUG org.apache.http.wire -  << "HTTP/1.1 200 OK[\r][\n]"
17:01:20.686 [Test worker] DEBUG org.apache.http.wire -  << "Date: Fri, 20 May 2022 22:01:20 GMT[\r][\n]"
17:01:20.686 [Test worker] DEBUG org.apache.http.wire -  << "Transfer-Encoding: chunked[\r][\n]"
17:01:20.686 [Test worker] DEBUG org.apache.http.wire -  << "Content-Type: text/xml; charset=utf-8[\r][\n]"
17:01:20.686 [Test worker] DEBUG org.apache.http.wire -  << "[\r][\n]"
17:01:20.686 [Test worker] DEBUG org.apache.http.impl.conn.DefaultClientConnection - Receiving response: HTTP/1.1 200 OK
17:01:20.686 [Test worker] DEBUG org.apache.http.headers - << HTTP/1.1 200 OK
17:01:20.686 [Test worker] DEBUG org.apache.http.headers - << Date: Fri, 20 May 2022 22:01:20 GMT
17:01:20.686 [Test worker] DEBUG org.apache.http.headers - << Transfer-Encoding: chunked
17:01:20.686 [Test worker] DEBUG org.apache.http.headers - << Content-Type: text/xml; charset=utf-8
17:01:20.686 [Test worker] DEBUG org.apache.http.impl.client.DefaultHttpClient - Connection can be kept alive indefinitely
17:01:20.687 [Test worker] DEBUG io.restassured.internal.RequestSpecificationImpl$RestAssuredHttpBuilder - Parsing response as: text/xml; charset=utf-8
17:01:20.687 [Test worker] DEBUG io.restassured.internal.RequestSpecificationImpl$RestAssuredHttpBuilder - Parsed data to instance of: class org.apache.http.conn.EofSensorInputStream
17:01:20.688 [Test worker] DEBUG org.apache.http.wire -  << "006e[\r][\n]"
17:01:20.688 [Test worker] DEBUG org.apache.http.wire -  << "<?xml version='1.0' encoding='UTF-8'?><S:Envelope xmlns:S="http://schemas.xmlsoap.org/soap/envelope/"><S:Body>"
17:01:20.688 [Test worker] DEBUG org.apache.http.wire -  << "[\r][\n]"
17:01:20.688 [Test worker] DEBUG org.apache.http.wire -  << "01f8[\r][\n]"
17:01:20.688 [Test worker] DEBUG org.apache.http.wire -  << "<ns4:queryCustomerInfoResponse xmlns:ns2="http://www.huawei.com/bme/cbsinterface/bccommon" xmlns:ns3="http://www.huawei.com/bme/cbsinterface/bcservices" xmlns:ns4="http://ws.web.gatewaycbs.tigo.com.co/" xmlns:ns5="http://www.huawei.com/bme/cbsinterface/cbscommon"><return><ResultHeader><ns5:Version>1</ns5:Version><ns5:ResultCode>118030260</ns5:ResultCode><ns5:ResultDesc>Subscriber 3046010569 does not exist.</ns5:ResultDesc></ResultHeader></return></ns4:queryCustomerInfoResponse></S:Body></S:Envelope>"
17:01:20.688 [Test worker] DEBUG org.apache.http.wire -  << "[\r][\n]"
17:01:20.688 [Test worker] DEBUG org.apache.http.wire -  << "0000[\r][\n]"
17:01:20.688 [Test worker] DEBUG org.apache.http.wire -  << "[\r][\n]"
17:01:20.688 [Test worker] DEBUG org.apache.http.impl.conn.BasicClientConnectionManager - Releasing connection org.apache.http.impl.conn.ManagedClientConnectionImpl@43c298c6
17:01:20.688 [Test worker] DEBUG org.apache.http.impl.conn.BasicClientConnectionManager - Connection can be kept alive indefinitely
La linea 3046010569 no esta activa
se ejecuta correctamente DB Activator
se ejecuta correctamente  DB EPOS
17:01:24.320 [Finalizer] DEBUG org.apache.http.impl.conn.DefaultClientConnection - Connection 0.0.0.0:51908<->10.65.45.12:9001 closed
se ejecuta correctamente DB Siebel
se ejecuta correctamente DB Postale
17:01:25.296 [Test worker] DEBUG org.apache.http.impl.conn.BasicClientConnectionManager - Get connection for route {}->http://10.65.45.12:9001
17:01:25.297 [Test worker] DEBUG org.apache.http.impl.conn.DefaultClientConnectionOperator - Connecting to 10.65.45.12:9001
17:01:25.332 [Test worker] DEBUG org.apache.http.client.protocol.RequestAddCookies - CookieSpec selected: ignoreCookies
17:01:25.333 [Test worker] DEBUG org.apache.http.client.protocol.RequestAuthCache - Auth cache not set in the context
17:01:25.333 [Test worker] DEBUG org.apache.http.client.protocol.RequestTargetAuthentication - Target auth state: UNCHALLENGED
17:01:25.333 [Test worker] DEBUG org.apache.http.client.protocol.RequestProxyAuthentication - Proxy auth state: UNCHALLENGED
17:01:25.333 [Test worker] DEBUG org.apache.http.impl.client.DefaultHttpClient - Attempt 1 to execute request
17:01:25.333 [Test worker] DEBUG org.apache.http.impl.conn.DefaultClientConnection - Sending request: POST /gatewaycbs/BcServicesInt HTTP/1.1
17:01:25.333 [Test worker] DEBUG org.apache.http.wire -  >> "POST /gatewaycbs/BcServicesInt HTTP/1.1[\r][\n]"
17:01:25.333 [Test worker] DEBUG org.apache.http.wire -  >> "Accept: */*[\r][\n]"
17:01:25.333 [Test worker] DEBUG org.apache.http.wire -  >> "Content-Type: text/xml;charset=UTF-8[\r][\n]"
17:01:25.333 [Test worker] DEBUG org.apache.http.wire -  >> "Content-Length: 748[\r][\n]"
17:01:25.333 [Test worker] DEBUG org.apache.http.wire -  >> "Host: 10.65.45.12:9001[\r][\n]"
17:01:25.333 [Test worker] DEBUG org.apache.http.wire -  >> "Connection: Keep-Alive[\r][\n]"
17:01:25.333 [Test worker] DEBUG org.apache.http.wire -  >> "User-Agent: Apache-HttpClient/4.5.9 (Java/1.8.0_301)[\r][\n]"
17:01:25.334 [Test worker] DEBUG org.apache.http.wire -  >> "Accept-Encoding: gzip,deflate[\r][\n]"
17:01:25.334 [Test worker] DEBUG org.apache.http.wire -  >> "[\r][\n]"
17:01:25.334 [Test worker] DEBUG org.apache.http.headers - >> POST /gatewaycbs/BcServicesInt HTTP/1.1
17:01:25.334 [Test worker] DEBUG org.apache.http.headers - >> Accept: */*
17:01:25.334 [Test worker] DEBUG org.apache.http.headers - >> Content-Type: text/xml;charset=UTF-8
17:01:25.334 [Test worker] DEBUG org.apache.http.headers - >> Content-Length: 748
17:01:25.334 [Test worker] DEBUG org.apache.http.headers - >> Host: 10.65.45.12:9001
17:01:25.334 [Test worker] DEBUG org.apache.http.headers - >> Connection: Keep-Alive
17:01:25.334 [Test worker] DEBUG org.apache.http.headers - >> User-Agent: Apache-HttpClient/4.5.9 (Java/1.8.0_301)
17:01:25.334 [Test worker] DEBUG org.apache.http.headers - >> Accept-Encoding: gzip,deflate
17:01:25.334 [Test worker] DEBUG org.apache.http.wire -  >> "<soapenv:Envelope xmlns:bcc="http://www.huawei.com/bme/cbsinterface/bccommon" xmlns:bcs="http://www.huawei.com/bme/cbsinterface/bcservices" xmlns:ws="http://ws.web.gatewaycbs.tigo.com.co/" xmlns:soapenv="http://schemas.xmlsoap.org/soap/envelope/">[\n]"
17:01:25.334 [Test worker] DEBUG org.apache.http.wire -  >> "   <soapenv:Header/>[\n]"
17:01:25.334 [Test worker] DEBUG org.apache.http.wire -  >> "   <soapenv:Body>[\n]"
17:01:25.334 [Test worker] DEBUG org.apache.http.wire -  >> "      <ws:queryCustomerInfo>[\n]"
17:01:25.334 [Test worker] DEBUG org.apache.http.wire -  >> "         <!--Optional:-->[\n]"
17:01:25.334 [Test worker] DEBUG org.apache.http.wire -  >> "         <QueryCustomerInfoRequest>[\n]"
17:01:25.334 [Test worker] DEBUG org.apache.http.wire -  >> "            <bcs:QueryObj>[\n]"
17:01:25.334 [Test worker] DEBUG org.apache.http.wire -  >> "               <!--Optional:-->[\n]"
17:01:25.334 [Test worker] DEBUG org.apache.http.wire -  >> "               <bcs:SubAccessCode>[\n]"
17:01:25.335 [Test worker] DEBUG org.apache.http.wire -  >> "                  <!--Optional:-->[\n]"
17:01:25.335 [Test worker] DEBUG org.apache.http.wire -  >> "                  <bcc:PrimaryIdentity>3045981670</bcc:PrimaryIdentity>[\n]"
17:01:25.335 [Test worker] DEBUG org.apache.http.wire -  >> "               </bcs:SubAccessCode>[\n]"
17:01:25.335 [Test worker] DEBUG org.apache.http.wire -  >> "            </bcs:QueryObj>[\n]"
17:01:25.335 [Test worker] DEBUG org.apache.http.wire -  >> "         </QueryCustomerInfoRequest>[\n]"
17:01:25.335 [Test worker] DEBUG org.apache.http.wire -  >> "      </ws:queryCustomerInfo>[\n]"
17:01:25.335 [Test worker] DEBUG org.apache.http.wire -  >> "   </soapenv:Body>[\n]"
17:01:25.335 [Test worker] DEBUG org.apache.http.wire -  >> "</soapenv:Envelope>"
17:01:25.402 [Test worker] DEBUG org.apache.http.wire -  << "HTTP/1.1 200 OK[\r][\n]"
17:01:25.402 [Test worker] DEBUG org.apache.http.wire -  << "Date: Fri, 20 May 2022 22:01:25 GMT[\r][\n]"
17:01:25.402 [Test worker] DEBUG org.apache.http.wire -  << "Transfer-Encoding: chunked[\r][\n]"
17:01:25.402 [Test worker] DEBUG org.apache.http.wire -  << "Content-Type: text/xml; charset=utf-8[\r][\n]"
17:01:25.402 [Test worker] DEBUG org.apache.http.wire -  << "[\r][\n]"
17:01:25.402 [Test worker] DEBUG org.apache.http.impl.conn.DefaultClientConnection - Receiving response: HTTP/1.1 200 OK
17:01:25.402 [Test worker] DEBUG org.apache.http.headers - << HTTP/1.1 200 OK
17:01:25.402 [Test worker] DEBUG org.apache.http.headers - << Date: Fri, 20 May 2022 22:01:25 GMT
17:01:25.402 [Test worker] DEBUG org.apache.http.headers - << Transfer-Encoding: chunked
17:01:25.402 [Test worker] DEBUG org.apache.http.headers - << Content-Type: text/xml; charset=utf-8
17:01:25.403 [Test worker] DEBUG org.apache.http.impl.client.DefaultHttpClient - Connection can be kept alive indefinitely
17:01:25.403 [Test worker] DEBUG io.restassured.internal.RequestSpecificationImpl$RestAssuredHttpBuilder - Parsing response as: text/xml; charset=utf-8
17:01:25.403 [Test worker] DEBUG io.restassured.internal.RequestSpecificationImpl$RestAssuredHttpBuilder - Parsed data to instance of: class org.apache.http.conn.EofSensorInputStream
17:01:25.404 [Test worker] DEBUG org.apache.http.wire -  << "006e[\r][\n]"
17:01:25.404 [Test worker] DEBUG org.apache.http.wire -  << "<?xml version='1.0' encoding='UTF-8'?><S:Envelope xmlns:S="http://schemas.xmlsoap.org/soap/envelope/"><S:Body>"
17:01:25.404 [Test worker] DEBUG org.apache.http.wire -  << "[\r][\n]"
17:01:25.404 [Test worker] DEBUG org.apache.http.wire -  << "01f8[\r][\n]"
17:01:25.404 [Test worker] DEBUG org.apache.http.wire -  << "<ns4:queryCustomerInfoResponse xmlns:ns2="http://www.huawei.com/bme/cbsinterface/bccommon" xmlns:ns3="http://www.huawei.com/bme/cbsinterface/bcservices" xmlns:ns4="http://ws.web.gatewaycbs.tigo.com.co/" xmlns:ns5="http://www.huawei.com/bme/cbsinterface/cbscommon"><return><ResultHeader><ns5:Version>1</ns5:Version><ns5:ResultCode>118030260</ns5:ResultCode><ns5:ResultDesc>Subscriber 3045981670 does not exist.</ns5:ResultDesc></ResultHeader></return></ns4:queryCustomerInfoResponse></S:Body></S:Envelope>"
17:01:25.404 [Test worker] DEBUG org.apache.http.wire -  << "[\r][\n]"
17:01:25.404 [Test worker] DEBUG org.apache.http.wire -  << "0000[\r][\n]"
17:01:25.404 [Test worker] DEBUG org.apache.http.wire -  << "[\r][\n]"
17:01:25.404 [Test worker] DEBUG org.apache.http.impl.conn.BasicClientConnectionManager - Releasing connection org.apache.http.impl.conn.ManagedClientConnectionImpl@79b07c40
17:01:25.404 [Test worker] DEBUG org.apache.http.impl.conn.BasicClientConnectionManager - Connection can be kept alive indefinitely
La linea 3045981670 no esta activa
se ejecuta correctamente DB Activator
se ejecuta correctamente  DB EPOS
se ejecuta correctamente DB Siebel
se ejecuta correctamente DB Postale
17:01:30.037 [Test worker] DEBUG org.apache.http.impl.conn.BasicClientConnectionManager - Get connection for route {}->http://10.65.45.12:9001
17:01:30.037 [Test worker] DEBUG org.apache.http.impl.conn.DefaultClientConnectionOperator - Connecting to 10.65.45.12:9001
17:01:30.073 [Test worker] DEBUG org.apache.http.client.protocol.RequestAddCookies - CookieSpec selected: ignoreCookies
17:01:30.073 [Test worker] DEBUG org.apache.http.client.protocol.RequestAuthCache - Auth cache not set in the context
17:01:30.073 [Test worker] DEBUG org.apache.http.client.protocol.RequestTargetAuthentication - Target auth state: UNCHALLENGED
17:01:30.073 [Test worker] DEBUG org.apache.http.client.protocol.RequestProxyAuthentication - Proxy auth state: UNCHALLENGED
17:01:30.073 [Test worker] DEBUG org.apache.http.impl.client.DefaultHttpClient - Attempt 1 to execute request
17:01:30.073 [Test worker] DEBUG org.apache.http.impl.conn.DefaultClientConnection - Sending request: POST /gatewaycbs/BcServicesInt HTTP/1.1
17:01:30.073 [Test worker] DEBUG org.apache.http.wire -  >> "POST /gatewaycbs/BcServicesInt HTTP/1.1[\r][\n]"
17:01:30.073 [Test worker] DEBUG org.apache.http.wire -  >> "Accept: */*[\r][\n]"
17:01:30.074 [Test worker] DEBUG org.apache.http.wire -  >> "Content-Type: text/xml;charset=UTF-8[\r][\n]"
17:01:30.074 [Test worker] DEBUG org.apache.http.wire -  >> "Content-Length: 748[\r][\n]"
17:01:30.074 [Test worker] DEBUG org.apache.http.wire -  >> "Host: 10.65.45.12:9001[\r][\n]"
17:01:30.074 [Test worker] DEBUG org.apache.http.wire -  >> "Connection: Keep-Alive[\r][\n]"
17:01:30.074 [Test worker] DEBUG org.apache.http.wire -  >> "User-Agent: Apache-HttpClient/4.5.9 (Java/1.8.0_301)[\r][\n]"
17:01:30.074 [Test worker] DEBUG org.apache.http.wire -  >> "Accept-Encoding: gzip,deflate[\r][\n]"
17:01:30.074 [Test worker] DEBUG org.apache.http.wire -  >> "[\r][\n]"
17:01:30.074 [Test worker] DEBUG org.apache.http.headers - >> POST /gatewaycbs/BcServicesInt HTTP/1.1
17:01:30.074 [Test worker] DEBUG org.apache.http.headers - >> Accept: */*
17:01:30.074 [Test worker] DEBUG org.apache.http.headers - >> Content-Type: text/xml;charset=UTF-8
17:01:30.074 [Test worker] DEBUG org.apache.http.headers - >> Content-Length: 748
17:01:30.074 [Test worker] DEBUG org.apache.http.headers - >> Host: 10.65.45.12:9001
17:01:30.074 [Test worker] DEBUG org.apache.http.headers - >> Connection: Keep-Alive
17:01:30.074 [Test worker] DEBUG org.apache.http.headers - >> User-Agent: Apache-HttpClient/4.5.9 (Java/1.8.0_301)
17:01:30.074 [Test worker] DEBUG org.apache.http.headers - >> Accept-Encoding: gzip,deflate
17:01:30.074 [Test worker] DEBUG org.apache.http.wire -  >> "<soapenv:Envelope xmlns:bcc="http://www.huawei.com/bme/cbsinterface/bccommon" xmlns:bcs="http://www.huawei.com/bme/cbsinterface/bcservices" xmlns:ws="http://ws.web.gatewaycbs.tigo.com.co/" xmlns:soapenv="http://schemas.xmlsoap.org/soap/envelope/">[\n]"
17:01:30.075 [Test worker] DEBUG org.apache.http.wire -  >> "   <soapenv:Header/>[\n]"
17:01:30.075 [Test worker] DEBUG org.apache.http.wire -  >> "   <soapenv:Body>[\n]"
17:01:30.075 [Test worker] DEBUG org.apache.http.wire -  >> "      <ws:queryCustomerInfo>[\n]"
17:01:30.075 [Test worker] DEBUG org.apache.http.wire -  >> "         <!--Optional:-->[\n]"
17:01:30.075 [Test worker] DEBUG org.apache.http.wire -  >> "         <QueryCustomerInfoRequest>[\n]"
17:01:30.075 [Test worker] DEBUG org.apache.http.wire -  >> "            <bcs:QueryObj>[\n]"
17:01:30.075 [Test worker] DEBUG org.apache.http.wire -  >> "               <!--Optional:-->[\n]"
17:01:30.075 [Test worker] DEBUG org.apache.http.wire -  >> "               <bcs:SubAccessCode>[\n]"
17:01:30.075 [Test worker] DEBUG org.apache.http.wire -  >> "                  <!--Optional:-->[\n]"
17:01:30.075 [Test worker] DEBUG org.apache.http.wire -  >> "                  <bcc:PrimaryIdentity>3046010523</bcc:PrimaryIdentity>[\n]"
17:01:30.075 [Test worker] DEBUG org.apache.http.wire -  >> "               </bcs:SubAccessCode>[\n]"
17:01:30.075 [Test worker] DEBUG org.apache.http.wire -  >> "            </bcs:QueryObj>[\n]"
17:01:30.075 [Test worker] DEBUG org.apache.http.wire -  >> "         </QueryCustomerInfoRequest>[\n]"
17:01:30.075 [Test worker] DEBUG org.apache.http.wire -  >> "      </ws:queryCustomerInfo>[\n]"
17:01:30.075 [Test worker] DEBUG org.apache.http.wire -  >> "   </soapenv:Body>[\n]"
17:01:30.075 [Test worker] DEBUG org.apache.http.wire -  >> "</soapenv:Envelope>"
17:01:30.139 [Test worker] DEBUG org.apache.http.wire -  << "HTTP/1.1 200 OK[\r][\n]"
17:01:30.139 [Test worker] DEBUG org.apache.http.wire -  << "Date: Fri, 20 May 2022 22:01:30 GMT[\r][\n]"
17:01:30.139 [Test worker] DEBUG org.apache.http.wire -  << "Transfer-Encoding: chunked[\r][\n]"
17:01:30.139 [Test worker] DEBUG org.apache.http.wire -  << "Content-Type: text/xml; charset=utf-8[\r][\n]"
17:01:30.139 [Test worker] DEBUG org.apache.http.wire -  << "[\r][\n]"
17:01:30.139 [Test worker] DEBUG org.apache.http.impl.conn.DefaultClientConnection - Receiving response: HTTP/1.1 200 OK
17:01:30.139 [Test worker] DEBUG org.apache.http.headers - << HTTP/1.1 200 OK
17:01:30.139 [Test worker] DEBUG org.apache.http.headers - << Date: Fri, 20 May 2022 22:01:30 GMT
17:01:30.139 [Test worker] DEBUG org.apache.http.headers - << Transfer-Encoding: chunked
17:01:30.139 [Test worker] DEBUG org.apache.http.headers - << Content-Type: text/xml; charset=utf-8
17:01:30.139 [Test worker] DEBUG org.apache.http.impl.client.DefaultHttpClient - Connection can be kept alive indefinitely
17:01:30.139 [Test worker] DEBUG io.restassured.internal.RequestSpecificationImpl$RestAssuredHttpBuilder - Parsing response as: text/xml; charset=utf-8
17:01:30.139 [Test worker] DEBUG io.restassured.internal.RequestSpecificationImpl$RestAssuredHttpBuilder - Parsed data to instance of: class org.apache.http.conn.EofSensorInputStream
17:01:30.140 [Test worker] DEBUG org.apache.http.wire -  << "006e[\r][\n]"
17:01:30.140 [Test worker] DEBUG org.apache.http.wire -  << "<?xml version='1.0' encoding='UTF-8'?><S:Envelope xmlns:S="http://schemas.xmlsoap.org/soap/envelope/"><S:Body>"
17:01:30.140 [Test worker] DEBUG org.apache.http.wire -  << "[\r][\n]"
17:01:30.140 [Test worker] DEBUG org.apache.http.wire -  << "01f8[\r][\n]"
17:01:30.141 [Test worker] DEBUG org.apache.http.wire -  << "<ns4:queryCustomerInfoResponse xmlns:ns2="http://www.huawei.com/bme/cbsinterface/bccommon" xmlns:ns3="http://www.huawei.com/bme/cbsinterface/bcservices" xmlns:ns4="http://ws.web.gatewaycbs.tigo.com.co/" xmlns:ns5="http://www.huawei.com/bme/cbsinterface/cbscommon"><return><ResultHeader><ns5:Version>1</ns5:Version><ns5:ResultCode>118030260</ns5:ResultCode><ns5:ResultDesc>Subscriber 3046010523 does not exist.</ns5:ResultDesc></ResultHeader></return></ns4:queryCustomerInfoResponse></S:Body></S:Envelope>"
17:01:30.142 [Test worker] DEBUG org.apache.http.wire -  << "[\r][\n]"
17:01:30.142 [Test worker] DEBUG org.apache.http.wire -  << "0000[\r][\n]"
17:01:30.142 [Test worker] DEBUG org.apache.http.wire -  << "[\r][\n]"
17:01:30.142 [Test worker] DEBUG org.apache.http.impl.conn.BasicClientConnectionManager - Releasing connection org.apache.http.impl.conn.ManagedClientConnectionImpl@33f98a47
17:01:30.142 [Test worker] DEBUG org.apache.http.impl.conn.BasicClientConnectionManager - Connection can be kept alive indefinitely
La linea 3046010523 no esta activa
se ejecuta correctamente DB Activator
17:01:30.581 [Finalizer] DEBUG org.apache.http.impl.conn.DefaultClientConnection - Connection 0.0.0.0:51921<->10.65.45.12:9001 closed
17:01:30.587 [Finalizer] DEBUG org.apache.http.impl.conn.DefaultClientConnection - Connection 0.0.0.0:51915<->10.65.45.12:9001 closed
se ejecuta correctamente  DB EPOS
se ejecuta correctamente DB Siebel
se ejecuta correctamente DB Postale
17:01:34.826 [Test worker] DEBUG org.apache.http.impl.conn.BasicClientConnectionManager - Get connection for route {}->http://10.65.45.12:9001
17:01:34.826 [Test worker] DEBUG org.apache.http.impl.conn.DefaultClientConnectionOperator - Connecting to 10.65.45.12:9001
17:01:34.865 [Test worker] DEBUG org.apache.http.client.protocol.RequestAddCookies - CookieSpec selected: ignoreCookies
17:01:34.865 [Test worker] DEBUG org.apache.http.client.protocol.RequestAuthCache - Auth cache not set in the context
17:01:34.865 [Test worker] DEBUG org.apache.http.client.protocol.RequestTargetAuthentication - Target auth state: UNCHALLENGED
17:01:34.865 [Test worker] DEBUG org.apache.http.client.protocol.RequestProxyAuthentication - Proxy auth state: UNCHALLENGED
17:01:34.865 [Test worker] DEBUG org.apache.http.impl.client.DefaultHttpClient - Attempt 1 to execute request
17:01:34.865 [Test worker] DEBUG org.apache.http.impl.conn.DefaultClientConnection - Sending request: POST /gatewaycbs/BcServicesInt HTTP/1.1
17:01:34.865 [Test worker] DEBUG org.apache.http.wire -  >> "POST /gatewaycbs/BcServicesInt HTTP/1.1[\r][\n]"
17:01:34.865 [Test worker] DEBUG org.apache.http.wire -  >> "Accept: */*[\r][\n]"
17:01:34.866 [Test worker] DEBUG org.apache.http.wire -  >> "Content-Type: text/xml;charset=UTF-8[\r][\n]"
17:01:34.866 [Test worker] DEBUG org.apache.http.wire -  >> "Content-Length: 748[\r][\n]"
17:01:34.866 [Test worker] DEBUG org.apache.http.wire -  >> "Host: 10.65.45.12:9001[\r][\n]"
17:01:34.866 [Test worker] DEBUG org.apache.http.wire -  >> "Connection: Keep-Alive[\r][\n]"
17:01:34.866 [Test worker] DEBUG org.apache.http.wire -  >> "User-Agent: Apache-HttpClient/4.5.9 (Java/1.8.0_301)[\r][\n]"
17:01:34.866 [Test worker] DEBUG org.apache.http.wire -  >> "Accept-Encoding: gzip,deflate[\r][\n]"
17:01:34.866 [Test worker] DEBUG org.apache.http.wire -  >> "[\r][\n]"
17:01:34.866 [Test worker] DEBUG org.apache.http.headers - >> POST /gatewaycbs/BcServicesInt HTTP/1.1
17:01:34.866 [Test worker] DEBUG org.apache.http.headers - >> Accept: */*
17:01:34.866 [Test worker] DEBUG org.apache.http.headers - >> Content-Type: text/xml;charset=UTF-8
17:01:34.866 [Test worker] DEBUG org.apache.http.headers - >> Content-Length: 748
17:01:34.866 [Test worker] DEBUG org.apache.http.headers - >> Host: 10.65.45.12:9001
17:01:34.866 [Test worker] DEBUG org.apache.http.headers - >> Connection: Keep-Alive
17:01:34.866 [Test worker] DEBUG org.apache.http.headers - >> User-Agent: Apache-HttpClient/4.5.9 (Java/1.8.0_301)
17:01:34.866 [Test worker] DEBUG org.apache.http.headers - >> Accept-Encoding: gzip,deflate
17:01:34.866 [Test worker] DEBUG org.apache.http.wire -  >> "<soapenv:Envelope xmlns:bcc="http://www.huawei.com/bme/cbsinterface/bccommon" xmlns:bcs="http://www.huawei.com/bme/cbsinterface/bcservices" xmlns:ws="http://ws.web.gatewaycbs.tigo.com.co/" xmlns:soapenv="http://schemas.xmlsoap.org/soap/envelope/">[\n]"
17:01:34.866 [Test worker] DEBUG org.apache.http.wire -  >> "   <soapenv:Header/>[\n]"
17:01:34.866 [Test worker] DEBUG org.apache.http.wire -  >> "   <soapenv:Body>[\n]"
17:01:34.866 [Test worker] DEBUG org.apache.http.wire -  >> "      <ws:queryCustomerInfo>[\n]"
17:01:34.866 [Test worker] DEBUG org.apache.http.wire -  >> "         <!--Optional:-->[\n]"
17:01:34.866 [Test worker] DEBUG org.apache.http.wire -  >> "         <QueryCustomerInfoRequest>[\n]"
17:01:34.866 [Test worker] DEBUG org.apache.http.wire -  >> "            <bcs:QueryObj>[\n]"
17:01:34.866 [Test worker] DEBUG org.apache.http.wire -  >> "               <!--Optional:-->[\n]"
17:01:34.866 [Test worker] DEBUG org.apache.http.wire -  >> "               <bcs:SubAccessCode>[\n]"
17:01:34.866 [Test worker] DEBUG org.apache.http.wire -  >> "                  <!--Optional:-->[\n]"
17:01:34.867 [Test worker] DEBUG org.apache.http.wire -  >> "                  <bcc:PrimaryIdentity>3046008593</bcc:PrimaryIdentity>[\n]"
17:01:34.867 [Test worker] DEBUG org.apache.http.wire -  >> "               </bcs:SubAccessCode>[\n]"
17:01:34.867 [Test worker] DEBUG org.apache.http.wire -  >> "            </bcs:QueryObj>[\n]"
17:01:34.867 [Test worker] DEBUG org.apache.http.wire -  >> "         </QueryCustomerInfoRequest>[\n]"
17:01:34.867 [Test worker] DEBUG org.apache.http.wire -  >> "      </ws:queryCustomerInfo>[\n]"
17:01:34.867 [Test worker] DEBUG org.apache.http.wire -  >> "   </soapenv:Body>[\n]"
17:01:34.867 [Test worker] DEBUG org.apache.http.wire -  >> "</soapenv:Envelope>"
17:01:34.930 [Test worker] DEBUG org.apache.http.wire -  << "HTTP/1.1 200 OK[\r][\n]"
17:01:34.930 [Test worker] DEBUG org.apache.http.wire -  << "Date: Fri, 20 May 2022 22:01:35 GMT[\r][\n]"
17:01:34.930 [Test worker] DEBUG org.apache.http.wire -  << "Transfer-Encoding: chunked[\r][\n]"
17:01:34.930 [Test worker] DEBUG org.apache.http.wire -  << "Content-Type: text/xml; charset=utf-8[\r][\n]"
17:01:34.930 [Test worker] DEBUG org.apache.http.wire -  << "[\r][\n]"
17:01:34.930 [Test worker] DEBUG org.apache.http.impl.conn.DefaultClientConnection - Receiving response: HTTP/1.1 200 OK
17:01:34.930 [Test worker] DEBUG org.apache.http.headers - << HTTP/1.1 200 OK
17:01:34.930 [Test worker] DEBUG org.apache.http.headers - << Date: Fri, 20 May 2022 22:01:35 GMT
17:01:34.930 [Test worker] DEBUG org.apache.http.headers - << Transfer-Encoding: chunked
17:01:34.930 [Test worker] DEBUG org.apache.http.headers - << Content-Type: text/xml; charset=utf-8
17:01:34.931 [Test worker] DEBUG org.apache.http.impl.client.DefaultHttpClient - Connection can be kept alive indefinitely
17:01:34.931 [Test worker] DEBUG io.restassured.internal.RequestSpecificationImpl$RestAssuredHttpBuilder - Parsing response as: text/xml; charset=utf-8
17:01:34.931 [Test worker] DEBUG io.restassured.internal.RequestSpecificationImpl$RestAssuredHttpBuilder - Parsed data to instance of: class org.apache.http.conn.EofSensorInputStream
17:01:34.931 [Test worker] DEBUG org.apache.http.wire -  << "006e[\r][\n]"
17:01:34.932 [Test worker] DEBUG org.apache.http.wire -  << "<?xml version='1.0' encoding='UTF-8'?><S:Envelope xmlns:S="http://schemas.xmlsoap.org/soap/envelope/"><S:Body>"
17:01:34.932 [Test worker] DEBUG org.apache.http.wire -  << "[\r][\n]"
17:01:34.932 [Test worker] DEBUG org.apache.http.wire -  << "01f8[\r][\n]"
17:01:34.932 [Test worker] DEBUG org.apache.http.wire -  << "<ns4:queryCustomerInfoResponse xmlns:ns2="http://www.huawei.com/bme/cbsinterface/bccommon" xmlns:ns3="http://www.huawei.com/bme/cbsinterface/bcservices" xmlns:ns4="http://ws.web.gatewaycbs.tigo.com.co/" xmlns:ns5="http://www.huawei.com/bme/cbsinterface/cbscommon"><return><ResultHeader><ns5:Version>1</ns5:Version><ns5:ResultCode>118030260</ns5:ResultCode><ns5:ResultDesc>Subscriber 3046008593 does not exist.</ns5:ResultDesc></ResultHeader></return></ns4:queryCustomerInfoResponse></S:Body></S:Envelope>"
17:01:34.932 [Test worker] DEBUG org.apache.http.wire -  << "[\r][\n]"
17:01:34.932 [Test worker] DEBUG org.apache.http.wire -  << "0000[\r][\n]"
17:01:34.932 [Test worker] DEBUG org.apache.http.wire -  << "[\r][\n]"
17:01:34.932 [Test worker] DEBUG org.apache.http.impl.conn.BasicClientConnectionManager - Releasing connection org.apache.http.impl.conn.ManagedClientConnectionImpl@4536327b
17:01:34.932 [Test worker] DEBUG org.apache.http.impl.conn.BasicClientConnectionManager - Connection can be kept alive indefinitely
La linea 3046008593 no esta activa
se ejecuta correctamente DB Activator
se ejecuta correctamente  DB EPOS
se ejecuta correctamente DB Siebel
se ejecuta correctamente DB Postale
17:01:39.540 [Test worker] DEBUG org.apache.http.impl.conn.BasicClientConnectionManager - Get connection for route {}->http://10.65.45.12:9001
17:01:39.541 [Test worker] DEBUG org.apache.http.impl.conn.DefaultClientConnectionOperator - Connecting to 10.65.45.12:9001
17:01:39.577 [Test worker] DEBUG org.apache.http.client.protocol.RequestAddCookies - CookieSpec selected: ignoreCookies
17:01:39.577 [Test worker] DEBUG org.apache.http.client.protocol.RequestAuthCache - Auth cache not set in the context
17:01:39.577 [Test worker] DEBUG org.apache.http.client.protocol.RequestTargetAuthentication - Target auth state: UNCHALLENGED
17:01:39.577 [Test worker] DEBUG org.apache.http.client.protocol.RequestProxyAuthentication - Proxy auth state: UNCHALLENGED
17:01:39.577 [Test worker] DEBUG org.apache.http.impl.client.DefaultHttpClient - Attempt 1 to execute request
17:01:39.577 [Test worker] DEBUG org.apache.http.impl.conn.DefaultClientConnection - Sending request: POST /gatewaycbs/BcServicesInt HTTP/1.1
17:01:39.577 [Test worker] DEBUG org.apache.http.wire -  >> "POST /gatewaycbs/BcServicesInt HTTP/1.1[\r][\n]"
17:01:39.577 [Test worker] DEBUG org.apache.http.wire -  >> "Accept: */*[\r][\n]"
17:01:39.577 [Test worker] DEBUG org.apache.http.wire -  >> "Content-Type: text/xml;charset=UTF-8[\r][\n]"
17:01:39.578 [Test worker] DEBUG org.apache.http.wire -  >> "Content-Length: 748[\r][\n]"
17:01:39.578 [Test worker] DEBUG org.apache.http.wire -  >> "Host: 10.65.45.12:9001[\r][\n]"
17:01:39.578 [Test worker] DEBUG org.apache.http.wire -  >> "Connection: Keep-Alive[\r][\n]"
17:01:39.578 [Test worker] DEBUG org.apache.http.wire -  >> "User-Agent: Apache-HttpClient/4.5.9 (Java/1.8.0_301)[\r][\n]"
17:01:39.578 [Test worker] DEBUG org.apache.http.wire -  >> "Accept-Encoding: gzip,deflate[\r][\n]"
17:01:39.578 [Test worker] DEBUG org.apache.http.wire -  >> "[\r][\n]"
17:01:39.578 [Test worker] DEBUG org.apache.http.headers - >> POST /gatewaycbs/BcServicesInt HTTP/1.1
17:01:39.578 [Test worker] DEBUG org.apache.http.headers - >> Accept: */*
17:01:39.578 [Test worker] DEBUG org.apache.http.headers - >> Content-Type: text/xml;charset=UTF-8
17:01:39.578 [Test worker] DEBUG org.apache.http.headers - >> Content-Length: 748
17:01:39.578 [Test worker] DEBUG org.apache.http.headers - >> Host: 10.65.45.12:9001
17:01:39.578 [Test worker] DEBUG org.apache.http.headers - >> Connection: Keep-Alive
17:01:39.578 [Test worker] DEBUG org.apache.http.headers - >> User-Agent: Apache-HttpClient/4.5.9 (Java/1.8.0_301)
17:01:39.578 [Test worker] DEBUG org.apache.http.headers - >> Accept-Encoding: gzip,deflate
17:01:39.579 [Test worker] DEBUG org.apache.http.wire -  >> "<soapenv:Envelope xmlns:bcc="http://www.huawei.com/bme/cbsinterface/bccommon" xmlns:bcs="http://www.huawei.com/bme/cbsinterface/bcservices" xmlns:ws="http://ws.web.gatewaycbs.tigo.com.co/" xmlns:soapenv="http://schemas.xmlsoap.org/soap/envelope/">[\n]"
17:01:39.579 [Test worker] DEBUG org.apache.http.wire -  >> "   <soapenv:Header/>[\n]"
17:01:39.579 [Test worker] DEBUG org.apache.http.wire -  >> "   <soapenv:Body>[\n]"
17:01:39.579 [Test worker] DEBUG org.apache.http.wire -  >> "      <ws:queryCustomerInfo>[\n]"
17:01:39.579 [Test worker] DEBUG org.apache.http.wire -  >> "         <!--Optional:-->[\n]"
17:01:39.579 [Test worker] DEBUG org.apache.http.wire -  >> "         <QueryCustomerInfoRequest>[\n]"
17:01:39.579 [Test worker] DEBUG org.apache.http.wire -  >> "            <bcs:QueryObj>[\n]"
17:01:39.579 [Test worker] DEBUG org.apache.http.wire -  >> "               <!--Optional:-->[\n]"
17:01:39.579 [Test worker] DEBUG org.apache.http.wire -  >> "               <bcs:SubAccessCode>[\n]"
17:01:39.579 [Test worker] DEBUG org.apache.http.wire -  >> "                  <!--Optional:-->[\n]"
17:01:39.579 [Test worker] DEBUG org.apache.http.wire -  >> "                  <bcc:PrimaryIdentity>3043118820</bcc:PrimaryIdentity>[\n]"
17:01:39.579 [Test worker] DEBUG org.apache.http.wire -  >> "               </bcs:SubAccessCode>[\n]"
17:01:39.579 [Test worker] DEBUG org.apache.http.wire -  >> "            </bcs:QueryObj>[\n]"
17:01:39.579 [Test worker] DEBUG org.apache.http.wire -  >> "         </QueryCustomerInfoRequest>[\n]"
17:01:39.579 [Test worker] DEBUG org.apache.http.wire -  >> "      </ws:queryCustomerInfo>[\n]"
17:01:39.579 [Test worker] DEBUG org.apache.http.wire -  >> "   </soapenv:Body>[\n]"
17:01:39.579 [Test worker] DEBUG org.apache.http.wire -  >> "</soapenv:Envelope>"
17:01:39.656 [Test worker] DEBUG org.apache.http.wire -  << "HTTP/1.1 200 OK[\r][\n]"
17:01:39.657 [Test worker] DEBUG org.apache.http.wire -  << "Date: Fri, 20 May 2022 22:01:39 GMT[\r][\n]"
17:01:39.657 [Test worker] DEBUG org.apache.http.wire -  << "Transfer-Encoding: chunked[\r][\n]"
17:01:39.657 [Test worker] DEBUG org.apache.http.wire -  << "Content-Type: text/xml; charset=utf-8[\r][\n]"
17:01:39.657 [Test worker] DEBUG org.apache.http.wire -  << "[\r][\n]"
17:01:39.657 [Test worker] DEBUG org.apache.http.impl.conn.DefaultClientConnection - Receiving response: HTTP/1.1 200 OK
17:01:39.657 [Test worker] DEBUG org.apache.http.headers - << HTTP/1.1 200 OK
17:01:39.657 [Test worker] DEBUG org.apache.http.headers - << Date: Fri, 20 May 2022 22:01:39 GMT
17:01:39.657 [Test worker] DEBUG org.apache.http.headers - << Transfer-Encoding: chunked
17:01:39.657 [Test worker] DEBUG org.apache.http.headers - << Content-Type: text/xml; charset=utf-8
17:01:39.657 [Test worker] DEBUG org.apache.http.impl.client.DefaultHttpClient - Connection can be kept alive indefinitely
17:01:39.657 [Test worker] DEBUG io.restassured.internal.RequestSpecificationImpl$RestAssuredHttpBuilder - Parsing response as: text/xml; charset=utf-8
17:01:39.658 [Test worker] DEBUG io.restassured.internal.RequestSpecificationImpl$RestAssuredHttpBuilder - Parsed data to instance of: class org.apache.http.conn.EofSensorInputStream
17:01:39.659 [Test worker] DEBUG org.apache.http.wire -  << "006e[\r][\n]"
17:01:39.659 [Test worker] DEBUG org.apache.http.wire -  << "<?xml version='1.0' encoding='UTF-8'?><S:Envelope xmlns:S="http://schemas.xmlsoap.org/soap/envelope/"><S:Body>"
17:01:39.659 [Test worker] DEBUG org.apache.http.wire -  << "[\r][\n]"
17:01:39.659 [Test worker] DEBUG org.apache.http.wire -  << "01f8[\r][\n]"
17:01:39.659 [Test worker] DEBUG org.apache.http.wire -  << "<ns4:queryCustomerInfoResponse xmlns:ns2="http://www.huawei.com/bme/cbsinterface/bccommon" xmlns:ns3="http://www.huawei.com/bme/cbsinterface/bcservices" xmlns:ns4="http://ws.web.gatewaycbs.tigo.com.co/" xmlns:ns5="http://www.huawei.com/bme/cbsinterface/cbscommon"><return><ResultHeader><ns5:Version>1</ns5:Version><ns5:ResultCode>118030260</ns5:ResultCode><ns5:ResultDesc>Subscriber 3043118820 does not exist.</ns5:ResultDesc></ResultHeader></return></ns4:queryCustomerInfoResponse></S:Body></S:Envelope>"
17:01:39.659 [Test worker] DEBUG org.apache.http.wire -  << "[\r][\n]"
17:01:39.659 [Test worker] DEBUG org.apache.http.wire -  << "0000[\r][\n]"
17:01:39.659 [Test worker] DEBUG org.apache.http.wire -  << "[\r][\n]"
17:01:39.659 [Test worker] DEBUG org.apache.http.impl.conn.BasicClientConnectionManager - Releasing connection org.apache.http.impl.conn.ManagedClientConnectionImpl@2745383f
17:01:39.659 [Test worker] DEBUG org.apache.http.impl.conn.BasicClientConnectionManager - Connection can be kept alive indefinitely
La linea 3043118820 no esta activa
se ejecuta correctamente DB Activator
se ejecuta correctamente  DB EPOS
17:01:43.313 [Finalizer] DEBUG org.apache.http.impl.conn.DefaultClientConnection - Connection 0.0.0.0:51936<->10.65.45.12:9001 closed
17:01:43.315 [Finalizer] DEBUG org.apache.http.impl.conn.DefaultClientConnection - Connection 0.0.0.0:51928<->10.65.45.12:9001 closed
se ejecuta correctamente DB Siebel
se ejecuta correctamente DB Postale
17:01:44.610 [Test worker] INFO net.serenitybdd.core.webdriver.driverproviders.ProvideNewDriver - Instantiating driver
17:01:44.611 [Test worker] INFO net.serenitybdd.core.webdriver.driverproviders.ProvideNewDriver - Driver capabilities: Capabilities {acceptInsecureCerts: true, browserName: firefox, firefox_profile: org.openqa.selenium.firefox..., headless: false, loggingPrefs: org.openqa.selenium.logging..., marionette: true, moz:firefoxOptions: {}, platform: ANY, version: }
17:01:48.569 [Test worker] DEBUG net.serenitybdd.core.photography.Darkroom - Opening darkroom
17:01:48.572 [Darkroom Processing Line] DEBUG net.serenitybdd.core.photography.DarkroomProcessingLine - Darkroom processing line starting up
17:01:48.722 [Test worker] DEBUG net.serenitybdd.core.photography.Darkroom - Send negative for processing for C:\SanitySemilla2\target\site\serenity\80f08c17edcdc302c853d767d413ab0d248e8c7b4d52bc4cdb9a0129ecbb8577.png
17:01:49.090 [Test worker] DEBUG net.serenitybdd.core.photography.Darkroom - Send negative for processing for C:\SanitySemilla2\target\site\serenity\77fb9fdf56fabbd07f7b3120f79f82026e1260dcf93e4d71039de8e257830a39.png
17:01:50.787 [Test worker] DEBUG net.serenitybdd.core.photography.Darkroom - Send negative for processing for C:\SanitySemilla2\target\site\serenity\cb8beece080833ea070ff391f86d2a7b3ea8a4a13479183cd65cfcd96a0315ef.png
17:01:50.787 [Darkroom Processing Line] DEBUG net.serenitybdd.core.photography.DarkroomProcessingLine - Processing screenshot image in /var/screenshots/screenshot-4141765161827145539
17:01:50.789 [Darkroom Processing Line] DEBUG net.serenitybdd.core.photography.DarkroomProcessingLine - Saving screenshot to C:\SanitySemilla2\target\site\serenity\cb8beece080833ea070ff391f86d2a7b3ea8a4a13479183cd65cfcd96a0315ef.png
17:01:52.256 [Test worker] DEBUG net.serenitybdd.core.photography.Darkroom - Send negative for processing for C:\SanitySemilla2\target\site\serenity\26fe7ca1579a112841865332805189271cb6877eedc9d66fe172fe36d143d58f.png
17:01:52.257 [Darkroom Processing Line] DEBUG net.serenitybdd.core.photography.DarkroomProcessingLine - Processing screenshot image in /var/screenshots/screenshot-548033020385294620
17:01:52.257 [Darkroom Processing Line] DEBUG net.serenitybdd.core.photography.DarkroomProcessingLine - Saving screenshot to C:\SanitySemilla2\target\site\serenity\26fe7ca1579a112841865332805189271cb6877eedc9d66fe172fe36d143d58f.png
17:01:52.778 [Test worker] DEBUG net.serenitybdd.core.photography.Darkroom - Send negative for processing for C:\SanitySemilla2\target\site\serenity\54d41baba1ba2a84df8986bfbb01f0ab451be49654a65c847348fc14fdc437e7.png
17:01:52.780 [Darkroom Processing Line] DEBUG net.serenitybdd.core.photography.DarkroomProcessingLine - Processing screenshot image in /var/screenshots/screenshot-9192030306845652666
17:01:52.780 [Darkroom Processing Line] DEBUG net.serenitybdd.core.photography.DarkroomProcessingLine - Saving screenshot to C:\SanitySemilla2\target\site\serenity\54d41baba1ba2a84df8986bfbb01f0ab451be49654a65c847348fc14fdc437e7.png
17:01:53.683 [Test worker] DEBUG net.serenitybdd.core.photography.Darkroom - Send negative for processing for C:\SanitySemilla2\target\site\serenity\32325e946058d62602213a8363ad24000addf5cc0f81edb122423167f5f9440c.png
17:01:53.684 [Darkroom Processing Line] DEBUG net.serenitybdd.core.photography.DarkroomProcessingLine - Processing screenshot image in /var/screenshots/screenshot-8274341394346488991
17:01:53.684 [Darkroom Processing Line] DEBUG net.serenitybdd.core.photography.DarkroomProcessingLine - Saving screenshot to C:\SanitySemilla2\target\site\serenity\32325e946058d62602213a8363ad24000addf5cc0f81edb122423167f5f9440c.png
17:01:54.507 [Test worker] DEBUG net.serenitybdd.core.photography.Darkroom - Send negative for processing for C:\SanitySemilla2\target\site\serenity\8f565c673161c8b895fc50252e786a766d3d70ae76a3d1ff6f985d79ff85c7b2.png
17:01:54.508 [Darkroom Processing Line] DEBUG net.serenitybdd.core.photography.DarkroomProcessingLine - Processing screenshot image in /var/screenshots/screenshot-5146162487267412465
17:01:54.508 [Darkroom Processing Line] DEBUG net.serenitybdd.core.photography.DarkroomProcessingLine - Saving screenshot to C:\SanitySemilla2\target\site\serenity\8f565c673161c8b895fc50252e786a766d3d70ae76a3d1ff6f985d79ff85c7b2.png
17:01:55.375 [Test worker] DEBUG net.serenitybdd.core.photography.Darkroom - Send negative for processing for C:\SanitySemilla2\target\site\serenity\2e563c0dc58eb3b8895c190725459d008f73ea14e5235a7ce84c1561406ed439.png
17:01:55.376 [Darkroom Processing Line] DEBUG net.serenitybdd.core.photography.DarkroomProcessingLine - Processing screenshot image in /var/screenshots/screenshot-5508346049491411933
17:01:55.377 [Darkroom Processing Line] DEBUG net.serenitybdd.core.photography.DarkroomProcessingLine - Saving screenshot to C:\SanitySemilla2\target\site\serenity\2e563c0dc58eb3b8895c190725459d008f73ea14e5235a7ce84c1561406ed439.png
17:01:58.058 [Test worker] DEBUG net.serenitybdd.core.photography.Darkroom - Send negative for processing for C:\SanitySemilla2\target\site\serenity\1ed32d3bd8111580a770a32fdc5806f2f2abcbbccf42b58504d91848323afb1d.png
17:01:58.059 [Darkroom Processing Line] DEBUG net.serenitybdd.core.photography.DarkroomProcessingLine - Processing screenshot image in /var/screenshots/screenshot-4473631463036714064
17:01:58.059 [Darkroom Processing Line] DEBUG net.serenitybdd.core.photography.DarkroomProcessingLine - Saving screenshot to C:\SanitySemilla2\target\site\serenity\1ed32d3bd8111580a770a32fdc5806f2f2abcbbccf42b58504d91848323afb1d.png
17:01:58.589 [Test worker] DEBUG net.serenitybdd.core.photography.Darkroom - Send negative for processing for C:\SanitySemilla2\target\site\serenity\0188282cbac470722c6d73b3ddbb7aa99c379f6c8c7e909128bfd46ecaaebbbd.png
17:01:58.591 [Darkroom Processing Line] DEBUG net.serenitybdd.core.photography.DarkroomProcessingLine - Processing screenshot image in /var/screenshots/screenshot-6120659733562140303
17:01:58.591 [Darkroom Processing Line] DEBUG net.serenitybdd.core.photography.DarkroomProcessingLine - Saving screenshot to C:\SanitySemilla2\target\site\serenity\0188282cbac470722c6d73b3ddbb7aa99c379f6c8c7e909128bfd46ecaaebbbd.png
17:02:01.135 [Test worker] DEBUG net.serenitybdd.core.photography.Darkroom - Send negative for processing for C:\SanitySemilla2\target\site\serenity\c3b9229293259fc7601f06012a867c957b326797bfa1b8f235fb3e5a41a20728.png
17:02:01.137 [Darkroom Processing Line] DEBUG net.serenitybdd.core.photography.DarkroomProcessingLine - Processing screenshot image in /var/screenshots/screenshot-2267247477372201499
17:02:01.137 [Darkroom Processing Line] DEBUG net.serenitybdd.core.photography.DarkroomProcessingLine - Saving screenshot to C:\SanitySemilla2\target\site\serenity\c3b9229293259fc7601f06012a867c957b326797bfa1b8f235fb3e5a41a20728.png
17:02:49.086 [Test worker] DEBUG net.serenitybdd.core.photography.Darkroom - Send negative for processing for C:\SanitySemilla2\target\site\serenity\ec763b7c3915e691aa75707b36e940d02cd983744f71383dc8c6e162758fa195.png
17:02:50.355 [Test worker] INFO net.thucydides.core.steps.ConsoleLoggingListener - ?[92m
        __    _____ _____ ____ _____   ____   _    ____  ____  _____ ____  
  _     \ \  |_   _| ____/ ___|_   _| |  _ \ / \  / ___|/ ___|| ____|  _ \ 
 (_)_____| |   | | |  _| \___ \ | |   | |_) / _ \ \___ \\___ \|  _| | | | |
  _|_____| |   | | | |___ ___) || |   |  __/ ___ \ ___) |___) | |___| |_| |
 (_)     | |   |_| |_____|____/ |_|   |_| /_/   \_\____/|____/|_____|____/ 
        /_/                                                                

TEST PASSED: se quiere ingresar a la plataforma epos
----------------------------------------------------------------------------?[0m
17:02:50.554 [Test worker] INFO net.serenitybdd.core.webdriver.driverproviders.ProvideNewDriver - Instantiating driver
17:02:50.555 [Test worker] INFO net.serenitybdd.core.webdriver.driverproviders.ProvideNewDriver - Driver capabilities: Capabilities {acceptInsecureCerts: true, browserName: firefox, firefox_profile: org.openqa.selenium.firefox..., headless: false, loggingPrefs: org.openqa.selenium.logging..., marionette: true, moz:firefoxOptions: {}, platform: ANY, version: }
17:02:54.182 [Test worker] DEBUG net.serenitybdd.core.photography.Darkroom - Send negative for processing for C:\SanitySemilla2\target\site\serenity\80f08c17edcdc302c853d767d413ab0d248e8c7b4d52bc4cdb9a0129ecbb8577.png
17:02:54.545 [Test worker] DEBUG net.serenitybdd.core.photography.Darkroom - Send negative for processing for C:\SanitySemilla2\target\site\serenity\77fb9fdf56fabbd07f7b3120f79f82026e1260dcf93e4d71039de8e257830a39.png
17:02:56.189 [Test worker] DEBUG net.serenitybdd.core.photography.Darkroom - Send negative for processing for C:\SanitySemilla2\target\site\serenity\b3d44441a045f6d75ed74238bf8005859360d334fa18804dff0ddd0d1a76b689.png
17:02:56.189 [Darkroom Processing Line] DEBUG net.serenitybdd.core.photography.DarkroomProcessingLine - Processing screenshot image in /var/screenshots/screenshot-2353562060613120862
17:02:56.189 [Darkroom Processing Line] DEBUG net.serenitybdd.core.photography.DarkroomProcessingLine - Saving screenshot to C:\SanitySemilla2\target\site\serenity\b3d44441a045f6d75ed74238bf8005859360d334fa18804dff0ddd0d1a76b689.png
17:02:58.642 [Test worker] DEBUG net.serenitybdd.core.photography.Darkroom - Send negative for processing for C:\SanitySemilla2\target\site\serenity\c21219b3d6d25264d3d897ea86682208cca61cf6160c7c3fc631d1c39ca38782.png
17:02:58.643 [Darkroom Processing Line] DEBUG net.serenitybdd.core.photography.DarkroomProcessingLine - Processing screenshot image in /var/screenshots/screenshot-3726205403891022930
17:02:58.643 [Darkroom Processing Line] DEBUG net.serenitybdd.core.photography.DarkroomProcessingLine - Saving screenshot to C:\SanitySemilla2\target\site\serenity\c21219b3d6d25264d3d897ea86682208cca61cf6160c7c3fc631d1c39ca38782.png
17:03:00.636 [Test worker] DEBUG net.serenitybdd.core.photography.Darkroom - Send negative for processing for C:\SanitySemilla2\target\site\serenity\2e9f9f189451b15466f6339fa098b1745120404050c3ab1a075d23f9f3d2d623.png
17:03:00.641 [Darkroom Processing Line] DEBUG net.serenitybdd.core.photography.DarkroomProcessingLine - Processing screenshot image in /var/screenshots/screenshot-7975546692708318344
17:03:00.642 [Darkroom Processing Line] DEBUG net.serenitybdd.core.photography.DarkroomProcessingLine - Saving screenshot to C:\SanitySemilla2\target\site\serenity\2e9f9f189451b15466f6339fa098b1745120404050c3ab1a075d23f9f3d2d623.png
17:03:04.361 [Test worker] DEBUG net.serenitybdd.core.photography.Darkroom - Send negative for processing for C:\SanitySemilla2\target\site\serenity\5237b7e6aea691ec7ab539f4e4b726f261f1f38aaf1c0063d73660f4b952aa99.png
17:03:04.363 [Darkroom Processing Line] DEBUG net.serenitybdd.core.photography.DarkroomProcessingLine - Processing screenshot image in /var/screenshots/screenshot-4787975573550793949
17:03:04.363 [Darkroom Processing Line] DEBUG net.serenitybdd.core.photography.DarkroomProcessingLine - Saving screenshot to C:\SanitySemilla2\target\site\serenity\5237b7e6aea691ec7ab539f4e4b726f261f1f38aaf1c0063d73660f4b952aa99.png
17:03:05.290 [Test worker] DEBUG net.serenitybdd.core.photography.Darkroom - Send negative for processing for C:\SanitySemilla2\target\site\serenity\8a96746f0841f13e3fee62534d2cde1274568184aeee60651e13d00759270110.png
17:03:05.292 [Darkroom Processing Line] DEBUG net.serenitybdd.core.photography.DarkroomProcessingLine - Processing screenshot image in /var/screenshots/screenshot-625914060531704918
17:03:05.292 [Darkroom Processing Line] DEBUG net.serenitybdd.core.photography.DarkroomProcessingLine - Saving screenshot to C:\SanitySemilla2\target\site\serenity\8a96746f0841f13e3fee62534d2cde1274568184aeee60651e13d00759270110.png
17:03:05.865 [Test worker] DEBUG net.serenitybdd.core.photography.Darkroom - Send negative for processing for C:\SanitySemilla2\target\site\serenity\a41d3a80bf6a1522696523013cf9390baf228e1177c1aecc2fb5dde3ec49a6d8.png
17:03:05.869 [Darkroom Processing Line] DEBUG net.serenitybdd.core.photography.DarkroomProcessingLine - Processing screenshot image in /var/screenshots/screenshot-3764150833068887051
17:03:05.869 [Darkroom Processing Line] DEBUG net.serenitybdd.core.photography.DarkroomProcessingLine - Saving screenshot to C:\SanitySemilla2\target\site\serenity\a41d3a80bf6a1522696523013cf9390baf228e1177c1aecc2fb5dde3ec49a6d8.png
17:03:07.156 [Test worker] DEBUG net.serenitybdd.core.photography.Darkroom - Send negative for processing for C:\SanitySemilla2\target\site\serenity\d7e8b30de3382389d3bfb91422e841cd069176d714d88fc45b0ee928afe03290.png
17:03:07.158 [Darkroom Processing Line] DEBUG net.serenitybdd.core.photography.DarkroomProcessingLine - Processing screenshot image in /var/screenshots/screenshot-6191818783049141181
17:03:07.158 [Darkroom Processing Line] DEBUG net.serenitybdd.core.photography.DarkroomProcessingLine - Saving screenshot to C:\SanitySemilla2\target\site\serenity\d7e8b30de3382389d3bfb91422e841cd069176d714d88fc45b0ee928afe03290.png
17:03:07.894 [Test worker] DEBUG net.serenitybdd.core.photography.Darkroom - Send negative for processing for C:\SanitySemilla2\target\site\serenity\1d74b3842b6956c83df292ceae67880720dc2842c4528cdb0d49e3e6cc6d7e46.png
17:03:11.513 [Test worker] DEBUG net.serenitybdd.core.photography.Darkroom - Send negative for processing for C:\SanitySemilla2\target\site\serenity\739fc26f0f0618c2a4654bf58accc267770a78bd8c9d3b89c43685e7209af1a7.png
17:03:11.514 [Darkroom Processing Line] DEBUG net.serenitybdd.core.photography.DarkroomProcessingLine - Processing screenshot image in /var/screenshots/screenshot-1236181374810665502
17:03:11.514 [Darkroom Processing Line] DEBUG net.serenitybdd.core.photography.DarkroomProcessingLine - Saving screenshot to C:\SanitySemilla2\target\site\serenity\739fc26f0f0618c2a4654bf58accc267770a78bd8c9d3b89c43685e7209af1a7.png
17:03:12.033 [Test worker] DEBUG net.serenitybdd.core.photography.Darkroom - Send negative for processing for C:\SanitySemilla2\target\site\serenity\061e39b7b2d772a6e1dba5133d639f9093c575eadd841a8ca1e8b960363982ba.png
17:03:12.035 [Darkroom Processing Line] DEBUG net.serenitybdd.core.photography.DarkroomProcessingLine - Processing screenshot image in /var/screenshots/screenshot-8011682894224845816
17:03:12.035 [Darkroom Processing Line] DEBUG net.serenitybdd.core.photography.DarkroomProcessingLine - Saving screenshot to C:\SanitySemilla2\target\site\serenity\061e39b7b2d772a6e1dba5133d639f9093c575eadd841a8ca1e8b960363982ba.png
17:03:15.385 [Test worker] DEBUG net.serenitybdd.core.photography.Darkroom - Send negative for processing for C:\SanitySemilla2\target\site\serenity\ec763b7c3915e691aa75707b36e940d02cd983744f71383dc8c6e162758fa195.png
17:03:16.927 [Test worker] INFO net.thucydides.core.steps.ConsoleLoggingListener - ?[92m
        __    _____ _____ ____ _____   ____   _    ____  ____  _____ ____  
  _     \ \  |_   _| ____/ ___|_   _| |  _ \ / \  / ___|/ ___|| ____|  _ \ 
 (_)_____| |   | | |  _| \___ \ | |   | |_) / _ \ \___ \\___ \|  _| | | | |
  _|_____| |   | | | |___ ___) || |   |  __/ ___ \ ___) |___) | |___| |_| |
 (_)     | |   |_| |_____|____/ |_|   |_| /_/   \_\____/|____/|_____|____/ 
        /_/                                                                

TEST PASSED: realizar el cargue de inventario
----------------------------------------------------------------------------?[0m
17:03:37.798 [Test worker] INFO net.thucydides.core.steps.ConsoleLoggingListener - ?[92m
        __    _____ _____ ____ _____   ____   _    ____  ____  _____ ____  
  _     \ \  |_   _| ____/ ___|_   _| |  _ \ / \  / ___|/ ___|| ____|  _ \ 
 (_)_____| |   | | |  _| \___ \ | |   | |_) / _ \ \___ \\___ \|  _| | | | |
  _|_____| |   | | | |___ ___) || |   |  __/ ___ \ ___) |___) | |___| |_| |
 (_)     | |   |_| |_____|____/ |_|   |_| /_/   \_\____/|____/|_____|____/ 
        /_/                                                                

TEST PASSED: realizar la confirmacion de inventario
----------------------------------------------------------------------------?[0m
17:03:38.001 [Test worker] INFO net.serenitybdd.core.webdriver.driverproviders.ProvideNewDriver - Instantiating driver
17:03:38.001 [Test worker] INFO net.serenitybdd.core.webdriver.driverproviders.ProvideNewDriver - Driver capabilities: Capabilities {acceptInsecureCerts: true, browserName: firefox, firefox_profile: org.openqa.selenium.firefox..., headless: false, loggingPrefs: org.openqa.selenium.logging..., marionette: true, moz:firefoxOptions: {}, platform: ANY, version: }
17:03:41.705 [Test worker] DEBUG net.serenitybdd.core.photography.Darkroom - Send negative for processing for C:\SanitySemilla2\target\site\serenity\c2ea742650c01d836ba4626126eb07c2f18cc7ec51d076b6193bdd5f68e46287.png
17:03:42.037 [Test worker] DEBUG net.serenitybdd.core.photography.Darkroom - Send negative for processing for C:\SanitySemilla2\target\site\serenity\0a3508a7c3b796b85ac8dcb4d5597b76962fa4dba51040067ad2e1aaeca862e4.png
17:03:43.762 [Test worker] DEBUG net.serenitybdd.core.photography.Darkroom - Send negative for processing for C:\SanitySemilla2\target\site\serenity\e4d9e2a6b4c520ce1aab1e170872071fb67350a4da473fbd7aa660516f07003f.png
17:03:44.673 [Test worker] DEBUG net.serenitybdd.core.photography.Darkroom - Send negative for processing for C:\SanitySemilla2\target\site\serenity\d8a81153ccf93c03159e9a85c968c378ce7c7069f7e0087f5148f4c5277d96e0.png
17:03:45.146 [Test worker] DEBUG net.serenitybdd.core.photography.Darkroom - Send negative for processing for C:\SanitySemilla2\target\site\serenity\9b1b408310972e52ff40ac15a9c60bbd598a230c6358cf3f7b888b604ce7b4a8.png
17:03:45.641 [Test worker] DEBUG net.serenitybdd.core.photography.Darkroom - Send negative for processing for C:\SanitySemilla2\target\site\serenity\fbca7558950de97b89195670c796ea3548f102a1a4fb43078c45292af59d7bd7.png
17:03:46.127 [Test worker] DEBUG net.serenitybdd.core.photography.Darkroom - Send negative for processing for C:\SanitySemilla2\target\site\serenity\dcac2701f830a9346c45fdaa6f44d8e2397baf835e0d6ef991c2c1594235c082.png
17:03:47.656 [Test worker] DEBUG net.serenitybdd.core.photography.Darkroom - Send negative for processing for C:\SanitySemilla2\target\site\serenity\96fb6bd83c10389ecbebe26282b3a6d41f1bbbaff2fcfd0b28747b2f7bf4c29d.png
17:03:48.470 [Test worker] DEBUG net.serenitybdd.core.photography.Darkroom - Send negative for processing for C:\SanitySemilla2\target\site\serenity\e8ad03c80e2ad01cd9fdb75fd21d3131bcd617e346551bc5c2059f786d97e199.png
17:03:48.804 [Test worker] DEBUG net.serenitybdd.core.photography.Darkroom - Send negative for processing for C:\SanitySemilla2\target\site\serenity\e8a0108248c6f6ece28badb95e89e65c0dd9c18d81c117936b96292929690520.png
17:03:49.289 [Test worker] DEBUG net.serenitybdd.core.photography.Darkroom - Send negative for processing for C:\SanitySemilla2\target\site\serenity\09d414d64207f29f762ff08c39989fe13de8e0132589f5f4ab74976828897313.png
17:03:49.766 [Test worker] DEBUG net.serenitybdd.core.photography.Darkroom - Send negative for processing for C:\SanitySemilla2\target\site\serenity\f49926ec31f0792797d1587c80aa028bf0aafe00052fda52c66274cf67136a5e.png
17:03:50.086 [Test worker] DEBUG net.serenitybdd.core.photography.Darkroom - Send negative for processing for C:\SanitySemilla2\target\site\serenity\a65e2a74cd1e1c6d09a7a3fac9a6ce0d43ee636dd5fc47ad4bd901ec9c796dfe.png
17:03:50.422 [Test worker] DEBUG net.serenitybdd.core.photography.Darkroom - Send negative for processing for C:\SanitySemilla2\target\site\serenity\9a8191b14cac7548ff1798e1dbda25cde24aee787015c401c3a32aaee84229bb.png
17:03:50.919 [Test worker] DEBUG net.serenitybdd.core.photography.Darkroom - Send negative for processing for C:\SanitySemilla2\target\site\serenity\e235e6802d4067df5a699a10dbf8ea641788e63ba4f2a271e9342e28ee275db8.png
17:03:51.490 [Test worker] DEBUG net.serenitybdd.core.photography.Darkroom - Send negative for processing for C:\SanitySemilla2\target\site\serenity\804696203c0e9023660e90447e62cfbf688070404de8133c2081170bf66edcc8.png
17:03:51.802 [Test worker] DEBUG net.serenitybdd.core.photography.Darkroom - Send negative for processing for C:\SanitySemilla2\target\site\serenity\3d593d1cc81c7f755c35642dbc25e356a96966a6330ae55f9dde21c3458693f6.png
17:03:52.259 [Test worker] DEBUG net.serenitybdd.core.photography.Darkroom - Send negative for processing for C:\SanitySemilla2\target\site\serenity\273f9c10be1206c024f79374702c3296df4a72867ba075069d33fbaf9cf09dc6.png
17:03:52.721 [Test worker] DEBUG net.serenitybdd.core.photography.Darkroom - Send negative for processing for C:\SanitySemilla2\target\site\serenity\273f9c10be1206c024f79374702c3296df4a72867ba075069d33fbaf9cf09dc6.png
17:03:57.928 [Test worker] DEBUG net.serenitybdd.core.photography.Darkroom - Send negative for processing for C:\SanitySemilla2\target\site\serenity\f99461dc03f4b1ade0d545ed5b1d5299d88f4bae926247d550f32206c2b764da.png
17:03:57.930 [Darkroom Processing Line] DEBUG net.serenitybdd.core.photography.DarkroomProcessingLine - Processing screenshot image in /var/screenshots/screenshot-6103062082584363359
17:03:57.930 [Darkroom Processing Line] DEBUG net.serenitybdd.core.photography.DarkroomProcessingLine - Saving screenshot to C:\SanitySemilla2\target\site\serenity\f99461dc03f4b1ade0d545ed5b1d5299d88f4bae926247d550f32206c2b764da.png
17:04:01.382 [Test worker] DEBUG net.serenitybdd.core.photography.Darkroom - Send negative for processing for C:\SanitySemilla2\target\site\serenity\e8a43b2157a7d5b2a90a426624e94407f91f758505ea455b0e31cfc5ce3f39b0.png
17:04:01.848 [Test worker] DEBUG net.serenitybdd.core.photography.Darkroom - Send negative for processing for C:\SanitySemilla2\target\site\serenity\05d46084a7c8081db320286a1eeaeb36ab178005dcefe9ecd9f6deb247ffd458.png
17:04:02.299 [Test worker] DEBUG net.serenitybdd.core.photography.Darkroom - Send negative for processing for C:\SanitySemilla2\target\site\serenity\05d46084a7c8081db320286a1eeaeb36ab178005dcefe9ecd9f6deb247ffd458.png
17:04:02.749 [Test worker] DEBUG net.serenitybdd.core.photography.Darkroom - Send negative for processing for C:\SanitySemilla2\target\site\serenity\05d46084a7c8081db320286a1eeaeb36ab178005dcefe9ecd9f6deb247ffd458.png
17:04:03.233 [Test worker] DEBUG net.serenitybdd.core.photography.Darkroom - Send negative for processing for C:\SanitySemilla2\target\site\serenity\f757ac5eb888115366c3b230ec1f2c2931d14a0f893276054270a3ebe049a847.png
17:04:03.551 [Test worker] DEBUG net.serenitybdd.core.photography.Darkroom - Send negative for processing for C:\SanitySemilla2\target\site\serenity\05d46084a7c8081db320286a1eeaeb36ab178005dcefe9ecd9f6deb247ffd458.png
17:04:04.144 [Test worker] DEBUG net.serenitybdd.core.photography.Darkroom - Send negative for processing for C:\SanitySemilla2\target\site\serenity\b80310ef7ac2bc5123dcafecca555f964680199911867b8e4ba3adad795b05f5.png
17:04:04.626 [Test worker] DEBUG net.serenitybdd.core.photography.Darkroom - Send negative for processing for C:\SanitySemilla2\target\site\serenity\aaaba3117ccf016945c4f866bdac65f0b452d1cb6072e33babe1889ac0fbad4d.png
*****************************************************Codigo y Descripcion***********************************************************************************


Código: Msisdn: 573045981670
Descripción: Activacion exitosa; Bienvenido a TIGO recuerda activar los servicio VAS y contarle al cliente los beneficios de SMS; WAP; 3.5G;Backtones. Eso es estar con Tigo


*****************************************************************************************************************************************
17:04:49.869 [Test worker] DEBUG net.serenitybdd.core.photography.Darkroom - Send negative for processing for C:\SanitySemilla2\target\site\serenity\da4f8fd15e3a88db737ca618f8052e79bd0b5723905cfbbaeee6ce13ef7f1b18.png
17:04:50.668 [Test worker] DEBUG net.serenitybdd.core.photography.Darkroom - Send negative for processing for C:\SanitySemilla2\target\site\serenity\e4d9e2a6b4c520ce1aab1e170872071fb67350a4da473fbd7aa660516f07003f.png
17:04:51.194 [Test worker] DEBUG net.serenitybdd.core.photography.Darkroom - Send negative for processing for C:\SanitySemilla2\target\site\serenity\515217e579fa742a679aa58aa2d2980795b2c15c3662e1fdc489fbd54a97c8b2.png
17:04:51.698 [Test worker] DEBUG net.serenitybdd.core.photography.Darkroom - Send negative for processing for C:\SanitySemilla2\target\site\serenity\764a6ec1692d4ea0eff700aa40038dc22d6cbae9e223d3d070d01f69b4766992.png
17:04:52.222 [Test worker] DEBUG net.serenitybdd.core.photography.Darkroom - Send negative for processing for C:\SanitySemilla2\target\site\serenity\b9c8fac64dc3099ba7a224ef066ad68d00cbf4850d4f2d5100cbdaeb13b0d0bb.png
17:04:53.293 [Test worker] DEBUG net.serenitybdd.core.photography.Darkroom - Send negative for processing for C:\SanitySemilla2\target\site\serenity\fbcaf079edc6446ebb4f311286d69b6d0fdc5bd16948cea9b9bc61cdbd66350e.png
17:04:53.792 [Test worker] DEBUG net.serenitybdd.core.photography.Darkroom - Send negative for processing for C:\SanitySemilla2\target\site\serenity\714b0de9f20550921c518f1d27d60c84ea29eba2f4d8232ab569221c41d4eee7.png
17:04:55.042 [Test worker] DEBUG net.serenitybdd.core.photography.Darkroom - Send negative for processing for C:\SanitySemilla2\target\site\serenity\94fdb863a2b2a3871a3ab9875cfa16a418524be4a05d1b69e7330cd74562aa45.png
17:04:55.044 [Darkroom Processing Line] DEBUG net.serenitybdd.core.photography.DarkroomProcessingLine - Processing screenshot image in /var/screenshots/screenshot-2136556446287868747
17:04:55.044 [Darkroom Processing Line] DEBUG net.serenitybdd.core.photography.DarkroomProcessingLine - Saving screenshot to C:\SanitySemilla2\target\site\serenity\94fdb863a2b2a3871a3ab9875cfa16a418524be4a05d1b69e7330cd74562aa45.png
17:04:56.482 [Test worker] INFO net.thucydides.core.steps.ConsoleLoggingListener - ?[92m
        __    _____ _____ ____ _____   ____   _    ____  ____  _____ ____  
  _     \ \  |_   _| ____/ ___|_   _| |  _ \ / \  / ___|/ ___|| ____|  _ \ 
 (_)_____| |   | | |  _| \___ \ | |   | |_) / _ \ \___ \\___ \|  _| | | | |
  _|_____| |   | | | |___ ___) || |   |  __/ ___ \ ___) |___) | |___| |_| |
 (_)     | |   |_| |_____|____/ |_|   |_| /_/   \_\____/|____/|_____|____/ 
        /_/                                                                

TEST PASSED: se requiere realizar una activacion prepago
----------------------------------------------------------------------------?[0m
]]></system-out>
  <system-err><![CDATA[may 20, 2022 5:01:44 PM org.openqa.selenium.remote.DesiredCapabilities firefox
INFORMACIÓN: Using `new FirefoxOptions()` is preferred to `DesiredCapabilities.firefox()`
may 20, 2022 5:01:44 PM org.openqa.selenium.remote.DesiredCapabilities firefox
INFORMACIÓN: Using `new FirefoxOptions()` is preferred to `DesiredCapabilities.firefox()`
1653084104869	geckodriver	INFO	Listening on 127.0.0.1:26814
1653084105510	mozrunner::runner	INFO	Running command: "C:\\Program Files\\Mozilla Firefox\\firefox.exe" "--marionette" "-foreground" "-no-remote" "-profile" "C:\\Users\\PROJEC~1\\AppData\\Local\\Temp\\rust_mozprofileBhsCMx"
1653084105959	addons.webextension.doh-rollout@mozilla.org	WARN	Loading extension 'doh-rollout@mozilla.org': Reading manifest: Invalid extension permission: networkStatus
1653084105982	addons.webextension.screenshots@mozilla.org	WARN	Loading extension 'screenshots@mozilla.org': Reading manifest: Invalid extension permission: mozillaAddons
1653084105982	addons.webextension.screenshots@mozilla.org	WARN	Loading extension 'screenshots@mozilla.org': Reading manifest: Invalid extension permission: telemetry
1653084105982	addons.webextension.screenshots@mozilla.org	WARN	Loading extension 'screenshots@mozilla.org': Reading manifest: Invalid extension permission: resource://pdf.js/
1653084105982	addons.webextension.screenshots@mozilla.org	WARN	Loading extension 'screenshots@mozilla.org': Reading manifest: Invalid extension permission: about:reader*
JavaScript error: resource://gre/modules/XULStore.jsm, line 66: Error: Can't find profile directory.
1653084107513	Marionette	INFO	Listening on port 51946
1653084107560	Marionette	WARN	TLS certificate errors will be ignored for this session
may 20, 2022 5:01:47 PM org.openqa.selenium.remote.ProtocolHandshake createSession
INFORMACIÓN: Detected dialect: W3C
1653084169209	Marionette	INFO	Stopped listening on port 51946

###!!! [Child][RunMessage] Error: Channel closing: too late to send/recv, messages will be lost


###!!! [Child][MessageChannel::SendAndWait] Error: Channel error: cannot send/recv

may 20, 2022 5:02:50 PM org.openqa.selenium.remote.DesiredCapabilities firefox
INFORMACIÓN: Using `new FirefoxOptions()` is preferred to `DesiredCapabilities.firefox()`
may 20, 2022 5:02:50 PM org.openqa.selenium.remote.DesiredCapabilities firefox
INFORMACIÓN: Using `new FirefoxOptions()` is preferred to `DesiredCapabilities.firefox()`
1653084170722	geckodriver	INFO	Listening on 127.0.0.1:36166
1653084171168	mozrunner::runner	INFO	Running command: "C:\\Program Files\\Mozilla Firefox\\firefox.exe" "--marionette" "-foreground" "-no-remote" "-profile" "C:\\Users\\PROJEC~1\\AppData\\Local\\Temp\\rust_mozprofilejIWBJI"
1653084171558	addons.webextension.doh-rollout@mozilla.org	WARN	Loading extension 'doh-rollout@mozilla.org': Reading manifest: Invalid extension permission: networkStatus
1653084171582	addons.webextension.screenshots@mozilla.org	WARN	Loading extension 'screenshots@mozilla.org': Reading manifest: Invalid extension permission: mozillaAddons
1653084171582	addons.webextension.screenshots@mozilla.org	WARN	Loading extension 'screenshots@mozilla.org': Reading manifest: Invalid extension permission: telemetry
1653084171582	addons.webextension.screenshots@mozilla.org	WARN	Loading extension 'screenshots@mozilla.org': Reading manifest: Invalid extension permission: resource://pdf.js/
1653084171582	addons.webextension.screenshots@mozilla.org	WARN	Loading extension 'screenshots@mozilla.org': Reading manifest: Invalid extension permission: about:reader*
JavaScript error: resource://gre/modules/XULStore.jsm, line 66: Error: Can't find profile directory.
1653084173134	Marionette	INFO	Listening on port 52005
1653084173232	Marionette	WARN	TLS certificate errors will be ignored for this session
may 20, 2022 5:02:53 PM org.openqa.selenium.remote.ProtocolHandshake createSession
INFORMACIÓN: Detected dialect: W3C
JavaScript error: http://10.69.60.57:8180/tigo-pos-web-ii/a4j_3_2_0.SR1-SNAPSHOTorg/ajax4jsf/javascript/scripts/form.js.jsf, line 11: TypeError: element is null
JavaScript error: http://10.69.60.57:8180/tigo-pos-web-ii/a4j_3_2_0.SR1-SNAPSHOTorg/ajax4jsf/javascript/scripts/form.js.jsf, line 11: TypeError: element is null
1653084195510	Marionette	INFO	Stopped listening on port 52005

###!!! [Child][RunMessage] Error: Channel closing: too late to send/recv, messages will be lost

may 20, 2022 5:03:37 PM org.openqa.selenium.remote.DesiredCapabilities firefox
INFORMACIÓN: Using `new FirefoxOptions()` is preferred to `DesiredCapabilities.firefox()`
may 20, 2022 5:03:37 PM org.openqa.selenium.remote.DesiredCapabilities firefox
INFORMACIÓN: Using `new FirefoxOptions()` is preferred to `DesiredCapabilities.firefox()`
1653084218178	geckodriver	INFO	Listening on 127.0.0.1:36463
1653084218603	mozrunner::runner	INFO	Running command: "C:\\Program Files\\Mozilla Firefox\\firefox.exe" "--marionette" "-foreground" "-no-remote" "-profile" "C:\\Users\\PROJEC~1\\AppData\\Local\\Temp\\rust_mozprofileyMMMLw"
1653084218999	addons.webextension.doh-rollout@mozilla.org	WARN	Loading extension 'doh-rollout@mozilla.org': Reading manifest: Invalid extension permission: networkStatus
1653084219024	addons.webextension.screenshots@mozilla.org	WARN	Loading extension 'screenshots@mozilla.org': Reading manifest: Invalid extension permission: mozillaAddons
1653084219024	addons.webextension.screenshots@mozilla.org	WARN	Loading extension 'screenshots@mozilla.org': Reading manifest: Invalid extension permission: telemetry
1653084219024	addons.webextension.screenshots@mozilla.org	WARN	Loading extension 'screenshots@mozilla.org': Reading manifest: Invalid extension permission: resource://pdf.js/
1653084219024	addons.webextension.screenshots@mozilla.org	WARN	Loading extension 'screenshots@mozilla.org': Reading manifest: Invalid extension permission: about:reader*
JavaScript error: resource://gre/modules/XULStore.jsm, line 66: Error: Can't find profile directory.
1653084220674	Marionette	INFO	Listening on port 52063
1653084220753	Marionette	WARN	TLS certificate errors will be ignored for this session
may 20, 2022 5:03:40 PM org.openqa.selenium.remote.ProtocolHandshake createSession
INFORMACIÓN: Detected dialect: W3C
JavaScript warning: http://10.69.60.61:8280/portal/CRMPortal/Consultas?portal:windowState=normal&portal:componentId=gtnc323725e-6efe-4037-9f93-1bc06edfa941&portal:resourceID=/org.rf.res/org/richfaces/ui.pack.js&portal:cacheLevel=PAGE&portal:type=resource&portal:portletMode=view, line 10431: unreachable code after return statement
JavaScript warning: http://10.69.60.61:8280/portal/CRMPortal/Consultas?portal:windowState=normal&portal:componentId=gtnc323725e-6efe-4037-9f93-1bc06edfa941&portal:resourceID=/org.rf.res/org/richfaces/ui.pack.js&portal:cacheLevel=PAGE&portal:type=resource&portal:portletMode=view, line 10431: unreachable code after return statement
JavaScript error: http://10.69.60.61:8280/portal/CRMPortal/Consultas, line 1: ReferenceError: setIframeListeners is not defined
JavaScript warning: http://10.69.60.61:8280/portal/CRMPortal/Venta?portal:windowState=normal&portal:componentId=gtn1dfca009-52ed-45cd-a543-6660573bef81&portal:resourceID=/org.rf.res/org/richfaces/ui.pack.js&portal:cacheLevel=PAGE&portal:type=resource&portal:portletMode=view, line 10431: unreachable code after return statement
JavaScript warning: http://10.69.60.61:8280/portal/CRMPortal/Venta?portal:windowState=normal&portal:componentId=gtn1dfca009-52ed-45cd-a543-6660573bef81&portal:resourceID=/org.rf.res/org/richfaces/ui.pack.js&portal:cacheLevel=PAGE&portal:type=resource&portal:portletMode=view, line 10431: unreachable code after return statement
JavaScript error: http://10.69.60.61:8280/portal/CRMPortal/Venta, line 1: ReferenceError: setIframeListeners is not defined
JavaScript error: http://10.69.60.61:8280/portal/CRMPortal/Venta, line 1: ReferenceError: setIframeListeners is not defined
JavaScript error: http://10.69.60.61:8280/portal/CRMPortal/Venta, line 1: ReferenceError: setIframeListeners is not defined
JavaScript error: http://10.69.60.61:8280/portal/CRMPortal/Venta, line 1: ReferenceError: setIframeListeners is not defined
JavaScript warning: http://10.69.60.61:8280/portal/CRMPortal/Consultas?portal:windowState=normal&portal:componentId=gtnc323725e-6efe-4037-9f93-1bc06edfa941&portal:resourceID=/org.rf.res/org/richfaces/ui.pack.js&portal:cacheLevel=PAGE&portal:type=resource&portal:portletMode=view, line 10431: unreachable code after return statement
JavaScript warning: http://10.69.60.61:8280/portal/CRMPortal/Consultas?portal:windowState=normal&portal:componentId=gtnc323725e-6efe-4037-9f93-1bc06edfa941&portal:resourceID=/org.rf.res/org/richfaces/ui.pack.js&portal:cacheLevel=PAGE&portal:type=resource&portal:portletMode=view, line 10431: unreachable code after return statement
JavaScript error: http://10.69.60.61:8280/portal/CRMPortal/Consultas, line 1: ReferenceError: setIframeListeners is not defined
JavaScript error: http://10.69.60.61:8280/portal/CRMPortal/Consultas, line 1: ReferenceError: setIframeListeners is not defined
1653084295140	Marionette	INFO	Stopped listening on port 52063

###!!! [Child][RunMessage] Error: Channel closing: too late to send/recv, messages will be lost


###!!! [Child][MessageChannel::SendAndWait] Error: Channel error: cannot send/recv

]]></system-err>
</testsuite>
