<?xml version="1.0" encoding="UTF-8"?>
<testsuite name="com.indra.runners.SanityRunners" tests="0" skipped="0" failures="0" errors="0" timestamp="1970-01-01T00:00:00" hostname="22LAP5CD1195R94" time="0.0">
  <properties/>
  <system-out><![CDATA[14:11:58.994 [Test worker] DEBUG net.thucydides.core.util.PropertiesFileLocalPreferences - LOADING LOCAL PROPERTIES FROM C:\SanitySemilla2\serenity.properties 
14:11:59.081 [Test worker] DEBUG net.thucydides.core.util.PropertiesFileLocalPreferences - LOADING LOCAL PROPERTIES FROM C:\SanitySemilla2\serenity.properties 
14:11:59.082 [Test worker] DEBUG net.thucydides.core.util.PropertiesFileLocalPreferences - LOADING LOCAL PROPERTIES FROM C:\SanitySemilla2\serenity.properties 
14:11:59.090 [Test worker] DEBUG net.thucydides.core.util.PropertiesFileLocalPreferences - webdriver.driver=firefox
14:11:59.090 [Test worker] DEBUG net.thucydides.core.util.PropertiesFileLocalPreferences - serenity.console.colors=true
14:11:59.090 [Test worker] DEBUG net.thucydides.core.util.PropertiesFileLocalPreferences - webdriver.gecko.driver=src/test/resources/drivers/geckodriver.exe
14:11:59.090 [Test worker] DEBUG net.thucydides.core.util.PropertiesFileLocalPreferences - webdriver.base.url=http://10.69.60.77:8180/tigo-pos-web/index.jsp
14:11:59.090 [Test worker] DEBUG net.thucydides.core.util.PropertiesFileLocalPreferences - serenity.project.name=Automatización Sanity Ambiente - Activacion Prepago
14:11:59.090 [Test worker] DEBUG net.thucydides.core.util.PropertiesFileLocalPreferences - webdriver.wait.for.timeout=35000
14:11:59.090 [Test worker] DEBUG net.thucydides.core.util.PropertiesFileLocalPreferences - serenity.use.unique.browser=true
14:11:59.090 [Test worker] DEBUG net.thucydides.core.util.PropertiesFileLocalPreferences - webdriver.timeouts.implicitlywait=45000
14:11:59.090 [Test worker] DEBUG net.thucydides.core.util.PropertiesFileLocalPreferences - serenity.take.screenshots=FOR_EACH_ACTION
14:11:59.092 [Test worker] DEBUG net.thucydides.core.util.PropertiesFileLocalPreferences - serenity.browser.maximized=true
14:11:59.092 [Test worker] DEBUG net.thucydides.core.util.PropertiesFileLocalPreferences - firefox.capability.marionette=true
14:11:59.326 [Test worker] DEBUG net.thucydides.core.util.PropertiesFileLocalPreferences - LOADING LOCAL PROPERTIES FROM C:\SanitySemilla2\serenity.properties 
14:11:59.382 [Test worker] DEBUG net.thucydides.core.util.PropertiesFileLocalPreferences - LOADING LOCAL PROPERTIES FROM C:\SanitySemilla2\serenity.properties 
14:11:59.382 [Test worker] DEBUG net.thucydides.core.util.PropertiesFileLocalPreferences - LOADING LOCAL PROPERTIES FROM C:\SanitySemilla2\serenity.properties 
14:11:59.383 [Test worker] DEBUG net.thucydides.core.util.PropertiesFileLocalPreferences - webdriver.driver=firefox
14:11:59.384 [Test worker] DEBUG net.thucydides.core.util.PropertiesFileLocalPreferences - serenity.console.colors=true
14:11:59.384 [Test worker] DEBUG net.thucydides.core.util.PropertiesFileLocalPreferences - webdriver.gecko.driver=src/test/resources/drivers/geckodriver.exe
14:11:59.384 [Test worker] DEBUG net.thucydides.core.util.PropertiesFileLocalPreferences - webdriver.base.url=http://10.69.60.77:8180/tigo-pos-web/index.jsp
14:11:59.384 [Test worker] DEBUG net.thucydides.core.util.PropertiesFileLocalPreferences - serenity.project.name=Automatización Sanity Ambiente - Activacion Prepago
14:11:59.384 [Test worker] DEBUG net.thucydides.core.util.PropertiesFileLocalPreferences - webdriver.wait.for.timeout=35000
14:11:59.384 [Test worker] DEBUG net.thucydides.core.util.PropertiesFileLocalPreferences - serenity.use.unique.browser=true
14:11:59.384 [Test worker] DEBUG net.thucydides.core.util.PropertiesFileLocalPreferences - webdriver.timeouts.implicitlywait=45000
14:11:59.384 [Test worker] DEBUG net.thucydides.core.util.PropertiesFileLocalPreferences - serenity.take.screenshots=FOR_EACH_ACTION
14:11:59.384 [Test worker] DEBUG net.thucydides.core.util.PropertiesFileLocalPreferences - serenity.browser.maximized=true
14:11:59.384 [Test worker] DEBUG net.thucydides.core.util.PropertiesFileLocalPreferences - firefox.capability.marionette=true
14:11:59.390 [Test worker] INFO net.thucydides.core.steps.ConsoleLoggingListener - ?[96m

-------------------------------------------------------------------------------------
     _______. _______ .______       _______ .__   __.  __  .___________.____    ____ 
    /       ||   ____||   _  \     |   ____||  \ |  | |  | |           |\   \  /   / 
   |   (----`|  |__   |  |_)  |    |  |__   |   \|  | |  | `---|  |----` \   \/   /  
    \   \    |   __|  |      /     |   __|  |  . `  | |  |     |  |       \_    _/   
.----)   |   |  |____ |  |\  \----.|  |____ |  |\   | |  |     |  |         |  |     
|_______/    |_______|| _| `._____||_______||__| \__| |__|     |__|         |__|    
                                                                                     
 News and tutorials at http://www.serenity-bdd.info                                  
 Documentation at https://wakaleo.gitbooks.io/the-serenity-book/content/             
 Join the Serenity Community on Rocket Chat at https://serenity-bdd.rocket.chat      
 Serenity BDD Support and Training at http://serenity-bdd.info/#/trainingandsupport  
 Learn Serenity BDD online at http://serenity-dojo.com                               
-------------------------------------------------------------------------------------
?[0m
14:11:59.396 [Test worker] DEBUG net.thucydides.core.steps.StepEventBus - Test suite started for story net.thucydides.core.model.Story@6fe68030
14:11:59.397 [Test worker] INFO net.thucydides.core.steps.ConsoleLoggingListener - Test Suite Started: Sanity limpieza y aprovisionamiento de recursos
14:11:59.431 [Test worker] INFO net.thucydides.core.steps.ConsoleLoggingListener - 
 _____ _____ ____ _____   ____ _____  _    ____ _____ _____ ____  
|_   _| ____/ ___|_   _| / ___|_   _|/ \  |  _ \_   _| ____|  _ \ 
  | | |  _| \___ \ | |   \___ \ | | / _ \ | |_) || | |  _| | | | |
  | | | |___ ___) || |    ___) || |/ ___ \|  _ < | | | |___| |_| |
  |_| |_____|____/ |_|   |____/ |_/_/   \_\_| \_\|_| |_____|____/ 
                                                                  

TEST STARTED: se requiere realizar una portabilidad prepago
-------------------------------------------------------------------(sanity-limpieza-y-aprovisionamiento-de-recursos;se-requiere-realizar-una-portabilidad-prepago)
14:11:59.470 [Test worker] DEBUG net.thucydides.core.requirements.model.cucumber.CucumberParser - Found no Cucumber 4.2.6 class cucumber.runtime.model.FeatureLoader try Cucumber 4.2.0 
14:11:59.470 [Test worker] DEBUG net.thucydides.core.requirements.model.cucumber.CucumberParser - Found no Cucumber 4.2.0 class cucumber.runtime.model.FeatureLoader try Cucumber 2.x.x 
14:14:20.509 [Test worker] DEBUG net.thucydides.core.reports.ReportService - Reporting formats: [JSON, HTML]
14:14:20.572 [Test worker] DEBUG net.thucydides.core.reports.ReportService - Reporting formats: [JSON, HTML]
14:14:20.579 [Test worker] DEBUG net.thucydides.core.reports.ReportService - Generating reports for 1 test outcomes using: net.thucydides.core.reports.json.JSONTestOutcomeReporter@50230172
14:14:20.580 [pool-1-thread-1] DEBUG net.thucydides.core.reports.ReportService - Processing test outcome Sanity limpieza y aprovisionamiento de recursos:se requiere realizar una portabilidad prepago
14:14:20.580 [pool-1-thread-1] DEBUG net.thucydides.core.reports.ReportService - net.thucydides.core.reports.json.JSONTestOutcomeReporter@50230172: Generating report for test outcome: Sanity limpieza y aprovisionamiento de recursos:se requiere realizar una portabilidad prepago
14:14:20.587 [pool-1-thread-1] DEBUG net.thucydides.core.reports.json.JSONTestOutcomeReporter - Generating JSON report for se requiere realizar una portabilidad prepago to file C:\SanitySemilla2\target\site\serenity\234b4c6decfe3cd61cb4478133e472035a3771dbb7b5c8004bf4fc39fcbd071d.json (using temp file C:\SanitySemilla2\target\site\serenity\234b4c6decfe3cd61cb4478133e472035a3771dbb7b5c8004bf4fc39fcbd071d.jsonc00b1cdb-f3a0-4562-8c5e-7198680c032a)
14:14:20.621 [pool-1-thread-1] DEBUG net.thucydides.core.reports.ReportService - Processing test outcome Sanity limpieza y aprovisionamiento de recursos:se requiere realizar una portabilidad prepago done
14:14:20.621 [Test worker] DEBUG net.thucydides.core.reports.ReportService - Shutting down executor service
14:14:20.622 [Test worker] DEBUG net.thucydides.core.reports.ReportService - Reports generated in: 42 ms
14:14:20.622 [Test worker] DEBUG net.thucydides.core.reports.ReportService - Generating reports for 1 test outcomes using: net.thucydides.core.reports.html.HtmlAcceptanceTestReporter@40dadb1
14:14:20.622 [pool-2-thread-1] DEBUG net.thucydides.core.reports.ReportService - Processing test outcome Sanity limpieza y aprovisionamiento de recursos:se requiere realizar una portabilidad prepago
14:14:20.622 [pool-2-thread-1] DEBUG net.thucydides.core.reports.ReportService - net.thucydides.core.reports.html.HtmlAcceptanceTestReporter@40dadb1: Generating report for test outcome: Sanity limpieza y aprovisionamiento de recursos:se requiere realizar una portabilidad prepago
14:14:20.623 [pool-2-thread-1] DEBUG net.thucydides.core.reports.html.HtmlAcceptanceTestReporter - GENERATE TEST OUTCOME REPORT FOR se requiere realizar una portabilidad prepago in 234b4c6decfe3cd61cb4478133e472035a3771dbb7b5c8004bf4fc39fcbd071d
14:14:20.643 [pool-2-thread-1] DEBUG net.thucydides.core.requirements.model.cucumber.CucumberParser - Found no Cucumber 4.2.6 class cucumber.runtime.model.FeatureLoader try Cucumber 4.2.0 
14:14:20.644 [pool-2-thread-1] DEBUG net.thucydides.core.requirements.model.cucumber.CucumberParser - Found no Cucumber 4.2.0 class cucumber.runtime.model.FeatureLoader try Cucumber 2.x.x 
14:14:20.648 [pool-2-thread-1] DEBUG net.thucydides.core.requirements.RequirementsTagProvider -  found:[Requirement{name='Sanity limpieza y aprovisionamiento de recursos', type='feature' parent = 'null', cardNumber='null'}]
14:14:20.654 [pool-2-thread-1] DEBUG net.thucydides.core.requirements.BaseRequirementsService - Requirement found for test outcome se requiere realizar una portabilidad prepago-[]: Optional[Requirement{name='Sanity limpieza y aprovisionamiento de recursos', type='feature' parent = 'null', cardNumber='null'}]
14:14:20.656 [pool-2-thread-1] DEBUG net.thucydides.core.requirements.BaseRequirementsService - Requirement found for test outcome se requiere realizar una portabilidad prepago-[]: Optional[Requirement{name='Sanity limpieza y aprovisionamiento de recursos', type='feature' parent = 'null', cardNumber='null'}]
14:14:20.799 [pool-2-thread-1] DEBUG net.thucydides.core.requirements.BaseRequirementsService - Requirement found for test outcome se requiere realizar una portabilidad prepago-[]: Optional[Requirement{name='Sanity limpieza y aprovisionamiento de recursos', type='feature' parent = 'null', cardNumber='null'}]
14:14:20.800 [pool-2-thread-1] DEBUG net.thucydides.core.requirements.BaseRequirementsService - Requirement found for test outcome se requiere realizar una portabilidad prepago-[]: Optional[Requirement{name='Sanity limpieza y aprovisionamiento de recursos', type='feature' parent = 'null', cardNumber='null'}]
14:14:20.874 [pool-2-thread-1] DEBUG net.thucydides.core.reports.html.HtmlAcceptanceTestReporter - Generating report in 234b4c6decfe3cd61cb4478133e472035a3771dbb7b5c8004bf4fc39fcbd071d_screenshots.html
14:14:21.202 [pool-2-thread-1] DEBUG net.thucydides.core.reports.html.HtmlAcceptanceTestReporter - Generated report 234b4c6decfe3cd61cb4478133e472035a3771dbb7b5c8004bf4fc39fcbd071d_screenshots.html in 328 ms
14:14:21.203 [pool-2-thread-1] DEBUG net.thucydides.core.reports.html.HtmlAcceptanceTestReporter - GENERATING HTML REPORT FOR Sanity limpieza y aprovisionamiento de recursos:se requiere realizar una portabilidad prepago in 234b4c6decfe3cd61cb4478133e472035a3771dbb7b5c8004bf4fc39fcbd071d.html in directory C:\SanitySemilla2\target\site\serenity  
14:14:21.206 [pool-2-thread-1] DEBUG net.thucydides.core.reports.html.HtmlAcceptanceTestReporter - Generating report in 234b4c6decfe3cd61cb4478133e472035a3771dbb7b5c8004bf4fc39fcbd071d.html
14:14:21.358 [pool-2-thread-1] DEBUG net.thucydides.core.reports.html.HtmlAcceptanceTestReporter - Generated report 234b4c6decfe3cd61cb4478133e472035a3771dbb7b5c8004bf4fc39fcbd071d.html in 152 ms
14:14:21.359 [pool-2-thread-1] DEBUG net.thucydides.core.reports.ReportService - Processing test outcome Sanity limpieza y aprovisionamiento de recursos:se requiere realizar una portabilidad prepago done
14:14:21.359 [Test worker] DEBUG net.thucydides.core.reports.ReportService - Shutting down executor service
14:14:21.359 [Test worker] DEBUG net.thucydides.core.reports.ReportService - Reports generated in: 737 ms
14:14:21.457 [Test worker] DEBUG net.serenitybdd.core.photography.Darkroom - Closing darkroom
14:14:21.457 [Darkroom Processing Line] DEBUG net.serenitybdd.core.photography.DarkroomProcessingLine - Darkroom processing line shutting down

?[31mFailed scenarios:?[0m
?[31msrc/test/resources/features/execute.feature:92 ?[0m# se requiere realizar una portabilidad prepago

1 Scenarios (?[31m1 failed?[0m)
8 Steps (?[31m1 failed?[0m, ?[32m7 passed?[0m)
2m21,268s

org.openqa.selenium.NoSuchElementException: Unable to locate element: #j_id135\:j_id161
For documentation on this error, please visit: https://www.seleniumhq.org/exceptions/no_such_element.html
Build info: version: '3.141.59', revision: 'e82be7d358', time: '2018-11-14T08:17:03'
System info: host: '22LAP5CD1195R94', ip: '192.168.0.10', os.name: 'Windows 10', os.arch: 'amd64', os.version: '10.0', java.version: '1.8.0_301'
Driver info: org.openqa.selenium.firefox.FirefoxDriver
Capabilities {acceptInsecureCerts: true, browserName: firefox, browserVersion: 72.0.2, javascriptEnabled: true, moz:accessibilityChecks: false, moz:buildID: 20200117190643, moz:geckodriverVersion: 0.29.0, moz:headless: false, moz:processID: 25524, moz:profile: C:\Users\ProjectSupport\App..., moz:shutdownTimeout: 60000, moz:useNonSpecCompliantPointerOrigin: false, moz:webdriverClick: true, pageLoadStrategy: normal, platform: WINDOWS, platformName: WINDOWS, platformVersion: 10.0, rotatable: false, setWindowRect: true, strictFileInteractability: false, timeouts: {implicit: 0, pageLoad: 300000, script: 30000}, unhandledPromptBehavior: dismiss and notify}
Session ID: b47a4f9f-5efe-44db-94ca-c631ec7e2173
*** Element info: {Using=id, value=j_id135:j_id161}
	at sun.reflect.NativeConstructorAccessorImpl.newInstance0(Native Method)
	at sun.reflect.NativeConstructorAccessorImpl.newInstance(NativeConstructorAccessorImpl.java:62)
	at sun.reflect.DelegatingConstructorAccessorImpl.newInstance(DelegatingConstructorAccessorImpl.java:45)
	at java.lang.reflect.Constructor.newInstance(Constructor.java:423)
	at org.openqa.selenium.remote.http.W3CHttpResponseCodec.createException(W3CHttpResponseCodec.java:187)
	at org.openqa.selenium.remote.http.W3CHttpResponseCodec.decode(W3CHttpResponseCodec.java:122)
	at org.openqa.selenium.remote.http.W3CHttpResponseCodec.decode(W3CHttpResponseCodec.java:49)
	at org.openqa.selenium.remote.HttpCommandExecutor.execute(HttpCommandExecutor.java:158)
	at org.openqa.selenium.remote.service.DriverCommandExecutor.execute(DriverCommandExecutor.java:83)
	at org.openqa.selenium.remote.RemoteWebDriver.execute(RemoteWebDriver.java:552)
	at org.openqa.selenium.remote.RemoteWebDriver.findElement(RemoteWebDriver.java:323)
	at org.openqa.selenium.remote.RemoteWebDriver.findElementById(RemoteWebDriver.java:372)
	at org.openqa.selenium.By$ById.findElement(By.java:188)
	at org.openqa.selenium.remote.RemoteWebDriver.findElement(RemoteWebDriver.java:315)
	at net.thucydides.core.webdriver.WebDriverFacade.findElement(WebDriverFacade.java:222)
	at com.indra.actions.PortabilityPrepaidActions.consultSingleScreen2(PortabilityPrepaidActions.java:436)
	at com.indra.actions.PortabilityPrepaidActions.validateLineTemporal1(PortabilityPrepaidActions.java:418)
	at com.indra.steps_definitions.SanitySteps.seDeberiaVerEnPantallaUnicaLaLineaEnEstadoActivadoLaLineaPrepagoPortada(SanitySteps.java:311)
	at ?.Se deberia ver en pantalla unica la linea en estado activado la linea prepago portada(src/test/resources/features/execute.feature:100)

]]></system-out>
  <system-err><![CDATA[]]></system-err>
</testsuite>
