<?xml version="1.0" encoding="UTF-8"?>
<testsuite name="Sanity limpieza y aprovisionamiento de recursos" tests="12" skipped="0" failures="3" errors="0" timestamp="2022-05-19T22:28:33" hostname="22LAP5CD1195RQX" time="855.847">
  <properties/>
  <testcase name="se quiere ingresar a la plataforma epos" classname="Sanity limpieza y aprovisionamiento de recursos" time="75.525"/>
  <testcase name="realizar el cargue de inventario" classname="Sanity limpieza y aprovisionamiento de recursos" time="39.45"/>
  <testcase name="realizar la confirmacion de inventario" classname="Sanity limpieza y aprovisionamiento de recursos" time="21.115"/>
  <testcase name="se requiere realizar una activacion prepago" classname="Sanity limpieza y aprovisionamiento de recursos" time="95.835"/>
  <testcase name="se requiere realizar una activacion nintendo" classname="Sanity limpieza y aprovisionamiento de recursos" time="111.396"/>
  <testcase name="se requiere realizar una cesion de contrato de pre a pos" classname="Sanity limpieza y aprovisionamiento de recursos" time="63.528"/>
  <testcase name="se requiere realizar una cesion de contrato de pos a pre" classname="Sanity limpieza y aprovisionamiento de recursos" time="64.873"/>
  <testcase name="se requiere realizar una activacion avanger" classname="Sanity limpieza y aprovisionamiento de recursos" time="113.408">
    <failure message="java.lang.AssertionError: el plan es pospago&#10;Expected: a string containing &quot;Pospago &quot;&#10;     but: was &quot;188145974&quot;" type="java.lang.AssertionError">java.lang.AssertionError: el plan es pospago
Expected: a string containing &quot;Pospago &quot;
     but: was &quot;188145974&quot;
	at org.hamcrest.MatcherAssert.assertThat(MatcherAssert.java:20)
	at com.indra.actions.AvangerActivationActions.consultSingleScreen(AvangerActivationActions.java:116)
	at com.indra.steps_definitions.SanitySteps.seDeberiaVerEnPantallaUnicaLaLineaActivaAvanger(SanitySteps.java:175)
	at ✽.Se deberia ver en pantalla unica la linea activa avanger(src/test/resources/features/execute.feature:53)
</failure>
  </testcase>
  <testcase name="se requiere realizar un cambio de plan pos a pre" classname="Sanity limpieza y aprovisionamiento de recursos" time="60.465">
    <failure message="java.lang.AssertionError: el plan es prepago&#10;Expected: a string containing &quot;Plan Tigo Prepago&quot;&#10;     but: was &quot;Pospago 5.3 Empresarial&quot;" type="java.lang.AssertionError">java.lang.AssertionError: el plan es prepago
Expected: a string containing &quot;Plan Tigo Prepago&quot;
     but: was &quot;Pospago 5.3 Empresarial&quot;
	at org.hamcrest.MatcherAssert.assertThat(MatcherAssert.java:20)
	at com.indra.actions.PrepaidActivationActions.consultSingleScreen(PrepaidActivationActions.java:104)
	at com.indra.steps_definitions.SanitySteps.seDeberiaVerEnPantallaUnicaLaLineaEnPlanPos(SanitySteps.java:188)
	at ✽.Se deberia ver en pantalla unica la linea en plan pos(src/test/resources/features/execute.feature:59)
</failure>
  </testcase>
  <testcase name="se requiere realizar un cambio de plan pre a pos" classname="Sanity limpieza y aprovisionamiento de recursos" time="85.18">
    <failure message="org.openqa.selenium.ElementClickInterceptedException: Element &lt;input name=&quot;PlanschangeForm:j_id230&quot; type=&quot;submit&quot;&gt; is not clickable at point (722,185) because another element &lt;div id=&quot;ajaxLoadingModalBoxDiv&quot; class=&quot;rich-mpnl-mask-div-opaque rich-mpnl-mask-div&quot;&gt; obscures it&#10;Build info: version: '3.141.59', revision: 'e82be7d358', time: '2018-11-14T08:17:03'&#10;System info: host: '22LAP5CD1195RQX', ip: '192.168.10.17', os.name: 'Windows 10', os.arch: 'amd64', os.version: '10.0', java.version: '1.8.0_291'&#10;Driver info: org.openqa.selenium.firefox.FirefoxDriver&#10;Capabilities {acceptInsecureCerts: true, browserName: firefox, browserVersion: 72.0.2, javascriptEnabled: true, moz:accessibilityChecks: false, moz:buildID: 20200117190643, moz:geckodriverVersion: 0.29.0, moz:headless: false, moz:processID: 4148, moz:profile: C:\Users\nriosa\AppData\Loc..., moz:shutdownTimeout: 60000, moz:useNonSpecCompliantPointerOrigin: false, moz:webdriverClick: true, pageLoadStrategy: normal, platform: WINDOWS, platformName: WINDOWS, platformVersion: 10.0, rotatable: false, setWindowRect: true, strictFileInteractability: false, timeouts: {implicit: 0, pageLoad: 300000, script: 30000}, unhandledPromptBehavior: dismiss and notify}&#10;Session ID: 0caed012-2424-473a-8136-6a5cb019c1df" type="org.openqa.selenium.ElementClickInterceptedException">org.openqa.selenium.ElementClickInterceptedException: Element &lt;input name=&quot;PlanschangeForm:j_id230&quot; type=&quot;submit&quot;&gt; is not clickable at point (722,185) because another element &lt;div id=&quot;ajaxLoadingModalBoxDiv&quot; class=&quot;rich-mpnl-mask-div-opaque rich-mpnl-mask-div&quot;&gt; obscures it
Build info: version: '3.141.59', revision: 'e82be7d358', time: '2018-11-14T08:17:03'
System info: host: '22LAP5CD1195RQX', ip: '192.168.10.17', os.name: 'Windows 10', os.arch: 'amd64', os.version: '10.0', java.version: '1.8.0_291'
Driver info: org.openqa.selenium.firefox.FirefoxDriver
Capabilities {acceptInsecureCerts: true, browserName: firefox, browserVersion: 72.0.2, javascriptEnabled: true, moz:accessibilityChecks: false, moz:buildID: 20200117190643, moz:geckodriverVersion: 0.29.0, moz:headless: false, moz:processID: 4148, moz:profile: C:\Users\nriosa\AppData\Loc..., moz:shutdownTimeout: 60000, moz:useNonSpecCompliantPointerOrigin: false, moz:webdriverClick: true, pageLoadStrategy: normal, platform: WINDOWS, platformName: WINDOWS, platformVersion: 10.0, rotatable: false, setWindowRect: true, strictFileInteractability: false, timeouts: {implicit: 0, pageLoad: 300000, script: 30000}, unhandledPromptBehavior: dismiss and notify}
Session ID: 0caed012-2424-473a-8136-6a5cb019c1df
	at sun.reflect.NativeConstructorAccessorImpl.newInstance0(Native Method)
	at sun.reflect.NativeConstructorAccessorImpl.newInstance(NativeConstructorAccessorImpl.java:62)
	at sun.reflect.DelegatingConstructorAccessorImpl.newInstance(DelegatingConstructorAccessorImpl.java:45)
	at java.lang.reflect.Constructor.newInstance(Constructor.java:423)
	at org.openqa.selenium.remote.http.W3CHttpResponseCodec.createException(W3CHttpResponseCodec.java:187)
	at org.openqa.selenium.remote.http.W3CHttpResponseCodec.decode(W3CHttpResponseCodec.java:122)
	at org.openqa.selenium.remote.http.W3CHttpResponseCodec.decode(W3CHttpResponseCodec.java:49)
	at org.openqa.selenium.remote.HttpCommandExecutor.execute(HttpCommandExecutor.java:158)
	at org.openqa.selenium.remote.service.DriverCommandExecutor.execute(DriverCommandExecutor.java:83)
	at org.openqa.selenium.remote.RemoteWebDriver.execute(RemoteWebDriver.java:552)
	at org.openqa.selenium.remote.RemoteWebElement.execute(RemoteWebElement.java:285)
	at org.openqa.selenium.remote.RemoteWebElement.click(RemoteWebElement.java:84)
	at net.serenitybdd.core.pages.WebElementFacadeImpl.click(WebElementFacadeImpl.java:1231)
	at sun.reflect.GeneratedMethodAccessor69.invoke(Unknown Source)
	at sun.reflect.DelegatingMethodAccessorImpl.invoke(DelegatingMethodAccessorImpl.java:43)
	at java.lang.reflect.Method.invoke(Method.java:498)
	at net.thucydides.core.annotations.locators.AbstractSingleItemHandler.invoke(AbstractSingleItemHandler.java:45)
	at com.sun.proxy.$Proxy27.click(Unknown Source)
	at com.indra.actions.CambioPrePosActions.executeContractAssignment(CambioPrePosActions.java:32)
	at com.indra.steps_definitions.SanitySteps.seHaceElCambioPlanDePreAPos(SanitySteps.java:196)
	at ✽.Se hace el cambio plan de pre a pos(src/test/resources/features/execute.feature:64)
</failure>
  </testcase>
  <testcase name="se requiere realizar la suspension de una linea" classname="Sanity limpieza y aprovisionamiento de recursos" time="76.662"/>
  <testcase name="se requiere realizar la reconexion de una linea" classname="Sanity limpieza y aprovisionamiento de recursos" time="48.324"/>
  <system-out><![CDATA[17:28:37.237 [Test worker] DEBUG org.apache.http.impl.conn.BasicClientConnectionManager - Get connection for route {}->http://10.65.45.12:9001
17:28:37.253 [Test worker] DEBUG org.apache.http.impl.conn.DefaultClientConnectionOperator - Connecting to 10.65.45.12:9001
17:28:37.337 [Test worker] DEBUG org.apache.http.client.protocol.RequestAddCookies - CookieSpec selected: ignoreCookies
17:28:37.339 [Test worker] DEBUG org.apache.http.client.protocol.RequestAuthCache - Auth cache not set in the context
17:28:37.339 [Test worker] DEBUG org.apache.http.client.protocol.RequestTargetAuthentication - Target auth state: UNCHALLENGED
17:28:37.340 [Test worker] DEBUG org.apache.http.client.protocol.RequestProxyAuthentication - Proxy auth state: UNCHALLENGED
17:28:37.340 [Test worker] DEBUG org.apache.http.impl.client.DefaultHttpClient - Attempt 1 to execute request
17:28:37.340 [Test worker] DEBUG org.apache.http.impl.conn.DefaultClientConnection - Sending request: POST /gatewaycbs/BcServicesInt HTTP/1.1
17:28:37.341 [Test worker] DEBUG org.apache.http.wire -  >> "POST /gatewaycbs/BcServicesInt HTTP/1.1[\r][\n]"
17:28:37.342 [Test worker] DEBUG org.apache.http.wire -  >> "Accept: */*[\r][\n]"
17:28:37.342 [Test worker] DEBUG org.apache.http.wire -  >> "Content-Type: text/xml;charset=UTF-8[\r][\n]"
17:28:37.343 [Test worker] DEBUG org.apache.http.wire -  >> "Content-Length: 748[\r][\n]"
17:28:37.343 [Test worker] DEBUG org.apache.http.wire -  >> "Host: 10.65.45.12:9001[\r][\n]"
17:28:37.343 [Test worker] DEBUG org.apache.http.wire -  >> "Connection: Keep-Alive[\r][\n]"
17:28:37.343 [Test worker] DEBUG org.apache.http.wire -  >> "User-Agent: Apache-HttpClient/4.5.9 (Java/1.8.0_291)[\r][\n]"
17:28:37.343 [Test worker] DEBUG org.apache.http.wire -  >> "Accept-Encoding: gzip,deflate[\r][\n]"
17:28:37.343 [Test worker] DEBUG org.apache.http.wire -  >> "[\r][\n]"
17:28:37.343 [Test worker] DEBUG org.apache.http.headers - >> POST /gatewaycbs/BcServicesInt HTTP/1.1
17:28:37.343 [Test worker] DEBUG org.apache.http.headers - >> Accept: */*
17:28:37.343 [Test worker] DEBUG org.apache.http.headers - >> Content-Type: text/xml;charset=UTF-8
17:28:37.343 [Test worker] DEBUG org.apache.http.headers - >> Content-Length: 748
17:28:37.343 [Test worker] DEBUG org.apache.http.headers - >> Host: 10.65.45.12:9001
17:28:37.343 [Test worker] DEBUG org.apache.http.headers - >> Connection: Keep-Alive
17:28:37.343 [Test worker] DEBUG org.apache.http.headers - >> User-Agent: Apache-HttpClient/4.5.9 (Java/1.8.0_291)
17:28:37.343 [Test worker] DEBUG org.apache.http.headers - >> Accept-Encoding: gzip,deflate
17:28:37.345 [Test worker] DEBUG org.apache.http.wire -  >> "<soapenv:Envelope xmlns:bcc="http://www.huawei.com/bme/cbsinterface/bccommon" xmlns:bcs="http://www.huawei.com/bme/cbsinterface/bcservices" xmlns:ws="http://ws.web.gatewaycbs.tigo.com.co/" xmlns:soapenv="http://schemas.xmlsoap.org/soap/envelope/">[\n]"
17:28:37.345 [Test worker] DEBUG org.apache.http.wire -  >> "   <soapenv:Header/>[\n]"
17:28:37.345 [Test worker] DEBUG org.apache.http.wire -  >> "   <soapenv:Body>[\n]"
17:28:37.345 [Test worker] DEBUG org.apache.http.wire -  >> "      <ws:queryCustomerInfo>[\n]"
17:28:37.345 [Test worker] DEBUG org.apache.http.wire -  >> "         <!--Optional:-->[\n]"
17:28:37.345 [Test worker] DEBUG org.apache.http.wire -  >> "         <QueryCustomerInfoRequest>[\n]"
17:28:37.345 [Test worker] DEBUG org.apache.http.wire -  >> "            <bcs:QueryObj>[\n]"
17:28:37.345 [Test worker] DEBUG org.apache.http.wire -  >> "               <!--Optional:-->[\n]"
17:28:37.345 [Test worker] DEBUG org.apache.http.wire -  >> "               <bcs:SubAccessCode>[\n]"
17:28:37.345 [Test worker] DEBUG org.apache.http.wire -  >> "                  <!--Optional:-->[\n]"
17:28:37.345 [Test worker] DEBUG org.apache.http.wire -  >> "                  <bcc:PrimaryIdentity>3045981670</bcc:PrimaryIdentity>[\n]"
17:28:37.346 [Test worker] DEBUG org.apache.http.wire -  >> "               </bcs:SubAccessCode>[\n]"
17:28:37.346 [Test worker] DEBUG org.apache.http.wire -  >> "            </bcs:QueryObj>[\n]"
17:28:37.346 [Test worker] DEBUG org.apache.http.wire -  >> "         </QueryCustomerInfoRequest>[\n]"
17:28:37.346 [Test worker] DEBUG org.apache.http.wire -  >> "      </ws:queryCustomerInfo>[\n]"
17:28:37.346 [Test worker] DEBUG org.apache.http.wire -  >> "   </soapenv:Body>[\n]"
17:28:37.346 [Test worker] DEBUG org.apache.http.wire -  >> "</soapenv:Envelope>"
17:28:37.492 [Test worker] DEBUG org.apache.http.wire -  << "HTTP/1.1 200 OK[\r][\n]"
17:28:37.496 [Test worker] DEBUG org.apache.http.wire -  << "Date: Thu, 19 May 2022 22:28:40 GMT[\r][\n]"
17:28:37.496 [Test worker] DEBUG org.apache.http.wire -  << "Transfer-Encoding: chunked[\r][\n]"
17:28:37.497 [Test worker] DEBUG org.apache.http.wire -  << "Content-Type: text/xml; charset=utf-8[\r][\n]"
17:28:37.497 [Test worker] DEBUG org.apache.http.wire -  << "[\r][\n]"
17:28:37.500 [Test worker] DEBUG org.apache.http.impl.conn.DefaultClientConnection - Receiving response: HTTP/1.1 200 OK
17:28:37.500 [Test worker] DEBUG org.apache.http.headers - << HTTP/1.1 200 OK
17:28:37.500 [Test worker] DEBUG org.apache.http.headers - << Date: Thu, 19 May 2022 22:28:40 GMT
17:28:37.500 [Test worker] DEBUG org.apache.http.headers - << Transfer-Encoding: chunked
17:28:37.500 [Test worker] DEBUG org.apache.http.headers - << Content-Type: text/xml; charset=utf-8
17:28:37.510 [Test worker] DEBUG org.apache.http.impl.client.DefaultHttpClient - Connection can be kept alive indefinitely
17:28:37.533 [Test worker] DEBUG io.restassured.internal.RequestSpecificationImpl$RestAssuredHttpBuilder - Parsing response as: text/xml; charset=utf-8
17:28:37.533 [Test worker] DEBUG io.restassured.internal.RequestSpecificationImpl$RestAssuredHttpBuilder - Parsed data to instance of: class org.apache.http.conn.EofSensorInputStream
17:28:37.628 [Test worker] DEBUG org.apache.http.wire -  << "006e[\r][\n]"
17:28:37.628 [Test worker] DEBUG org.apache.http.wire -  << "<?xml version='1.0' encoding='UTF-8'?><S:Envelope xmlns:S="http://schemas.xmlsoap.org/soap/envelope/"><S:Body>"
17:28:37.629 [Test worker] DEBUG org.apache.http.wire -  << "[\r][\n]"
17:28:37.629 [Test worker] DEBUG org.apache.http.wire -  << "0fe8[\r][\n]"
17:28:37.630 [Test worker] DEBUG org.apache.http.wire -  << "<ns4:queryCustomerInfoResponse xmlns:ns2="http://www.huawei.com/bme/cbsinterface/bccommon" xmlns:ns3="http://www.huawei.com/bme/cbsinterface/bcservices" xmlns:ns4="http://ws.web.gatewaycbs.tigo.com.co/" xmlns:ns5="http://www.huawei.com/bme/cbsinterface/cbscommon"><return><ResultHeader><ns5:Version>1</ns5:Version><ns5:ResultCode>0</ns5:ResultCode><ns5:ResultDesc>Operation successfully.</ns5:ResultDesc></ResultHeader><QueryCustomerInfoResult><ns3:Customer><ns3:CustKey>CTA00000257504</ns3:CustKey><ns3:CustInfo><ns2:CustType>1</ns2:CustType><ns2:CustNodeType>1</ns2:CustNodeType><ns2:CustClass>1</ns2:CustClass><ns2:CustCode>CBS100090000000353665</ns2:CustCode><ns2:CustBasicInfo><ns2:DFTWrittenLang>2002</ns2:DFTWrittenLang><ns2:DFTIVRLang>2002</ns2:DFTIVRLang><ns2:DunningFlag>1</ns2:DunningFlag><ns2:CustProperty><ns2:Code>C_Extend_Cust_Int_Attr8</ns2:Code><ns2:Value></ns2:Value></ns2:CustProperty><ns2:CustProperty><ns2:Code>C_CUSTOMER_TAX_RATE</ns2:Code><ns2:Value></ns2:Value></ns2:CustProperty><ns2:CustProperty><ns2:Code>C_Extend_Cust_Int_Attr9</ns2:Code><ns2:Value></ns2:Value></ns2:CustProperty><ns2:CustProperty><ns2:Code>C_CUST_BANKRUPTCY</ns2:Code><ns2:Value>N</ns2:Value></ns2:CustProperty><ns2:CustProperty><ns2:Code>C_Extend_Cust_Int_Attr10</ns2:Code><ns2:Value></ns2:Value></ns2:CustProperty><ns2:CustProperty><ns2:Code>C_Extend_Cust_Int_Attr4</ns2:Code><ns2:Value></ns2:Value></ns2:CustProperty><ns2:CustProperty><ns2:Code>C_Extend_Cust_Int_Attr5</ns2:Code><ns2:Value></ns2:Value></ns2:CustProperty><ns2:CustProperty><ns2:Code>C_Extend_Cust_Int_Attr6</ns2:Code><ns2:Value></ns2:Value></ns2:CustProperty><ns2:CustProperty><ns2:Code>C_Extend_Cust_Int_Attr7</ns2:Code><ns2:Value></ns2:Value></ns2:CustProperty><ns2:CustProperty><ns2:Code>C_LEGAL_CATEGORY</ns2:Code><ns2:Value></ns2:Value></ns2:CustProperty><ns2:CustProperty><ns2:Code>C_CONTRACT_ID</ns2:Code><ns2:Value></ns2:Value></ns2:CustProperty><ns2:CustProperty><ns2:Code>C_Extend_Cust_Int_Attr1</ns2:Code><ns2:Value></ns2:Value></ns2:CustProperty><ns2:CustProperty><ns2:Code>C_Extend_Cust_Int_Attr2</ns2:Code><ns2:Value></ns2:Value></ns2:CustProperty><ns2:CustProperty><ns2:Code>C_NEW_IC</ns2:Code><ns2:Value></ns2:Value></ns2:CustProperty><ns2:CustProperty><ns2:Code>C_Extend_Cust_Int_Attr3</ns2:Code><ns2:Value></ns2:Value></ns2:CustProperty><ns2:CustProperty><ns2:Code>C_REG_FLAG</ns2:Code><ns2:Value>N</ns2:Value></ns2:CustProperty><ns2:CustProperty><ns2:Code>C_NRC</ns2:Code><ns2:Value></ns2:Value></ns2:CustProperty><ns2:CustProperty><ns2:Code>C_CUST_CATEGORY</ns2:Code><ns2:Value></ns2:Value></ns2:CustProperty><ns2:CustProperty><ns2:Code>C_CUST_SALT</ns2:Code><ns2:Value>1E98A619C5CB4230</ns2:Value></ns2:CustProperty><ns2:CustProperty><ns2:Code>C_EXTERNAL_CUST_ID</ns2:Code><ns2:Value></ns2:Value></ns2:CustProperty><ns2:CustProperty><ns2:Code>C_FRAUD_FLAG</ns2:Code><ns2:Value>N</ns2:Value></ns2:CustProperty><ns2:CustProperty><ns2:Code>C_CUST_MEDIA_FLAG</ns2:Code><ns2:Value>N</ns2:Value></ns2:CustProperty><ns2:CustProperty><ns2:Code>C_TAX_PAYER_IDENTIFICATION_NO</ns2:Code><ns2:Value></ns2:Value></ns2:CustProperty><ns2:CustProperty><ns2:Code>C_CUST_DECEASED</ns2:Code><ns2:Value>N</ns2:Value></ns2:CustProperty><ns2:CustProperty><ns2:Code>C_EVENING_PHONE</ns2:Code><ns2:Value></ns2:Value></ns2:CustProperty><ns2:CustProperty><ns2:Code>C_Extend_Cust_Str_Attr5</ns2:Code><ns2:Value></ns2:Value></ns2:CustProperty><ns2:CustProperty><ns2:Code>C_Extend_Cust_Str_Attr4</ns2:Code><ns2:Value></ns2:Value></ns2:CustProperty><ns2:CustProperty><ns2:Code>C_Extend_Cust_Str_Attr3</ns2:Code><ns2:Value></ns2:Value></ns2:CustProperty><ns2:CustProperty><ns2:Code>C_Extend_Cust_Str_Attr2</ns2:Code><ns2:Value></ns2:Value></ns2:CustProperty><ns2:CustProperty><ns2:Code>C_DAYTIME_PHONE</ns2:Code><ns2:Value></ns2:Value></ns2:CustProperty><ns2:CustProperty><ns2:Code>C_Extend_Cust_Str_Attr9</ns2:Code><ns2:Value></ns2:Value></ns2:CustProperty><ns2:CustProperty><ns2:Code>C_Extend_Cust_Str_Attr8</ns2:Code><ns2:Value></ns2:Value></ns2:CustProperty><ns2:CustProperty><ns2:Code>C_CUST_MARKETING_CONSENT</n"
17:28:37.630 [Test worker] DEBUG org.apache.http.wire -  << "[\r][\n]"
17:28:37.630 [Test worker] DEBUG org.apache.http.wire -  << "0fe8[\r][\n]"
17:28:37.631 [Test worker] DEBUG org.apache.http.wire -  << "s2:Code><ns2:Value>N</ns2:Value></ns2:CustProperty><ns2:CustProperty><ns2:Code>C_Extend_Cust_Str_Attr7</ns2:Code><ns2:Value></ns2:Value></ns2:CustProperty><ns2:CustProperty><ns2:Code>C_Extend_Cust_Str_Attr6</ns2:Code><ns2:Value></ns2:Value></ns2:CustProperty><ns2:CustProperty><ns2:Code>C_OLD_IC</ns2:Code><ns2:Value></ns2:Value></ns2:CustProperty><ns2:CustProperty><ns2:Code>C_Extend_Cust_Str_Attr1</ns2:Code><ns2:Value></ns2:Value></ns2:CustProperty><ns2:CustProperty><ns2:Code>C_Extend_Cust_Str_Attr10</ns2:Code><ns2:Value></ns2:Value></ns2:CustProperty><ns2:CustProperty><ns2:Code>C_CUST_BILLSUM</ns2:Code><ns2:Value>0</ns2:Value></ns2:CustProperty><ns2:CustProperty><ns2:Code>C_CORP_CUST_SEGMENT</ns2:Code><ns2:Value></ns2:Value></ns2:CustProperty><ns2:CustProperty><ns2:Code>C_ACCESSIBILITY_FLAG</ns2:Code><ns2:Value></ns2:Value></ns2:CustProperty><ns2:CustProperty><ns2:Code>C_CUST_BelToAreaID</ns2:Code><ns2:Value>101</ns2:Value></ns2:CustProperty><ns2:CustProperty><ns2:Code>C_CUST_ID</ns2:Code><ns2:Value>100090000000353665</ns2:Value></ns2:CustProperty></ns2:CustBasicInfo></ns3:CustInfo><ns3:IndividualInfo><ns2:IDType>6</ns2:IDType><ns2:IDNumber>477140225</ns2:IDNumber><ns2:FirstName>Angela F</ns2:FirstName><ns2:LastName>Anuel Diaz B</ns2:LastName><ns2:HomePhone>3303000</ns2:HomePhone><ns2:Email>pruebaAutomatizadaQA@gmail.com</ns2:Email><ns2:IndividualProperty><ns2:Code>C_MKT_P_STATUS</ns2:Code><ns2:Value>1</ns2:Value></ns2:IndividualProperty></ns3:IndividualInfo></ns3:Customer><ns3:Subscriber><ns3:SubscriberKey>ACT00001819805</ns3:SubscriberKey><ns3:SubscriberInfo><ns2:SubBasicInfo><ns2:WrittenLang>2021</ns2:WrittenLang><ns2:IVRLang>2021</ns2:IVRLang><ns2:DunningFlag>1</ns2:DunningFlag><ns2:SubProperty><ns2:Code>C_WORK_ADDRESS</ns2:Code><ns2:Value></ns2:Value></ns2:SubProperty><ns2:SubProperty><ns2:Code>C_SUB_SMS_ROMING_RIGHT</ns2:Code><ns2:Value>0</ns2:Value></ns2:SubProperty><ns2:SubProperty><ns2:Code>C_LAST_TRANS_EVENT</ns2:Code><ns2:Value>1302</ns2:Value></ns2:SubProperty><ns2:SubProperty><ns2:Code>C_SALES_CHANNEL_ID</ns2:Code><ns2:Value></ns2:Value></ns2:SubProperty><ns2:SubProperty><ns2:Code>C_HANDSET_TYPE</ns2:Code><ns2:Value>-1</ns2:Value></ns2:SubProperty><ns2:SubProperty><ns2:Code>C_SUB_MAX_BALANCE</ns2:Code><ns2:Value>-1</ns2:Value></ns2:SubProperty><ns2:SubProperty><ns2:Code>C_ACCOUNTING_SCENARIO</ns2:Code><ns2:Value></ns2:Value></ns2:SubProperty><ns2:SubProperty><ns2:Code>C_RESUME_DATE</ns2:Code><ns2:Value>19991231190000</ns2:Value></ns2:SubProperty><ns2:SubProperty><ns2:Code>C_SUBID_BEFORE_SUPPLE_PROFILE</ns2:Code><ns2:Value>100040000000353700</ns2:Value></ns2:SubProperty><ns2:SubProperty><ns2:Code>C_BAK_ORG_CHILD_ACCTID</ns2:Code><ns2:Value>0</ns2:Value></ns2:SubProperty><ns2:SubProperty><ns2:Code>C_HANDSET_NETWORK</ns2:Code><ns2:Value></ns2:Value></ns2:SubProperty><ns2:SubProperty><ns2:Code>C_SUB_UNBLOCK</ns2:Code><ns2:Value>0</ns2:Value></ns2:SubProperty><ns2:SubProperty><ns2:Code>C_SUB_LOW_SPENDING_GATE</ns2:Code><ns2:Value>-1</ns2:Value></ns2:SubProperty><ns2:SubProperty><ns2:Code>C_SUB_LOAN_FLAG</ns2:Code><ns2:Value>0</ns2:Value></ns2:SubProperty><ns2:SubProperty><ns2:Code>C_SUB_LASTRECHARGETIME</ns2:Code><ns2:Value>20220519165750</ns2:Value></ns2:SubProperty><ns2:SubProperty><ns2:Code>C_SUB_LASTRGADATE</ns2:Code><ns2:Value>19700101000000</ns2:Value></ns2:SubProperty><ns2:SubProperty><ns2:Code>C_SUB_PORT_IN_FLAG</ns2:Code><ns2:Value>0</ns2:Value></ns2:SubProperty><ns2:SubProperty><ns2:Code>C_SUB_NOTIFICATION_TIMES</ns2:Code><ns2:Value></ns2:Value></ns2:SubProperty><ns2:SubProperty><ns2:Code>C_BLACK_FLAG</ns2:Code><ns2:Value>0</ns2:Value></ns2:SubProperty><ns2:SubProperty><ns2:Code>C_SUB_VOICE_ROAM_RIGHT</ns2:Code><ns2:Value></ns2:Value></ns2:SubProperty><ns2:SubProperty><ns2:Code>C_HYBRID_PAY_TYPE</ns2:Code><ns2:Value>-1</ns2:Value></ns2:SubProperty><ns2:SubProperty><ns2:Code>C_SUB_MAX_VALIDITY</ns2:Code><ns2:Value>365</ns2:Value></ns2:SubProperty><ns2:SubProperty><ns2:Code>C_TEST_EXTEND_DAYS</ns2:C"
17:28:37.631 [Test worker] DEBUG org.apache.http.wire -  << "ode><ns2:Value>0</ns2:Value></ns2:SubProperty><ns2:SubProperty><ns2:Code>C_SUBDISCOU"
17:28:37.631 [Test worker] DEBUG org.apache.http.wire -  << "[\r][\n]"
17:28:37.632 [Test worker] DEBUG org.apache.http.wire -  << "0fe8[\r][\n]"
17:28:37.632 [Test worker] DEBUG org.apache.http.wire -  << "NT</ns2:Code><ns2:Value>O</ns2:Value></ns2:SubProperty><ns2:SubProperty><ns2:Code>C_SUB_LASTZONETYPE</ns2:Code><ns2:Value>00</ns2:Value></ns2:SubProperty><ns2:SubProperty><ns2:Code>C_Extend_Sub_Str_Attr4</ns2:Code><ns2:Value></ns2:Value></ns2:SubProperty><ns2:SubProperty><ns2:Code>C_Extend_Sub_Str_Attr3</ns2:Code><ns2:Value></ns2:Value></ns2:SubProperty><ns2:SubProperty><ns2:Code>C_Extend_Sub_Str_Attr6</ns2:Code><ns2:Value></ns2:Value></ns2:SubProperty><ns2:SubProperty><ns2:Code>C_Extend_Sub_Str_Attr5</ns2:Code><ns2:Value></ns2:Value></ns2:SubProperty><ns2:SubProperty><ns2:Code>C_DAILYRENTNOTIFLAG</ns2:Code><ns2:Value>0</ns2:Value></ns2:SubProperty><ns2:SubProperty><ns2:Code>C_TIGO_ZONE</ns2:Code><ns2:Value></ns2:Value></ns2:SubProperty><ns2:SubProperty><ns2:Code>C_Extend_Sub_Str_Attr2</ns2:Code><ns2:Value></ns2:Value></ns2:SubProperty><ns2:SubProperty><ns2:Code>C_Extend_Sub_Str_Attr1</ns2:Code><ns2:Value></ns2:Value></ns2:SubProperty><ns2:SubProperty><ns2:Code>C_PLACA_INFO</ns2:Code><ns2:Value></ns2:Value></ns2:SubProperty><ns2:SubProperty><ns2:Code>C_Extend_Sub_Int_Attr10</ns2:Code><ns2:Value></ns2:Value></ns2:SubProperty><ns2:SubProperty><ns2:Code>C_HANDSET_OS_TYPE</ns2:Code><ns2:Value></ns2:Value></ns2:SubProperty><ns2:SubProperty><ns2:Code>C_SUB_USER_NAME</ns2:Code><ns2:Value>0</ns2:Value></ns2:SubProperty><ns2:SubProperty><ns2:Code>C_TEST_EXPIRE_TIME</ns2:Code><ns2:Value></ns2:Value></ns2:SubProperty><ns2:SubProperty><ns2:Code>C_TEST_EXHAUST_RULE</ns2:Code><ns2:Value>0</ns2:Value></ns2:SubProperty><ns2:SubProperty><ns2:Code>C_Extend_Sub_Str_Attr8</ns2:Code><ns2:Value></ns2:Value></ns2:SubProperty><ns2:SubProperty><ns2:Code>C_Extend_Sub_Str_Attr7</ns2:Code><ns2:Value></ns2:Value></ns2:SubProperty><ns2:SubProperty><ns2:Code>C_SUB_REGISTERED</ns2:Code><ns2:Value>0</ns2:Value></ns2:SubProperty><ns2:SubProperty><ns2:Code>C_Extend_Sub_Str_Attr9</ns2:Code><ns2:Value></ns2:Value></ns2:SubProperty><ns2:SubProperty><ns2:Code>C_LIFECYCLE</ns2:Code><ns2:Value></ns2:Value></ns2:SubProperty><ns2:SubProperty><ns2:Code>C_VOD_VIDEO_RIGHT</ns2:Code><ns2:Value>0</ns2:Value></ns2:SubProperty><ns2:SubProperty><ns2:Code>C_SUPPLE_PROFILE_TIME</ns2:Code><ns2:Value>20220519165310</ns2:Value></ns2:SubProperty><ns2:SubProperty><ns2:Code>C_LAST_CHARGE_BEGIN_TIME</ns2:Code><ns2:Value></ns2:Value></ns2:SubProperty><ns2:SubProperty><ns2:Code>C_SUB_LOW_BAL_NOTIFY_DATE</ns2:Code><ns2:Value>19991231190000</ns2:Value></ns2:SubProperty><ns2:SubProperty><ns2:Code>C_GPRS_FORBIDDEN_MAIN_BAL</ns2:Code><ns2:Value>1</ns2:Value></ns2:SubProperty><ns2:SubProperty><ns2:Code>C_LAST_DATA_SESINI</ns2:Code><ns2:Value>19700101030000</ns2:Value></ns2:SubProperty><ns2:SubProperty><ns2:Code>C_CONSUMENOTIFYGATE</ns2:Code><ns2:Value></ns2:Value></ns2:SubProperty><ns2:SubProperty><ns2:Code>C_SUB_LOW_BAL_NOTIFY_TIMES</ns2:Code><ns2:Value>0</ns2:Value></ns2:SubProperty><ns2:SubProperty><ns2:Code>C_FIRST_RECHARGE_FLAG</ns2:Code><ns2:Value>0</ns2:Value></ns2:SubProperty><ns2:SubProperty><ns2:Code>C_SUB_PROB</ns2:Code><ns2:Value></ns2:Value></ns2:SubProperty><ns2:SubProperty><ns2:Code>C_SUB_SALT</ns2:Code><ns2:Value>9CE3979057F0CC68</ns2:Value></ns2:SubProperty><ns2:SubProperty><ns2:Code>C_SUB_SERVICEPROVIDER</ns2:Code><ns2:Value></ns2:Value></ns2:SubProperty><ns2:SubProperty><ns2:Code>C_CALL_COST</ns2:Code><ns2:Value>0000</ns2:Value></ns2:SubProperty><ns2:SubProperty><ns2:Code>C_RNW_PRODUCTSET</ns2:Code><ns2:Value>0</ns2:Value></ns2:SubProperty><ns2:SubProperty><ns2:Code>C_Extend_Sub_Str_Attr10</ns2:Code><ns2:Value></ns2:Value></ns2:SubProperty><ns2:SubProperty><ns2:Code>C_SUB_DOMESIC_ROAM_CALL_RIGHT</ns2:Code><ns2:Value>0</ns2:Value></ns2:SubProperty><ns2:SubProperty><ns2:Code>C_LAST_TRANS_DATE_TIME</ns2:Code><ns2:Value>20220519215750</ns2:Value></ns2:SubProperty><ns2:SubProperty><ns2:Code>C_SUBSCRIBER_INFO_3</ns2:Code><ns2:Value></ns2:Value></ns2:SubProperty><ns2:SubProperty><ns2:Code>C_SUBSCRIBER_INFO_2</ns2:Code><ns2:Value></ns2:Value></ns2:SubProperty><ns2:SubProperty><ns2:Code>C_GPRS_ROAM_DATE</ns2:Code><ns2:Value>19700101000000</ns2:Value></ns"
17:28:37.633 [Test worker] DEBUG org.apache.http.wire -  << "[\r][\n]"
17:28:37.633 [Test worker] DEBUG org.apache.http.wire -  << "008b[\r][\n]"
17:28:37.633 [Test worker] DEBUG org.apache.http.wire -  << "2:SubProperty><ns2:SubProperty><ns2:Code>C_SUBSCRIBER_INFO_4</ns2:Code><ns2:Value></ns2:Value></ns2:SubProperty><ns2:SubProperty><ns2:Code>"
17:28:37.633 [Test worker] DEBUG org.apache.http.wire -  << "[\r][\n]"
17:28:37.633 [Test worker] DEBUG org.apache.http.wire -  << "0fe8[\r][\n]"
17:28:37.634 [Test worker] DEBUG org.apache.http.wire -  << "C_STARTTIME_OF_SWITCH_COS</ns2:Code><ns2:Value>-1</ns2:Value></ns2:SubProperty><ns2:SubProperty><ns2:Code>C_SUB_PREBARRING</ns2:Code><ns2:Value>0</ns2:Value></ns2:SubProperty><ns2:SubProperty><ns2:Code>C_DETAIL</ns2:Code><ns2:Value>0</ns2:Value></ns2:SubProperty><ns2:SubProperty><ns2:Code>C_SUBSCRIBER_INFO_1</ns2:Code><ns2:Value></ns2:Value></ns2:SubProperty><ns2:SubProperty><ns2:Code>C_SUB_BARRED_DAYS</ns2:Code><ns2:Value>0</ns2:Value></ns2:SubProperty><ns2:SubProperty><ns2:Code>C_TIGO_CITY</ns2:Code><ns2:Value>*</ns2:Value></ns2:SubProperty><ns2:SubProperty><ns2:Code>C_TECHNOLOGY</ns2:Code><ns2:Value></ns2:Value></ns2:SubProperty><ns2:SubProperty><ns2:Code>C_Extend_Sub_Int_Attr7</ns2:Code><ns2:Value></ns2:Value></ns2:SubProperty><ns2:SubProperty><ns2:Code>C_Extend_Sub_Int_Attr8</ns2:Code><ns2:Value></ns2:Value></ns2:SubProperty><ns2:SubProperty><ns2:Code>C_Extend_Sub_Int_Attr5</ns2:Code><ns2:Value></ns2:Value></ns2:SubProperty><ns2:SubProperty><ns2:Code>C_Extend_Sub_Int_Attr6</ns2:Code><ns2:Value></ns2:Value></ns2:SubProperty><ns2:SubProperty><ns2:Code>C_Extend_Sub_Int_Attr3</ns2:Code><ns2:Value></ns2:Value></ns2:SubProperty><ns2:SubProperty><ns2:Code>C_Extend_Sub_Int_Attr4</ns2:Code><ns2:Value></ns2:Value></ns2:SubProperty><ns2:SubProperty><ns2:Code>C_HANDSET_BRAND</ns2:Code><ns2:Value></ns2:Value></ns2:SubProperty><ns2:SubProperty><ns2:Code>C_Extend_Sub_Int_Attr1</ns2:Code><ns2:Value></ns2:Value></ns2:SubProperty><ns2:SubProperty><ns2:Code>C_SUB_LASTRECHARGEAMT</ns2:Code><ns2:Value>0</ns2:Value></ns2:SubProperty><ns2:SubProperty><ns2:Code>C_Extend_Sub_Int_Attr2</ns2:Code><ns2:Value></ns2:Value></ns2:SubProperty><ns2:SubProperty><ns2:Code>C_SUBCOS_FOR_EIPIN</ns2:Code><ns2:Value>0</ns2:Value></ns2:SubProperty><ns2:SubProperty><ns2:Code>C_Extend_Sub_Int_Attr9</ns2:Code><ns2:Value></ns2:Value></ns2:SubProperty><ns2:SubProperty><ns2:Code>C_SUB_BLACKLIST_CALL_RIGHT</ns2:Code><ns2:Value>0</ns2:Value></ns2:SubProperty><ns2:SubProperty><ns2:Code>C_SUB_MSCC_FEE_AMOUNT</ns2:Code><ns2:Value>0</ns2:Value></ns2:SubProperty><ns2:SubProperty><ns2:Code>C_BACKUP_DAYS</ns2:Code><ns2:Value>0</ns2:Value></ns2:SubProperty><ns2:SubProperty><ns2:Code>C_IS_PRIMARY_SUBSCRIBER</ns2:Code><ns2:Value>1</ns2:Value></ns2:SubProperty><ns2:SubProperty><ns2:Code>C_NODO_INFO</ns2:Code><ns2:Value></ns2:Value></ns2:SubProperty><ns2:SubProperty><ns2:Code>C_SUB_AUTOTOPUP_LOWBALANCE</ns2:Code><ns2:Value>1</ns2:Value></ns2:SubProperty><ns2:SubProperty><ns2:Code>C_FIRST_RECHARGE_DATE</ns2:Code><ns2:Value>20220519165750</ns2:Value></ns2:SubProperty><ns2:SubProperty><ns2:Code>C_SUB_REGISTERED_RETAILER</ns2:Code><ns2:Value>0</ns2:Value></ns2:SubProperty><ns2:SubProperty><ns2:Code>C_IS_GROUP_MEMBER</ns2:Code><ns2:Value>0</ns2:Value></ns2:SubProperty><ns2:SubProperty><ns2:Code>C_SUB_TSMSUBTYPE</ns2:Code><ns2:Value>-1</ns2:Value></ns2:SubProperty><ns2:SubProperty><ns2:Code>C_DTNotification</ns2:Code><ns2:Value>0</ns2:Value></ns2:SubProperty><ns2:SubProperty><ns2:Code>C_SUB_GPRS_ROAM_RIGHT</ns2:Code><ns2:Value>3</ns2:Value></ns2:SubProperty><ns2:SubProperty><ns2:Code>C_SUB_ZONEINFOS</ns2:Code><ns2:Value>0</ns2:Value></ns2:SubProperty><ns2:SubProperty><ns2:Code>C_ETU_STAGE_PERCENT</ns2:Code><ns2:Value>100</ns2:Value></ns2:SubProperty><ns2:SubProperty><ns2:Code>C_SPEC_NUM_RENT_END_TIME</ns2:Code><ns2:Value>20000101030000</ns2:Value></ns2:SubProperty><ns2:SubProperty><ns2:Code>C_ALLOW_OTHCARRIER_CALLS</ns2:Code><ns2:Value>Y</ns2:Value></ns2:SubProperty><ns2:SubProperty><ns2:Code>C_SUB_LOW_BAL_GATE_1</ns2:Code><ns2:Value>-1</ns2:Value></ns2:SubProperty><ns2:SubProperty><ns2:Code>C_SUB_LOW_BAL_GATE_2</ns2:Code><ns2:Value>-1</ns2:Value></ns2:SubProperty><ns2:SubProperty><ns2:Code>C_SUB_LOW_BAL_GATE_3</ns2:Code><ns2:Value>-1</ns2:Value></ns2:SubProperty><ns2:SubProperty><ns2:Code>C_SUB_LOW_BAL_GATE_4</ns2:Code><ns2:Value>-1</ns2:Value></ns2:SubProperty><"
17:28:37.634 [Test worker] DEBUG org.apache.http.wire -  << "ns2:SubProperty><ns2:Code>C_SUB_NOROAM_CALL_RIGHT</ns2:Code><ns2:Value>0</ns2:Value></ns2:SubProperty><ns2:SubProperty><ns2:Code>C_SUB_LOW_BAL_GATE_5</ns2:Code><ns2:Value>-1</ns2:Value></ns2:SubPrope"
17:28:37.634 [Test worker] DEBUG org.apache.http.wire -  << "[\r][\n]"
17:28:37.634 [Test worker] DEBUG org.apache.http.wire -  << "0fe8[\r][\n]"
17:28:37.635 [Test worker] DEBUG org.apache.http.wire -  << "rty><ns2:SubProperty><ns2:Code>C_SUB_LOAN_STATUS</ns2:Code><ns2:Value>0</ns2:Value></ns2:SubProperty><ns2:SubProperty><ns2:Code>C_SUB_AUTOTOPUP_RECURRING</ns2:Code><ns2:Value>1</ns2:Value></ns2:SubProperty><ns2:SubProperty><ns2:Code>C_IOD_FLAG</ns2:Code><ns2:Value>0</ns2:Value></ns2:SubProperty><ns2:SubProperty><ns2:Code>C_ETU_BLACKLIST_DATE</ns2:Code><ns2:Value>0</ns2:Value></ns2:SubProperty><ns2:SubProperty><ns2:Code>C_APP_ACTIVE_USAGE</ns2:Code><ns2:Value>0</ns2:Value></ns2:SubProperty><ns2:SubProperty><ns2:Code>C_SUB_BARRINGCODE</ns2:Code><ns2:Value>99999999999</ns2:Value></ns2:SubProperty><ns2:SubProperty><ns2:Code>C_SUB_REFEREE_IDENTIFER</ns2:Code><ns2:Value></ns2:Value></ns2:SubProperty><ns2:SubProperty><ns2:Code>C_SUB_INTERROAM_CALL_RIGHT</ns2:Code><ns2:Value>0</ns2:Value></ns2:SubProperty><ns2:SubProperty><ns2:Code>C_SUB_ID</ns2:Code><ns2:Value>100090000000353708</ns2:Value></ns2:SubProperty></ns2:SubBasicInfo><ns2:UserCustomerKey>CTA00000257504</ns2:UserCustomerKey><ns2:SubIdentity><ns2:SubIdentityType>1</ns2:SubIdentityType><ns2:SubIdentity>3045981670</ns2:SubIdentity><ns2:PrimaryFlag>1</ns2:PrimaryFlag></ns2:SubIdentity><ns2:SubIdentity><ns2:SubIdentityType>2</ns2:SubIdentityType><ns2:SubIdentity>732111324707276</ns2:SubIdentity><ns2:PrimaryFlag>2</ns2:PrimaryFlag></ns2:SubIdentity><ns2:Brand>110</ns2:Brand><ns2:SubClass>1</ns2:SubClass><ns2:NetworkType>1</ns2:NetworkType><ns2:Status>2</ns2:Status><ns2:ConsumptionLimit><ns2:LimitType>C_CL_USAGE_NOROAM</ns2:LimitType><ns2:UnitType>M</ns2:UnitType><ns2:CurrencyID>1032</ns2:CurrencyID><ns2:LimitValue>0</ns2:LimitValue></ns2:ConsumptionLimit><ns3:StatusDetail>000000000000000000000000</ns3:StatusDetail><ns3:ActivationTime>20220519164942</ns3:ActivationTime><ns3:UserCustomer><ns3:CustKey>CTA00000257504</ns3:CustKey><ns3:CustInfo><ns2:CustType>1</ns2:CustType><ns2:CustNodeType>1</ns2:CustNodeType><ns2:CustClass>1</ns2:CustClass><ns2:CustCode>CBS100090000000353665</ns2:CustCode><ns2:CustBasicInfo><ns2:DFTWrittenLang>2002</ns2:DFTWrittenLang><ns2:DFTIVRLang>2002</ns2:DFTIVRLang><ns2:DunningFlag>1</ns2:DunningFlag><ns2:CustProperty><ns2:Code>C_Extend_Cust_Int_Attr8</ns2:Code><ns2:Value></ns2:Value></ns2:CustProperty><ns2:CustProperty><ns2:Code>C_CUSTOMER_TAX_RATE</ns2:Code><ns2:Value></ns2:Value></ns2:CustProperty><ns2:CustProperty><ns2:Code>C_Extend_Cust_Int_Attr9</ns2:Code><ns2:Value></ns2:Value></ns2:CustProperty><ns2:CustProperty><ns2:Code>C_CUST_BANKRUPTCY</ns2:Code><ns2:Value>N</ns2:Value></ns2:CustProperty><ns2:CustProperty><ns2:Code>C_Extend_Cust_Int_Attr10</ns2:Code><ns2:Value></ns2:Value></ns2:CustProperty><ns2:CustProperty><ns2:Code>C_Extend_Cust_Int_Attr4</ns2:Code><ns2:Value></ns2:Value></ns2:CustProperty><ns2:CustProperty><ns2:Code>C_Extend_Cust_Int_Attr5</ns2:Code><ns2:Value></ns2:Value></ns2:CustProperty><ns2:CustProperty><ns2:Code>C_Extend_Cust_Int_Attr6</ns2:Code><ns2:Value></ns2:Value></ns2:CustProperty><ns2:CustProperty><ns2:Code>C_Extend_Cust_Int_Attr7</ns2:Code><ns2:Value></ns2:Value></ns2:CustProperty><ns2:CustProperty><ns2:Code>C_LEGAL_CATEGORY</ns2:Code><ns2:Value></ns2:Value></ns2:CustProperty><ns2:CustProperty><ns2:Code>C_CONTRACT_ID</ns2:Code><ns2:Value></ns2:Value></ns2:CustProperty><ns2:CustProperty><ns2:Code>C_Extend_Cust_Int_Attr1</ns2:Code><ns2:Value></ns2:Value></ns2:CustProperty><ns2:CustProperty><ns2:Code>C_Extend_Cust_Int_Attr2</ns2:Code><ns2:Value></ns2:Value></ns2:CustProperty><ns2:CustProperty><ns2:Code>C_NEW_IC</ns2:Code><ns2:Value></ns2:Value></ns2:CustProperty><ns2:CustProperty><ns2:Code>C_Extend_Cust_Int_Attr3</ns2:Code><ns2:Value></ns2:Value></ns2:CustProperty><ns2:CustProperty><ns2:Code>C_REG_FLAG</ns2:Code><ns2:Value>N</ns2:Value></ns2:CustProperty><ns2:CustProperty><ns2:Code>C_NRC</ns2:Code><ns2:Value></ns2:Value></ns2:CustProperty><ns2:CustProperty><ns2:Code>C_CUST_CATEGORY</ns2:Code><ns2:Value></ns2:Value></ns2:CustProperty><ns2:CustProperty><ns2:Code>C_CUST_SALT</ns2:Code><ns2:Value>1E98A619C5CB4230</ns2:Value></ns2:CustProperty><ns2:CustProperty><ns2:Code>C_EXTERNAL_CUST_ID</ns2:Code><ns2:Value"
17:28:37.635 [Test worker] DEBUG org.apache.http.wire -  << "[\r][\n]"
17:28:37.635 [Test worker] DEBUG org.apache.http.wire -  << "0fe8[\r][\n]"
17:28:37.635 [Test worker] DEBUG org.apache.http.wire -  << "></ns2:Value></ns2:CustProperty><ns2:CustProperty><ns2:Code>C_FRAUD_FLAG</ns2:Code><ns2:Value>N</ns2:Value></ns2:CustProperty><ns2:CustProperty><ns2:Code>C_CUST_MEDIA_FLAG</ns2:Code><ns2:Value>N</ns2:Value></ns2:CustProperty><ns2:CustProperty><ns2:Code>C_TAX_PAYER_IDENTIFICATION_NO</ns2:Code><ns2:Value></ns2:Value></ns2:CustProperty><ns2:CustProperty><ns2:Code>C_CUST_DECEASED</ns2:Code><ns2:Value>N</ns2:Value></ns2:CustProperty><ns2:CustProperty><ns2:Code>C_EVENING_PHONE</ns2:Code><ns2:Value></ns2:Value></ns2:CustProperty><ns2:CustProperty><ns2:Code>C_Extend_Cust_Str_Attr5</ns2:Code><ns2:Value></ns2:Value></ns2:CustProperty><ns2:CustProperty><ns2:Code>C_Extend_Cust_Str_Attr4</ns2:Code><ns2:Value></ns2:Value></ns2:CustProperty><ns2:CustProperty><ns2:Code>C_Extend_Cust_Str_Attr3</ns2:Code><ns2:Value></ns2:Value></ns2:CustProperty><ns2:CustProperty><ns2:Code>C_Extend_Cust_Str_Attr2</ns2:Code><ns2:Value></ns2:Value></ns2:CustProperty><ns2:CustProperty><ns2:Code>C_DAYTIME_PHONE</ns2:Code><ns2:Value></ns2:Value></ns2:CustProperty><ns2:CustProperty><ns2:Code>C_Extend_Cust_Str_Attr9</ns2:Code><ns2:Value></ns2:Value></ns2:CustProperty><ns2:CustProperty><ns2:Code>C_Extend_Cust_Str_Attr8</ns2:Code><ns2:Value></ns2:Value></ns2:CustProperty><ns2:CustProperty><ns2:Code>C_CUST_MARKETING_CONSENT</ns2:Code><ns2:Value>N</ns2:Value></ns2:CustProperty><ns2:CustProperty><ns2:Code>C_Extend_Cust_Str_Attr7</ns2:Code><ns2:Value></ns2:Value></ns2:CustProperty><ns2:CustProperty><ns2:Code>C_Extend_Cust_Str_Attr6</ns2:Code><ns2:Value></ns2:Value></ns2:CustProperty><ns2:CustProperty><ns2:Code>C_OLD_IC</ns2:Code><ns2:Value></ns2:Value></ns2:CustProperty><ns2:CustProperty><ns2:Code>C_Extend_Cust_Str_Attr1</ns2:Code><ns2:Value></ns2:Value></ns2:CustProperty><ns2:CustProperty><ns2:Code>C_Extend_Cust_Str_Attr10</ns2:Code><ns2:Value></ns2:Value></ns2:CustProperty><ns2:CustProperty><ns2:Code>C_CUST_BILLSUM</ns2:Code><ns2:Value>0</ns2:Value></ns2:CustProperty><ns2:CustProperty><ns2:Code>C_CORP_CUST_SEGMENT</ns2:Code><ns2:Value></ns2:Value></ns2:CustProperty><ns2:CustProperty><ns2:Code>C_ACCESSIBILITY_FLAG</ns2:Code><ns2:Value></ns2:Value></ns2:CustProperty><ns2:CustProperty><ns2:Code>C_CUST_BelToAreaID</ns2:Code><ns2:Value>101</ns2:Value></ns2:CustProperty><ns2:CustProperty><ns2:Code>C_CUST_ID</ns2:Code><ns2:Value>100090000000353665</ns2:Value></ns2:CustProperty></ns2:CustBasicInfo></ns3:CustInfo><ns3:IndividualInfo><ns2:IDType>6</ns2:IDType><ns2:IDNumber>477140225</ns2:IDNumber><ns2:FirstName>Angela F</ns2:FirstName><ns2:LastName>Anuel Diaz B</ns2:LastName><ns2:HomePhone>3303000</ns2:HomePhone><ns2:Email>pruebaAutomatizadaQA@gmail.com</ns2:Email><ns2:IndividualProperty><ns2:Code>C_MKT_P_STATUS</ns2:Code><ns2:Value>1</ns2:Value></ns2:IndividualProperty></ns3:IndividualInfo></ns3:UserCustomer></ns3:SubscriberInfo><ns3:PaymentMode>0</ns3:PaymentMode><ns3:PrimaryOffering><ns2:OfferingKey><ns2:OfferingID>110110367</ns2:OfferingID><ns2:PurchaseSeq>210230</ns2:PurchaseSeq></ns2:OfferingKey><ns2:BundledFlag>S</ns2:BundledFlag><ns2:OfferingClass>I</ns2:OfferingClass><ns2:Status>2</ns2:Status><ns2:ProductInst><ns2:ProductID>1010</ns2:ProductID><ns2:PrimaryFlag>A</ns2:PrimaryFlag><ns2:PackageFlag>A</ns2:PackageFlag><ns2:NetworkType>1</ns2:NetworkType><ns2:ProductType>4</ns2:ProductType></ns2:ProductInst><ns2:ProductInst><ns2:ProductID>1014</ns2:ProductID><ns2:PrimaryFlag>A</ns2:PrimaryFlag><ns2:PackageFlag>A</ns2:PackageFlag><ns2:NetworkType>1</ns2:NetworkType><ns2:ProductType>1</ns2:ProductType></ns2:ProductInst><ns2:ProductInst><ns2:ProductID>1042</ns2:ProductID><ns2:PrimaryFlag>A</ns2:PrimaryFlag><ns2:PackageFlag>A</ns2:PackageFlag><ns2:NetworkType>1</ns2:NetworkType><ns2:ProductType>1</ns2:ProductType></ns2:ProductInst><ns2:ProductInst><ns2:ProductID>1011</ns2:ProductID><ns2:PrimaryFlag>A</ns2:PrimaryFlag><ns2:PackageFlag>A</ns2:PackageFlag><ns2:NetworkType>1</ns2:NetworkType>"
17:28:37.636 [Test worker] DEBUG org.apache.http.wire -  << "<ns2:ProductType>1</ns2:ProductType></ns2:ProductInst><ns2:ProductInst><ns2:ProductID>1822969218</ns2:ProductID><ns2:PrimaryFlag>A</ns2:PrimaryFlag><ns2:PackageFlag>A<"
17:28:37.636 [Test worker] DEBUG org.apache.http.wire -  << "[\r][\n]"
17:28:37.636 [Test worker] DEBUG org.apache.http.wire -  << "006c[\r][\n]"
17:28:37.636 [Test worker] DEBUG org.apache.http.wire -  << "/ns2:PackageFlag><ns2:NetworkType>1</ns2:NetworkType><ns2:ProductType>1</ns2:ProductType></ns2:ProductInst><"
17:28:37.636 [Test worker] DEBUG org.apache.http.wire -  << "[\r][\n]"
17:28:37.636 [Test worker] DEBUG org.apache.http.wire -  << "0fe8[\r][\n]"
17:28:37.637 [Test worker] DEBUG org.apache.http.wire -  << "ns2:ProductInst><ns2:ProductID>1053</ns2:ProductID><ns2:PrimaryFlag>M</ns2:PrimaryFlag><ns2:PackageFlag>A</ns2:PackageFlag><ns2:NetworkType>1</ns2:NetworkType><ns2:ProductType>1</ns2:ProductType></ns2:ProductInst></ns3:PrimaryOffering></ns3:Subscriber><ns3:Account><ns3:AcctKey>PRE-8910004758</ns3:AcctKey><ns3:AcctInfo><ns3:AcctCode>CBS100090000000353709</ns3:AcctCode><ns3:UserCustomerKey>CTA00000257504</ns3:UserCustomerKey><ns3:UserCustomer><ns3:CustKey>CTA00000257504</ns3:CustKey><ns3:CustInfo><ns2:CustType>1</ns2:CustType><ns2:CustNodeType>1</ns2:CustNodeType><ns2:CustClass>1</ns2:CustClass><ns2:CustCode>CBS100090000000353665</ns2:CustCode><ns2:CustBasicInfo><ns2:DFTWrittenLang>2002</ns2:DFTWrittenLang><ns2:DFTIVRLang>2002</ns2:DFTIVRLang><ns2:DunningFlag>1</ns2:DunningFlag><ns2:CustProperty><ns2:Code>C_Extend_Cust_Int_Attr8</ns2:Code><ns2:Value></ns2:Value></ns2:CustProperty><ns2:CustProperty><ns2:Code>C_CUSTOMER_TAX_RATE</ns2:Code><ns2:Value></ns2:Value></ns2:CustProperty><ns2:CustProperty><ns2:Code>C_Extend_Cust_Int_Attr9</ns2:Code><ns2:Value></ns2:Value></ns2:CustProperty><ns2:CustProperty><ns2:Code>C_CUST_BANKRUPTCY</ns2:Code><ns2:Value>N</ns2:Value></ns2:CustProperty><ns2:CustProperty><ns2:Code>C_Extend_Cust_Int_Attr10</ns2:Code><ns2:Value></ns2:Value></ns2:CustProperty><ns2:CustProperty><ns2:Code>C_Extend_Cust_Int_Attr4</ns2:Code><ns2:Value></ns2:Value></ns2:CustProperty><ns2:CustProperty><ns2:Code>C_Extend_Cust_Int_Attr5</ns2:Code><ns2:Value></ns2:Value></ns2:CustProperty><ns2:CustProperty><ns2:Code>C_Extend_Cust_Int_Attr6</ns2:Code><ns2:Value></ns2:Value></ns2:CustProperty><ns2:CustProperty><ns2:Code>C_Extend_Cust_Int_Attr7</ns2:Code><ns2:Value></ns2:Value></ns2:CustProperty><ns2:CustProperty><ns2:Code>C_LEGAL_CATEGORY</ns2:Code><ns2:Value></ns2:Value></ns2:CustProperty><ns2:CustProperty><ns2:Code>C_CONTRACT_ID</ns2:Code><ns2:Value></ns2:Value></ns2:CustProperty><ns2:CustProperty><ns2:Code>C_Extend_Cust_Int_Attr1</ns2:Code><ns2:Value></ns2:Value></ns2:CustProperty><ns2:CustProperty><ns2:Code>C_Extend_Cust_Int_Attr2</ns2:Code><ns2:Value></ns2:Value></ns2:CustProperty><ns2:CustProperty><ns2:Code>C_NEW_IC</ns2:Code><ns2:Value></ns2:Value></ns2:CustProperty><ns2:CustProperty><ns2:Code>C_Extend_Cust_Int_Attr3</ns2:Code><ns2:Value></ns2:Value></ns2:CustProperty><ns2:CustProperty><ns2:Code>C_REG_FLAG</ns2:Code><ns2:Value>N</ns2:Value></ns2:CustProperty><ns2:CustProperty><ns2:Code>C_NRC</ns2:Code><ns2:Value></ns2:Value></ns2:CustProperty><ns2:CustProperty><ns2:Code>C_CUST_CATEGORY</ns2:Code><ns2:Value></ns2:Value></ns2:CustProperty><ns2:CustProperty><ns2:Code>C_CUST_SALT</ns2:Code><ns2:Value>1E98A619C5CB4230</ns2:Value></ns2:CustProperty><ns2:CustProperty><ns2:Code>C_EXTERNAL_CUST_ID</ns2:Code><ns2:Value></ns2:Value></ns2:CustProperty><ns2:CustProperty><ns2:Code>C_FRAUD_FLAG</ns2:Code><ns2:Value>N</ns2:Value></ns2:CustProperty><ns2:CustProperty><ns2:Code>C_CUST_MEDIA_FLAG</ns2:Code><ns2:Value>N</ns2:Value></ns2:CustProperty><ns2:CustProperty><ns2:Code>C_TAX_PAYER_IDENTIFICATION_NO</ns2:Code><ns2:Value></ns2:Value></ns2:CustProperty><ns2:CustProperty><ns2:Code>C_CUST_DECEASED</ns2:Code><ns2:Value>N</ns2:Value></ns2:CustProperty><ns2:CustProperty><ns2:Code>C_EVENING_PHONE</ns2:Code><ns2:Value></ns2:Value></ns2:CustProperty><ns2:CustProperty><ns2:Code>C_Extend_Cust_Str_Attr5</ns2:Code><ns2:Value></ns2:Value></ns2:CustProperty><ns2:CustProperty><ns2:Code>C_Extend_Cust_Str_Attr4</ns2:Code><ns2:Value></ns2:Value></ns2:CustProperty><ns2:CustProperty><ns2:Code>C_Extend_Cust_Str_Attr3</ns2:Code><ns2:Value></ns2:Value></ns2:CustProperty><ns2:CustProperty><ns2:Code>C_Extend_Cust_Str_Attr2</ns2:Code><ns2:Value></ns2:Value></ns2:CustProperty><ns2:CustProperty><ns2:Code>C_DAYTIME_PHONE</ns2:Code><ns2:Value></ns2:Value></ns2:CustProperty><ns2:CustProperty><ns2:Code>C_Extend_Cust_Str_Attr9</ns2:Code><ns2:Value></ns2:Value></ns2:CustProperty><ns2:CustProperty><ns2:Code>C_Extend_Cust_Str_Attr8</ns2:Code><ns2:Value></ns2:Value></ns2:CustProperty><ns2:CustProperty><ns2:Code>C_CUST_MARKETING_CONSENT</ns2:Code><ns2:"
17:28:37.637 [Test worker] DEBUG org.apache.http.wire -  << "[\r][\n]"
17:28:37.637 [Test worker] DEBUG org.apache.http.wire -  << "0fe8[\r][\n]"
17:28:37.638 [Test worker] DEBUG org.apache.http.wire -  << "Value>N</ns2:Value></ns2:CustProperty><ns2:CustProperty><ns2:Code>C_Extend_Cust_Str_Attr7</ns2:Code><ns2:Value></ns2:Value></ns2:CustProperty><ns2:CustProperty><ns2:Code>C_Extend_Cust_Str_Attr6</ns2:Code><ns2:Value></ns2:Value></ns2:CustProperty><ns2:CustProperty><ns2:Code>C_OLD_IC</ns2:Code><ns2:Value></ns2:Value></ns2:CustProperty><ns2:CustProperty><ns2:Code>C_Extend_Cust_Str_Attr1</ns2:Code><ns2:Value></ns2:Value></ns2:CustProperty><ns2:CustProperty><ns2:Code>C_Extend_Cust_Str_Attr10</ns2:Code><ns2:Value></ns2:Value></ns2:CustProperty><ns2:CustProperty><ns2:Code>C_CUST_BILLSUM</ns2:Code><ns2:Value>0</ns2:Value></ns2:CustProperty><ns2:CustProperty><ns2:Code>C_CORP_CUST_SEGMENT</ns2:Code><ns2:Value></ns2:Value></ns2:CustProperty><ns2:CustProperty><ns2:Code>C_ACCESSIBILITY_FLAG</ns2:Code><ns2:Value></ns2:Value></ns2:CustProperty><ns2:CustProperty><ns2:Code>C_CUST_BelToAreaID</ns2:Code><ns2:Value>101</ns2:Value></ns2:CustProperty><ns2:CustProperty><ns2:Code>C_CUST_ID</ns2:Code><ns2:Value>100090000000353665</ns2:Value></ns2:CustProperty></ns2:CustBasicInfo></ns3:CustInfo><ns3:IndividualInfo><ns2:IDType>6</ns2:IDType><ns2:IDNumber>477140225</ns2:IDNumber><ns2:FirstName>Angela F</ns2:FirstName><ns2:LastName>Anuel Diaz B</ns2:LastName><ns2:HomePhone>3303000</ns2:HomePhone><ns2:Email>pruebaAutomatizadaQA@gmail.com</ns2:Email><ns2:IndividualProperty><ns2:Code>C_MKT_P_STATUS</ns2:Code><ns2:Value>1</ns2:Value></ns2:IndividualProperty></ns3:IndividualInfo></ns3:UserCustomer><ns3:RootAcctKey>PRE-8910004758</ns3:RootAcctKey><ns3:AcctBasicInfo><ns2:BillLang>2002</ns2:BillLang><ns2:DunningFlag>1</ns2:DunningFlag><ns2:LateFeeChargeable>N</ns2:LateFeeChargeable><ns2:RedlistFlag>0</ns2:RedlistFlag><ns2:ContactInfo><ns2:FirstName>Angela F</ns2:FirstName><ns2:LastName>Anuel Diaz B</ns2:LastName><ns2:AddressKey>50953d3c10a4a6f2c67326bbd092ff0f</ns2:AddressKey><ns2:HomePhone>3303000</ns2:HomePhone><ns2:MobilePhone>3045981670</ns2:MobilePhone><ns2:Email>pruebaAutomatizadaQA@gmail.com</ns2:Email></ns2:ContactInfo><ns2:AcctProperty><ns2:Code>C_ACCOUNT_INFO_5</ns2:Code><ns2:Value></ns2:Value></ns2:AcctProperty><ns2:AcctProperty><ns2:Code>C_GRP_IND_ACCT</ns2:Code><ns2:Value></ns2:Value></ns2:AcctProperty><ns2:AcctProperty><ns2:Code>C_INIT_BALANCE</ns2:Code><ns2:Value></ns2:Value></ns2:AcctProperty><ns2:AcctProperty><ns2:Code>C_ACCOUNT_INFO_3</ns2:Code><ns2:Value></ns2:Value></ns2:AcctProperty><ns2:AcctProperty><ns2:Code>C_ACCOUNT_INFO_4</ns2:Code><ns2:Value></ns2:Value></ns2:AcctProperty><ns2:AcctProperty><ns2:Code>C_Extend_Acct_Int_Attr1</ns2:Code><ns2:Value></ns2:Value></ns2:AcctProperty><ns2:AcctProperty><ns2:Code>C_Extend_Acct_Int_Attr2</ns2:Code><ns2:Value></ns2:Value></ns2:AcctProperty><ns2:AcctProperty><ns2:Code>C_Extend_Acct_Int_Attr3</ns2:Code><ns2:Value></ns2:Value></ns2:AcctProperty><ns2:AcctProperty><ns2:Code>C_POINT_ACCM_FLAG</ns2:Code><ns2:Value>1</ns2:Value></ns2:AcctProperty><ns2:AcctProperty><ns2:Code>C_RTN</ns2:Code><ns2:Value></ns2:Value></ns2:AcctProperty><ns2:AcctProperty><ns2:Code>C_BILLING_GROUP_NO</ns2:Code><ns2:Value></ns2:Value></ns2:AcctProperty><ns2:AcctProperty><ns2:Code>C_GRACE_PERIOD</ns2:Code><ns2:Value></ns2:Value></ns2:AcctProperty><ns2:AcctProperty><ns2:Code>C_BILL_TYPE</ns2:Code><ns2:Value>T</ns2:Value></ns2:AcctProperty><ns2:AcctProperty><ns2:Code>C_TAX_CORRELATIVE_TYPE</ns2:Code><ns2:Value></ns2:Value></ns2:AcctProperty><ns2:AcctProperty><ns2:Code>C_ACCOUNT_CATEGORY</ns2:Code><ns2:Value>0</ns2:Value></ns2:AcctProperty><ns2:AcctProperty><ns2:Code>C_IS_VPN_ACCT_SUSPEND</ns2:Code><ns2:Value>0</ns2:Value></ns2:AcctProperty><ns2:AcctProperty><ns2:Code>C_BUSINESS_TYPE</ns2:Code><ns2:Value>0</ns2:Value></ns2:AcctProperty><ns2:AcctProperty><ns2:Code>C_Extend_Acct_Int_Attr4</ns2:Code><ns2:Value></ns2:Value></ns2:AcctProperty><ns2:AcctProperty><ns2:"
17:28:37.638 [Test worker] DEBUG org.apache.http.wire -  << "Code>C_Extend_Acct_Int_Attr5</ns2:Code><ns2:Value></ns2:Value></ns2:AcctProperty><ns2:AcctProperty><ns2:Code>C_FRAUD_WRITEOFF_FLAG</ns2:Code><ns2:Value>N</ns2:Value></ns2:AcctProperty><ns2:AcctProperty><ns2:Code>C_Extend_Acct_Int_Attr6</ns2:Code><ns2:"
17:28:37.638 [Test worker] DEBUG org.apache.http.wire -  << "[\r][\n]"
17:28:37.638 [Test worker] DEBUG org.apache.http.wire -  << "0fe8[\r][\n]"
17:28:37.639 [Test worker] DEBUG org.apache.http.wire -  << "Value></ns2:Value></ns2:AcctProperty><ns2:AcctProperty><ns2:Code>C_Extend_Acct_Int_Attr7</ns2:Code><ns2:Value></ns2:Value></ns2:AcctProperty><ns2:AcctProperty><ns2:Code>C_IMG_IDX</ns2:Code><ns2:Value></ns2:Value></ns2:AcctProperty><ns2:AcctProperty><ns2:Code>C_Extend_Acct_Int_Attr8</ns2:Code><ns2:Value></ns2:Value></ns2:AcctProperty><ns2:AcctProperty><ns2:Code>C_ACCOUNT_INFO_1</ns2:Code><ns2:Value></ns2:Value></ns2:AcctProperty><ns2:AcctProperty><ns2:Code>C_MCF_SELECTED</ns2:Code><ns2:Value>1</ns2:Value></ns2:AcctProperty><ns2:AcctProperty><ns2:Code>C_Extend_Acct_Int_Attr9</ns2:Code><ns2:Value></ns2:Value></ns2:AcctProperty><ns2:AcctProperty><ns2:Code>C_VERIFICATION_DIGIT</ns2:Code><ns2:Value></ns2:Value></ns2:AcctProperty><ns2:AcctProperty><ns2:Code>C_ACCOUNT_INFO_2</ns2:Code><ns2:Value></ns2:Value></ns2:AcctProperty><ns2:AcctProperty><ns2:Code>C_PRI_SUB_ID</ns2:Code><ns2:Value></ns2:Value></ns2:AcctProperty><ns2:AcctProperty><ns2:Code>C_DVD_IDX</ns2:Code><ns2:Value>N</ns2:Value></ns2:AcctProperty><ns2:AcctProperty><ns2:Code>C_Extend_Acct_Str_Attr1</ns2:Code><ns2:Value></ns2:Value></ns2:AcctProperty><ns2:AcctProperty><ns2:Code>C_POINT_EXCHANGE_FLAG</ns2:Code><ns2:Value>0</ns2:Value></ns2:AcctProperty><ns2:AcctProperty><ns2:Code>C_ACCT_AUTOPAY_FAILCOUNTER</ns2:Code><ns2:Value>0</ns2:Value></ns2:AcctProperty><ns2:AcctProperty><ns2:Code>C_NIT</ns2:Code><ns2:Value></ns2:Value></ns2:AcctProperty><ns2:AcctProperty><ns2:Code>C_CONTRACT_NUMBER</ns2:Code><ns2:Value></ns2:Value></ns2:AcctProperty><ns2:AcctProperty><ns2:Code>C_PAY_INTIME_DATE</ns2:Code><ns2:Value></ns2:Value></ns2:AcctProperty><ns2:AcctProperty><ns2:Code>C_OVER_DRAFT_FOR_PREPAID</ns2:Code><ns2:Value></ns2:Value></ns2:AcctProperty><ns2:AcctProperty><ns2:Code>C_ACCOUNT_TAX_EXEMPTION</ns2:Code><ns2:Value>0</ns2:Value></ns2:AcctProperty><ns2:AcctProperty><ns2:Code>C_ACCT_BILLFLAG</ns2:Code><ns2:Value>0</ns2:Value></ns2:AcctProperty><ns2:AcctProperty><ns2:Code>C_DUNNING_EXCEPTION_LIST</ns2:Code><ns2:Value>0000</ns2:Value></ns2:AcctProperty><ns2:AcctProperty><ns2:Code>C_MARKETING_CATEGORY</ns2:Code><ns2:Value></ns2:Value></ns2:AcctProperty><ns2:AcctProperty><ns2:Code>C_SOCIETY</ns2:Code><ns2:Value></ns2:Value></ns2:AcctProperty><ns2:AcctProperty><ns2:Code>C_DDI_STATUS</ns2:Code><ns2:Value></ns2:Value></ns2:AcctProperty><ns2:AcctProperty><ns2:Code>C_Extend_Acct_Str_Attr10</ns2:Code><ns2:Value></ns2:Value></ns2:AcctProperty><ns2:AcctProperty><ns2:Code>C_Extend_Acct_Str_Attr9</ns2:Code><ns2:Value></ns2:Value></ns2:AcctProperty><ns2:AcctProperty><ns2:Code>C_ECONOMIC_STRATUM</ns2:Code><ns2:Value></ns2:Value></ns2:AcctProperty><ns2:AcctProperty><ns2:Code>C_Extend_Acct_Str_Attr8</ns2:Code><ns2:Value></ns2:Value></ns2:AcctProperty><ns2:AcctProperty><ns2:Code>C_Extend_Acct_Str_Attr7</ns2:Code><ns2:Value></ns2:Value></ns2:AcctProperty><ns2:AcctProperty><ns2:Code>C_Extend_Acct_Str_Attr6</ns2:Code><ns2:Value></ns2:Value></ns2:AcctProperty><ns2:AcctProperty><ns2:Code>C_Extend_Acct_Str_Attr5</ns2:Code><ns2:Value></ns2:Value></ns2:AcctProperty><ns2:AcctProperty><ns2:Code>C_BILL_CONFIRM</ns2:Code><ns2:Value>N</ns2:Value></ns2:AcctProperty><ns2:AcctProperty><ns2:Code>C_Extend_Acct_Str_Attr4</ns2:Code><ns2:Value></ns2:Value></ns2:AcctProperty><ns2:AcctProperty><ns2:Code>C_Extend_Acct_Str_Attr3</ns2:Code><ns2:Value></ns2:Value></ns2:AcctProperty><ns2:AcctProperty><ns2:Code>C_ACCT_STATUS</ns2:Code><ns2:Value>0</ns2:Value></ns2:AcctProperty><ns2:AcctProperty><ns2:Code>C_Extend_Acct_Str_Attr2</ns2:Code><ns2:Value></ns2:Value></ns2:AcctProperty><ns2:AcctProperty><ns2:Code>C_Extend_Acct_Int_Attr10</ns2:Code><ns2:Value></ns2:Value></ns2:AcctProperty><ns2:AcctProperty><ns2:Code>C_ACCOUNT_RELIABILITY</ns2:Code><ns2:Value></ns2:Value></ns2:AcctProperty><ns2:AcctProperty><ns2:Code>C_COLLECTION_CATEGORY</ns2:Code><ns2:Value></ns2:Value></ns2:AcctProperty><ns2:AcctProperty><ns2:Code>C_CITY</ns2:Code><ns2:Value>11001</ns2:Value></ns2:AcctProperty><ns2:AcctProperty><ns2:Code>C_ACCOUNT_MANDATE_CODE</ns2:Code><ns2:Value></ns2:Value></ns2:AcctProperty><ns2:AcctProperty><ns2:Code>C_"
17:28:37.639 [Test worker] DEBUG org.apache.http.wire -  << "[\r][\n]"
17:28:37.639 [Test worker] DEBUG org.apache.http.wire -  << "0084[\r][\n]"
17:28:37.639 [Test worker] DEBUG org.apache.http.wire -  << "PROVINCE</ns2:Code><ns2:Value>11</ns2:Value></ns2:AcctProperty><ns2:AcctProperty><ns2:Code>C_RFC</ns2:Code><ns2:Value></ns2:Value></"
17:28:37.639 [Test worker] DEBUG org.apache.http.wire -  << "[\r][\n]"
17:28:37.639 [Test worker] DEBUG org.apache.http.wire -  << "0b12[\r][\n]"
17:28:37.640 [Test worker] DEBUG org.apache.http.wire -  << "ns2:AcctProperty><ns2:AcctProperty><ns2:Code>C_CLAIM_FLAG</ns2:Code><ns2:Value>N</ns2:Value></ns2:AcctProperty><ns2:AcctProperty><ns2:Code>C_ROUTEID</ns2:Code><ns2:Value></ns2:Value></ns2:AcctProperty><ns2:AcctProperty><ns2:Code>C_SUC_AUTOPAY_DATE</ns2:Code><ns2:Value></ns2:Value></ns2:AcctProperty><ns2:AcctProperty><ns2:Code>C_POINT_DISTRIBUTE_RATE</ns2:Code><ns2:Value>0</ns2:Value></ns2:AcctProperty><ns2:AcctProperty><ns2:Code>C_ROAM_ACCT_ORDER_SEND</ns2:Code><ns2:Value>0</ns2:Value></ns2:AcctProperty><ns2:AcctProperty><ns2:Code>C_DD_REFERENCE</ns2:Code><ns2:Value></ns2:Value></ns2:AcctProperty><ns2:AcctProperty><ns2:Code>C_TERRITORY</ns2:Code><ns2:Value></ns2:Value></ns2:AcctProperty><ns2:AcctProperty><ns2:Code>C_CHG_ACCT_STATUS</ns2:Code><ns2:Value>0</ns2:Value></ns2:AcctProperty><ns2:AcctProperty><ns2:Code>C_DUE_DATE_TYPE</ns2:Code><ns2:Value></ns2:Value></ns2:AcctProperty><ns2:AcctProperty><ns2:Code>C_CREDIT_RECALCULATION_FLAG</ns2:Code><ns2:Value>N</ns2:Value></ns2:AcctProperty><ns2:AcctProperty><ns2:Code>C_BUSINESS_UNIT</ns2:Code><ns2:Value></ns2:Value></ns2:AcctProperty><ns2:AcctProperty><ns2:Code>C_OTHER_CARRIER</ns2:Code><ns2:Value>0</ns2:Value></ns2:AcctProperty><ns2:AcctProperty><ns2:Code>C_LATEFEE_FLAG</ns2:Code><ns2:Value>N</ns2:Value></ns2:AcctProperty><ns2:AcctProperty><ns2:Code>C_REF_A</ns2:Code><ns2:Value></ns2:Value></ns2:AcctProperty><ns2:AcctProperty><ns2:Code>OverDraftForPrepaid</ns2:Code><ns2:Value>0</ns2:Value></ns2:AcctProperty><ns2:AcctProperty><ns2:Code>C_BILL_DISPATCH_CODE</ns2:Code><ns2:Value></ns2:Value></ns2:AcctProperty><ns2:AcctProperty><ns2:Code>C_REF_B</ns2:Code><ns2:Value></ns2:Value></ns2:AcctProperty><ns2:AcctProperty><ns2:Code>C_ACCTCYCLELENGTH</ns2:Code><ns2:Value>1</ns2:Value></ns2:AcctProperty><ns2:AcctProperty><ns2:Code>C_PRI_SUB_IDENTIFIER</ns2:Code><ns2:Value></ns2:Value></ns2:AcctProperty><ns2:AcctProperty><ns2:Code>C_DCA_NAME</ns2:Code><ns2:Value></ns2:Value></ns2:AcctProperty><ns2:AcctProperty><ns2:Code>C_ACCT_ID</ns2:Code><ns2:Value>100090000000353709</ns2:Value></ns2:AcctProperty></ns3:AcctBasicInfo><ns3:BillCycleType>20</ns3:BillCycleType><ns3:AcctType>1</ns3:AcctType><ns3:PaymentType>0</ns3:PaymentType><ns3:AcctClass>1</ns3:AcctClass><ns3:CurrencyID>1032</ns3:CurrencyID><ns3:AcctPayMethod>1</ns3:AcctPayMethod><ns3:AddressInfo><ns2:AddressKey>50953d3c10a4a6f2c67326bbd092ff0f</ns2:AddressKey><ns2:Address1>Avenida 45# 16- 36 </ns2:Address1><ns2:Address5>BOGOTA</ns2:Address5><ns2:Address6>BOGOTA D.E</ns2:Address6><ns2:Address7>Centro</ns2:Address7><ns2:Address8>Colombia</ns2:Address8></ns3:AddressInfo><ns3:BillCycleOpenDate>20220420000000</ns3:BillCycleOpenDate><ns3:BillCycleEndDate>20220520000000</ns3:BillCycleEndDate></ns3:AcctInfo></ns3:Account></QueryCustomerInfoResult></return></ns4:queryCustomerInfoResponse></S:Body></S:Envelope>"
17:28:37.640 [Test worker] DEBUG org.apache.http.wire -  << "[\r][\n]"
17:28:37.640 [Test worker] DEBUG org.apache.http.wire -  << "0000[\r][\n]"
17:28:37.640 [Test worker] DEBUG org.apache.http.wire -  << "[\r][\n]"
17:28:37.640 [Test worker] DEBUG org.apache.http.impl.conn.BasicClientConnectionManager - Releasing connection org.apache.http.impl.conn.ManagedClientConnectionImpl@70ec4b29
17:28:37.640 [Test worker] DEBUG org.apache.http.impl.conn.BasicClientConnectionManager - Connection can be kept alive indefinitely
17:28:37.656 [Test worker] DEBUG org.apache.http.impl.conn.BasicClientConnectionManager - Get connection for route {}->http://10.65.45.12:9001
17:28:37.656 [Test worker] DEBUG org.apache.http.impl.conn.DefaultClientConnectionOperator - Connecting to 10.65.45.12:9001
17:28:37.708 [Test worker] DEBUG org.apache.http.client.protocol.RequestAddCookies - CookieSpec selected: ignoreCookies
17:28:37.708 [Test worker] DEBUG org.apache.http.client.protocol.RequestAuthCache - Auth cache not set in the context
17:28:37.708 [Test worker] DEBUG org.apache.http.client.protocol.RequestTargetAuthentication - Target auth state: UNCHALLENGED
17:28:37.708 [Test worker] DEBUG org.apache.http.client.protocol.RequestProxyAuthentication - Proxy auth state: UNCHALLENGED
17:28:37.708 [Test worker] DEBUG org.apache.http.impl.client.DefaultHttpClient - Attempt 1 to execute request
17:28:37.708 [Test worker] DEBUG org.apache.http.impl.conn.DefaultClientConnection - Sending request: POST /gatewaymgint/GatewayMGWSInt HTTP/1.1
17:28:37.708 [Test worker] DEBUG org.apache.http.wire -  >> "POST /gatewaymgint/GatewayMGWSInt HTTP/1.1[\r][\n]"
17:28:37.708 [Test worker] DEBUG org.apache.http.wire -  >> "Accept: */*[\r][\n]"
17:28:37.708 [Test worker] DEBUG org.apache.http.wire -  >> "Content-Type: text/xml;charset=UTF-8[\r][\n]"
17:28:37.708 [Test worker] DEBUG org.apache.http.wire -  >> "Content-Length: 479[\r][\n]"
17:28:37.708 [Test worker] DEBUG org.apache.http.wire -  >> "Host: 10.65.45.12:9001[\r][\n]"
17:28:37.708 [Test worker] DEBUG org.apache.http.wire -  >> "Connection: Keep-Alive[\r][\n]"
17:28:37.708 [Test worker] DEBUG org.apache.http.wire -  >> "User-Agent: Apache-HttpClient/4.5.9 (Java/1.8.0_291)[\r][\n]"
17:28:37.708 [Test worker] DEBUG org.apache.http.wire -  >> "Accept-Encoding: gzip,deflate[\r][\n]"
17:28:37.708 [Test worker] DEBUG org.apache.http.wire -  >> "[\r][\n]"
17:28:37.708 [Test worker] DEBUG org.apache.http.headers - >> POST /gatewaymgint/GatewayMGWSInt HTTP/1.1
17:28:37.709 [Test worker] DEBUG org.apache.http.headers - >> Accept: */*
17:28:37.709 [Test worker] DEBUG org.apache.http.headers - >> Content-Type: text/xml;charset=UTF-8
17:28:37.709 [Test worker] DEBUG org.apache.http.headers - >> Content-Length: 479
17:28:37.709 [Test worker] DEBUG org.apache.http.headers - >> Host: 10.65.45.12:9001
17:28:37.709 [Test worker] DEBUG org.apache.http.headers - >> Connection: Keep-Alive
17:28:37.709 [Test worker] DEBUG org.apache.http.headers - >> User-Agent: Apache-HttpClient/4.5.9 (Java/1.8.0_291)
17:28:37.709 [Test worker] DEBUG org.apache.http.headers - >> Accept-Encoding: gzip,deflate
17:28:37.709 [Test worker] DEBUG org.apache.http.wire -  >> "<soapenv:Envelope xmlns:soapenv="http://schemas.xmlsoap.org/soap/envelope/" xmlns:web="http://webservices.gatewaymg.tigo.com.co/">[\n]"
17:28:37.709 [Test worker] DEBUG org.apache.http.wire -  >> "   <soapenv:Header/>[\n]"
17:28:37.709 [Test worker] DEBUG org.apache.http.wire -  >> "   <soapenv:Body>[\n]"
17:28:37.709 [Test worker] DEBUG org.apache.http.wire -  >> "      <web:uninstallSubscription>[\n]"
17:28:37.709 [Test worker] DEBUG org.apache.http.wire -  >> "         <!--Optional:-->[\n]"
17:28:37.709 [Test worker] DEBUG org.apache.http.wire -  >> "         <arg0>[\n]"
17:28:37.709 [Test worker] DEBUG org.apache.http.wire -  >> "            <!--Optional:-->[\n]"
17:28:37.709 [Test worker] DEBUG org.apache.http.wire -  >> "            <msisdn>3045981670</msisdn>[\n]"
17:28:37.709 [Test worker] DEBUG org.apache.http.wire -  >> "            <!--Optional:-->[\n]"
17:28:37.709 [Test worker] DEBUG org.apache.http.wire -  >> "            <transactionId>?</transactionId>[\n]"
17:28:37.709 [Test worker] DEBUG org.apache.http.wire -  >> "         </arg0>[\n]"
17:28:37.709 [Test worker] DEBUG org.apache.http.wire -  >> "      </web:uninstallSubscription>[\n]"
17:28:37.709 [Test worker] DEBUG org.apache.http.wire -  >> "   </soapenv:Body>[\n]"
17:28:37.709 [Test worker] DEBUG org.apache.http.wire -  >> "</soapenv:Envelope>"
17:28:37.925 [Test worker] DEBUG org.apache.http.wire -  << "HTTP/1.1 200 OK[\r][\n]"
17:28:37.925 [Test worker] DEBUG org.apache.http.wire -  << "Date: Thu, 19 May 2022 22:28:40 GMT[\r][\n]"
17:28:37.925 [Test worker] DEBUG org.apache.http.wire -  << "Transfer-Encoding: chunked[\r][\n]"
17:28:37.925 [Test worker] DEBUG org.apache.http.wire -  << "Content-Type: text/xml; charset=utf-8[\r][\n]"
17:28:37.925 [Test worker] DEBUG org.apache.http.wire -  << "[\r][\n]"
17:28:37.925 [Test worker] DEBUG org.apache.http.impl.conn.DefaultClientConnection - Receiving response: HTTP/1.1 200 OK
17:28:37.925 [Test worker] DEBUG org.apache.http.headers - << HTTP/1.1 200 OK
17:28:37.925 [Test worker] DEBUG org.apache.http.headers - << Date: Thu, 19 May 2022 22:28:40 GMT
17:28:37.925 [Test worker] DEBUG org.apache.http.headers - << Transfer-Encoding: chunked
17:28:37.925 [Test worker] DEBUG org.apache.http.headers - << Content-Type: text/xml; charset=utf-8
17:28:37.926 [Test worker] DEBUG org.apache.http.impl.client.DefaultHttpClient - Connection can be kept alive indefinitely
17:28:37.926 [Test worker] DEBUG io.restassured.internal.RequestSpecificationImpl$RestAssuredHttpBuilder - Parsing response as: text/xml; charset=utf-8
17:28:37.926 [Test worker] DEBUG io.restassured.internal.RequestSpecificationImpl$RestAssuredHttpBuilder - Parsed data to instance of: class org.apache.http.conn.EofSensorInputStream
17:28:37.928 [Test worker] DEBUG org.apache.http.wire -  << "006e[\r][\n]"
17:28:37.929 [Test worker] DEBUG org.apache.http.wire -  << "<?xml version='1.0' encoding='UTF-8'?><S:Envelope xmlns:S="http://schemas.xmlsoap.org/soap/envelope/"><S:Body>"
17:28:37.929 [Test worker] DEBUG org.apache.http.wire -  << "[\r][\n]"
17:28:37.929 [Test worker] DEBUG org.apache.http.wire -  << "00df[\r][\n]"
17:28:37.929 [Test worker] DEBUG org.apache.http.wire -  << "<ns2:uninstallSubscriptionResponse xmlns:ns2="http://webservices.gatewaymg.tigo.com.co/"><return><authorizationNumber>9320527443205547</authorizationNumber></return></ns2:uninstallSubscriptionResponse></S:Body></S:Envelope>"
17:28:37.929 [Test worker] DEBUG org.apache.http.wire -  << "[\r][\n]"
17:28:37.929 [Test worker] DEBUG org.apache.http.wire -  << "0000[\r][\n]"
17:28:37.929 [Test worker] DEBUG org.apache.http.wire -  << "[\r][\n]"
17:28:37.929 [Test worker] DEBUG org.apache.http.impl.conn.BasicClientConnectionManager - Releasing connection org.apache.http.impl.conn.ManagedClientConnectionImpl@66ad135b
17:28:37.929 [Test worker] DEBUG org.apache.http.impl.conn.BasicClientConnectionManager - Connection can be kept alive indefinitely
17:28:38.345 [Finalizer] DEBUG org.apache.http.impl.conn.DefaultClientConnection - Connection 0.0.0.0:65259<->10.65.45.12:9001 closed
17:28:38.347 [Finalizer] DEBUG org.apache.http.impl.conn.DefaultClientConnection - Connection 0.0.0.0:65261<->10.65.45.12:9001 closed
se ejecuta correctamente DB Activator
se ejecuta correctamente  DB EPOS
se ejecuta correctamente DB Siebel
se ejecuta correctamente DB Postale
17:28:49.410 [Test worker] DEBUG org.apache.http.impl.conn.BasicClientConnectionManager - Get connection for route {}->http://10.65.45.12:9001
17:28:49.410 [Test worker] DEBUG org.apache.http.impl.conn.DefaultClientConnectionOperator - Connecting to 10.65.45.12:9001
17:28:49.462 [Test worker] DEBUG org.apache.http.client.protocol.RequestAddCookies - CookieSpec selected: ignoreCookies
17:28:49.462 [Test worker] DEBUG org.apache.http.client.protocol.RequestAuthCache - Auth cache not set in the context
17:28:49.462 [Test worker] DEBUG org.apache.http.client.protocol.RequestTargetAuthentication - Target auth state: UNCHALLENGED
17:28:49.462 [Test worker] DEBUG org.apache.http.client.protocol.RequestProxyAuthentication - Proxy auth state: UNCHALLENGED
17:28:49.462 [Test worker] DEBUG org.apache.http.impl.client.DefaultHttpClient - Attempt 1 to execute request
17:28:49.462 [Test worker] DEBUG org.apache.http.impl.conn.DefaultClientConnection - Sending request: POST /gatewaycbs/BcServicesInt HTTP/1.1
17:28:49.462 [Test worker] DEBUG org.apache.http.wire -  >> "POST /gatewaycbs/BcServicesInt HTTP/1.1[\r][\n]"
17:28:49.462 [Test worker] DEBUG org.apache.http.wire -  >> "Accept: */*[\r][\n]"
17:28:49.462 [Test worker] DEBUG org.apache.http.wire -  >> "Content-Type: text/xml;charset=UTF-8[\r][\n]"
17:28:49.462 [Test worker] DEBUG org.apache.http.wire -  >> "Content-Length: 748[\r][\n]"
17:28:49.462 [Test worker] DEBUG org.apache.http.wire -  >> "Host: 10.65.45.12:9001[\r][\n]"
17:28:49.462 [Test worker] DEBUG org.apache.http.wire -  >> "Connection: Keep-Alive[\r][\n]"
17:28:49.462 [Test worker] DEBUG org.apache.http.wire -  >> "User-Agent: Apache-HttpClient/4.5.9 (Java/1.8.0_291)[\r][\n]"
17:28:49.462 [Test worker] DEBUG org.apache.http.wire -  >> "Accept-Encoding: gzip,deflate[\r][\n]"
17:28:49.462 [Test worker] DEBUG org.apache.http.wire -  >> "[\r][\n]"
17:28:49.462 [Test worker] DEBUG org.apache.http.headers - >> POST /gatewaycbs/BcServicesInt HTTP/1.1
17:28:49.462 [Test worker] DEBUG org.apache.http.headers - >> Accept: */*
17:28:49.462 [Test worker] DEBUG org.apache.http.headers - >> Content-Type: text/xml;charset=UTF-8
17:28:49.463 [Test worker] DEBUG org.apache.http.headers - >> Content-Length: 748
17:28:49.463 [Test worker] DEBUG org.apache.http.headers - >> Host: 10.65.45.12:9001
17:28:49.463 [Test worker] DEBUG org.apache.http.headers - >> Connection: Keep-Alive
17:28:49.463 [Test worker] DEBUG org.apache.http.headers - >> User-Agent: Apache-HttpClient/4.5.9 (Java/1.8.0_291)
17:28:49.463 [Test worker] DEBUG org.apache.http.headers - >> Accept-Encoding: gzip,deflate
17:28:49.464 [Test worker] DEBUG org.apache.http.wire -  >> "<soapenv:Envelope xmlns:bcc="http://www.huawei.com/bme/cbsinterface/bccommon" xmlns:bcs="http://www.huawei.com/bme/cbsinterface/bcservices" xmlns:ws="http://ws.web.gatewaycbs.tigo.com.co/" xmlns:soapenv="http://schemas.xmlsoap.org/soap/envelope/">[\n]"
17:28:49.464 [Test worker] DEBUG org.apache.http.wire -  >> "   <soapenv:Header/>[\n]"
17:28:49.464 [Test worker] DEBUG org.apache.http.wire -  >> "   <soapenv:Body>[\n]"
17:28:49.464 [Test worker] DEBUG org.apache.http.wire -  >> "      <ws:queryCustomerInfo>[\n]"
17:28:49.464 [Test worker] DEBUG org.apache.http.wire -  >> "         <!--Optional:-->[\n]"
17:28:49.464 [Test worker] DEBUG org.apache.http.wire -  >> "         <QueryCustomerInfoRequest>[\n]"
17:28:49.464 [Test worker] DEBUG org.apache.http.wire -  >> "            <bcs:QueryObj>[\n]"
17:28:49.464 [Test worker] DEBUG org.apache.http.wire -  >> "               <!--Optional:-->[\n]"
17:28:49.464 [Test worker] DEBUG org.apache.http.wire -  >> "               <bcs:SubAccessCode>[\n]"
17:28:49.464 [Test worker] DEBUG org.apache.http.wire -  >> "                  <!--Optional:-->[\n]"
17:28:49.464 [Test worker] DEBUG org.apache.http.wire -  >> "                  <bcc:PrimaryIdentity>3046010569</bcc:PrimaryIdentity>[\n]"
17:28:49.464 [Test worker] DEBUG org.apache.http.wire -  >> "               </bcs:SubAccessCode>[\n]"
17:28:49.464 [Test worker] DEBUG org.apache.http.wire -  >> "            </bcs:QueryObj>[\n]"
17:28:49.464 [Test worker] DEBUG org.apache.http.wire -  >> "         </QueryCustomerInfoRequest>[\n]"
17:28:49.464 [Test worker] DEBUG org.apache.http.wire -  >> "      </ws:queryCustomerInfo>[\n]"
17:28:49.464 [Test worker] DEBUG org.apache.http.wire -  >> "   </soapenv:Body>[\n]"
17:28:49.464 [Test worker] DEBUG org.apache.http.wire -  >> "</soapenv:Envelope>"
17:28:49.613 [Test worker] DEBUG org.apache.http.wire -  << "HTTP/1.1 200 OK[\r][\n]"
17:28:49.613 [Test worker] DEBUG org.apache.http.wire -  << "Date: Thu, 19 May 2022 22:28:52 GMT[\r][\n]"
17:28:49.613 [Test worker] DEBUG org.apache.http.wire -  << "Transfer-Encoding: chunked[\r][\n]"
17:28:49.613 [Test worker] DEBUG org.apache.http.wire -  << "Content-Type: text/xml; charset=utf-8[\r][\n]"
17:28:49.613 [Test worker] DEBUG org.apache.http.wire -  << "[\r][\n]"
17:28:49.613 [Test worker] DEBUG org.apache.http.impl.conn.DefaultClientConnection - Receiving response: HTTP/1.1 200 OK
17:28:49.613 [Test worker] DEBUG org.apache.http.headers - << HTTP/1.1 200 OK
17:28:49.613 [Test worker] DEBUG org.apache.http.headers - << Date: Thu, 19 May 2022 22:28:52 GMT
17:28:49.613 [Test worker] DEBUG org.apache.http.headers - << Transfer-Encoding: chunked
17:28:49.613 [Test worker] DEBUG org.apache.http.headers - << Content-Type: text/xml; charset=utf-8
17:28:49.613 [Test worker] DEBUG org.apache.http.impl.client.DefaultHttpClient - Connection can be kept alive indefinitely
17:28:49.614 [Test worker] DEBUG io.restassured.internal.RequestSpecificationImpl$RestAssuredHttpBuilder - Parsing response as: text/xml; charset=utf-8
17:28:49.614 [Test worker] DEBUG io.restassured.internal.RequestSpecificationImpl$RestAssuredHttpBuilder - Parsed data to instance of: class org.apache.http.conn.EofSensorInputStream
17:28:49.615 [Test worker] DEBUG org.apache.http.wire -  << "006e[\r][\n]"
17:28:49.615 [Test worker] DEBUG org.apache.http.wire -  << "<?xml version='1.0' encoding='UTF-8'?><S:Envelope xmlns:S="http://schemas.xmlsoap.org/soap/envelope/"><S:Body>"
17:28:49.615 [Test worker] DEBUG org.apache.http.wire -  << "[\r][\n]"
17:28:49.615 [Test worker] DEBUG org.apache.http.wire -  << "0fe8[\r][\n]"
17:28:49.615 [Test worker] DEBUG org.apache.http.wire -  << "<ns4:queryCustomerInfoResponse xmlns:ns2="http://www.huawei.com/bme/cbsinterface/bccommon" xmlns:ns3="http://www.huawei.com/bme/cbsinterface/bcservices" xmlns:ns4="http://ws.web.gatewaycbs.tigo.com.co/" xmlns:ns5="http://www.huawei.com/bme/cbsinterface/cbscommon"><return><ResultHeader><ns5:Version>1</ns5:Version><ns5:ResultCode>0</ns5:ResultCode><ns5:ResultDesc>Operation successfully.</ns5:ResultDesc></ResultHeader><QueryCustomerInfoResult><ns3:Customer><ns3:CustKey>CTA00000238806</ns3:CustKey><ns3:CustInfo><ns2:CustType>1</ns2:CustType><ns2:CustNodeType>1</ns2:CustNodeType><ns2:CustClass>1</ns2:CustClass><ns2:CustCode>CBS100040000000353662</ns2:CustCode><ns2:CustBasicInfo><ns2:DFTWrittenLang>2002</ns2:DFTWrittenLang><ns2:DFTIVRLang>2002</ns2:DFTIVRLang><ns2:DunningFlag>1</ns2:DunningFlag><ns2:CustProperty><ns2:Code>C_Extend_Cust_Int_Attr8</ns2:Code><ns2:Value></ns2:Value></ns2:CustProperty><ns2:CustProperty><ns2:Code>C_CUSTOMER_TAX_RATE</ns2:Code><ns2:Value></ns2:Value></ns2:CustProperty><ns2:CustProperty><ns2:Code>C_Extend_Cust_Int_Attr9</ns2:Code><ns2:Value></ns2:Value></ns2:CustProperty><ns2:CustProperty><ns2:Code>C_CUST_BANKRUPTCY</ns2:Code><ns2:Value>N</ns2:Value></ns2:CustProperty><ns2:CustProperty><ns2:Code>C_Extend_Cust_Int_Attr10</ns2:Code><ns2:Value></ns2:Value></ns2:CustProperty><ns2:CustProperty><ns2:Code>C_Extend_Cust_Int_Attr4</ns2:Code><ns2:Value></ns2:Value></ns2:CustProperty><ns2:CustProperty><ns2:Code>C_Extend_Cust_Int_Attr5</ns2:Code><ns2:Value></ns2:Value></ns2:CustProperty><ns2:CustProperty><ns2:Code>C_Extend_Cust_Int_Attr6</ns2:Code><ns2:Value></ns2:Value></ns2:CustProperty><ns2:CustProperty><ns2:Code>C_Extend_Cust_Int_Attr7</ns2:Code><ns2:Value></ns2:Value></ns2:CustProperty><ns2:CustProperty><ns2:Code>C_LEGAL_CATEGORY</ns2:Code><ns2:Value></ns2:Value></ns2:CustProperty><ns2:CustProperty><ns2:Code>C_CONTRACT_ID</ns2:Code><ns2:Value></ns2:Value></ns2:CustProperty><ns2:CustProperty><ns2:Code>C_Extend_Cust_Int_Attr1</ns2:Code><ns2:Value></ns2:Value></ns2:CustProperty><ns2:CustProperty><ns2:Code>C_Extend_Cust_Int_Attr2</ns2:Code><ns2:Value></ns2:Value></ns2:CustProperty><ns2:CustProperty><ns2:Code>C_NEW_IC</ns2:Code><ns2:Value></ns2:Value></ns2:CustProperty><ns2:CustProperty><ns2:Code>C_Extend_Cust_Int_Attr3</ns2:Code><ns2:Value></ns2:Value></ns2:CustProperty><ns2:CustProperty><ns2:Code>C_REG_FLAG</ns2:Code><ns2:Value>N</ns2:Value></ns2:CustProperty><ns2:CustProperty><ns2:Code>C_NRC</ns2:Code><ns2:Value></ns2:Value></ns2:CustProperty><ns2:CustProperty><ns2:Code>C_CUST_CATEGORY</ns2:Code><ns2:Value></ns2:Value></ns2:CustProperty><ns2:CustProperty><ns2:Code>C_CUST_SALT</ns2:Code><ns2:Value>25D229BC6170A872</ns2:Value></ns2:CustProperty><ns2:CustProperty><ns2:Code>C_EXTERNAL_CUST_ID</ns2:Code><ns2:Value></ns2:Value></ns2:CustProperty><ns2:CustProperty><ns2:Code>C_FRAUD_FLAG</ns2:Code><ns2:Value>N</ns2:Value></ns2:CustProperty><ns2:CustProperty><ns2:Code>C_CUST_MEDIA_FLAG</ns2:Code><ns2:Value>N</ns2:Value></ns2:CustProperty><ns2:CustProperty><ns2:Code>C_TAX_PAYER_IDENTIFICATION_NO</ns2:Code><ns2:Value></ns2:Value></ns2:CustProperty><ns2:CustProperty><ns2:Code>C_CUST_DECEASED</ns2:Code><ns2:Value>N</ns2:Value></ns2:CustProperty><ns2:CustProperty><ns2:Code>C_EVENING_PHONE</ns2:Code><ns2:Value></ns2:Value></ns2:CustProperty><ns2:CustProperty><ns2:Code>C_Extend_Cust_Str_Attr5</ns2:Code><ns2:Value></ns2:Value></ns2:CustProperty><ns2:CustProperty><ns2:Code>C_Extend_Cust_Str_Attr4</ns2:Code><ns2:Value></ns2:Value></ns2:CustProperty><ns2:CustProperty><ns2:Code>C_Extend_Cust_Str_Attr3</ns2:Code><ns2:Value></ns2:Value></ns2:CustProperty><ns2:CustProperty><ns2:Code>C_Extend_Cust_Str_Attr2</ns2:Code><ns2:Value></ns2:Value></ns2:CustProperty><ns2:CustProperty><ns2:Code>C_DAYTIME_PHONE</ns2:Code><ns2:Value></ns2:Value></ns2:CustProperty><ns2:CustProperty><ns2:Code>C_Extend_Cust_Str_Attr9</ns2:Code><ns2:Value></ns2:Value></ns2:CustProperty><ns2:CustProperty><ns2:Code>C_Extend_Cust_Str_Attr8</ns2:Code><ns2:Value></ns2:Value></ns2:CustProperty><ns2:CustProperty><ns2:Code>C_CUST_MARKETING_CONSENT</n"
17:28:49.615 [Test worker] DEBUG org.apache.http.wire -  << "[\r][\n]"
17:28:49.615 [Test worker] DEBUG org.apache.http.wire -  << "0fe8[\r][\n]"
17:28:49.615 [Test worker] DEBUG org.apache.http.wire -  << "s2:Code><ns2:Value>N</ns2:Value></ns2:CustProperty><ns2:CustProperty><ns2:Code>C_Extend_Cust_Str_Attr7</ns2:Code><ns2:Value></ns2:Value></ns2:CustProperty><ns2:CustProperty><ns2:Code>C_Extend_Cust_Str_Attr6</ns2:Code><ns2:Value></ns2:Value></ns2:CustProperty><ns2:CustProperty><ns2:Code>C_OLD_IC</ns2:Code><ns2:Value></ns2:Value></ns2:CustProperty><ns2:CustProperty><ns2:Code>C_Extend_Cust_Str_Attr1</ns2:Code><ns2:Value></ns2:Value></ns2:CustProperty><ns2:CustProperty><ns2:Code>C_Extend_Cust_Str_Attr10</ns2:Code><ns2:Value></ns2:Value></ns2:CustProperty><ns2:CustProperty><ns2:Code>C_CUST_BILLSUM</ns2:Code><ns2:Value>0</ns2:Value></ns2:CustProperty><ns2:CustProperty><ns2:Code>C_CORP_CUST_SEGMENT</ns2:Code><ns2:Value></ns2:Value></ns2:CustProperty><ns2:CustProperty><ns2:Code>C_ACCESSIBILITY_FLAG</ns2:Code><ns2:Value></ns2:Value></ns2:CustProperty><ns2:CustProperty><ns2:Code>C_CUST_BelToAreaID</ns2:Code><ns2:Value>101</ns2:Value></ns2:CustProperty><ns2:CustProperty><ns2:Code>C_CUST_ID</ns2:Code><ns2:Value>100040000000353662</ns2:Value></ns2:CustProperty></ns2:CustBasicInfo></ns3:CustInfo><ns3:IndividualInfo><ns2:IDType>6</ns2:IDType><ns2:IDNumber>582710820</ns2:IDNumber><ns2:FirstName>DARLIS B</ns2:FirstName><ns2:LastName>OMERO</ns2:LastName><ns2:HomePhone>3104827323</ns2:HomePhone><ns2:Email>prueba@gmail.com</ns2:Email><ns2:IndividualProperty><ns2:Code>C_MKT_P_STATUS</ns2:Code><ns2:Value>1</ns2:Value></ns2:IndividualProperty></ns3:IndividualInfo></ns3:Customer><ns3:Subscriber><ns3:SubscriberKey>ACT00001896760</ns3:SubscriberKey><ns3:SubscriberInfo><ns2:SubBasicInfo><ns2:WrittenLang>2021</ns2:WrittenLang><ns2:IVRLang>2021</ns2:IVRLang><ns2:DunningFlag>1</ns2:DunningFlag><ns2:SubProperty><ns2:Code>C_WORK_ADDRESS</ns2:Code><ns2:Value></ns2:Value></ns2:SubProperty><ns2:SubProperty><ns2:Code>C_SUB_SMS_ROMING_RIGHT</ns2:Code><ns2:Value>0</ns2:Value></ns2:SubProperty><ns2:SubProperty><ns2:Code>C_LAST_TRANS_EVENT</ns2:Code><ns2:Value>1302</ns2:Value></ns2:SubProperty><ns2:SubProperty><ns2:Code>C_SALES_CHANNEL_ID</ns2:Code><ns2:Value></ns2:Value></ns2:SubProperty><ns2:SubProperty><ns2:Code>C_HANDSET_TYPE</ns2:Code><ns2:Value>-1</ns2:Value></ns2:SubProperty><ns2:SubProperty><ns2:Code>C_SUB_MAX_BALANCE</ns2:Code><ns2:Value>-1</ns2:Value></ns2:SubProperty><ns2:SubProperty><ns2:Code>C_ACCOUNTING_SCENARIO</ns2:Code><ns2:Value></ns2:Value></ns2:SubProperty><ns2:SubProperty><ns2:Code>C_RESUME_DATE</ns2:Code><ns2:Value>19991231190000</ns2:Value></ns2:SubProperty><ns2:SubProperty><ns2:Code>C_SUBID_BEFORE_SUPPLE_PROFILE</ns2:Code><ns2:Value>100090000000353702</ns2:Value></ns2:SubProperty><ns2:SubProperty><ns2:Code>C_BAK_ORG_CHILD_ACCTID</ns2:Code><ns2:Value>0</ns2:Value></ns2:SubProperty><ns2:SubProperty><ns2:Code>C_HANDSET_NETWORK</ns2:Code><ns2:Value></ns2:Value></ns2:SubProperty><ns2:SubProperty><ns2:Code>C_SUB_UNBLOCK</ns2:Code><ns2:Value>0</ns2:Value></ns2:SubProperty><ns2:SubProperty><ns2:Code>C_SUB_LOW_SPENDING_GATE</ns2:Code><ns2:Value>-1</ns2:Value></ns2:SubProperty><ns2:SubProperty><ns2:Code>C_SUB_LOAN_FLAG</ns2:Code><ns2:Value>0</ns2:Value></ns2:SubProperty><ns2:SubProperty><ns2:Code>C_SUB_LASTRECHARGETIME</ns2:Code><ns2:Value>20220519165806</ns2:Value></ns2:SubProperty><ns2:SubProperty><ns2:Code>C_SUB_LASTRGADATE</ns2:Code><ns2:Value>19700101000000</ns2:Value></ns2:SubProperty><ns2:SubProperty><ns2:Code>C_SUB_PORT_IN_FLAG</ns2:Code><ns2:Value>0</ns2:Value></ns2:SubProperty><ns2:SubProperty><ns2:Code>C_SUB_NOTIFICATION_TIMES</ns2:Code><ns2:Value></ns2:Value></ns2:SubProperty><ns2:SubProperty><ns2:Code>C_BLACK_FLAG</ns2:Code><ns2:Value>0</ns2:Value></ns2:SubProperty><ns2:SubProperty><ns2:Code>C_SUB_VOICE_ROAM_RIGHT</ns2:Code><ns2:Value></ns2:Value></ns2:SubProperty><ns2:SubProperty><ns2:Code>C_HYBRID_PAY_TYPE</ns2:Code><ns2:Value>-1</ns2:Value></ns2:SubProperty><ns2:SubProperty><ns2:Code>C_SUB_MAX_VALIDITY</ns2:Code><ns2:Value>365</ns2:Value></ns2:SubProperty><ns2:SubProperty><ns2:Code>C_TEST_EXTEND_DAYS</ns2:Code><ns2:Value>0</"
17:28:49.615 [Test worker] DEBUG org.apache.http.wire -  << "ns2:Value></ns2:SubProperty><ns2:SubProperty><ns2:Code>C_SUBDISCOUNT</ns2:Code><ns2:"
17:28:49.615 [Test worker] DEBUG org.apache.http.wire -  << "[\r][\n]"
17:28:49.652 [Test worker] DEBUG org.apache.http.wire -  << "0fe8[\r][\n]"
17:28:49.653 [Test worker] DEBUG org.apache.http.wire -  << "Value>O</ns2:Value></ns2:SubProperty><ns2:SubProperty><ns2:Code>C_SUB_LASTZONETYPE</ns2:Code><ns2:Value>00</ns2:Value></ns2:SubProperty><ns2:SubProperty><ns2:Code>C_Extend_Sub_Str_Attr4</ns2:Code><ns2:Value></ns2:Value></ns2:SubProperty><ns2:SubProperty><ns2:Code>C_Extend_Sub_Str_Attr3</ns2:Code><ns2:Value></ns2:Value></ns2:SubProperty><ns2:SubProperty><ns2:Code>C_Extend_Sub_Str_Attr6</ns2:Code><ns2:Value></ns2:Value></ns2:SubProperty><ns2:SubProperty><ns2:Code>C_Extend_Sub_Str_Attr5</ns2:Code><ns2:Value></ns2:Value></ns2:SubProperty><ns2:SubProperty><ns2:Code>C_DAILYRENTNOTIFLAG</ns2:Code><ns2:Value>0</ns2:Value></ns2:SubProperty><ns2:SubProperty><ns2:Code>C_TIGO_ZONE</ns2:Code><ns2:Value></ns2:Value></ns2:SubProperty><ns2:SubProperty><ns2:Code>C_Extend_Sub_Str_Attr2</ns2:Code><ns2:Value></ns2:Value></ns2:SubProperty><ns2:SubProperty><ns2:Code>C_Extend_Sub_Str_Attr1</ns2:Code><ns2:Value></ns2:Value></ns2:SubProperty><ns2:SubProperty><ns2:Code>C_PLACA_INFO</ns2:Code><ns2:Value></ns2:Value></ns2:SubProperty><ns2:SubProperty><ns2:Code>C_Extend_Sub_Int_Attr10</ns2:Code><ns2:Value></ns2:Value></ns2:SubProperty><ns2:SubProperty><ns2:Code>C_HANDSET_OS_TYPE</ns2:Code><ns2:Value></ns2:Value></ns2:SubProperty><ns2:SubProperty><ns2:Code>C_SUB_USER_NAME</ns2:Code><ns2:Value>0</ns2:Value></ns2:SubProperty><ns2:SubProperty><ns2:Code>C_TEST_EXPIRE_TIME</ns2:Code><ns2:Value></ns2:Value></ns2:SubProperty><ns2:SubProperty><ns2:Code>C_TEST_EXHAUST_RULE</ns2:Code><ns2:Value>0</ns2:Value></ns2:SubProperty><ns2:SubProperty><ns2:Code>C_Extend_Sub_Str_Attr8</ns2:Code><ns2:Value></ns2:Value></ns2:SubProperty><ns2:SubProperty><ns2:Code>C_Extend_Sub_Str_Attr7</ns2:Code><ns2:Value></ns2:Value></ns2:SubProperty><ns2:SubProperty><ns2:Code>C_SUB_REGISTERED</ns2:Code><ns2:Value>0</ns2:Value></ns2:SubProperty><ns2:SubProperty><ns2:Code>C_Extend_Sub_Str_Attr9</ns2:Code><ns2:Value></ns2:Value></ns2:SubProperty><ns2:SubProperty><ns2:Code>C_LIFECYCLE</ns2:Code><ns2:Value></ns2:Value></ns2:SubProperty><ns2:SubProperty><ns2:Code>C_VOD_VIDEO_RIGHT</ns2:Code><ns2:Value>0</ns2:Value></ns2:SubProperty><ns2:SubProperty><ns2:Code>C_SUPPLE_PROFILE_TIME</ns2:Code><ns2:Value>20220519165413</ns2:Value></ns2:SubProperty><ns2:SubProperty><ns2:Code>C_LAST_CHARGE_BEGIN_TIME</ns2:Code><ns2:Value></ns2:Value></ns2:SubProperty><ns2:SubProperty><ns2:Code>C_SUB_LOW_BAL_NOTIFY_DATE</ns2:Code><ns2:Value>19991231190000</ns2:Value></ns2:SubProperty><ns2:SubProperty><ns2:Code>C_GPRS_FORBIDDEN_MAIN_BAL</ns2:Code><ns2:Value>1</ns2:Value></ns2:SubProperty><ns2:SubProperty><ns2:Code>C_LAST_DATA_SESINI</ns2:Code><ns2:Value>19700101030000</ns2:Value></ns2:SubProperty><ns2:SubProperty><ns2:Code>C_CONSUMENOTIFYGATE</ns2:Code><ns2:Value></ns2:Value></ns2:SubProperty><ns2:SubProperty><ns2:Code>C_SUB_LOW_BAL_NOTIFY_TIMES</ns2:Code><ns2:Value>0</ns2:Value></ns2:SubProperty><ns2:SubProperty><ns2:Code>C_FIRST_RECHARGE_FLAG</ns2:Code><ns2:Value>0</ns2:Value></ns2:SubProperty><ns2:SubProperty><ns2:Code>C_SUB_PROB</ns2:Code><ns2:Value></ns2:Value></ns2:SubProperty><ns2:SubProperty><ns2:Code>C_SUB_SALT</ns2:Code><ns2:Value>63FCC2D9E4FC9D9D</ns2:Value></ns2:SubProperty><ns2:SubProperty><ns2:Code>C_SUB_SERVICEPROVIDER</ns2:Code><ns2:Value></ns2:Value></ns2:SubProperty><ns2:SubProperty><ns2:Code>C_CALL_COST</ns2:Code><ns2:Value>0000</ns2:Value></ns2:SubProperty><ns2:SubProperty><ns2:Code>C_RNW_PRODUCTSET</ns2:Code><ns2:Value>0</ns2:Value></ns2:SubProperty><ns2:SubProperty><ns2:Code>C_Extend_Sub_Str_Attr10</ns2:Code><ns2:Value></ns2:Value></ns2:SubProperty><ns2:SubProperty><ns2:Code>C_SUB_DOMESIC_ROAM_CALL_RIGHT</ns2:Code><ns2:Value>0</ns2:Value></ns2:SubProperty><ns2:SubProperty><ns2:Code>C_LAST_TRANS_DATE_TIME</ns2:Code><ns2:Value>20220519215806</ns2:Value></ns2:SubProperty><ns2:SubProperty><ns2:Code>C_SUBSCRIBER_INFO_3</ns2:Code><ns2:Value></ns2:Value></ns2:SubProperty><ns2:SubProperty><ns2:Code>C_SUBSCRIBER_INFO_2</ns2:Code><ns2:Value></ns2:Value></ns2:SubProperty><ns2:SubProperty><ns2:Code>C_GPRS_ROAM_DATE</ns2:Code><ns2:Value>19700101000000</ns2:Value></ns2:SubProperty><ns2"
17:28:49.653 [Test worker] DEBUG org.apache.http.wire -  << "[\r][\n]"
17:28:49.653 [Test worker] DEBUG org.apache.http.wire -  << "0092[\r][\n]"
17:28:49.653 [Test worker] DEBUG org.apache.http.wire -  << ":SubProperty><ns2:Code>C_SUBSCRIBER_INFO_4</ns2:Code><ns2:Value></ns2:Value></ns2:SubProperty><ns2:SubProperty><ns2:Code>C_STARTTIME_OF_SWITCH_COS"
17:28:49.653 [Test worker] DEBUG org.apache.http.wire -  << "[\r][\n]"
17:28:49.654 [Test worker] DEBUG org.apache.http.wire -  << "0fe8[\r][\n]"
17:28:49.654 [Test worker] DEBUG org.apache.http.wire -  << "</ns2:Code><ns2:Value>-1</ns2:Value></ns2:SubProperty><ns2:SubProperty><ns2:Code>C_SUB_PREBARRING</ns2:Code><ns2:Value>0</ns2:Value></ns2:SubProperty><ns2:SubProperty><ns2:Code>C_DETAIL</ns2:Code><ns2:Value>0</ns2:Value></ns2:SubProperty><ns2:SubProperty><ns2:Code>C_SUBSCRIBER_INFO_1</ns2:Code><ns2:Value></ns2:Value></ns2:SubProperty><ns2:SubProperty><ns2:Code>C_SUB_BARRED_DAYS</ns2:Code><ns2:Value>0</ns2:Value></ns2:SubProperty><ns2:SubProperty><ns2:Code>C_TIGO_CITY</ns2:Code><ns2:Value>*</ns2:Value></ns2:SubProperty><ns2:SubProperty><ns2:Code>C_TECHNOLOGY</ns2:Code><ns2:Value></ns2:Value></ns2:SubProperty><ns2:SubProperty><ns2:Code>C_Extend_Sub_Int_Attr7</ns2:Code><ns2:Value></ns2:Value></ns2:SubProperty><ns2:SubProperty><ns2:Code>C_Extend_Sub_Int_Attr8</ns2:Code><ns2:Value></ns2:Value></ns2:SubProperty><ns2:SubProperty><ns2:Code>C_Extend_Sub_Int_Attr5</ns2:Code><ns"
17:28:49.654 [Test worker] DEBUG org.apache.http.wire -  << "2:Value></ns2:Value></ns2:SubProperty><ns2:SubProperty><ns2:Code>C_Extend_Sub_Int_Attr6</ns2:Code><ns2:Value></ns2:Value></ns2:SubProperty><ns2:SubProperty><ns2:Code>C_Extend_Sub_Int_Attr3</ns2:Code><ns2:Value></ns2:Value></ns2:SubProperty><ns2:SubProperty><ns2:Code>C_Extend_Sub_Int_Attr4</ns2:Code><ns2:Value></ns2:Value></ns2:SubProperty><ns2:SubProperty><ns2:Code>C_HANDSET_BRAND</ns2:Code><ns2:Value></ns2:Value></ns2:SubProperty><ns2:SubProperty><ns2:Code>C_Extend_Sub_Int_Attr1</ns2:Code><ns2:Value></ns2:Value></ns2:SubProperty><ns2:SubProperty><ns2:Code>C_SUB_LASTRECHARGEAMT</ns2:Code><ns2:Value>0</ns2:Value></ns2:SubProperty><ns2:SubProperty><ns2:Code>C_Extend_Sub_Int_Attr2</ns2:Code><ns2:Value></ns2:Value></ns2:SubProperty><ns2:SubProperty><ns2:Code>C_SUBCOS_FOR_EIPIN</ns2:Code><ns2:Value>0</ns2:Value></ns2:SubProperty><ns2:SubProperty><ns2:Code>C_Extend_Sub_Int_Attr9</ns2:Code><ns2:Value></ns2:Value></ns2:SubProperty><ns2:SubProperty><ns2:Code>C_SUB_BLACKLIST_CALL_RIGHT</ns2:Code><ns2:Value>0</ns2:Value></ns2:SubProperty><ns2:SubProperty><ns2:Code>C_SUB_MSCC_FEE_AMOUNT</ns2:Code><ns2:Value>0</ns2:Value></ns2:SubProperty><ns2:SubProperty><ns2:Code>C_BACKUP_DAYS</ns2:Code><ns2:Value>0</ns2:Value></ns2:SubProperty><ns2:SubProperty><ns2:Code>C_IS_PRIMARY_SUBSCRIBER</ns2:Code><ns2:Value>1</ns2:Value></ns2:SubProperty><ns2:SubProperty><ns2:Code>C_NODO_INFO</ns2:Code><ns2:Value></ns2:Value></ns2:SubProperty><ns2:SubProperty><ns2:Code>C_SUB_AUTOTOPUP_LOWBALANCE</ns2:Code><ns2:Value>1</ns2:Value></ns2:SubProperty><ns2:SubProperty><ns2:Code>C_FIRST_RECHARGE_DATE</ns2:Code><ns2:Value>20220519165421</ns2:Value></ns2:SubProperty><ns2:SubProperty><ns2:Code>C_SUB_REGISTERED_RETAILER</ns2:Code><ns2:Value>0</ns2:Value></ns2:SubProperty><ns2:SubProperty><ns2:Code>C_IS_GROUP_MEMBER</ns2:Code><ns2:Value>0</ns2:Value></ns2:SubProperty><ns2:SubProperty><ns2:Code>C_SUB_TSMSUBTYPE</ns2:Code><ns2:Value>-1</ns2:Value></ns2:SubProperty><ns2:SubProperty><ns2:Code>C_DTNotification</ns2:Code><ns2:Value>0</ns2:Value></ns2:SubProperty><ns2:SubProperty><ns2:Code>C_SUB_GPRS_ROAM_RIGHT</ns2:Code><ns2:Value>3</ns2:Value></ns2:SubProperty><ns2:SubProperty><ns2:Code>C_SUB_ZONEINFOS</ns2:Code><ns2:Value>0</ns2:Value></ns2:SubProperty><ns2:SubProperty><ns2:Code>C_ETU_STAGE_PERCENT</ns2:Code><ns2:Value>100</ns2:Value></ns2:SubProperty><ns2:SubProperty><ns2:Code>C_SPEC_NUM_RENT_END_TIME</ns2:Code><ns2:Value>20000101030000</ns2:Value></ns2:SubProperty><ns2:SubProperty><ns2:Code>C_ALLOW_OTHCARRIER_CALLS</ns2:Code><ns2:Value>Y</ns2:Value></ns2:SubProperty><ns2:SubProperty><ns2:Code>C_SUB_LOW_BAL_GATE_1</ns2:Code><ns2:Value>-1</ns2:Value></ns2:SubProperty><ns2:SubProperty><ns2:Code>C_SUB_LOW_BAL_GATE_2</ns2:Code><ns2:Value>-1</ns2:Value></ns2:SubProperty><ns2:SubProperty><ns2:Code>C_SUB_LOW_BAL_GATE_3</ns2:Code><ns2:Value>-1</ns2:Value></ns2:SubProperty><ns2:SubProperty><ns2:Code>C_SUB_LOW_BAL_GATE_4</ns2:Code><ns2:Value>-1</ns2:Value></ns2:SubProperty><ns2:SubProperty><ns2:Code>C_SUB_NOROAM_CALL_RIGHT</ns2:Code><ns2:Value>0</ns2:Value></ns2:SubProperty><ns2:SubProperty><ns2:Code>C_SUB_LOW_BAL_GATE_5</ns2:Code><ns2:Value>-1</ns2:Value></ns2:SubProperty><ns2:SubProperty><ns2"
17:28:49.654 [Test worker] DEBUG org.apache.http.wire -  << "[\r][\n]"
17:28:49.654 [Test worker] DEBUG org.apache.http.wire -  << "0fe8[\r][\n]"
17:28:49.655 [Test worker] DEBUG org.apache.http.wire -  << ":Code>C_SUB_LOAN_STATUS</ns2:Code><ns2:Value>0</ns2:Value></ns2:SubProperty><ns2:SubProperty><ns2:Code>C_SUB_AUTOTOPUP_RECURRING</ns2:Code><ns2:Value>1</ns2:Value></ns2:SubProperty><ns2:SubProperty><ns2:Code>C_IOD_FLAG</ns2:Code><ns2:Value>0</ns2:Value></ns2:SubProperty><ns2:SubProperty><ns2:Code>C_ETU_BLACKLIST_DATE</ns2:Code><ns2:Value>0</ns2:Value></ns2:SubProperty><ns2:SubProperty><ns2:Code>C_APP_ACTIVE_USAGE</ns2:Code><ns2:Value>0</ns2:Value></ns2:SubProperty><ns2:SubProperty><ns2:Code>C_SUB_BARRINGCODE</ns2:Code><ns2:Value>99999999999</ns2:Value></ns2:SubProperty><ns2:SubProperty><ns2:Code>C_SUB_REFEREE_IDENTIFER</ns2:Code><ns2:Value></ns2:Value></ns2:SubProperty><ns2:SubProperty><ns2:Code>C_SUB_INTERROAM_CALL_RIGHT</ns2:Code><ns2:Value>0</ns2:Value></ns2:SubProperty><ns2:SubProperty><ns2:Code>C_SUB_ID</ns2:Code><ns2:Value>100040000000353714</ns2:Value></ns2:SubProperty></ns2:SubBasicInfo><ns2:UserCustomerKey>CTA00000238806</ns2:UserCustomerKey><ns2:SubIdentity><ns2:SubIdentityType>1</ns2:SubIdentityType><ns2:SubIdentity>3046010569</ns2:SubIdentity><ns2:PrimaryFlag>1</ns2:PrimaryFlag></ns2:SubIdentity><ns2:SubIdentity><ns2:SubIdentityType>2</ns2:SubIdentityType><ns2:SubIdentity>732111193280551</ns2:SubIdentity><ns2:PrimaryFlag>2</ns2:PrimaryFlag></ns2:SubIdentity><ns2:Brand>110</ns2:Brand><ns2:SubClass>1</ns2:SubClass><ns2:NetworkType>1</ns2:NetworkType><ns2:Status>2</ns2:Status><ns2:ConsumptionLimit><ns2:LimitType>C_CL_USAGE_NOROAM</ns2:LimitType><ns2:UnitType>M</ns2:UnitType><ns2:CurrencyID>1032</ns2:CurrencyID><ns2:LimitValue>0</ns2:LimitValue></ns2:ConsumptionLimit><ns3:StatusDetail>000000000000000000000000</ns3:StatusDetail><ns3:ActivationTime>20220519165131</ns3:ActivationTime><ns3:UserCustomer><ns3:CustKey>CTA00000238806</ns3:CustKey><ns3:CustInfo><ns2:CustType>1</ns2:CustType><ns2:CustNodeType>1</ns2:CustNodeType><ns2:CustClass>1</ns2:CustClass><ns2:CustCode>CBS100040000000353662</ns2:CustCode><ns2:CustBasicInfo><ns2:DFTWrittenLang>2002</ns2:DFTWrittenLang><ns2:DFTIVRLang>2002</ns2:DFTIVRLang><ns2:DunningFlag>1</ns2:DunningFlag><ns2:CustProperty><ns2:Code>C_Extend_Cust_Int_Attr8</ns2:Code><ns2:Value></ns2:Value></ns2:CustProperty><ns2:CustProperty><ns2:Code>C_CUSTOMER_TAX_RATE</ns2:Code><ns2:Value></ns2:Value></ns2:CustProperty><ns2:CustProperty><ns2:Code>C_Extend_Cust_Int_Attr9</ns2:Code><ns2:Value></ns2:Value></ns2:CustProperty><ns2:CustProperty><ns2:Code>C_CUST_BANKRUPTCY</ns2:Code><ns2:Value>N</ns2:Value></ns2:CustProperty><ns2:CustProperty><ns2:Code>C_Extend_Cust_Int_Attr10</ns2:Code><ns2:Value></ns2:Value></ns2:CustProperty><ns2:CustProperty><ns2:Code>C_Extend_Cust_Int_Attr4</ns2:Code><ns2:Value></ns2:Value></ns2:CustProperty><ns2:CustProperty><ns2:Code>C_Extend_Cust_Int_Attr5</ns2:Code><ns2:Value></ns2:Value></ns2:CustProperty><ns2:CustProperty><ns2:Code>C_Extend_Cust_Int_Attr6</ns2:Code><ns2:Value></ns2:Value></ns2:CustProperty><ns2:CustProperty><ns2:Code>C_Extend_Cust_Int_Attr7</ns2:Code><ns2:Value></ns2:Value></ns2:CustProperty><ns2:CustProperty><ns2:Code>C_LEGAL_CATEGORY</ns2:Code><ns2:Value></ns2:Value></ns2:CustProperty><ns2:CustProperty><ns2:Code>C_CONTRACT_ID</ns2:Code><ns2:Value></ns2:Value></ns2:CustProperty><ns2:CustProperty><ns2:Code>C_Extend_Cust_Int_Attr1</ns2:Code><ns2:Value></ns2:Value></ns2:CustProperty><ns2:CustProperty><ns2:Code>C_Extend_Cust_Int_Attr2</ns2:Code><ns2:Value></ns2:Value></ns2:CustProperty><ns2:CustProperty><ns2:Code>C_NEW_IC</ns2:Code><ns2:Value></ns2:Value></ns2:CustProperty><ns2:CustProperty><ns2:Code>C_Extend_Cust_Int_Attr3</ns2:Code><ns2:Value></ns2:Value></ns2:CustProperty><ns2:CustProperty><ns2:Code>C_REG_FLAG</ns2:Code><ns2:Value>N</ns2:Value></ns2:CustProperty><ns2:CustProperty><ns2:Code>C_NRC</ns2:Code><ns2:Value></ns2:Value></ns2:CustProperty><ns2:CustProperty><ns2:Code>C_CUST_CATEGORY</ns2:Code><ns2:Value></ns2:Value></ns2:CustProperty><ns2:CustProperty><ns2:Code>C_CUST_SALT</ns2:Code><ns2:Value>25D229BC6170A872</ns2:Value></ns2:CustProperty><ns2:CustProperty><ns2:Code>C_EXTERNAL_CUST_ID</ns2:Code><ns2:Value></ns2:Value></ns2:CustPr"
17:28:49.655 [Test worker] DEBUG org.apache.http.wire -  << "[\r][\n]"
17:28:49.655 [Test worker] DEBUG org.apache.http.wire -  << "0fe8[\r][\n]"
17:28:49.655 [Test worker] DEBUG org.apache.http.wire -  << "operty><ns2:CustProperty><ns2:Code>C_FRAUD_FLAG</ns2:Code><ns2:Value>N</ns2:Value></ns2:CustProperty><ns2:CustProperty><ns2:Code>C_CUST_MEDIA_FLAG</ns2:Code><ns2:Value>N</ns2:Value></ns2:CustProperty><ns2:CustProperty><ns2:Code>C_TAX_PAYER_IDENTIFICATION_NO</ns2:Code><ns2:Value></ns2:Value></ns2:CustProperty><ns2:CustProperty><ns2:Code>C_CUST_DECEASED</ns2:Code><ns2:Value>N</ns2:Value></ns2:CustProperty><ns2:CustProperty><ns2:Code>C_EVENING_PHONE</ns2:Code><ns2:Value></ns2:Value></ns2:CustProperty><ns2:CustProperty><ns2:Code>C_Extend_Cust_Str_Attr5</ns2:Code><ns2:Value></ns2:Value></ns2:CustProperty><ns2:CustProperty><ns2:Code>C_Extend_Cust_Str_Attr4</ns2:Code><ns2:Value></ns2:Value></ns2:CustProperty><ns2:CustProperty><ns2:Code>C_Extend_Cust_Str_Attr3</ns2:Code><ns2:Value></ns2:Value></ns2:CustProperty><ns2:CustProperty><ns2:Code>C_Extend_Cust_Str_Attr2</ns2:Code><ns2:Value></ns2:Value></ns2:CustProperty><ns2:CustProperty><ns2:Code>C_DAYTIME_PHONE</ns2:Code><ns2:Value></ns2:Value></ns2:CustProperty><ns2:CustProperty><ns2:Code>C_Extend_Cust_Str_Attr9</ns2:Code><ns2:Value></ns2:Value></ns2:CustProperty><ns2:CustProperty><ns2:Code>C_Extend_Cust_Str_Attr8</ns2:Code><ns2:Value></ns2:Value></ns2:CustProperty><ns2:CustProperty><ns2:Code>C_CUST_MARKETING_CONSENT</ns2:Code><ns2:Value>N</ns2:Value></ns2:CustProperty><ns2:CustProperty><ns2:Code>C_Extend_Cust_Str_Attr7</ns2:Code><ns2:Value></ns2:Value></ns2:CustProperty><ns2:CustProperty><ns2:Code>C_Extend_Cust_Str_Attr6</ns2:Code><ns2:Value></ns2:Value></ns2:CustProperty><ns2:CustProperty><ns2:Code>C_OLD_IC</ns2:Code><ns2:Value></ns2:Value></ns2:CustProperty><ns2:CustProperty><ns2:Code>C_Extend_Cust_Str_Attr1</ns2:Code><ns2:Value></ns2:Value></ns2:CustProperty><ns2:CustProperty><ns2:Code>C_Extend_Cust_Str_Attr10</ns2:Code><ns2:Value></ns2:Value></ns2:CustProperty><ns2:CustProperty><ns2:Code>C_CUST_BILLSUM</ns2:Code><ns2:Value>0</ns2:Value></ns2:CustProperty><ns2:CustProperty><ns2:Code>C_CORP_CUST_SEGMENT</ns2:Code><ns2:Value></ns2:Value></ns2:CustProperty><ns2:CustProperty><ns2:Code>C_ACCESSIBILITY_FLAG</ns2:Code><ns2:Value></ns2:Value></ns2:CustProperty><ns2:CustProperty><ns2:Code>C_CUST_BelToAreaID</ns2:Code><ns2:Value>101</ns2:Value></ns2:CustProperty><ns2:CustProperty><ns2:Code>C_CUST_ID</ns2:Code><ns2:Value>100040000000353662</ns2:Value></ns2:CustProperty></ns2:CustBasicInfo></ns3:CustInfo><ns3:IndividualInfo><ns2:IDType>6</ns2:IDType><ns2:IDNumber>582710820</ns2:IDNumber><ns2:FirstName>DARLIS B</ns2:FirstName><ns2:LastName>OMERO</ns2:LastName><ns2:HomePhone>31048"
17:28:49.705 [Test worker] DEBUG org.apache.http.wire -  << "27323</ns2:HomePhone><ns2:Email>prueba@gmail.com</ns2:Email><ns2:IndividualProperty><ns2:Code>C_MKT_P_STATUS</ns2:Code><ns2:Value>1</ns2:Value></ns2:IndividualProperty></ns3:IndividualInfo></ns3:UserCustomer></ns3:SubscriberInfo><ns3:PaymentMode>0</ns3:PaymentMode><ns3:PrimaryOffering><ns2:OfferingKey><ns2:OfferingID>110110367</ns2:OfferingID><ns2:PurchaseSeq>210241</ns2:PurchaseSeq></ns2:OfferingKey><ns2:BundledFlag>S</ns2:BundledFlag><ns2:OfferingClass>I</ns2:OfferingClass><ns2:Status>2</ns2:Status><ns2:ProductInst><ns2:ProductID>1010</ns2:ProductID><ns2:PrimaryFlag>A</ns2:PrimaryFlag><ns2:PackageFlag>A</ns2:PackageFlag><ns2:NetworkType>1</ns2:NetworkType><ns2:ProductType>4</ns2:ProductType></ns2:ProductInst><ns2:ProductInst><ns2:ProductID>1014</ns2:ProductID><ns2:PrimaryFlag>A</ns2:PrimaryFlag><ns2:PackageFlag>A</ns2:PackageFlag><ns2:NetworkType>1</ns2:NetworkType><ns2:ProductType>1</ns2:ProductType></ns2:ProductInst><ns2:ProductInst><ns2:ProductID>1042</ns2:ProductID><ns2:PrimaryFlag>A</ns2:PrimaryFlag><ns2:PackageFlag>A</ns2:PackageFlag><ns2:NetworkType>1</ns2:NetworkType><ns2:ProductType>1</ns2:ProductType></ns2:ProductInst><ns2:ProductInst><ns2:ProductID>1011</ns2:ProductID><ns2:PrimaryFlag>A</ns2:PrimaryFlag><ns2:PackageFlag>A</ns2:PackageFlag><ns2:NetworkType>1</ns2:NetworkType><ns2:ProductType>1</ns2:ProductType></ns2:ProductInst><ns2:ProductInst><ns2:ProductID>1822969218</ns2:ProductID><ns2:PrimaryFlag>A</ns2:PrimaryFlag><ns2:PackageFlag>A</ns2:PackageFlag><ns2:NetworkType>1</ns2:Ne"
17:28:49.706 [Test worker] DEBUG org.apache.http.wire -  << "[\r][\n]"
17:28:49.706 [Test worker] DEBUG org.apache.http.wire -  << "0074[\r][\n]"
17:28:49.706 [Test worker] DEBUG org.apache.http.wire -  << "tworkType><ns2:ProductType>1</ns2:ProductType></ns2:ProductInst><ns2:ProductInst><ns2:ProductID>1053</ns2:ProductID>"
17:28:49.706 [Test worker] DEBUG org.apache.http.wire -  << "[\r][\n]"
17:28:49.706 [Test worker] DEBUG org.apache.http.wire -  << "0fe8[\r][\n]"
17:28:49.706 [Test worker] DEBUG org.apache.http.wire -  << "<ns2:PrimaryFlag>M</ns2:PrimaryFlag><ns2:PackageFlag>A</ns2:PackageFlag><ns2:NetworkType>1</ns2:NetworkType><ns2:ProductType>1</ns2:ProductType></ns2:ProductInst></ns3:PrimaryOffering><ns3:SupplementaryOffering><ns2:OfferingKey><ns2:OfferingID>990000687</ns2:OfferingID><ns2:PurchaseSeq>1</ns2:PurchaseSeq></ns2:OfferingKey><ns2:BundledFlag>S</ns2:BundledFlag><ns2:OfferingClass>I</ns2:OfferingClass><ns2:Status>2</ns2:Status><ns3:EffectiveTime>20220520000000</ns3:EffectiveTime><ns3:ExpirationTime>20271212000000</ns3:ExpirationTime><ns3:ActivationMode>A</ns3:ActivationMode><ns3:ActivationTime>20220520000000</ns3:ActivationTime></ns3:SupplementaryOffering><ns3:SupplementaryOffering><ns2:OfferingKey><ns2:OfferingID>990000688</ns2:OfferingID><ns2:PurchaseSeq>1</ns2:PurchaseSeq></ns2:OfferingKey><ns2:BundledFlag>S</ns2:BundledFlag><ns2:OfferingClass>I</ns2:OfferingClass><ns2:Status>2</ns2:Status><ns3:Effe"
17:28:49.721 [Test worker] DEBUG org.apache.http.wire -  << "ctiveTime>20220520000000</ns3:EffectiveTime><ns3:ExpirationTime>20271212000000</ns3:ExpirationTime><ns3:ActivationMode>A</ns3:ActivationMode><ns3:ActivationTime>20220520000000</ns3:ActivationTime></ns3:SupplementaryOffering></ns3:Subscriber><ns3:Account><ns3:AcctKey>PRE-8920019242</ns3:AcctKey><ns3:AcctInfo><ns3:AcctCode>CBS100040000000353717</ns3:AcctCode><ns3:UserCustomerKey>CTA00000238806</ns3:UserCustomerKey><ns3:UserCustomer><ns3:CustKey>CTA00000238806</ns3:CustKey><ns3:CustInfo><ns2:CustType>1</ns2:CustType><ns2:CustNodeType>1</ns2:CustNodeType><ns2:CustClass>1</ns2:CustClass><ns2:CustCode>CBS100040000000353662</ns2:CustCode><ns2:CustBasicInfo><ns2:DFTWrittenLang>2002</ns2:DFTWrittenLang><ns2:DFTIVRLang>2002</ns2:DFTIVRLang><ns2:DunningFlag>1</ns2:DunningFlag><ns2:CustProperty><ns2:Code>C_Extend_Cust_Int_Attr8</ns2:Code><ns2:Value></ns2:Value></ns2:CustProperty><ns2:CustProperty><ns2:Code>C_CUSTOMER_TAX_RATE</ns2:Code><ns2:Value></ns2:Value></ns2:CustProperty><ns2:CustProperty><ns2:Code>C_Extend_Cust_Int_Attr9</ns2:Code><ns2:Value></ns2:Value></ns2:CustProperty><ns2:CustProperty><ns2:Code>C_CUST_BANKRUPTCY</ns2:Code><ns2:Value>N</ns2:Value></ns2:CustProperty><ns2:CustProperty><ns2:Code>C_Extend_Cust_Int_Attr10</ns2:Code><ns2:Value></ns2:Value></ns2:CustProperty><ns2:CustProperty><ns2:Code>C_Extend_Cust_Int_Attr4</ns2:Code><ns2:Value></ns2:Value></ns2:CustProperty><ns2:CustProperty><ns2:Code>C_Extend_Cust_Int_Attr5</ns2:Code><ns2:Value></ns2:Value></ns2:CustProperty><ns2:CustProperty><ns2:Code>C_Extend_Cust_Int_Attr6</ns2:Code><ns2:Value></ns2:Value></ns2:CustProperty><ns2:CustProperty><ns2:Code>C_Extend_Cust_Int_Attr7</ns2:Code><ns2:Value></ns2:Value></ns2:CustProperty><ns2:CustProperty><ns2:Code>C_LEGAL_CATEGORY</ns2:Code><ns2:Value></ns2:Value></ns2:CustProperty><ns2:CustProperty><ns2:Code>C_CONTRACT_ID</ns2:Code><ns2:Value></ns2:Value></ns2:CustProperty><ns2:CustProperty><ns2:Code>C_Extend_Cust_Int_Attr1</ns2:Code><ns2:Value></ns2:Value></ns2:CustProperty><ns2:CustProperty><ns2:Code>C_Extend_Cust_Int_Attr2</ns2:Code><ns2:Value></ns2:Value></ns2:CustProperty><ns2:CustProperty><ns2:Code>C_NEW_IC</ns2:Code><ns2:Value></ns2:Value></ns2:CustProperty><ns2:CustProperty><ns2:Code>C_Extend_Cust_Int_Attr3</ns2:Code><ns2:Value></ns2:Value></ns2:CustProperty><ns2:CustProperty><ns2:Code>C_REG_FLAG</ns2:Code><ns2:Value>N</ns2:Value></ns2:CustProperty><ns2:CustProperty><ns2:Code>C_NRC</ns2:Code><ns2:Value></ns2:Value></ns2:CustProperty><ns2:CustProperty><ns2:Code>C_CUST_CATEGORY</ns2:Code><ns2:Value></ns2:Value></ns2:CustProperty><ns2:CustProperty><ns2:Code>C_CUST_SALT</ns2:Code><ns2:Value>25D229BC6170A872</ns2:Value></ns2:CustProperty><ns2:CustProperty><ns2:Code>C_EXTERNAL_CUST_ID</ns2:Code><ns2:Value></ns2:Value></ns2:CustProperty><ns2:CustProperty><ns2:Code>C_FRAUD_FLAG</ns2:Code><ns2:Value>N</ns2:Value></ns2:CustProperty><ns2:CustProperty><ns2:Code>C_CUST_MEDIA_FLAG</ns2:Code><ns2:Value>N</ns2:Value></ns2:CustProperty><ns2:CustProperty><ns2:Code>C_TAX_PAYER_IDENTIFICATION_NO</ns2:Code><ns2:Value></ns2:Value></ns2:CustProperty><ns2:CustProperty><ns2:Code>C_CUST_DECEASED</ns2:Code><ns2:Value>N</ns2:Value></ns"
17:28:49.721 [Test worker] DEBUG org.apache.http.wire -  << "[\r][\n]"
17:28:49.721 [Test worker] DEBUG org.apache.http.wire -  << "0fe8[\r][\n]"
17:28:49.721 [Test worker] DEBUG org.apache.http.wire -  << "2:CustProperty><ns2:CustProperty><ns2:Code>C_EVENING_PHONE</ns2:Code><ns2:Value></ns2:Value></ns2:CustProperty><ns2:CustProperty><ns2:Code>C_Extend_Cust_Str_Attr5</ns2:Code><ns2:Value></ns2:Value></ns2:CustProperty><ns2:CustProperty><ns2:Code>C_Extend_Cust_Str_Attr4</ns2:Code><ns2:Value></ns2:Value></ns2:CustProperty><ns2:CustProperty><ns2:Code>C_Extend_Cust_Str_Attr3</ns2:Code><ns2:Value></ns2:Value></ns2:CustProperty><ns2:CustProperty><ns2:Code>C_Extend_Cust_Str_Attr2</ns2:Code><ns2:Value></ns2:Value></ns2:CustProperty><ns2:CustProperty><ns2:Code>C_DAYTIME_PHONE</ns2:Code><ns2:Value></ns2:Value></ns2:CustProperty><ns2:CustProperty><ns2:Code>C_Extend_Cust_Str_Attr9</ns2:Code><ns2:Value></ns2:Value></ns2:CustProperty><ns2:CustProperty><ns2:Code>C_Extend_Cust_Str_Attr8</ns2:Code><ns2:Value></ns2:Value></ns2:CustProperty><ns2:CustProperty><ns2:Code>C_CUST_MARKETING_CONSENT</ns2:Code><ns2:Value>N</ns2:Value></ns2:CustProperty><ns2:CustProperty><ns2:Code>C_Extend_Cust_Str_Attr7</ns2:Code><ns2:Value></ns2:Value></ns2:CustProperty><ns2:CustProperty><ns2:Code>C_Extend_Cust_Str_Attr6</ns2:Code><ns2:Value></ns2:Value></ns2:CustProperty><ns2:CustProperty><ns2:Code>C_OLD_IC</ns2:Code><ns2:Value></ns2:Value></ns2:CustProperty><ns2:CustProperty><ns2:Code>C_Extend_Cust_Str_Attr1</ns2:Code><ns2:Value></ns2:Value></ns2:CustProperty><ns2:CustProperty><ns2:Code>C_Extend_Cust_Str_Attr10</ns2:Code><ns2:Value></ns2:Value></ns2:CustProperty><ns2:CustProperty><ns2:Code>C_CUST_BILLSUM</ns2:Code><ns2:Value>0</ns2:Value></ns2:CustProperty><ns2:CustProperty><ns2:Code>C_CORP_CUST_SEGMENT</ns2:Code><ns2:Value></ns2:Value></ns2:CustProperty><ns2:CustProperty><ns2:Code>C_ACCESSIBILITY_FLAG</ns2:Code><ns2:Value></ns2:Value></ns2:CustProperty><ns2:CustProperty><ns2:Code>C_CUST_BelToAreaID</ns2:Code><ns2:Value>101</ns2:Value></ns2:CustProperty><ns2:CustProperty><ns2:Code>C_CUST_ID</ns2:Code><ns2:Value>100040000000353662</ns2:Value></ns2:CustProperty></ns2:CustBasicInfo></ns3:CustInfo><ns3:IndividualInfo><ns2:IDType>6</ns2:IDType><ns2:IDNumber>582710820</ns2:IDNumber><ns2:FirstName>DARLIS B</ns2:FirstName><ns2:LastName>OMERO</ns2:LastName><ns2:HomePhone>3104827323</ns2:HomePhone><ns2:Email>prueba@gmail.com</ns2:Email><ns2:IndividualProperty><ns2:Code>C_MKT_P_STATUS</ns2:Code><ns2:Value>1</ns2:Value></ns2:IndividualProperty></ns3:IndividualInfo></ns3:UserCustomer><ns3:RootAcctKey>PRE-8920019242</ns3:RootAcctKey><ns3:AcctBasicInfo><ns2:BillLang>2002</ns2:BillLang><ns2:DunningFlag>1</ns2:DunningFlag><ns2:LateFeeChargeable>N</ns2:LateFeeChargeable><ns2:RedlistFlag>0</ns2:RedlistFlag><ns2:ContactInfo><ns2:FirstName>DARLIS</ns2:FirstName><ns2:LastName>B  OMERO</ns2:LastName><ns2:AddressKey>cf9f1cd45034a0d4ecd83b6fe59821d7</ns2:AddressKey><ns2:HomePhone>3303000</ns2:HomePhone><ns2:MobilePhone>3046010569</ns2:MobilePhone><ns2:Email>pruebaAutomatizadaQA@gmail.com</ns2:Email></ns2:ContactInfo><ns2:AcctProperty><ns2:Code>C_ACCOUNT_INFO_5</ns2:Code><ns2:Value></ns2:Value></ns2:AcctProperty><ns2:AcctProperty><ns2:Code>C_GRP_IND_ACCT</ns2:Code><ns2:Value></ns2:Value></ns2:AcctProperty><ns2:AcctProperty><ns2:Code>C_INIT_BALANCE</ns2:Code><ns2:Value></ns2:Value></ns2:AcctProperty><ns2:AcctProperty><ns2:Code>C_ACCOUNT_INFO_3</ns2:Code><ns2:Value></ns2:Value></ns2:AcctProperty><ns2:AcctProperty><ns2:Code>C_ACCOUNT_INFO_4</ns2:Code><ns2:Value></ns2:Value></ns2:AcctProperty><ns2:AcctProperty><ns2:Code>C_Extend_Acct_Int_Attr1</ns2:Code><ns2:Value></ns2:Value></ns2:AcctProperty><ns2:AcctProperty><ns2:Code>C_Extend_Acct_Int_Attr2</ns2:Code><ns2:Value></ns2:Value></ns2:AcctProperty><ns2:AcctProperty><ns2:Code>C_Extend_Acct_Int_Attr3</ns2:Code><ns2:Value></ns2:Value></ns2:AcctProperty><ns2:AcctProperty><ns2:Code>C_POINT_ACCM_FLAG</ns2:Code><ns2:Value>1</ns2:Value></ns2:AcctProperty><ns2:AcctProperty><ns2:Code>C_RTN</ns2:Code><ns2:Value></ns2:Value></ns2:AcctProperty><ns2:AcctProperty><ns2:Code>C_BILLING_GROUP_NO</ns2:Code><ns2:Value></ns2:Value></ns2:AcctProperty><ns2:AcctProperty><ns2:Code>C_GRACE_PERIOD</ns2:Code><ns2:Value></ns2:Value></ns2:AcctProperty"
17:28:49.721 [Test worker] DEBUG org.apache.http.wire -  << "[\r][\n]"
17:28:49.721 [Test worker] DEBUG org.apache.http.wire -  << "0fe8[\r][\n]"
17:28:49.721 [Test worker] DEBUG org.apache.http.wire -  << "><ns2:AcctProperty><ns2:Code>C_BILL_TYPE</ns2:Code><ns2:Value>T</ns2:Value></ns2:AcctProperty><ns2:AcctProperty><ns2:Code>C_TAX_CORRELATIVE_TYPE</ns2:Code><ns2:Value></ns2:Value></ns2:AcctProperty><ns2:AcctProperty><ns2:Code>C_ACCOUNT_CATEGORY</ns2:Code><ns2:Value>0</ns2:Value></ns2:AcctProperty><ns2:AcctProperty><ns2:Code>C_IS_VPN_ACCT_SUSPEND</ns2:Code><ns2:Value>0</ns2:Value></ns2:AcctProperty><ns2:AcctProperty><ns2:Code>C_BUSINESS_TYPE</ns2:Code><ns2:Value>0</ns2:Value></ns2:AcctProperty><ns2:AcctProperty><ns2:Code>C_Extend_Acct_Int_Attr4</ns2:Code><ns2:Value></ns2:Value></ns2:AcctProperty><ns2:AcctProperty><ns2:Code>C_Extend_Acct_Int_Attr5</ns2:Code><ns2:Value></ns2:Value></ns2:AcctProperty><ns2:AcctProperty><ns2:Code>C_FRAUD_WRITEOFF_FLAG</ns2:Code><ns2:Value>N</ns2:Value></ns2:AcctProperty><ns2:AcctProperty><ns2:Code>C_Extend_Acct_Int_Attr6</ns2:Code><ns2:Value></ns2:Value></ns2:AcctProperty><ns2:AcctProperty><ns2:Code>C_Extend_Acct_Int_Attr7</ns2:Code><ns2:Value></ns2:Value></ns2:AcctProperty><ns2:AcctProperty><ns2:Code>C_IMG_IDX</ns2:Code><ns2:Value></ns2:Value></ns2:AcctProperty><ns2:AcctProperty><ns2:Code>C_Extend_Acct_Int_Attr8</ns2:Code><ns2:Value></ns2:Value></ns2:AcctProperty><ns2:AcctProperty><ns2:Code>C_ACCOUNT_INFO_1</ns2:Code><ns2:Value></ns2:Value></ns2:AcctProperty><ns2:AcctProperty><ns2:Code>C_MCF_SELECTED</ns2:Code><ns2:Value>1</ns2:Value></ns2:AcctProperty><ns2:AcctProperty><ns2:Code>C_Extend_Acct_Int_Attr9</ns2:Code><ns2:Value></ns2:Value></ns2:AcctProperty><ns2:AcctProperty><ns2:Code>C_VERIFICATION_DIGIT</ns2:Code><ns2:Value></ns2:Value></ns2:AcctProperty><ns2:AcctProperty><ns2:Code>C_ACCOUNT_INFO_2</ns2:Code><ns2:Value></ns2:Value></ns2:AcctProperty><ns2:AcctProperty><ns2:Code>C_PRI_SUB_ID</ns2:Code><ns2:Value></ns2:Value></ns2:AcctProperty><ns2:AcctProperty><ns2:Code>C_DVD_IDX</ns2:Code><ns2:Value>N</ns2:Value></ns2:AcctProperty><ns2:AcctProperty><ns2:Code>C_Extend_Acct_Str_Attr1</ns2:Code><ns2:Value></ns2:Value></ns2:AcctProperty><ns2:AcctProperty><ns2:Code>C_POINT_EXCHANGE_FLAG</ns2:Code><ns2:Value>0</ns2:Value></ns2:AcctProperty><ns2:AcctProperty><ns2:Code>C_ACCT_AUTOPAY_FAILCOUNTER</ns2:Code><ns2:Value>0</ns2:Value></ns2:AcctProperty><ns2:AcctProperty><ns2:Code>C_NIT</ns2:Code><ns2:Value></ns2:Value></ns2:AcctProperty><ns2:AcctProperty><ns2:Code>C_CONTRACT_NUMBER</ns2:Code><ns2:Value></ns2:Value></ns2:AcctProperty><ns2:AcctProperty><ns2:Code>C_PAY_INTIME_DATE</ns2:Code><ns2:Value></ns2:Value></ns2:AcctProperty><ns2:AcctProperty><ns2:Code>C_OVER_DRAFT_FOR_PREPAID</ns2:Code><ns2:Value></ns2:Value></ns2:AcctProperty><ns2:AcctProperty><ns2:Code>C_ACCOUNT_TAX_EXEMPTION</ns2:Code><ns2:Value>0</ns2:Value></ns2:AcctProperty><ns2:AcctProperty><ns2:Code>C_ACCT_BILLFLAG</ns2:Code><ns2:Value>0</ns2:Value></ns2:AcctProperty><ns2:AcctProperty><ns2:Code>C_DUNNING_EXCEPTION_LIST</ns2:Code><ns2:Value>0000</ns2:Value></ns2:AcctProperty><ns2:AcctProperty><ns2:Code>C_MARKETING_CATEGORY</ns2:Code><ns2:Value></ns2:Value></ns2:"
17:28:49.721 [Test worker] DEBUG org.apache.http.wire -  << "AcctProperty><ns2:AcctProperty><ns2:Code>C_SOCIETY</ns2:Code><ns2:Value></ns2:Value></ns2:AcctProperty><ns2:AcctProperty><ns2:Code>C_DDI_STATUS</ns2:Code><ns2:Value></ns2:Value></ns2:AcctProperty><ns2:AcctProperty><ns2:Code>C_Extend_Acct_Str_Attr10</ns2:Code><ns2:Value></ns2:Value></ns2:AcctProperty><ns2:AcctProperty><ns2:Code>C_Extend_Acct_Str_Attr9</ns2:Code><ns2:Value></ns2:Value></ns2:AcctProperty><ns2:AcctProperty><ns2:Code>C_ECONOMIC_STRATUM</ns2:Code><ns2:Value></ns2:Value></ns2:AcctProperty><ns2:AcctProperty><ns2:Code>C_Extend_Acct_Str_Attr8</ns2:Code><ns2:Value></ns2:Value></ns2:AcctProperty><ns2:AcctProperty><ns2:Code>C_Extend_Acct_Str_Attr7</ns2:Code><ns2:Value></ns2:Value></ns2:AcctProperty><ns2:AcctProperty><ns2:Code>C_Extend_Acct_Str_Attr6</ns2:Code><ns2:Value></ns2:Value></ns2:AcctProperty><ns2:AcctProperty><ns2:Code>C_Extend_Acct_Str_Attr5</ns2:Code><ns2:Value></ns2:Value></ns2:AcctProperty><ns2:AcctProperty><ns2:Code>C_BILL_CONFIRM</ns2:Code><ns2:Value>N</ns2:Value></ns2:AcctProperty><ns2:AcctProperty><ns2:Code>C_Extend_Acct_Str_Attr4</ns2:Code><ns2"
17:28:49.721 [Test worker] DEBUG org.apache.http.wire -  << "[\r][\n]"
17:28:49.721 [Test worker] DEBUG org.apache.http.wire -  << "005b[\r][\n]"
17:28:49.721 [Test worker] DEBUG org.apache.http.wire -  << ":Value></ns2:Value></ns2:AcctProperty><ns2:AcctProperty><ns2:Code>C_Extend_Acct_Str_Attr3</"
17:28:49.721 [Test worker] DEBUG org.apache.http.wire -  << "[\r][\n]"
17:28:49.721 [Test worker] DEBUG org.apache.http.wire -  << "0e98[\r][\n]"
17:28:49.721 [Test worker] DEBUG org.apache.http.wire -  << "ns2:Code><ns2:Value></ns2:Value></ns2:AcctProperty><ns2:AcctProperty><ns2:Code>C_ACCT_STATUS</ns2:Code><ns2:Value>0</ns2:Value></ns2:AcctProperty><ns2:AcctProperty><ns2:Code>C_Extend_Acct_Str_Attr2</ns2:Code><ns2:Value></ns2:Value></ns2:AcctProperty><ns2:AcctProperty><ns2:Code>C_Extend_Acct_Int_Attr10</ns2:Code><ns2:Value></ns2:Value></ns2:AcctProperty><ns2:AcctProperty><ns2:Code>C_ACCOUNT_RELIABILITY</ns2:Code><ns2:Value></ns2:Value></ns2:AcctProperty><ns2:AcctProperty><ns2:Code>C_COLLECTION_CATEGORY</ns2:Code><ns2:Value></ns2:Value></ns2:AcctProperty><ns2:AcctProperty><ns2:Code>C_CITY</ns2:Code><ns2:Value>20621</ns2:Value></ns2:AcctProperty><ns2:AcctProperty><ns2:Code>C_ACCOUNT_MANDATE_CODE</ns2:Code><ns2:Value></ns2:Value></ns2:AcctProperty><ns2:AcctProperty><ns2:Code>C_PROVINCE</ns2:Code><ns2:Value>20</ns2:Value></ns2:AcctProperty><ns2:AcctProperty><ns2:Code>C_RFC</ns2:Code><ns2:Value></ns2:Value></ns2:AcctProperty><ns2:AcctProperty><ns2:Code>C_CLAIM_FLAG</ns2:Code><ns2:Value>N</ns2:Value></ns2:AcctProperty><ns2:AcctProperty><ns2:Code>C_ROUTEID</ns2:Code><ns2:Value></ns2:Value></ns2:AcctProperty><ns2:AcctProperty><ns2:Code>C_SUC_AUTOPAY_DATE</ns2:Code><ns2:Value></ns2:Value></ns2:AcctProperty><ns2:AcctProperty><ns2:Code>C_POINT_DISTRIBUTE_RATE</ns2:Code><ns2:Value>0</ns2:Value></ns2:AcctProperty><ns2:AcctProperty><ns2:Code>C_ROAM_ACCT_ORDER_SEND"
17:28:49.725 [Test worker] DEBUG org.apache.http.wire -  << "</ns2:Code><ns2:Value>0</ns2:Value></ns2:AcctProperty><ns2:AcctProperty><ns2:Code>C_DD_REFERENCE</ns2:Code><ns2:Value></ns2:Value></ns2:AcctProperty><ns2:AcctProperty><ns2:Code>C_TERRITORY</ns2:Code><ns2:Value></ns2:Value></ns2:AcctProperty><ns2:AcctProperty><ns2:Code>C_CHG_ACCT_STATUS</ns2:Code><ns2:Value>0</ns2:Value></ns2:AcctProperty><ns2:AcctProperty><ns2:Code>C_DUE_DATE_TYPE</ns2:Code><ns2:Value></ns2:Value></ns2:AcctProperty><ns2:AcctProperty><ns2:Code>C_CREDIT_RECALCULATION_FLAG</ns2:Code><ns2:Value>N</ns2:Value></ns2:AcctProperty><ns2:AcctProperty><ns2:Code>C_BUSINESS_UNIT</ns2:Code><ns2:Value></ns2:Value></ns2:AcctProperty><ns2:AcctProperty><ns2:Code>C_OTHER_CARRIER</ns2:Code><ns2:Value>0</ns2:Value></ns2:AcctProperty><ns2:AcctProperty><ns2:Code>C_LATEFEE_FLAG</ns2:Code><ns2:Value>N</ns2:Value></ns2:AcctProperty><ns2:AcctProperty><ns2:Code>C_REF_A</ns2:Code><ns2:Value></ns2:Value></ns2:AcctProperty><ns2:AcctProperty><ns2:Code>OverDraftForPrepaid</ns2:Code><ns2:Value>0</ns2:Value></ns2:AcctProperty><ns2:AcctProperty><ns2:Code>C_BILL_DISPATCH_CODE</ns2:Code><ns2:Value></ns2:Value></ns2:AcctProperty><ns2:AcctProperty><ns2:Code>C_REF_B</ns2:Code><ns2:Value></ns2:Value></ns2:AcctProperty><ns2:AcctProperty><ns2:Code>C_ACCTCYCLELENGTH</ns2:Code><ns2:Value>1</ns2:Value></ns2:AcctProperty><ns2:AcctProperty><ns2:Code>C_PRI_SUB_IDENTIFIER</ns2:Code><ns2:Value></ns2:Value></ns2:AcctProperty><ns2:AcctProperty><ns2:Code>C_DCA_NAME</ns2:Code><ns2:Value></ns2:Value></ns2:AcctProperty><ns2:AcctProperty><ns2:Code>C_ACCT_ID</ns2:Code><ns2:Value>100040000000353717</ns2:Value></ns2:AcctProperty></ns3:AcctBasicInfo><ns3:BillCycleType>20</ns3:BillCycleType><ns3:AcctType>1</ns3:AcctType><ns3:PaymentType>0</ns3:PaymentType><ns3:AcctClass>1</ns3:AcctClass><ns3:CurrencyID>1032</ns3:CurrencyID><ns3:AcctPayMethod>1</ns3:AcctPayMethod><ns3:AddressInfo><ns2:AddressKey>cf9f1cd45034a0d4ecd83b6fe59821d7</ns2:AddressKey><ns2:Address1>cra 1 bis </ns2:Address1><ns2:Address5>LA PAZ</ns2:Address5><ns2:Address6>Cesar</ns2:Address6><ns2:Address7>Centro</ns2:Address7><ns2:Address8>Colombia</ns2:Address8></ns3:AddressInfo><ns3:BillCycleOpenDate>20220420000000</ns3:BillCycleOpenDate><ns3:BillCycleEndDate>20220520000000</ns3:BillCycleEndDate></ns3:AcctInfo></ns3:Account></QueryCustomerInfoResult></return></ns4:queryCustomerInfoResponse></S:Body></S:Envelope>"
17:28:49.725 [Test worker] DEBUG org.apache.http.wire -  << "[\r][\n]"
17:28:49.725 [Test worker] DEBUG org.apache.http.wire -  << "0000[\r][\n]"
17:28:49.725 [Test worker] DEBUG org.apache.http.wire -  << "[\r][\n]"
17:28:49.725 [Test worker] DEBUG org.apache.http.impl.conn.BasicClientConnectionManager - Releasing connection org.apache.http.impl.conn.ManagedClientConnectionImpl@40a45200
17:28:49.725 [Test worker] DEBUG org.apache.http.impl.conn.BasicClientConnectionManager - Connection can be kept alive indefinitely
17:28:49.735 [Test worker] DEBUG org.apache.http.impl.conn.BasicClientConnectionManager - Get connection for route {}->http://10.65.45.12:9001
17:28:49.735 [Test worker] DEBUG org.apache.http.impl.conn.DefaultClientConnectionOperator - Connecting to 10.65.45.12:9001
17:28:49.786 [Test worker] DEBUG org.apache.http.client.protocol.RequestAddCookies - CookieSpec selected: ignoreCookies
17:28:49.786 [Test worker] DEBUG org.apache.http.client.protocol.RequestAuthCache - Auth cache not set in the context
17:28:49.786 [Test worker] DEBUG org.apache.http.client.protocol.RequestTargetAuthentication - Target auth state: UNCHALLENGED
17:28:49.786 [Test worker] DEBUG org.apache.http.client.protocol.RequestProxyAuthentication - Proxy auth state: UNCHALLENGED
17:28:49.786 [Test worker] DEBUG org.apache.http.impl.client.DefaultHttpClient - Attempt 1 to execute request
17:28:49.786 [Test worker] DEBUG org.apache.http.impl.conn.DefaultClientConnection - Sending request: POST /gatewaymgint/GatewayMGWSInt HTTP/1.1
17:28:49.787 [Test worker] DEBUG org.apache.http.wire -  >> "POST /gatewaymgint/GatewayMGWSInt HTTP/1.1[\r][\n]"
17:28:49.787 [Test worker] DEBUG org.apache.http.wire -  >> "Accept: */*[\r][\n]"
17:28:49.787 [Test worker] DEBUG org.apache.http.wire -  >> "Content-Type: text/xml;charset=UTF-8[\r][\n]"
17:28:49.787 [Test worker] DEBUG org.apache.http.wire -  >> "Content-Length: 479[\r][\n]"
17:28:49.787 [Test worker] DEBUG org.apache.http.wire -  >> "Host: 10.65.45.12:9001[\r][\n]"
17:28:49.787 [Test worker] DEBUG org.apache.http.wire -  >> "Connection: Keep-Alive[\r][\n]"
17:28:49.787 [Test worker] DEBUG org.apache.http.wire -  >> "User-Agent: Apache-HttpClient/4.5.9 (Java/1.8.0_291)[\r][\n]"
17:28:49.787 [Test worker] DEBUG org.apache.http.wire -  >> "Accept-Encoding: gzip,deflate[\r][\n]"
17:28:49.787 [Test worker] DEBUG org.apache.http.wire -  >> "[\r][\n]"
17:28:49.787 [Test worker] DEBUG org.apache.http.headers - >> POST /gatewaymgint/GatewayMGWSInt HTTP/1.1
17:28:49.787 [Test worker] DEBUG org.apache.http.headers - >> Accept: */*
17:28:49.787 [Test worker] DEBUG org.apache.http.headers - >> Content-Type: text/xml;charset=UTF-8
17:28:49.787 [Test worker] DEBUG org.apache.http.headers - >> Content-Length: 479
17:28:49.787 [Test worker] DEBUG org.apache.http.headers - >> Host: 10.65.45.12:9001
17:28:49.787 [Test worker] DEBUG org.apache.http.headers - >> Connection: Keep-Alive
17:28:49.787 [Test worker] DEBUG org.apache.http.headers - >> User-Agent: Apache-HttpClient/4.5.9 (Java/1.8.0_291)
17:28:49.787 [Test worker] DEBUG org.apache.http.headers - >> Accept-Encoding: gzip,deflate
17:28:49.787 [Test worker] DEBUG org.apache.http.wire -  >> "<soapenv:Envelope xmlns:soapenv="http://schemas.xmlsoap.org/soap/envelope/" xmlns:web="http://webservices.gatewaymg.tigo.com.co/">[\n]"
17:28:49.787 [Test worker] DEBUG org.apache.http.wire -  >> "   <soapenv:Header/>[\n]"
17:28:49.787 [Test worker] DEBUG org.apache.http.wire -  >> "   <soapenv:Body>[\n]"
17:28:49.787 [Test worker] DEBUG org.apache.http.wire -  >> "      <web:uninstallSubscription>[\n]"
17:28:49.787 [Test worker] DEBUG org.apache.http.wire -  >> "         <!--Optional:-->[\n]"
17:28:49.787 [Test worker] DEBUG org.apache.http.wire -  >> "         <arg0>[\n]"
17:28:49.787 [Test worker] DEBUG org.apache.http.wire -  >> "            <!--Optional:-->[\n]"
17:28:49.787 [Test worker] DEBUG org.apache.http.wire -  >> "            <msisdn>3046010569</msisdn>[\n]"
17:28:49.787 [Test worker] DEBUG org.apache.http.wire -  >> "            <!--Optional:-->[\n]"
17:28:49.787 [Test worker] DEBUG org.apache.http.wire -  >> "            <transactionId>?</transactionId>[\n]"
17:28:49.787 [Test worker] DEBUG org.apache.http.wire -  >> "         </arg0>[\n]"
17:28:49.787 [Test worker] DEBUG org.apache.http.wire -  >> "      </web:uninstallSubscription>[\n]"
17:28:49.787 [Test worker] DEBUG org.apache.http.wire -  >> "   </soapenv:Body>[\n]"
17:28:49.787 [Test worker] DEBUG org.apache.http.wire -  >> "</soapenv:Envelope>"
17:28:49.969 [Test worker] DEBUG org.apache.http.wire -  << "HTTP/1.1 200 OK[\r][\n]"
17:28:49.969 [Test worker] DEBUG org.apache.http.wire -  << "Date: Thu, 19 May 2022 22:28:52 GMT[\r][\n]"
17:28:49.969 [Test worker] DEBUG org.apache.http.wire -  << "Transfer-Encoding: chunked[\r][\n]"
17:28:49.969 [Test worker] DEBUG org.apache.http.wire -  << "Content-Type: text/xml; charset=utf-8[\r][\n]"
17:28:49.969 [Test worker] DEBUG org.apache.http.wire -  << "[\r][\n]"
17:28:49.970 [Test worker] DEBUG org.apache.http.impl.conn.DefaultClientConnection - Receiving response: HTTP/1.1 200 OK
17:28:49.970 [Test worker] DEBUG org.apache.http.headers - << HTTP/1.1 200 OK
17:28:49.970 [Test worker] DEBUG org.apache.http.headers - << Date: Thu, 19 May 2022 22:28:52 GMT
17:28:49.970 [Test worker] DEBUG org.apache.http.headers - << Transfer-Encoding: chunked
17:28:49.970 [Test worker] DEBUG org.apache.http.headers - << Content-Type: text/xml; charset=utf-8
17:28:49.970 [Test worker] DEBUG org.apache.http.impl.client.DefaultHttpClient - Connection can be kept alive indefinitely
17:28:49.970 [Test worker] DEBUG io.restassured.internal.RequestSpecificationImpl$RestAssuredHttpBuilder - Parsing response as: text/xml; charset=utf-8
17:28:49.970 [Test worker] DEBUG io.restassured.internal.RequestSpecificationImpl$RestAssuredHttpBuilder - Parsed data to instance of: class org.apache.http.conn.EofSensorInputStream
17:28:49.972 [Test worker] DEBUG org.apache.http.wire -  << "006e[\r][\n]"
17:28:49.972 [Test worker] DEBUG org.apache.http.wire -  << "<?xml version='1.0' encoding='UTF-8'?><S:Envelope xmlns:S="http://schemas.xmlsoap.org/soap/envelope/"><S:Body>"
17:28:49.972 [Test worker] DEBUG org.apache.http.wire -  << "[\r][\n]"
17:28:49.972 [Test worker] DEBUG org.apache.http.wire -  << "00df[\r][\n]"
17:28:49.973 [Test worker] DEBUG org.apache.http.wire -  << "<ns2:uninstallSubscriptionResponse xmlns:ns2="http://webservices.gatewaymg.tigo.com.co/"><return><authorizationNumber>9332568730031128</authorizationNumber></return></ns2:uninstallSubscriptionResponse></S:Body></S:Envelope>"
17:28:49.973 [Test worker] DEBUG org.apache.http.wire -  << "[\r][\n]"
17:28:49.973 [Test worker] DEBUG org.apache.http.wire -  << "0000[\r][\n]"
17:28:49.973 [Test worker] DEBUG org.apache.http.wire -  << "[\r][\n]"
17:28:49.973 [Test worker] DEBUG org.apache.http.impl.conn.BasicClientConnectionManager - Releasing connection org.apache.http.impl.conn.ManagedClientConnectionImpl@1f3257a7
17:28:49.973 [Test worker] DEBUG org.apache.http.impl.conn.BasicClientConnectionManager - Connection can be kept alive indefinitely
se ejecuta correctamente DB Activator
17:28:50.647 [Finalizer] DEBUG org.apache.http.impl.conn.DefaultClientConnection - Connection 0.0.0.0:65268<->10.65.45.12:9001 closed
17:28:50.648 [Finalizer] DEBUG org.apache.http.impl.conn.DefaultClientConnection - Connection 0.0.0.0:65269<->10.65.45.12:9001 closed
se ejecuta correctamente  DB EPOS
se ejecuta correctamente DB Siebel
se ejecuta correctamente DB Postale
17:28:55.555 [Test worker] DEBUG org.apache.http.impl.conn.BasicClientConnectionManager - Get connection for route {}->http://10.65.45.12:9001
17:28:55.555 [Test worker] DEBUG org.apache.http.impl.conn.DefaultClientConnectionOperator - Connecting to 10.65.45.12:9001
17:28:55.609 [Test worker] DEBUG org.apache.http.client.protocol.RequestAddCookies - CookieSpec selected: ignoreCookies
17:28:55.609 [Test worker] DEBUG org.apache.http.client.protocol.RequestAuthCache - Auth cache not set in the context
17:28:55.609 [Test worker] DEBUG org.apache.http.client.protocol.RequestTargetAuthentication - Target auth state: UNCHALLENGED
17:28:55.609 [Test worker] DEBUG org.apache.http.client.protocol.RequestProxyAuthentication - Proxy auth state: UNCHALLENGED
17:28:55.609 [Test worker] DEBUG org.apache.http.impl.client.DefaultHttpClient - Attempt 1 to execute request
17:28:55.609 [Test worker] DEBUG org.apache.http.impl.conn.DefaultClientConnection - Sending request: POST /gatewaycbs/BcServicesInt HTTP/1.1
17:28:55.609 [Test worker] DEBUG org.apache.http.wire -  >> "POST /gatewaycbs/BcServicesInt HTTP/1.1[\r][\n]"
17:28:55.609 [Test worker] DEBUG org.apache.http.wire -  >> "Accept: */*[\r][\n]"
17:28:55.609 [Test worker] DEBUG org.apache.http.wire -  >> "Content-Type: text/xml;charset=UTF-8[\r][\n]"
17:28:55.609 [Test worker] DEBUG org.apache.http.wire -  >> "Content-Length: 748[\r][\n]"
17:28:55.609 [Test worker] DEBUG org.apache.http.wire -  >> "Host: 10.65.45.12:9001[\r][\n]"
17:28:55.609 [Test worker] DEBUG org.apache.http.wire -  >> "Connection: Keep-Alive[\r][\n]"
17:28:55.609 [Test worker] DEBUG org.apache.http.wire -  >> "User-Agent: Apache-HttpClient/4.5.9 (Java/1.8.0_291)[\r][\n]"
17:28:55.609 [Test worker] DEBUG org.apache.http.wire -  >> "Accept-Encoding: gzip,deflate[\r][\n]"
17:28:55.609 [Test worker] DEBUG org.apache.http.wire -  >> "[\r][\n]"
17:28:55.609 [Test worker] DEBUG org.apache.http.headers - >> POST /gatewaycbs/BcServicesInt HTTP/1.1
17:28:55.609 [Test worker] DEBUG org.apache.http.headers - >> Accept: */*
17:28:55.609 [Test worker] DEBUG org.apache.http.headers - >> Content-Type: text/xml;charset=UTF-8
17:28:55.609 [Test worker] DEBUG org.apache.http.headers - >> Content-Length: 748
17:28:55.609 [Test worker] DEBUG org.apache.http.headers - >> Host: 10.65.45.12:9001
17:28:55.609 [Test worker] DEBUG org.apache.http.headers - >> Connection: Keep-Alive
17:28:55.609 [Test worker] DEBUG org.apache.http.headers - >> User-Agent: Apache-HttpClient/4.5.9 (Java/1.8.0_291)
17:28:55.610 [Test worker] DEBUG org.apache.http.headers - >> Accept-Encoding: gzip,deflate
17:28:55.610 [Test worker] DEBUG org.apache.http.wire -  >> "<soapenv:Envelope xmlns:bcc="http://www.huawei.com/bme/cbsinterface/bccommon" xmlns:bcs="http://www.huawei.com/bme/cbsinterface/bcservices" xmlns:ws="http://ws.web.gatewaycbs.tigo.com.co/" xmlns:soapenv="http://schemas.xmlsoap.org/soap/envelope/">[\n]"
17:28:55.610 [Test worker] DEBUG org.apache.http.wire -  >> "   <soapenv:Header/>[\n]"
17:28:55.610 [Test worker] DEBUG org.apache.http.wire -  >> "   <soapenv:Body>[\n]"
17:28:55.610 [Test worker] DEBUG org.apache.http.wire -  >> "      <ws:queryCustomerInfo>[\n]"
17:28:55.610 [Test worker] DEBUG org.apache.http.wire -  >> "         <!--Optional:-->[\n]"
17:28:55.610 [Test worker] DEBUG org.apache.http.wire -  >> "         <QueryCustomerInfoRequest>[\n]"
17:28:55.610 [Test worker] DEBUG org.apache.http.wire -  >> "            <bcs:QueryObj>[\n]"
17:28:55.610 [Test worker] DEBUG org.apache.http.wire -  >> "               <!--Optional:-->[\n]"
17:28:55.610 [Test worker] DEBUG org.apache.http.wire -  >> "               <bcs:SubAccessCode>[\n]"
17:28:55.610 [Test worker] DEBUG org.apache.http.wire -  >> "                  <!--Optional:-->[\n]"
17:28:55.610 [Test worker] DEBUG org.apache.http.wire -  >> "                  <bcc:PrimaryIdentity>3045981670</bcc:PrimaryIdentity>[\n]"
17:28:55.610 [Test worker] DEBUG org.apache.http.wire -  >> "               </bcs:SubAccessCode>[\n]"
17:28:55.610 [Test worker] DEBUG org.apache.http.wire -  >> "            </bcs:QueryObj>[\n]"
17:28:55.611 [Test worker] DEBUG org.apache.http.wire -  >> "         </QueryCustomerInfoRequest>[\n]"
17:28:55.611 [Test worker] DEBUG org.apache.http.wire -  >> "      </ws:queryCustomerInfo>[\n]"
17:28:55.611 [Test worker] DEBUG org.apache.http.wire -  >> "   </soapenv:Body>[\n]"
17:28:55.611 [Test worker] DEBUG org.apache.http.wire -  >> "</soapenv:Envelope>"
17:28:55.698 [Test worker] DEBUG org.apache.http.wire -  << "HTTP/1.1 200 OK[\r][\n]"
17:28:55.698 [Test worker] DEBUG org.apache.http.wire -  << "Date: Thu, 19 May 2022 22:28:58 GMT[\r][\n]"
17:28:55.698 [Test worker] DEBUG org.apache.http.wire -  << "Transfer-Encoding: chunked[\r][\n]"
17:28:55.698 [Test worker] DEBUG org.apache.http.wire -  << "Content-Type: text/xml; charset=utf-8[\r][\n]"
17:28:55.698 [Test worker] DEBUG org.apache.http.wire -  << "[\r][\n]"
17:28:55.698 [Test worker] DEBUG org.apache.http.impl.conn.DefaultClientConnection - Receiving response: HTTP/1.1 200 OK
17:28:55.698 [Test worker] DEBUG org.apache.http.headers - << HTTP/1.1 200 OK
17:28:55.699 [Test worker] DEBUG org.apache.http.headers - << Date: Thu, 19 May 2022 22:28:58 GMT
17:28:55.699 [Test worker] DEBUG org.apache.http.headers - << Transfer-Encoding: chunked
17:28:55.699 [Test worker] DEBUG org.apache.http.headers - << Content-Type: text/xml; charset=utf-8
17:28:55.699 [Test worker] DEBUG org.apache.http.impl.client.DefaultHttpClient - Connection can be kept alive indefinitely
17:28:55.699 [Test worker] DEBUG io.restassured.internal.RequestSpecificationImpl$RestAssuredHttpBuilder - Parsing response as: text/xml; charset=utf-8
17:28:55.699 [Test worker] DEBUG io.restassured.internal.RequestSpecificationImpl$RestAssuredHttpBuilder - Parsed data to instance of: class org.apache.http.conn.EofSensorInputStream
17:28:55.700 [Test worker] DEBUG org.apache.http.wire -  << "006e[\r][\n]"
17:28:55.700 [Test worker] DEBUG org.apache.http.wire -  << "<?xml version='1.0' encoding='UTF-8'?><S:Envelope xmlns:S="http://schemas.xmlsoap.org/soap/envelope/"><S:Body>"
17:28:55.700 [Test worker] DEBUG org.apache.http.wire -  << "[\r][\n]"
17:28:55.700 [Test worker] DEBUG org.apache.http.wire -  << "01f8[\r][\n]"
17:28:55.700 [Test worker] DEBUG org.apache.http.wire -  << "<ns4:queryCustomerInfoResponse xmlns:ns2="http://www.huawei.com/bme/cbsinterface/bccommon" xmlns:ns3="http://www.huawei.com/bme/cbsinterface/bcservices" xmlns:ns4="http://ws.web.gatewaycbs.tigo.com.co/" xmlns:ns5="http://www.huawei.com/bme/cbsinterface/cbscommon"><return><ResultHeader><ns5:Version>1</ns5:Version><ns5:ResultCode>118030260</ns5:ResultCode><ns5:ResultDesc>Subscriber 3045981670 does not exist.</ns5:ResultDesc></ResultHeader></return></ns4:queryCustomerInfoResponse></S:Body></S:Envelope>"
17:28:55.700 [Test worker] DEBUG org.apache.http.wire -  << "[\r][\n]"
17:28:55.700 [Test worker] DEBUG org.apache.http.wire -  << "0000[\r][\n]"
17:28:55.700 [Test worker] DEBUG org.apache.http.wire -  << "[\r][\n]"
17:28:55.700 [Test worker] DEBUG org.apache.http.impl.conn.BasicClientConnectionManager - Releasing connection org.apache.http.impl.conn.ManagedClientConnectionImpl@5d14e0c
17:28:55.700 [Test worker] DEBUG org.apache.http.impl.conn.BasicClientConnectionManager - Connection can be kept alive indefinitely
La linea 3045981670 no esta activa
se ejecuta correctamente DB Activator
se ejecuta correctamente  DB EPOS
se ejecuta correctamente DB Siebel
se ejecuta correctamente DB Postale
17:29:01.315 [Test worker] DEBUG org.apache.http.impl.conn.BasicClientConnectionManager - Get connection for route {}->http://10.65.45.12:9001
17:29:01.315 [Test worker] DEBUG org.apache.http.impl.conn.DefaultClientConnectionOperator - Connecting to 10.65.45.12:9001
17:29:01.364 [Test worker] DEBUG org.apache.http.client.protocol.RequestAddCookies - CookieSpec selected: ignoreCookies
17:29:01.364 [Test worker] DEBUG org.apache.http.client.protocol.RequestAuthCache - Auth cache not set in the context
17:29:01.364 [Test worker] DEBUG org.apache.http.client.protocol.RequestTargetAuthentication - Target auth state: UNCHALLENGED
17:29:01.364 [Test worker] DEBUG org.apache.http.client.protocol.RequestProxyAuthentication - Proxy auth state: UNCHALLENGED
17:29:01.364 [Test worker] DEBUG org.apache.http.impl.client.DefaultHttpClient - Attempt 1 to execute request
17:29:01.364 [Test worker] DEBUG org.apache.http.impl.conn.DefaultClientConnection - Sending request: POST /gatewaycbs/BcServicesInt HTTP/1.1
17:29:01.364 [Test worker] DEBUG org.apache.http.wire -  >> "POST /gatewaycbs/BcServicesInt HTTP/1.1[\r][\n]"
17:29:01.364 [Test worker] DEBUG org.apache.http.wire -  >> "Accept: */*[\r][\n]"
17:29:01.365 [Test worker] DEBUG org.apache.http.wire -  >> "Content-Type: text/xml;charset=UTF-8[\r][\n]"
17:29:01.365 [Test worker] DEBUG org.apache.http.wire -  >> "Content-Length: 748[\r][\n]"
17:29:01.365 [Test worker] DEBUG org.apache.http.wire -  >> "Host: 10.65.45.12:9001[\r][\n]"
17:29:01.365 [Test worker] DEBUG org.apache.http.wire -  >> "Connection: Keep-Alive[\r][\n]"
17:29:01.365 [Test worker] DEBUG org.apache.http.wire -  >> "User-Agent: Apache-HttpClient/4.5.9 (Java/1.8.0_291)[\r][\n]"
17:29:01.365 [Test worker] DEBUG org.apache.http.wire -  >> "Accept-Encoding: gzip,deflate[\r][\n]"
17:29:01.365 [Test worker] DEBUG org.apache.http.wire -  >> "[\r][\n]"
17:29:01.365 [Test worker] DEBUG org.apache.http.headers - >> POST /gatewaycbs/BcServicesInt HTTP/1.1
17:29:01.365 [Test worker] DEBUG org.apache.http.headers - >> Accept: */*
17:29:01.365 [Test worker] DEBUG org.apache.http.headers - >> Content-Type: text/xml;charset=UTF-8
17:29:01.365 [Test worker] DEBUG org.apache.http.headers - >> Content-Length: 748
17:29:01.365 [Test worker] DEBUG org.apache.http.headers - >> Host: 10.65.45.12:9001
17:29:01.365 [Test worker] DEBUG org.apache.http.headers - >> Connection: Keep-Alive
17:29:01.365 [Test worker] DEBUG org.apache.http.headers - >> User-Agent: Apache-HttpClient/4.5.9 (Java/1.8.0_291)
17:29:01.365 [Test worker] DEBUG org.apache.http.headers - >> Accept-Encoding: gzip,deflate
17:29:01.365 [Test worker] DEBUG org.apache.http.wire -  >> "<soapenv:Envelope xmlns:bcc="http://www.huawei.com/bme/cbsinterface/bccommon" xmlns:bcs="http://www.huawei.com/bme/cbsinterface/bcservices" xmlns:ws="http://ws.web.gatewaycbs.tigo.com.co/" xmlns:soapenv="http://schemas.xmlsoap.org/soap/envelope/">[\n]"
17:29:01.365 [Test worker] DEBUG org.apache.http.wire -  >> "   <soapenv:Header/>[\n]"
17:29:01.365 [Test worker] DEBUG org.apache.http.wire -  >> "   <soapenv:Body>[\n]"
17:29:01.365 [Test worker] DEBUG org.apache.http.wire -  >> "      <ws:queryCustomerInfo>[\n]"
17:29:01.365 [Test worker] DEBUG org.apache.http.wire -  >> "         <!--Optional:-->[\n]"
17:29:01.365 [Test worker] DEBUG org.apache.http.wire -  >> "         <QueryCustomerInfoRequest>[\n]"
17:29:01.365 [Test worker] DEBUG org.apache.http.wire -  >> "            <bcs:QueryObj>[\n]"
17:29:01.366 [Test worker] DEBUG org.apache.http.wire -  >> "               <!--Optional:-->[\n]"
17:29:01.366 [Test worker] DEBUG org.apache.http.wire -  >> "               <bcs:SubAccessCode>[\n]"
17:29:01.366 [Test worker] DEBUG org.apache.http.wire -  >> "                  <!--Optional:-->[\n]"
17:29:01.366 [Test worker] DEBUG org.apache.http.wire -  >> "                  <bcc:PrimaryIdentity>3046010523</bcc:PrimaryIdentity>[\n]"
17:29:01.366 [Test worker] DEBUG org.apache.http.wire -  >> "               </bcs:SubAccessCode>[\n]"
17:29:01.366 [Test worker] DEBUG org.apache.http.wire -  >> "            </bcs:QueryObj>[\n]"
17:29:01.366 [Test worker] DEBUG org.apache.http.wire -  >> "         </QueryCustomerInfoRequest>[\n]"
17:29:01.366 [Test worker] DEBUG org.apache.http.wire -  >> "      </ws:queryCustomerInfo>[\n]"
17:29:01.366 [Test worker] DEBUG org.apache.http.wire -  >> "   </soapenv:Body>[\n]"
17:29:01.366 [Test worker] DEBUG org.apache.http.wire -  >> "</soapenv:Envelope>"
17:29:01.458 [Test worker] DEBUG org.apache.http.wire -  << "HTTP/1.1 200 OK[\r][\n]"
17:29:01.458 [Test worker] DEBUG org.apache.http.wire -  << "Date: Thu, 19 May 2022 22:29:04 GMT[\r][\n]"
17:29:01.458 [Test worker] DEBUG org.apache.http.wire -  << "Transfer-Encoding: chunked[\r][\n]"
17:29:01.458 [Test worker] DEBUG org.apache.http.wire -  << "Content-Type: text/xml; charset=utf-8[\r][\n]"
17:29:01.458 [Test worker] DEBUG org.apache.http.wire -  << "[\r][\n]"
17:29:01.458 [Test worker] DEBUG org.apache.http.impl.conn.DefaultClientConnection - Receiving response: HTTP/1.1 200 OK
17:29:01.458 [Test worker] DEBUG org.apache.http.headers - << HTTP/1.1 200 OK
17:29:01.458 [Test worker] DEBUG org.apache.http.headers - << Date: Thu, 19 May 2022 22:29:04 GMT
17:29:01.458 [Test worker] DEBUG org.apache.http.headers - << Transfer-Encoding: chunked
17:29:01.458 [Test worker] DEBUG org.apache.http.headers - << Content-Type: text/xml; charset=utf-8
17:29:01.458 [Test worker] DEBUG org.apache.http.impl.client.DefaultHttpClient - Connection can be kept alive indefinitely
17:29:01.459 [Test worker] DEBUG io.restassured.internal.RequestSpecificationImpl$RestAssuredHttpBuilder - Parsing response as: text/xml; charset=utf-8
17:29:01.459 [Test worker] DEBUG io.restassured.internal.RequestSpecificationImpl$RestAssuredHttpBuilder - Parsed data to instance of: class org.apache.http.conn.EofSensorInputStream
17:29:01.460 [Test worker] DEBUG org.apache.http.wire -  << "006e[\r][\n]"
17:29:01.460 [Test worker] DEBUG org.apache.http.wire -  << "<?xml version='1.0' encoding='UTF-8'?><S:Envelope xmlns:S="http://schemas.xmlsoap.org/soap/envelope/"><S:Body>"
17:29:01.460 [Test worker] DEBUG org.apache.http.wire -  << "[\r][\n]"
17:29:01.460 [Test worker] DEBUG org.apache.http.wire -  << "01f8[\r][\n]"
17:29:01.460 [Test worker] DEBUG org.apache.http.wire -  << "<ns4:queryCustomerInfoResponse xmlns:ns2="http://www.huawei.com/bme/cbsinterface/bccommon" xmlns:ns3="http://www.huawei.com/bme/cbsinterface/bcservices" xmlns:ns4="http://ws.web.gatewaycbs.tigo.com.co/" xmlns:ns5="http://www.huawei.com/bme/cbsinterface/cbscommon"><return><ResultHeader><ns5:Version>1</ns5:Version><ns5:ResultCode>118030260</ns5:ResultCode><ns5:ResultDesc>Subscriber 3046010523 does not exist.</ns5:ResultDesc></ResultHeader></return></ns4:queryCustomerInfoResponse></S:Body></S:Envelope>"
17:29:01.460 [Test worker] DEBUG org.apache.http.wire -  << "[\r][\n]"
17:29:01.460 [Test worker] DEBUG org.apache.http.wire -  << "0000[\r][\n]"
17:29:01.460 [Test worker] DEBUG org.apache.http.wire -  << "[\r][\n]"
17:29:01.460 [Test worker] DEBUG org.apache.http.impl.conn.BasicClientConnectionManager - Releasing connection org.apache.http.impl.conn.ManagedClientConnectionImpl@3057fe40
17:29:01.460 [Test worker] DEBUG org.apache.http.impl.conn.BasicClientConnectionManager - Connection can be kept alive indefinitely
La linea 3046010523 no esta activa
17:29:01.481 [Finalizer] DEBUG org.apache.http.impl.conn.DefaultClientConnection - Connection 0.0.0.0:65281<->10.65.45.12:9001 closed
17:29:01.491 [Finalizer] DEBUG org.apache.http.impl.conn.DefaultClientConnection - Connection 0.0.0.0:65276<->10.65.45.12:9001 closed
se ejecuta correctamente DB Activator
se ejecuta correctamente  DB EPOS
se ejecuta correctamente DB Siebel
se ejecuta correctamente DB Postale
17:29:07.061 [Test worker] DEBUG org.apache.http.impl.conn.BasicClientConnectionManager - Get connection for route {}->http://10.65.45.12:9001
17:29:07.061 [Test worker] DEBUG org.apache.http.impl.conn.DefaultClientConnectionOperator - Connecting to 10.65.45.12:9001
17:29:07.123 [Test worker] DEBUG org.apache.http.client.protocol.RequestAddCookies - CookieSpec selected: ignoreCookies
17:29:07.123 [Test worker] DEBUG org.apache.http.client.protocol.RequestAuthCache - Auth cache not set in the context
17:29:07.123 [Test worker] DEBUG org.apache.http.client.protocol.RequestTargetAuthentication - Target auth state: UNCHALLENGED
17:29:07.123 [Test worker] DEBUG org.apache.http.client.protocol.RequestProxyAuthentication - Proxy auth state: UNCHALLENGED
17:29:07.124 [Test worker] DEBUG org.apache.http.impl.client.DefaultHttpClient - Attempt 1 to execute request
17:29:07.124 [Test worker] DEBUG org.apache.http.impl.conn.DefaultClientConnection - Sending request: POST /gatewaycbs/BcServicesInt HTTP/1.1
17:29:07.124 [Test worker] DEBUG org.apache.http.wire -  >> "POST /gatewaycbs/BcServicesInt HTTP/1.1[\r][\n]"
17:29:07.124 [Test worker] DEBUG org.apache.http.wire -  >> "Accept: */*[\r][\n]"
17:29:07.124 [Test worker] DEBUG org.apache.http.wire -  >> "Content-Type: text/xml;charset=UTF-8[\r][\n]"
17:29:07.124 [Test worker] DEBUG org.apache.http.wire -  >> "Content-Length: 748[\r][\n]"
17:29:07.124 [Test worker] DEBUG org.apache.http.wire -  >> "Host: 10.65.45.12:9001[\r][\n]"
17:29:07.124 [Test worker] DEBUG org.apache.http.wire -  >> "Connection: Keep-Alive[\r][\n]"
17:29:07.124 [Test worker] DEBUG org.apache.http.wire -  >> "User-Agent: Apache-HttpClient/4.5.9 (Java/1.8.0_291)[\r][\n]"
17:29:07.124 [Test worker] DEBUG org.apache.http.wire -  >> "Accept-Encoding: gzip,deflate[\r][\n]"
17:29:07.124 [Test worker] DEBUG org.apache.http.wire -  >> "[\r][\n]"
17:29:07.124 [Test worker] DEBUG org.apache.http.headers - >> POST /gatewaycbs/BcServicesInt HTTP/1.1
17:29:07.124 [Test worker] DEBUG org.apache.http.headers - >> Accept: */*
17:29:07.124 [Test worker] DEBUG org.apache.http.headers - >> Content-Type: text/xml;charset=UTF-8
17:29:07.124 [Test worker] DEBUG org.apache.http.headers - >> Content-Length: 748
17:29:07.124 [Test worker] DEBUG org.apache.http.headers - >> Host: 10.65.45.12:9001
17:29:07.124 [Test worker] DEBUG org.apache.http.headers - >> Connection: Keep-Alive
17:29:07.124 [Test worker] DEBUG org.apache.http.headers - >> User-Agent: Apache-HttpClient/4.5.9 (Java/1.8.0_291)
17:29:07.124 [Test worker] DEBUG org.apache.http.headers - >> Accept-Encoding: gzip,deflate
17:29:07.124 [Test worker] DEBUG org.apache.http.wire -  >> "<soapenv:Envelope xmlns:bcc="http://www.huawei.com/bme/cbsinterface/bccommon" xmlns:bcs="http://www.huawei.com/bme/cbsinterface/bcservices" xmlns:ws="http://ws.web.gatewaycbs.tigo.com.co/" xmlns:soapenv="http://schemas.xmlsoap.org/soap/envelope/">[\n]"
17:29:07.124 [Test worker] DEBUG org.apache.http.wire -  >> "   <soapenv:Header/>[\n]"
17:29:07.124 [Test worker] DEBUG org.apache.http.wire -  >> "   <soapenv:Body>[\n]"
17:29:07.124 [Test worker] DEBUG org.apache.http.wire -  >> "      <ws:queryCustomerInfo>[\n]"
17:29:07.124 [Test worker] DEBUG org.apache.http.wire -  >> "         <!--Optional:-->[\n]"
17:29:07.124 [Test worker] DEBUG org.apache.http.wire -  >> "         <QueryCustomerInfoRequest>[\n]"
17:29:07.124 [Test worker] DEBUG org.apache.http.wire -  >> "            <bcs:QueryObj>[\n]"
17:29:07.124 [Test worker] DEBUG org.apache.http.wire -  >> "               <!--Optional:-->[\n]"
17:29:07.124 [Test worker] DEBUG org.apache.http.wire -  >> "               <bcs:SubAccessCode>[\n]"
17:29:07.124 [Test worker] DEBUG org.apache.http.wire -  >> "                  <!--Optional:-->[\n]"
17:29:07.124 [Test worker] DEBUG org.apache.http.wire -  >> "                  <bcc:PrimaryIdentity>3046008593</bcc:PrimaryIdentity>[\n]"
17:29:07.124 [Test worker] DEBUG org.apache.http.wire -  >> "               </bcs:SubAccessCode>[\n]"
17:29:07.124 [Test worker] DEBUG org.apache.http.wire -  >> "            </bcs:QueryObj>[\n]"
17:29:07.124 [Test worker] DEBUG org.apache.http.wire -  >> "         </QueryCustomerInfoRequest>[\n]"
17:29:07.124 [Test worker] DEBUG org.apache.http.wire -  >> "      </ws:queryCustomerInfo>[\n]"
17:29:07.124 [Test worker] DEBUG org.apache.http.wire -  >> "   </soapenv:Body>[\n]"
17:29:07.124 [Test worker] DEBUG org.apache.http.wire -  >> "</soapenv:Envelope>"
17:29:07.212 [Test worker] DEBUG org.apache.http.wire -  << "HTTP/1.1 200 OK[\r][\n]"
17:29:07.212 [Test worker] DEBUG org.apache.http.wire -  << "Date: Thu, 19 May 2022 22:29:09 GMT[\r][\n]"
17:29:07.212 [Test worker] DEBUG org.apache.http.wire -  << "Transfer-Encoding: chunked[\r][\n]"
17:29:07.212 [Test worker] DEBUG org.apache.http.wire -  << "Content-Type: text/xml; charset=utf-8[\r][\n]"
17:29:07.212 [Test worker] DEBUG org.apache.http.wire -  << "[\r][\n]"
17:29:07.212 [Test worker] DEBUG org.apache.http.impl.conn.DefaultClientConnection - Receiving response: HTTP/1.1 200 OK
17:29:07.212 [Test worker] DEBUG org.apache.http.headers - << HTTP/1.1 200 OK
17:29:07.212 [Test worker] DEBUG org.apache.http.headers - << Date: Thu, 19 May 2022 22:29:09 GMT
17:29:07.212 [Test worker] DEBUG org.apache.http.headers - << Transfer-Encoding: chunked
17:29:07.212 [Test worker] DEBUG org.apache.http.headers - << Content-Type: text/xml; charset=utf-8
17:29:07.212 [Test worker] DEBUG org.apache.http.impl.client.DefaultHttpClient - Connection can be kept alive indefinitely
17:29:07.212 [Test worker] DEBUG io.restassured.internal.RequestSpecificationImpl$RestAssuredHttpBuilder - Parsing response as: text/xml; charset=utf-8
17:29:07.212 [Test worker] DEBUG io.restassured.internal.RequestSpecificationImpl$RestAssuredHttpBuilder - Parsed data to instance of: class org.apache.http.conn.EofSensorInputStream
17:29:07.214 [Test worker] DEBUG org.apache.http.wire -  << "006e[\r][\n]"
17:29:07.214 [Test worker] DEBUG org.apache.http.wire -  << "<?xml version='1.0' encoding='UTF-8'?><S:Envelope xmlns:S="http://schemas.xmlsoap.org/soap/envelope/"><S:Body>"
17:29:07.214 [Test worker] DEBUG org.apache.http.wire -  << "[\r][\n]"
17:29:07.214 [Test worker] DEBUG org.apache.http.wire -  << "01f8[\r][\n]"
17:29:07.214 [Test worker] DEBUG org.apache.http.wire -  << "<ns4:queryCustomerInfoResponse xmlns:ns2="http://www.huawei.com/bme/cbsinterface/bccommon" xmlns:ns3="http://www.huawei.com/bme/cbsinterface/bcservices" xmlns:ns4="http://ws.web.gatewaycbs.tigo.com.co/" xmlns:ns5="http://www.huawei.com/bme/cbsinterface/cbscommon"><return><ResultHeader><ns5:Version>1</ns5:Version><ns5:ResultCode>118030260</ns5:ResultCode><ns5:ResultDesc>Subscriber 3046008593 does not exist.</ns5:ResultDesc></ResultHeader></return></ns4:queryCustomerInfoResponse></S:Body></S:Envelope>"
17:29:07.214 [Test worker] DEBUG org.apache.http.wire -  << "[\r][\n]"
17:29:07.214 [Test worker] DEBUG org.apache.http.wire -  << "0000[\r][\n]"
17:29:07.214 [Test worker] DEBUG org.apache.http.wire -  << "[\r][\n]"
17:29:07.214 [Test worker] DEBUG org.apache.http.impl.conn.BasicClientConnectionManager - Releasing connection org.apache.http.impl.conn.ManagedClientConnectionImpl@2b2c7e7e
17:29:07.214 [Test worker] DEBUG org.apache.http.impl.conn.BasicClientConnectionManager - Connection can be kept alive indefinitely
La linea 3046008593 no esta activa
se ejecuta correctamente DB Activator
se ejecuta correctamente  DB EPOS
se ejecuta correctamente DB Siebel
se ejecuta correctamente DB Postale
17:29:12.788 [Test worker] DEBUG org.apache.http.impl.conn.BasicClientConnectionManager - Get connection for route {}->http://10.65.45.12:9001
17:29:12.788 [Test worker] DEBUG org.apache.http.impl.conn.DefaultClientConnectionOperator - Connecting to 10.65.45.12:9001
17:29:12.838 [Test worker] DEBUG org.apache.http.client.protocol.RequestAddCookies - CookieSpec selected: ignoreCookies
17:29:12.838 [Test worker] DEBUG org.apache.http.client.protocol.RequestAuthCache - Auth cache not set in the context
17:29:12.838 [Test worker] DEBUG org.apache.http.client.protocol.RequestTargetAuthentication - Target auth state: UNCHALLENGED
17:29:12.838 [Test worker] DEBUG org.apache.http.client.protocol.RequestProxyAuthentication - Proxy auth state: UNCHALLENGED
17:29:12.838 [Test worker] DEBUG org.apache.http.impl.client.DefaultHttpClient - Attempt 1 to execute request
17:29:12.838 [Test worker] DEBUG org.apache.http.impl.conn.DefaultClientConnection - Sending request: POST /gatewaycbs/BcServicesInt HTTP/1.1
17:29:12.838 [Test worker] DEBUG org.apache.http.wire -  >> "POST /gatewaycbs/BcServicesInt HTTP/1.1[\r][\n]"
17:29:12.838 [Test worker] DEBUG org.apache.http.wire -  >> "Accept: */*[\r][\n]"
17:29:12.838 [Test worker] DEBUG org.apache.http.wire -  >> "Content-Type: text/xml;charset=UTF-8[\r][\n]"
17:29:12.838 [Test worker] DEBUG org.apache.http.wire -  >> "Content-Length: 748[\r][\n]"
17:29:12.838 [Test worker] DEBUG org.apache.http.wire -  >> "Host: 10.65.45.12:9001[\r][\n]"
17:29:12.838 [Test worker] DEBUG org.apache.http.wire -  >> "Connection: Keep-Alive[\r][\n]"
17:29:12.838 [Test worker] DEBUG org.apache.http.wire -  >> "User-Agent: Apache-HttpClient/4.5.9 (Java/1.8.0_291)[\r][\n]"
17:29:12.838 [Test worker] DEBUG org.apache.http.wire -  >> "Accept-Encoding: gzip,deflate[\r][\n]"
17:29:12.838 [Test worker] DEBUG org.apache.http.wire -  >> "[\r][\n]"
17:29:12.838 [Test worker] DEBUG org.apache.http.headers - >> POST /gatewaycbs/BcServicesInt HTTP/1.1
17:29:12.838 [Test worker] DEBUG org.apache.http.headers - >> Accept: */*
17:29:12.838 [Test worker] DEBUG org.apache.http.headers - >> Content-Type: text/xml;charset=UTF-8
17:29:12.838 [Test worker] DEBUG org.apache.http.headers - >> Content-Length: 748
17:29:12.838 [Test worker] DEBUG org.apache.http.headers - >> Host: 10.65.45.12:9001
17:29:12.838 [Test worker] DEBUG org.apache.http.headers - >> Connection: Keep-Alive
17:29:12.838 [Test worker] DEBUG org.apache.http.headers - >> User-Agent: Apache-HttpClient/4.5.9 (Java/1.8.0_291)
17:29:12.838 [Test worker] DEBUG org.apache.http.headers - >> Accept-Encoding: gzip,deflate
17:29:12.839 [Test worker] DEBUG org.apache.http.wire -  >> "<soapenv:Envelope xmlns:bcc="http://www.huawei.com/bme/cbsinterface/bccommon" xmlns:bcs="http://www.huawei.com/bme/cbsinterface/bcservices" xmlns:ws="http://ws.web.gatewaycbs.tigo.com.co/" xmlns:soapenv="http://schemas.xmlsoap.org/soap/envelope/">[\n]"
17:29:12.839 [Test worker] DEBUG org.apache.http.wire -  >> "   <soapenv:Header/>[\n]"
17:29:12.839 [Test worker] DEBUG org.apache.http.wire -  >> "   <soapenv:Body>[\n]"
17:29:12.839 [Test worker] DEBUG org.apache.http.wire -  >> "      <ws:queryCustomerInfo>[\n]"
17:29:12.839 [Test worker] DEBUG org.apache.http.wire -  >> "         <!--Optional:-->[\n]"
17:29:12.839 [Test worker] DEBUG org.apache.http.wire -  >> "         <QueryCustomerInfoRequest>[\n]"
17:29:12.839 [Test worker] DEBUG org.apache.http.wire -  >> "            <bcs:QueryObj>[\n]"
17:29:12.839 [Test worker] DEBUG org.apache.http.wire -  >> "               <!--Optional:-->[\n]"
17:29:12.839 [Test worker] DEBUG org.apache.http.wire -  >> "               <bcs:SubAccessCode>[\n]"
17:29:12.839 [Test worker] DEBUG org.apache.http.wire -  >> "                  <!--Optional:-->[\n]"
17:29:12.839 [Test worker] DEBUG org.apache.http.wire -  >> "                  <bcc:PrimaryIdentity>3043118820</bcc:PrimaryIdentity>[\n]"
17:29:12.839 [Test worker] DEBUG org.apache.http.wire -  >> "               </bcs:SubAccessCode>[\n]"
17:29:12.839 [Test worker] DEBUG org.apache.http.wire -  >> "            </bcs:QueryObj>[\n]"
17:29:12.839 [Test worker] DEBUG org.apache.http.wire -  >> "         </QueryCustomerInfoRequest>[\n]"
17:29:12.839 [Test worker] DEBUG org.apache.http.wire -  >> "      </ws:queryCustomerInfo>[\n]"
17:29:12.839 [Test worker] DEBUG org.apache.http.wire -  >> "   </soapenv:Body>[\n]"
17:29:12.839 [Test worker] DEBUG org.apache.http.wire -  >> "</soapenv:Envelope>"
17:29:12.932 [Test worker] DEBUG org.apache.http.wire -  << "HTTP/1.1 200 OK[\r][\n]"
17:29:12.932 [Test worker] DEBUG org.apache.http.wire -  << "Date: Thu, 19 May 2022 22:29:15 GMT[\r][\n]"
17:29:12.932 [Test worker] DEBUG org.apache.http.wire -  << "Transfer-Encoding: chunked[\r][\n]"
17:29:12.932 [Test worker] DEBUG org.apache.http.wire -  << "Content-Type: text/xml; charset=utf-8[\r][\n]"
17:29:12.932 [Test worker] DEBUG org.apache.http.wire -  << "[\r][\n]"
17:29:12.932 [Test worker] DEBUG org.apache.http.impl.conn.DefaultClientConnection - Receiving response: HTTP/1.1 200 OK
17:29:12.932 [Test worker] DEBUG org.apache.http.headers - << HTTP/1.1 200 OK
17:29:12.932 [Test worker] DEBUG org.apache.http.headers - << Date: Thu, 19 May 2022 22:29:15 GMT
17:29:12.932 [Test worker] DEBUG org.apache.http.headers - << Transfer-Encoding: chunked
17:29:12.932 [Test worker] DEBUG org.apache.http.headers - << Content-Type: text/xml; charset=utf-8
17:29:12.932 [Test worker] DEBUG org.apache.http.impl.client.DefaultHttpClient - Connection can be kept alive indefinitely
17:29:12.933 [Test worker] DEBUG io.restassured.internal.RequestSpecificationImpl$RestAssuredHttpBuilder - Parsing response as: text/xml; charset=utf-8
17:29:12.933 [Test worker] DEBUG io.restassured.internal.RequestSpecificationImpl$RestAssuredHttpBuilder - Parsed data to instance of: class org.apache.http.conn.EofSensorInputStream
17:29:12.935 [Test worker] DEBUG org.apache.http.wire -  << "006e[\r][\n]"
17:29:12.935 [Test worker] DEBUG org.apache.http.wire -  << "<?xml version='1.0' encoding='UTF-8'?><S:Envelope xmlns:S="http://schemas.xmlsoap.org/soap/envelope/"><S:Body>"
17:29:12.935 [Test worker] DEBUG org.apache.http.wire -  << "[\r][\n]"
17:29:12.935 [Test worker] DEBUG org.apache.http.wire -  << "01f8[\r][\n]"
17:29:12.935 [Test worker] DEBUG org.apache.http.wire -  << "<ns4:queryCustomerInfoResponse xmlns:ns2="http://www.huawei.com/bme/cbsinterface/bccommon" xmlns:ns3="http://www.huawei.com/bme/cbsinterface/bcservices" xmlns:ns4="http://ws.web.gatewaycbs.tigo.com.co/" xmlns:ns5="http://www.huawei.com/bme/cbsinterface/cbscommon"><return><ResultHeader><ns5:Version>1</ns5:Version><ns5:ResultCode>118030260</ns5:ResultCode><ns5:ResultDesc>Subscriber 3043118820 does not exist.</ns5:ResultDesc></ResultHeader></return></ns4:queryCustomerInfoResponse></S:Body></S:Envelope>"
17:29:12.935 [Test worker] DEBUG org.apache.http.wire -  << "[\r][\n]"
17:29:12.935 [Test worker] DEBUG org.apache.http.wire -  << "0000[\r][\n]"
17:29:12.935 [Test worker] DEBUG org.apache.http.wire -  << "[\r][\n]"
17:29:12.935 [Test worker] DEBUG org.apache.http.impl.conn.BasicClientConnectionManager - Releasing connection org.apache.http.impl.conn.ManagedClientConnectionImpl@278580e3
17:29:12.935 [Test worker] DEBUG org.apache.http.impl.conn.BasicClientConnectionManager - Connection can be kept alive indefinitely
La linea 3043118820 no esta activa
17:29:12.953 [Finalizer] DEBUG org.apache.http.impl.conn.DefaultClientConnection - Connection 0.0.0.0:65291<->10.65.45.12:9001 closed
17:29:12.955 [Finalizer] DEBUG org.apache.http.impl.conn.DefaultClientConnection - Connection 0.0.0.0:65286<->10.65.45.12:9001 closed
se ejecuta correctamente DB Activator
se ejecuta correctamente  DB EPOS
se ejecuta correctamente DB Siebel
se ejecuta correctamente DB Postale
17:29:19.019 [Test worker] INFO net.serenitybdd.core.webdriver.driverproviders.ProvideNewDriver - Instantiating driver
17:29:19.019 [Test worker] INFO net.serenitybdd.core.webdriver.driverproviders.ProvideNewDriver - Driver capabilities: Capabilities {acceptInsecureCerts: true, browserName: firefox, firefox_profile: org.openqa.selenium.firefox..., headless: false, loggingPrefs: org.openqa.selenium.logging..., marionette: true, moz:firefoxOptions: {}, platform: ANY, version: }
17:29:24.329 [Test worker] DEBUG net.serenitybdd.core.photography.Darkroom - Opening darkroom
17:29:24.330 [Darkroom Processing Line] DEBUG net.serenitybdd.core.photography.DarkroomProcessingLine - Darkroom processing line starting up
17:29:24.571 [Test worker] DEBUG net.serenitybdd.core.photography.Darkroom - Send negative for processing for C:\Users\nriosa\Desktop\SanitySemillas\SanitySemilla2\target\site\serenity\63694f168e36d6146328aa1c799046950a4537e9d67c87bc68807b754e4488e8.png
17:29:25.061 [Test worker] DEBUG net.serenitybdd.core.photography.Darkroom - Send negative for processing for C:\Users\nriosa\Desktop\SanitySemillas\SanitySemilla2\target\site\serenity\d7225d4beca8b4af4de9c07b3983ba90e05195eaab2618243e24e78c19d7dde1.png
17:29:28.722 [Test worker] DEBUG net.serenitybdd.core.photography.Darkroom - Send negative for processing for C:\Users\nriosa\Desktop\SanitySemillas\SanitySemilla2\target\site\serenity\2968f328e8604890576bda72908148672fcfdf40d4f7d16240659dfccb6a2c26.png
17:29:28.725 [Darkroom Processing Line] DEBUG net.serenitybdd.core.photography.DarkroomProcessingLine - Processing screenshot image in /var/screenshots/screenshot-158117699197443761
17:29:28.725 [Darkroom Processing Line] DEBUG net.serenitybdd.core.photography.DarkroomProcessingLine - Saving screenshot to C:\Users\nriosa\Desktop\SanitySemillas\SanitySemilla2\target\site\serenity\2968f328e8604890576bda72908148672fcfdf40d4f7d16240659dfccb6a2c26.png
17:29:31.399 [Test worker] DEBUG net.serenitybdd.core.photography.Darkroom - Send negative for processing for C:\Users\nriosa\Desktop\SanitySemillas\SanitySemilla2\target\site\serenity\558d804974befa0a847402e91b6d999854f16542e2b34b26f38794d0efdd3b3a.png
17:29:31.401 [Darkroom Processing Line] DEBUG net.serenitybdd.core.photography.DarkroomProcessingLine - Processing screenshot image in /var/screenshots/screenshot-208943100910987131
17:29:31.401 [Darkroom Processing Line] DEBUG net.serenitybdd.core.photography.DarkroomProcessingLine - Saving screenshot to C:\Users\nriosa\Desktop\SanitySemillas\SanitySemilla2\target\site\serenity\558d804974befa0a847402e91b6d999854f16542e2b34b26f38794d0efdd3b3a.png
17:29:32.051 [Test worker] DEBUG net.serenitybdd.core.photography.Darkroom - Send negative for processing for C:\Users\nriosa\Desktop\SanitySemillas\SanitySemilla2\target\site\serenity\903f1f6d92b1da74cec0e3ce87d5526edd113f79e18640570038d3ee4d0ec152.png
17:29:32.054 [Darkroom Processing Line] DEBUG net.serenitybdd.core.photography.DarkroomProcessingLine - Processing screenshot image in /var/screenshots/screenshot-1525699091629269955
17:29:32.054 [Darkroom Processing Line] DEBUG net.serenitybdd.core.photography.DarkroomProcessingLine - Saving screenshot to C:\Users\nriosa\Desktop\SanitySemillas\SanitySemilla2\target\site\serenity\903f1f6d92b1da74cec0e3ce87d5526edd113f79e18640570038d3ee4d0ec152.png
17:29:32.957 [Test worker] DEBUG net.serenitybdd.core.photography.Darkroom - Send negative for processing for C:\Users\nriosa\Desktop\SanitySemillas\SanitySemilla2\target\site\serenity\7d9904a2326d7d5c15fb8452efa5a6baaf6c075d8cb60ae29f7223e6620b2a72.png
17:29:32.959 [Darkroom Processing Line] DEBUG net.serenitybdd.core.photography.DarkroomProcessingLine - Processing screenshot image in /var/screenshots/screenshot-8323595103701152404
17:29:32.959 [Darkroom Processing Line] DEBUG net.serenitybdd.core.photography.DarkroomProcessingLine - Saving screenshot to C:\Users\nriosa\Desktop\SanitySemillas\SanitySemilla2\target\site\serenity\7d9904a2326d7d5c15fb8452efa5a6baaf6c075d8cb60ae29f7223e6620b2a72.png
17:29:33.862 [Test worker] DEBUG net.serenitybdd.core.photography.Darkroom - Send negative for processing for C:\Users\nriosa\Desktop\SanitySemillas\SanitySemilla2\target\site\serenity\0b63c138e8ff4015a3cf2fd6328a7c1c54d9fdc91456f5998cc697050b2572b2.png
17:29:33.865 [Darkroom Processing Line] DEBUG net.serenitybdd.core.photography.DarkroomProcessingLine - Processing screenshot image in /var/screenshots/screenshot-4561712768036048503
17:29:33.865 [Darkroom Processing Line] DEBUG net.serenitybdd.core.photography.DarkroomProcessingLine - Saving screenshot to C:\Users\nriosa\Desktop\SanitySemillas\SanitySemilla2\target\site\serenity\0b63c138e8ff4015a3cf2fd6328a7c1c54d9fdc91456f5998cc697050b2572b2.png
17:29:35.008 [Test worker] DEBUG net.serenitybdd.core.photography.Darkroom - Send negative for processing for C:\Users\nriosa\Desktop\SanitySemillas\SanitySemilla2\target\site\serenity\2727c87688b567302a2ef70e32e3b2abaee347c08a1fcc366909bc53bb4dd808.png
17:29:35.010 [Darkroom Processing Line] DEBUG net.serenitybdd.core.photography.DarkroomProcessingLine - Processing screenshot image in /var/screenshots/screenshot-5141126971210481694
17:29:35.010 [Darkroom Processing Line] DEBUG net.serenitybdd.core.photography.DarkroomProcessingLine - Saving screenshot to C:\Users\nriosa\Desktop\SanitySemillas\SanitySemilla2\target\site\serenity\2727c87688b567302a2ef70e32e3b2abaee347c08a1fcc366909bc53bb4dd808.png
17:29:37.834 [Test worker] DEBUG net.serenitybdd.core.photography.Darkroom - Send negative for processing for C:\Users\nriosa\Desktop\SanitySemillas\SanitySemilla2\target\site\serenity\2e433684bc9daaa956876569f9caa64d60b2388abe579c44644137acddb682b7.png
17:29:37.835 [Darkroom Processing Line] DEBUG net.serenitybdd.core.photography.DarkroomProcessingLine - Processing screenshot image in /var/screenshots/screenshot-8825992179485456899
17:29:37.835 [Darkroom Processing Line] DEBUG net.serenitybdd.core.photography.DarkroomProcessingLine - Saving screenshot to C:\Users\nriosa\Desktop\SanitySemillas\SanitySemilla2\target\site\serenity\2e433684bc9daaa956876569f9caa64d60b2388abe579c44644137acddb682b7.png
17:29:38.502 [Test worker] DEBUG net.serenitybdd.core.photography.Darkroom - Send negative for processing for C:\Users\nriosa\Desktop\SanitySemillas\SanitySemilla2\target\site\serenity\2bc29c065bb4fcb82deca3b79972c08e59c9a5a40134c587de44194b9953abff.png
17:29:38.504 [Darkroom Processing Line] DEBUG net.serenitybdd.core.photography.DarkroomProcessingLine - Processing screenshot image in /var/screenshots/screenshot-3242184314792228637
17:29:38.504 [Darkroom Processing Line] DEBUG net.serenitybdd.core.photography.DarkroomProcessingLine - Saving screenshot to C:\Users\nriosa\Desktop\SanitySemillas\SanitySemilla2\target\site\serenity\2bc29c065bb4fcb82deca3b79972c08e59c9a5a40134c587de44194b9953abff.png
17:29:41.126 [Test worker] DEBUG net.serenitybdd.core.photography.Darkroom - Send negative for processing for C:\Users\nriosa\Desktop\SanitySemillas\SanitySemilla2\target\site\serenity\6f20da161baa53040248c4e6d18925f2019c32a298e44b270e295026afa22c2e.png
17:29:41.128 [Darkroom Processing Line] DEBUG net.serenitybdd.core.photography.DarkroomProcessingLine - Processing screenshot image in /var/screenshots/screenshot-1314615577055627841
17:29:41.129 [Darkroom Processing Line] DEBUG net.serenitybdd.core.photography.DarkroomProcessingLine - Saving screenshot to C:\Users\nriosa\Desktop\SanitySemillas\SanitySemilla2\target\site\serenity\6f20da161baa53040248c4e6d18925f2019c32a298e44b270e295026afa22c2e.png
17:29:44.171 [Test worker] DEBUG net.serenitybdd.core.photography.Darkroom - Send negative for processing for C:\Users\nriosa\Desktop\SanitySemillas\SanitySemilla2\target\site\serenity\69ba0bd0bbcbb6d1639d7ce70f7bc596ff14ce242a5a20f19f35a7aa28c4e285.png
17:29:49.282 [Test worker] INFO net.thucydides.core.steps.ConsoleLoggingListener - ?[92m
        __    _____ _____ ____ _____   ____   _    ____  ____  _____ ____  
  _     \ \  |_   _| ____/ ___|_   _| |  _ \ / \  / ___|/ ___|| ____|  _ \ 
 (_)_____| |   | | |  _| \___ \ | |   | |_) / _ \ \___ \\___ \|  _| | | | |
  _|_____| |   | | | |___ ___) || |   |  __/ ___ \ ___) |___) | |___| |_| |
 (_)     | |   |_| |_____|____/ |_|   |_| /_/   \_\____/|____/|_____|____/ 
        /_/                                                                

TEST PASSED: se quiere ingresar a la plataforma epos
----------------------------------------------------------------------------?[0m
17:29:49.546 [Test worker] INFO net.serenitybdd.core.webdriver.driverproviders.ProvideNewDriver - Instantiating driver
17:29:49.546 [Test worker] INFO net.serenitybdd.core.webdriver.driverproviders.ProvideNewDriver - Driver capabilities: Capabilities {acceptInsecureCerts: true, browserName: firefox, firefox_profile: org.openqa.selenium.firefox..., headless: false, loggingPrefs: org.openqa.selenium.logging..., marionette: true, moz:firefoxOptions: {}, platform: ANY, version: }
17:29:54.675 [Test worker] DEBUG net.serenitybdd.core.photography.Darkroom - Send negative for processing for C:\Users\nriosa\Desktop\SanitySemillas\SanitySemilla2\target\site\serenity\63694f168e36d6146328aa1c799046950a4537e9d67c87bc68807b754e4488e8.png
17:29:55.028 [Test worker] DEBUG net.serenitybdd.core.photography.Darkroom - Send negative for processing for C:\Users\nriosa\Desktop\SanitySemillas\SanitySemilla2\target\site\serenity\d7225d4beca8b4af4de9c07b3983ba90e05195eaab2618243e24e78c19d7dde1.png
17:29:57.350 [Test worker] DEBUG net.serenitybdd.core.photography.Darkroom - Send negative for processing for C:\Users\nriosa\Desktop\SanitySemillas\SanitySemilla2\target\site\serenity\2968f328e8604890576bda72908148672fcfdf40d4f7d16240659dfccb6a2c26.png
17:30:02.369 [Test worker] DEBUG net.serenitybdd.core.photography.Darkroom - Send negative for processing for C:\Users\nriosa\Desktop\SanitySemillas\SanitySemilla2\target\site\serenity\e2ff5ba9200ea584dbfa37f01e6687e11ff5287790303890385d6660695e6331.png
17:30:02.371 [Darkroom Processing Line] DEBUG net.serenitybdd.core.photography.DarkroomProcessingLine - Processing screenshot image in /var/screenshots/screenshot-8882466046016427588
17:30:02.371 [Darkroom Processing Line] DEBUG net.serenitybdd.core.photography.DarkroomProcessingLine - Saving screenshot to C:\Users\nriosa\Desktop\SanitySemillas\SanitySemilla2\target\site\serenity\e2ff5ba9200ea584dbfa37f01e6687e11ff5287790303890385d6660695e6331.png
17:30:05.358 [Test worker] DEBUG net.serenitybdd.core.photography.Darkroom - Send negative for processing for C:\Users\nriosa\Desktop\SanitySemillas\SanitySemilla2\target\site\serenity\768242666a2edb99a07710b77561f02f5033d119c8c9f4aa57d6a44226049dfc.png
17:30:05.359 [Darkroom Processing Line] DEBUG net.serenitybdd.core.photography.DarkroomProcessingLine - Processing screenshot image in /var/screenshots/screenshot-7114244211338721018
17:30:05.359 [Darkroom Processing Line] DEBUG net.serenitybdd.core.photography.DarkroomProcessingLine - Saving screenshot to C:\Users\nriosa\Desktop\SanitySemillas\SanitySemilla2\target\site\serenity\768242666a2edb99a07710b77561f02f5033d119c8c9f4aa57d6a44226049dfc.png
17:30:09.235 [Test worker] DEBUG net.serenitybdd.core.photography.Darkroom - Send negative for processing for C:\Users\nriosa\Desktop\SanitySemillas\SanitySemilla2\target\site\serenity\f24655cc37dfaf225e1226329d4e8a72a2e3fe9921b511563c9a601cda59f1e5.png
17:30:09.237 [Darkroom Processing Line] DEBUG net.serenitybdd.core.photography.DarkroomProcessingLine - Processing screenshot image in /var/screenshots/screenshot-4073820362768126635
17:30:09.238 [Darkroom Processing Line] DEBUG net.serenitybdd.core.photography.DarkroomProcessingLine - Saving screenshot to C:\Users\nriosa\Desktop\SanitySemillas\SanitySemilla2\target\site\serenity\f24655cc37dfaf225e1226329d4e8a72a2e3fe9921b511563c9a601cda59f1e5.png
17:30:10.368 [Test worker] DEBUG net.serenitybdd.core.photography.Darkroom - Send negative for processing for C:\Users\nriosa\Desktop\SanitySemillas\SanitySemilla2\target\site\serenity\18cb8b5bdc004e3882d6e2a1ea1f177e37106e21f129a3a5fa2b1eb3d62700bf.png
17:30:10.369 [Darkroom Processing Line] DEBUG net.serenitybdd.core.photography.DarkroomProcessingLine - Processing screenshot image in /var/screenshots/screenshot-4257588853171725321
17:30:10.371 [Darkroom Processing Line] DEBUG net.serenitybdd.core.photography.DarkroomProcessingLine - Saving screenshot to C:\Users\nriosa\Desktop\SanitySemillas\SanitySemilla2\target\site\serenity\18cb8b5bdc004e3882d6e2a1ea1f177e37106e21f129a3a5fa2b1eb3d62700bf.png
17:30:11.097 [Test worker] DEBUG net.serenitybdd.core.photography.Darkroom - Send negative for processing for C:\Users\nriosa\Desktop\SanitySemillas\SanitySemilla2\target\site\serenity\5c4999c7e1827bc8195e3fc40d69bf2e16495f1413be7ba770fc0d59aabb657c.png
17:30:11.099 [Darkroom Processing Line] DEBUG net.serenitybdd.core.photography.DarkroomProcessingLine - Processing screenshot image in /var/screenshots/screenshot-4905383291681489221
17:30:11.099 [Darkroom Processing Line] DEBUG net.serenitybdd.core.photography.DarkroomProcessingLine - Saving screenshot to C:\Users\nriosa\Desktop\SanitySemillas\SanitySemilla2\target\site\serenity\5c4999c7e1827bc8195e3fc40d69bf2e16495f1413be7ba770fc0d59aabb657c.png
17:30:12.563 [Test worker] DEBUG net.serenitybdd.core.photography.Darkroom - Send negative for processing for C:\Users\nriosa\Desktop\SanitySemillas\SanitySemilla2\target\site\serenity\94003f1e9a355b4338a4e5f700c1f3620df0914b60e9c64f6ba7e6c16c4021d3.png
17:30:12.565 [Darkroom Processing Line] DEBUG net.serenitybdd.core.photography.DarkroomProcessingLine - Processing screenshot image in /var/screenshots/screenshot-6211019913283170114
17:30:12.565 [Darkroom Processing Line] DEBUG net.serenitybdd.core.photography.DarkroomProcessingLine - Saving screenshot to C:\Users\nriosa\Desktop\SanitySemillas\SanitySemilla2\target\site\serenity\94003f1e9a355b4338a4e5f700c1f3620df0914b60e9c64f6ba7e6c16c4021d3.png
17:30:13.433 [Test worker] DEBUG net.serenitybdd.core.photography.Darkroom - Send negative for processing for C:\Users\nriosa\Desktop\SanitySemillas\SanitySemilla2\target\site\serenity\029a68cba085997d5c1e1c786c4546e70aa7b739f031f3881b900992055bfdab.png
17:30:17.127 [Test worker] DEBUG net.serenitybdd.core.photography.Darkroom - Send negative for processing for C:\Users\nriosa\Desktop\SanitySemillas\SanitySemilla2\target\site\serenity\166d2b2a1f46045bc67f61dd432a98e2695db613e13a00b29026f3315df5e8ae.png
17:30:17.129 [Darkroom Processing Line] DEBUG net.serenitybdd.core.photography.DarkroomProcessingLine - Processing screenshot image in /var/screenshots/screenshot-131954127708454243
17:30:17.129 [Darkroom Processing Line] DEBUG net.serenitybdd.core.photography.DarkroomProcessingLine - Saving screenshot to C:\Users\nriosa\Desktop\SanitySemillas\SanitySemilla2\target\site\serenity\166d2b2a1f46045bc67f61dd432a98e2695db613e13a00b29026f3315df5e8ae.png
17:30:17.760 [Test worker] DEBUG net.serenitybdd.core.photography.Darkroom - Send negative for processing for C:\Users\nriosa\Desktop\SanitySemillas\SanitySemilla2\target\site\serenity\2e2c1d5929cc7aa94927e2ab6a7affd53f3002a29353cbf7ac8c446927e58540.png
17:30:17.762 [Darkroom Processing Line] DEBUG net.serenitybdd.core.photography.DarkroomProcessingLine - Processing screenshot image in /var/screenshots/screenshot-8161256211265424848
17:30:17.763 [Darkroom Processing Line] DEBUG net.serenitybdd.core.photography.DarkroomProcessingLine - Saving screenshot to C:\Users\nriosa\Desktop\SanitySemillas\SanitySemilla2\target\site\serenity\2e2c1d5929cc7aa94927e2ab6a7affd53f3002a29353cbf7ac8c446927e58540.png
17:30:22.200 [Test worker] DEBUG net.serenitybdd.core.photography.Darkroom - Send negative for processing for C:\Users\nriosa\Desktop\SanitySemillas\SanitySemilla2\target\site\serenity\69ba0bd0bbcbb6d1639d7ce70f7bc596ff14ce242a5a20f19f35a7aa28c4e285.png
17:30:22.296 [Test worker] DEBUG net.serenitybdd.core.photography.Darkroom - Send negative for processing for C:\Users\nriosa\Desktop\SanitySemillas\SanitySemilla2\target\site\serenity\69ba0bd0bbcbb6d1639d7ce70f7bc596ff14ce242a5a20f19f35a7aa28c4e285.png
17:30:28.743 [Test worker] INFO net.thucydides.core.steps.ConsoleLoggingListener - ?[92m
        __    _____ _____ ____ _____   ____   _    ____  ____  _____ ____  
  _     \ \  |_   _| ____/ ___|_   _| |  _ \ / \  / ___|/ ___|| ____|  _ \ 
 (_)_____| |   | | |  _| \___ \ | |   | |_) / _ \ \___ \\___ \|  _| | | | |
  _|_____| |   | | | |___ ___) || |   |  __/ ___ \ ___) |___) | |___| |_| |
 (_)     | |   |_| |_____|____/ |_|   |_| /_/   \_\____/|____/|_____|____/ 
        /_/                                                                

TEST PASSED: realizar el cargue de inventario
----------------------------------------------------------------------------?[0m
17:30:49.874 [Test worker] INFO net.thucydides.core.steps.ConsoleLoggingListener - ?[92m
        __    _____ _____ ____ _____   ____   _    ____  ____  _____ ____  
  _     \ \  |_   _| ____/ ___|_   _| |  _ \ / \  / ___|/ ___|| ____|  _ \ 
 (_)_____| |   | | |  _| \___ \ | |   | |_) / _ \ \___ \\___ \|  _| | | | |
  _|_____| |   | | | |___ ___) || |   |  __/ ___ \ ___) |___) | |___| |_| |
 (_)     | |   |_| |_____|____/ |_|   |_| /_/   \_\____/|____/|_____|____/ 
        /_/                                                                

TEST PASSED: realizar la confirmacion de inventario
----------------------------------------------------------------------------?[0m
17:30:50.083 [Test worker] INFO net.serenitybdd.core.webdriver.driverproviders.ProvideNewDriver - Instantiating driver
17:30:50.083 [Test worker] INFO net.serenitybdd.core.webdriver.driverproviders.ProvideNewDriver - Driver capabilities: Capabilities {acceptInsecureCerts: true, browserName: firefox, firefox_profile: org.openqa.selenium.firefox..., headless: false, loggingPrefs: org.openqa.selenium.logging..., marionette: true, moz:firefoxOptions: {}, platform: ANY, version: }
17:30:55.208 [Test worker] DEBUG net.serenitybdd.core.photography.Darkroom - Send negative for processing for C:\Users\nriosa\Desktop\SanitySemillas\SanitySemilla2\target\site\serenity\a7ad07ebe6e740c114c2495d94351287780476ba462e4eef2874693fb3f3547d.png
17:30:55.209 [Darkroom Processing Line] DEBUG net.serenitybdd.core.photography.DarkroomProcessingLine - Processing screenshot image in /var/screenshots/screenshot-8432156845411157084
17:30:55.209 [Darkroom Processing Line] DEBUG net.serenitybdd.core.photography.DarkroomProcessingLine - Saving screenshot to C:\Users\nriosa\Desktop\SanitySemillas\SanitySemilla2\target\site\serenity\a7ad07ebe6e740c114c2495d94351287780476ba462e4eef2874693fb3f3547d.png
17:30:55.563 [Test worker] DEBUG net.serenitybdd.core.photography.Darkroom - Send negative for processing for C:\Users\nriosa\Desktop\SanitySemillas\SanitySemilla2\target\site\serenity\01af2dc72253b4b5639e9cc668921cf7aa200d5c322b7e1d54685cd837c3204d.png
17:30:55.565 [Darkroom Processing Line] DEBUG net.serenitybdd.core.photography.DarkroomProcessingLine - Processing screenshot image in /var/screenshots/screenshot-6805681365294967275
17:30:55.565 [Darkroom Processing Line] DEBUG net.serenitybdd.core.photography.DarkroomProcessingLine - Saving screenshot to C:\Users\nriosa\Desktop\SanitySemillas\SanitySemilla2\target\site\serenity\01af2dc72253b4b5639e9cc668921cf7aa200d5c322b7e1d54685cd837c3204d.png
17:30:58.980 [Test worker] DEBUG net.serenitybdd.core.photography.Darkroom - Send negative for processing for C:\Users\nriosa\Desktop\SanitySemillas\SanitySemilla2\target\site\serenity\90d5e24bb27c597af57642a285344ac39cd586a8c11fc1f610a1ed72421cfd05.png
17:31:00.826 [Test worker] DEBUG net.serenitybdd.core.photography.Darkroom - Send negative for processing for C:\Users\nriosa\Desktop\SanitySemillas\SanitySemilla2\target\site\serenity\f02ad2e57d315fa00bd417539a564e9b85d6d2989675dd75c6e7f2cced39b204.png
17:31:01.538 [Test worker] DEBUG net.serenitybdd.core.photography.Darkroom - Send negative for processing for C:\Users\nriosa\Desktop\SanitySemillas\SanitySemilla2\target\site\serenity\fac77fe925084a91a12925237f4cf83dc303136e7536a27ce2b77a048e671c48.png
17:31:01.541 [Darkroom Processing Line] DEBUG net.serenitybdd.core.photography.DarkroomProcessingLine - Processing screenshot image in /var/screenshots/screenshot-5241243417869024540
17:31:01.541 [Darkroom Processing Line] DEBUG net.serenitybdd.core.photography.DarkroomProcessingLine - Saving screenshot to C:\Users\nriosa\Desktop\SanitySemillas\SanitySemilla2\target\site\serenity\fac77fe925084a91a12925237f4cf83dc303136e7536a27ce2b77a048e671c48.png
17:31:02.120 [Test worker] DEBUG net.serenitybdd.core.photography.Darkroom - Send negative for processing for C:\Users\nriosa\Desktop\SanitySemillas\SanitySemilla2\target\site\serenity\3a5424f61ed468b30de9f121014fa760735638ffa9ff136bdec06ef804a402bb.png
17:31:02.122 [Darkroom Processing Line] DEBUG net.serenitybdd.core.photography.DarkroomProcessingLine - Processing screenshot image in /var/screenshots/screenshot-8922674084043907968
17:31:02.122 [Darkroom Processing Line] DEBUG net.serenitybdd.core.photography.DarkroomProcessingLine - Saving screenshot to C:\Users\nriosa\Desktop\SanitySemillas\SanitySemilla2\target\site\serenity\3a5424f61ed468b30de9f121014fa760735638ffa9ff136bdec06ef804a402bb.png
17:31:02.689 [Test worker] DEBUG net.serenitybdd.core.photography.Darkroom - Send negative for processing for C:\Users\nriosa\Desktop\SanitySemillas\SanitySemilla2\target\site\serenity\723a544d303168a78791bcc377eb080f456620a6b5b49d2d87e4da388da56e1b.png
17:31:04.345 [Test worker] DEBUG net.serenitybdd.core.photography.Darkroom - Send negative for processing for C:\Users\nriosa\Desktop\SanitySemillas\SanitySemilla2\target\site\serenity\7a2cd19f9c9a7336d704bb7c0f00e8f0fdbf69954a51a2a5b286b803739cdfb7.png
17:31:05.646 [Test worker] DEBUG net.serenitybdd.core.photography.Darkroom - Send negative for processing for C:\Users\nriosa\Desktop\SanitySemillas\SanitySemilla2\target\site\serenity\d635efb9f10fa4a7ded90fd0eaa48541881d6480f46d0be848246e01f61c95d8.png
17:31:06.254 [Test worker] DEBUG net.serenitybdd.core.photography.Darkroom - Send negative for processing for C:\Users\nriosa\Desktop\SanitySemillas\SanitySemilla2\target\site\serenity\3aa67ec16e9af7e670256f51bda66e87c27011f72f0d62c149cb1cee14b46f69.png
17:31:06.867 [Test worker] DEBUG net.serenitybdd.core.photography.Darkroom - Send negative for processing for C:\Users\nriosa\Desktop\SanitySemillas\SanitySemilla2\target\site\serenity\cec97dc81e79a50405adf2774a411d253ed8c12f2a2c5c5798323aec22d56a86.png
17:31:07.483 [Test worker] DEBUG net.serenitybdd.core.photography.Darkroom - Send negative for processing for C:\Users\nriosa\Desktop\SanitySemillas\SanitySemilla2\target\site\serenity\3dacf8bef4adefc603a3afb5972ccaf7f2bb312266d63bc13efc5e269a782760.png
17:31:08.037 [Test worker] DEBUG net.serenitybdd.core.photography.Darkroom - Send negative for processing for C:\Users\nriosa\Desktop\SanitySemillas\SanitySemilla2\target\site\serenity\837227a53f7f634b870a2c609eec5fc36e72cbdd4eae68e58bdd4813e431215b.png
17:31:08.592 [Test worker] DEBUG net.serenitybdd.core.photography.Darkroom - Send negative for processing for C:\Users\nriosa\Desktop\SanitySemillas\SanitySemilla2\target\site\serenity\ffd090fe1a4135adf9feaf10aca4f01fe6120a71a62c29da66b89fc835adc44c.png
17:31:09.315 [Test worker] DEBUG net.serenitybdd.core.photography.Darkroom - Send negative for processing for C:\Users\nriosa\Desktop\SanitySemillas\SanitySemilla2\target\site\serenity\3abe0e7274db9728d22158fb4de081d83e7c00caa89e3d85c065228c91fa0389.png
17:31:09.317 [Darkroom Processing Line] DEBUG net.serenitybdd.core.photography.DarkroomProcessingLine - Processing screenshot image in /var/screenshots/screenshot-1412043125612073360
17:31:09.318 [Darkroom Processing Line] DEBUG net.serenitybdd.core.photography.DarkroomProcessingLine - Saving screenshot to C:\Users\nriosa\Desktop\SanitySemillas\SanitySemilla2\target\site\serenity\3abe0e7274db9728d22158fb4de081d83e7c00caa89e3d85c065228c91fa0389.png
17:31:10.149 [Test worker] DEBUG net.serenitybdd.core.photography.Darkroom - Send negative for processing for C:\Users\nriosa\Desktop\SanitySemillas\SanitySemilla2\target\site\serenity\f9e78fb95cedd23e1f7dfbb3d076b3a90d2fdf8beb6082bbd0714a7f3cf529b3.png
17:31:10.751 [Test worker] DEBUG net.serenitybdd.core.photography.Darkroom - Send negative for processing for C:\Users\nriosa\Desktop\SanitySemillas\SanitySemilla2\target\site\serenity\cac0597c450775fc83b17242a4aaf0f6f788f375c06cba7586e23db7a14ca9f7.png
17:31:11.445 [Test worker] DEBUG net.serenitybdd.core.photography.Darkroom - Send negative for processing for C:\Users\nriosa\Desktop\SanitySemillas\SanitySemilla2\target\site\serenity\dcb684abd7e817ce6dc6e50b75e240ec67513c1bbf019a239f903664ba7cedb2.png
17:31:12.095 [Test worker] DEBUG net.serenitybdd.core.photography.Darkroom - Send negative for processing for C:\Users\nriosa\Desktop\SanitySemillas\SanitySemilla2\target\site\serenity\dcb684abd7e817ce6dc6e50b75e240ec67513c1bbf019a239f903664ba7cedb2.png
17:31:17.463 [Test worker] DEBUG net.serenitybdd.core.photography.Darkroom - Send negative for processing for C:\Users\nriosa\Desktop\SanitySemillas\SanitySemilla2\target\site\serenity\9f4afe7d7c2859c1d8c8a70a426ec241cff535d7e5fdd99454c383829c0aa9db.png
17:31:17.463 [Darkroom Processing Line] DEBUG net.serenitybdd.core.photography.DarkroomProcessingLine - Processing screenshot image in /var/screenshots/screenshot-3585186590023329631
17:31:17.463 [Darkroom Processing Line] DEBUG net.serenitybdd.core.photography.DarkroomProcessingLine - Saving screenshot to C:\Users\nriosa\Desktop\SanitySemillas\SanitySemilla2\target\site\serenity\9f4afe7d7c2859c1d8c8a70a426ec241cff535d7e5fdd99454c383829c0aa9db.png
17:31:21.010 [Test worker] DEBUG net.serenitybdd.core.photography.Darkroom - Send negative for processing for C:\Users\nriosa\Desktop\SanitySemillas\SanitySemilla2\target\site\serenity\1502356bca2c86b5c0abf83432109a4c89c4b054723440aedbf7becb696ca1f4.png
17:31:21.506 [Test worker] DEBUG net.serenitybdd.core.photography.Darkroom - Send negative for processing for C:\Users\nriosa\Desktop\SanitySemillas\SanitySemilla2\target\site\serenity\220fb65925f7f0e712e5d5b8d2cbe768a554e0ee15d7f88dfee3b06c1f68b866.png
17:31:22.031 [Test worker] DEBUG net.serenitybdd.core.photography.Darkroom - Send negative for processing for C:\Users\nriosa\Desktop\SanitySemillas\SanitySemilla2\target\site\serenity\220fb65925f7f0e712e5d5b8d2cbe768a554e0ee15d7f88dfee3b06c1f68b866.png
17:31:22.496 [Test worker] DEBUG net.serenitybdd.core.photography.Darkroom - Send negative for processing for C:\Users\nriosa\Desktop\SanitySemillas\SanitySemilla2\target\site\serenity\220fb65925f7f0e712e5d5b8d2cbe768a554e0ee15d7f88dfee3b06c1f68b866.png
17:31:23.044 [Test worker] DEBUG net.serenitybdd.core.photography.Darkroom - Send negative for processing for C:\Users\nriosa\Desktop\SanitySemillas\SanitySemilla2\target\site\serenity\db8ad45fb708af3cac1b869d7f0b7731d816de331531650f0b199997b38744ec.png
17:31:23.046 [Darkroom Processing Line] DEBUG net.serenitybdd.core.photography.DarkroomProcessingLine - Processing screenshot image in /var/screenshots/screenshot-830601439109980006
17:31:23.046 [Darkroom Processing Line] DEBUG net.serenitybdd.core.photography.DarkroomProcessingLine - Saving screenshot to C:\Users\nriosa\Desktop\SanitySemillas\SanitySemilla2\target\site\serenity\db8ad45fb708af3cac1b869d7f0b7731d816de331531650f0b199997b38744ec.png
17:31:23.392 [Test worker] DEBUG net.serenitybdd.core.photography.Darkroom - Send negative for processing for C:\Users\nriosa\Desktop\SanitySemillas\SanitySemilla2\target\site\serenity\220fb65925f7f0e712e5d5b8d2cbe768a554e0ee15d7f88dfee3b06c1f68b866.png
17:31:24.054 [Test worker] DEBUG net.serenitybdd.core.photography.Darkroom - Send negative for processing for C:\Users\nriosa\Desktop\SanitySemillas\SanitySemilla2\target\site\serenity\578e3edf7f87012f26d9bd94288a119a819796672fc7a34ca2318ab740acb87d.png
17:31:24.569 [Test worker] DEBUG net.serenitybdd.core.photography.Darkroom - Send negative for processing for C:\Users\nriosa\Desktop\SanitySemillas\SanitySemilla2\target\site\serenity\e48f780d003433136791e91b63abe69c60b74b2d13d26cd30fb9c497c14f32e6.png
17:31:24.570 [Darkroom Processing Line] DEBUG net.serenitybdd.core.photography.DarkroomProcessingLine - Processing screenshot image in /var/screenshots/screenshot-7884858029025041869
17:31:24.570 [Darkroom Processing Line] DEBUG net.serenitybdd.core.photography.DarkroomProcessingLine - Saving screenshot to C:\Users\nriosa\Desktop\SanitySemillas\SanitySemilla2\target\site\serenity\e48f780d003433136791e91b63abe69c60b74b2d13d26cd30fb9c497c14f32e6.png
*****************************************************Codigo y Descripcion***********************************************************************************


Código: Msisdn: 573045981670
Descripción: Activacion exitosa; Bienvenido a TIGO recuerda activar los servicio VAS y contarle al cliente los beneficios de SMS; WAP; 3.5G;Backtones. Eso es estar con Tigo


*****************************************************************************************************************************************
17:32:10.109 [Test worker] DEBUG net.serenitybdd.core.photography.Darkroom - Send negative for processing for C:\Users\nriosa\Desktop\SanitySemillas\SanitySemilla2\target\site\serenity\9bdb00fe62c17ef30b876fdc7e4afe24b564fcb57ac94e90f0ec564836af21ac.png
17:32:12.924 [Test worker] DEBUG net.serenitybdd.core.photography.Darkroom - Send negative for processing for C:\Users\nriosa\Desktop\SanitySemillas\SanitySemilla2\target\site\serenity\90d5e24bb27c597af57642a285344ac39cd586a8c11fc1f610a1ed72421cfd05.png
17:32:13.585 [Test worker] DEBUG net.serenitybdd.core.photography.Darkroom - Send negative for processing for C:\Users\nriosa\Desktop\SanitySemillas\SanitySemilla2\target\site\serenity\737594797fcf985618e1c16f58eeb5adaf6ee8a5c5248bb5428284bfa0cc67c4.png
17:32:13.586 [Darkroom Processing Line] DEBUG net.serenitybdd.core.photography.DarkroomProcessingLine - Processing screenshot image in /var/screenshots/screenshot-3023353138855881035
17:32:13.586 [Darkroom Processing Line] DEBUG net.serenitybdd.core.photography.DarkroomProcessingLine - Saving screenshot to C:\Users\nriosa\Desktop\SanitySemillas\SanitySemilla2\target\site\serenity\737594797fcf985618e1c16f58eeb5adaf6ee8a5c5248bb5428284bfa0cc67c4.png
17:32:14.242 [Test worker] DEBUG net.serenitybdd.core.photography.Darkroom - Send negative for processing for C:\Users\nriosa\Desktop\SanitySemillas\SanitySemilla2\target\site\serenity\2b4cb64730b55728442dbd742c7222a34505da0830b7a16f5ab14ce19a2e2420.png
17:32:14.244 [Darkroom Processing Line] DEBUG net.serenitybdd.core.photography.DarkroomProcessingLine - Processing screenshot image in /var/screenshots/screenshot-233801376263285042
17:32:14.244 [Darkroom Processing Line] DEBUG net.serenitybdd.core.photography.DarkroomProcessingLine - Saving screenshot to C:\Users\nriosa\Desktop\SanitySemillas\SanitySemilla2\target\site\serenity\2b4cb64730b55728442dbd742c7222a34505da0830b7a16f5ab14ce19a2e2420.png
17:32:14.860 [Test worker] DEBUG net.serenitybdd.core.photography.Darkroom - Send negative for processing for C:\Users\nriosa\Desktop\SanitySemillas\SanitySemilla2\target\site\serenity\82255d70a50ce83fef72b7a60c4c2cca75ef3c074cf0aeb7dc961049f6f9dbfe.png
17:32:15.959 [Test worker] DEBUG net.serenitybdd.core.photography.Darkroom - Send negative for processing for C:\Users\nriosa\Desktop\SanitySemillas\SanitySemilla2\target\site\serenity\294adde3b0311e1daceb3889e6fc660f99a7d6c38c256625a622b99ecf78bc64.png
17:32:16.689 [Test worker] DEBUG net.serenitybdd.core.photography.Darkroom - Send negative for processing for C:\Users\nriosa\Desktop\SanitySemillas\SanitySemilla2\target\site\serenity\e8dcadd6873c6ddc6bc1c788f54baf924e4dbcb7fe8a641cd3427ed0e997ebda.png
17:32:16.690 [Darkroom Processing Line] DEBUG net.serenitybdd.core.photography.DarkroomProcessingLine - Processing screenshot image in /var/screenshots/screenshot-2696716790916101970
17:32:16.691 [Darkroom Processing Line] DEBUG net.serenitybdd.core.photography.DarkroomProcessingLine - Saving screenshot to C:\Users\nriosa\Desktop\SanitySemillas\SanitySemilla2\target\site\serenity\e8dcadd6873c6ddc6bc1c788f54baf924e4dbcb7fe8a641cd3427ed0e997ebda.png
17:32:18.003 [Test worker] DEBUG net.serenitybdd.core.photography.Darkroom - Send negative for processing for C:\Users\nriosa\Desktop\SanitySemillas\SanitySemilla2\target\site\serenity\0dcb6725f9faa95603a9ac284afcaec3a2db21fb29a62138c649b6a884468a82.png
17:32:18.005 [Darkroom Processing Line] DEBUG net.serenitybdd.core.photography.DarkroomProcessingLine - Processing screenshot image in /var/screenshots/screenshot-5346340818928107174
17:32:18.005 [Darkroom Processing Line] DEBUG net.serenitybdd.core.photography.DarkroomProcessingLine - Saving screenshot to C:\Users\nriosa\Desktop\SanitySemillas\SanitySemilla2\target\site\serenity\0dcb6725f9faa95603a9ac284afcaec3a2db21fb29a62138c649b6a884468a82.png
17:32:25.714 [Test worker] INFO net.thucydides.core.steps.ConsoleLoggingListener - ?[92m
        __    _____ _____ ____ _____   ____   _    ____  ____  _____ ____  
  _     \ \  |_   _| ____/ ___|_   _| |  _ \ / \  / ___|/ ___|| ____|  _ \ 
 (_)_____| |   | | |  _| \___ \ | |   | |_) / _ \ \___ \\___ \|  _| | | | |
  _|_____| |   | | | |___ ___) || |   |  __/ ___ \ ___) |___) | |___| |_| |
 (_)     | |   |_| |_____|____/ |_|   |_| /_/   \_\____/|____/|_____|____/ 
        /_/                                                                

TEST PASSED: se requiere realizar una activacion prepago
----------------------------------------------------------------------------?[0m
17:32:26.045 [Test worker] INFO net.serenitybdd.core.webdriver.driverproviders.ProvideNewDriver - Instantiating driver
17:32:26.045 [Test worker] INFO net.serenitybdd.core.webdriver.driverproviders.ProvideNewDriver - Driver capabilities: Capabilities {acceptInsecureCerts: true, browserName: firefox, firefox_profile: org.openqa.selenium.firefox..., headless: false, loggingPrefs: org.openqa.selenium.logging..., marionette: true, moz:firefoxOptions: {}, platform: ANY, version: }
17:32:31.866 [Test worker] DEBUG net.serenitybdd.core.photography.Darkroom - Send negative for processing for C:\Users\nriosa\Desktop\SanitySemillas\SanitySemilla2\target\site\serenity\8a6c552499fef698e1b57ab10a498f752a43ff0b2becb28712565b39c41ecb96.png
17:32:32.312 [Test worker] DEBUG net.serenitybdd.core.photography.Darkroom - Send negative for processing for C:\Users\nriosa\Desktop\SanitySemillas\SanitySemilla2\target\site\serenity\d1f7553147769a75b87043926a8b3b0bf936fafaf394c13940c8b35f79332bae.png
17:32:35.525 [Test worker] DEBUG net.serenitybdd.core.photography.Darkroom - Send negative for processing for C:\Users\nriosa\Desktop\SanitySemillas\SanitySemilla2\target\site\serenity\90d5e24bb27c597af57642a285344ac39cd586a8c11fc1f610a1ed72421cfd05.png
17:32:37.069 [Test worker] DEBUG net.serenitybdd.core.photography.Darkroom - Send negative for processing for C:\Users\nriosa\Desktop\SanitySemillas\SanitySemilla2\target\site\serenity\f02ad2e57d315fa00bd417539a564e9b85d6d2989675dd75c6e7f2cced39b204.png
17:32:37.642 [Test worker] DEBUG net.serenitybdd.core.photography.Darkroom - Send negative for processing for C:\Users\nriosa\Desktop\SanitySemillas\SanitySemilla2\target\site\serenity\9b7b7d48446286c0f8e79f63f3ca249be84589143a9d7af7a589941d1ffcd33f.png
17:32:38.253 [Test worker] DEBUG net.serenitybdd.core.photography.Darkroom - Send negative for processing for C:\Users\nriosa\Desktop\SanitySemillas\SanitySemilla2\target\site\serenity\c14d9761f8d3348118d4098cc20da0cac38d5cb6a6b6dc4eb84639def80e6521.png
17:32:38.816 [Test worker] DEBUG net.serenitybdd.core.photography.Darkroom - Send negative for processing for C:\Users\nriosa\Desktop\SanitySemillas\SanitySemilla2\target\site\serenity\b4ef3e23e654e8edfe1897a9b9098688ab09df7f7a42e349acc4967647bce8fe.png
17:32:38.818 [Darkroom Processing Line] DEBUG net.serenitybdd.core.photography.DarkroomProcessingLine - Processing screenshot image in /var/screenshots/screenshot-785855543816705827
17:32:38.818 [Darkroom Processing Line] DEBUG net.serenitybdd.core.photography.DarkroomProcessingLine - Saving screenshot to C:\Users\nriosa\Desktop\SanitySemillas\SanitySemilla2\target\site\serenity\b4ef3e23e654e8edfe1897a9b9098688ab09df7f7a42e349acc4967647bce8fe.png
17:32:40.762 [Test worker] DEBUG net.serenitybdd.core.photography.Darkroom - Send negative for processing for C:\Users\nriosa\Desktop\SanitySemillas\SanitySemilla2\target\site\serenity\7a2cd19f9c9a7336d704bb7c0f00e8f0fdbf69954a51a2a5b286b803739cdfb7.png
17:32:42.146 [Test worker] DEBUG net.serenitybdd.core.photography.Darkroom - Send negative for processing for C:\Users\nriosa\Desktop\SanitySemillas\SanitySemilla2\target\site\serenity\90221f99fdc7199c31f06f33aa848a19a16dc7e6396c3b57101ed0d52d4e91a0.png
17:32:42.815 [Test worker] DEBUG net.serenitybdd.core.photography.Darkroom - Send negative for processing for C:\Users\nriosa\Desktop\SanitySemillas\SanitySemilla2\target\site\serenity\302eafd587a6df33d5cb4f4b71950eebdfc6aa15c4f77c9bb86247ff28ec6774.png
17:32:44.025 [Test worker] DEBUG net.serenitybdd.core.photography.Darkroom - Send negative for processing for C:\Users\nriosa\Desktop\SanitySemillas\SanitySemilla2\target\site\serenity\1e832304af794f4e68c79d6cad4d42a3845d169e2d2ce1f235a05c560ccdf46f.png
17:32:44.647 [Test worker] DEBUG net.serenitybdd.core.photography.Darkroom - Send negative for processing for C:\Users\nriosa\Desktop\SanitySemillas\SanitySemilla2\target\site\serenity\70e390fdcd265ee85457150539d656070188e7da2266159092baec07d5ce631d.png
17:32:45.118 [Test worker] DEBUG net.serenitybdd.core.photography.Darkroom - Send negative for processing for C:\Users\nriosa\Desktop\SanitySemillas\SanitySemilla2\target\site\serenity\5ef99b7fe280ad6a86c0545a53369df838ccf6f22ff9a88869ad4794fd77f305.png
17:32:45.560 [Test worker] DEBUG net.serenitybdd.core.photography.Darkroom - Send negative for processing for C:\Users\nriosa\Desktop\SanitySemillas\SanitySemilla2\target\site\serenity\94ef2706e382e948e5d64b6bbb53f3e13ca0046d2e683fc9c981ecd378519a11.png
17:32:46.170 [Test worker] DEBUG net.serenitybdd.core.photography.Darkroom - Send negative for processing for C:\Users\nriosa\Desktop\SanitySemillas\SanitySemilla2\target\site\serenity\efac5edb6bf06cc4fed1ac1d8b6db2f761f375e6e6ba8e3ba537c591ed6d6f08.png
17:32:46.172 [Darkroom Processing Line] DEBUG net.serenitybdd.core.photography.DarkroomProcessingLine - Processing screenshot image in /var/screenshots/screenshot-3237864407477389811
17:32:46.172 [Darkroom Processing Line] DEBUG net.serenitybdd.core.photography.DarkroomProcessingLine - Saving screenshot to C:\Users\nriosa\Desktop\SanitySemillas\SanitySemilla2\target\site\serenity\efac5edb6bf06cc4fed1ac1d8b6db2f761f375e6e6ba8e3ba537c591ed6d6f08.png
17:32:47.725 [Test worker] DEBUG net.serenitybdd.core.photography.Darkroom - Send negative for processing for C:\Users\nriosa\Desktop\SanitySemillas\SanitySemilla2\target\site\serenity\b5d8fdf368e9846850dd05923bf83cb33fca1df8fed3d524dd18275c19046057.png
17:32:48.368 [Test worker] DEBUG net.serenitybdd.core.photography.Darkroom - Send negative for processing for C:\Users\nriosa\Desktop\SanitySemillas\SanitySemilla2\target\site\serenity\c8a628355cbb41728f3dfdd2aef1cde0a56c7413ca7a70bcebcdcd46c12ab4c4.png
17:32:48.842 [Test worker] DEBUG net.serenitybdd.core.photography.Darkroom - Send negative for processing for C:\Users\nriosa\Desktop\SanitySemillas\SanitySemilla2\target\site\serenity\cbde244edb4a8479cbb6c6b2d2c97ec906f35f7d80092d470295d9c92e71b648.png
17:32:49.258 [Test worker] DEBUG net.serenitybdd.core.photography.Darkroom - Send negative for processing for C:\Users\nriosa\Desktop\SanitySemillas\SanitySemilla2\target\site\serenity\f5eedd19a3d131bbae971360da0327739a9eabc012a5aa9add7771324a6657e5.png
17:32:49.861 [Test worker] DEBUG net.serenitybdd.core.photography.Darkroom - Send negative for processing for C:\Users\nriosa\Desktop\SanitySemillas\SanitySemilla2\target\site\serenity\682a3f6a8b479c293e5503bcb6c511a1f905cd480baab2c74190d4ceeaec7408.png
17:32:50.440 [Test worker] DEBUG net.serenitybdd.core.photography.Darkroom - Send negative for processing for C:\Users\nriosa\Desktop\SanitySemillas\SanitySemilla2\target\site\serenity\682a3f6a8b479c293e5503bcb6c511a1f905cd480baab2c74190d4ceeaec7408.png
17:32:51.163 [Test worker] DEBUG net.serenitybdd.core.photography.Darkroom - Send negative for processing for C:\Users\nriosa\Desktop\SanitySemillas\SanitySemilla2\target\site\serenity\682a3f6a8b479c293e5503bcb6c511a1f905cd480baab2c74190d4ceeaec7408.png
17:32:51.735 [Test worker] DEBUG net.serenitybdd.core.photography.Darkroom - Send negative for processing for C:\Users\nriosa\Desktop\SanitySemillas\SanitySemilla2\target\site\serenity\c6d019a23c3868f7c68bed32ba708c04103628b2307c19d354ea7a8aa5ea72f8.png
17:32:51.736 [Darkroom Processing Line] DEBUG net.serenitybdd.core.photography.DarkroomProcessingLine - Processing screenshot image in /var/screenshots/screenshot-435944774983422371
17:32:51.736 [Darkroom Processing Line] DEBUG net.serenitybdd.core.photography.DarkroomProcessingLine - Saving screenshot to C:\Users\nriosa\Desktop\SanitySemillas\SanitySemilla2\target\site\serenity\c6d019a23c3868f7c68bed32ba708c04103628b2307c19d354ea7a8aa5ea72f8.png
17:33:01.964 [Test worker] DEBUG net.serenitybdd.core.photography.Darkroom - Send negative for processing for C:\Users\nriosa\Desktop\SanitySemillas\SanitySemilla2\target\site\serenity\07ab96d09a0196672287748d9156cc678786c6f04f510b4ab5994487324bfb21.png
17:33:02.550 [Test worker] DEBUG net.serenitybdd.core.photography.Darkroom - Send negative for processing for C:\Users\nriosa\Desktop\SanitySemillas\SanitySemilla2\target\site\serenity\d939e7fe4d5c69a80cf37b97bb22be7050446609d22844a8cbc684afd36c813a.png
17:33:03.082 [Test worker] DEBUG net.serenitybdd.core.photography.Darkroom - Send negative for processing for C:\Users\nriosa\Desktop\SanitySemillas\SanitySemilla2\target\site\serenity\3e05763e10b5517493d5b58fbabb94a79da6f220eb193a7e9e8af2c348c2ffe3.png
17:33:03.653 [Test worker] DEBUG net.serenitybdd.core.photography.Darkroom - Send negative for processing for C:\Users\nriosa\Desktop\SanitySemillas\SanitySemilla2\target\site\serenity\3e05763e10b5517493d5b58fbabb94a79da6f220eb193a7e9e8af2c348c2ffe3.png
17:33:04.213 [Test worker] DEBUG net.serenitybdd.core.photography.Darkroom - Send negative for processing for C:\Users\nriosa\Desktop\SanitySemillas\SanitySemilla2\target\site\serenity\e7debcf085eae9c8679083a95eb620edf25d990b326191a546823c09ebf7f0d1.png
17:33:04.716 [Test worker] DEBUG net.serenitybdd.core.photography.Darkroom - Send negative for processing for C:\Users\nriosa\Desktop\SanitySemillas\SanitySemilla2\target\site\serenity\e7debcf085eae9c8679083a95eb620edf25d990b326191a546823c09ebf7f0d1.png
17:33:05.280 [Test worker] DEBUG net.serenitybdd.core.photography.Darkroom - Send negative for processing for C:\Users\nriosa\Desktop\SanitySemillas\SanitySemilla2\target\site\serenity\e7debcf085eae9c8679083a95eb620edf25d990b326191a546823c09ebf7f0d1.png
17:33:05.809 [Test worker] DEBUG net.serenitybdd.core.photography.Darkroom - Send negative for processing for C:\Users\nriosa\Desktop\SanitySemillas\SanitySemilla2\target\site\serenity\eab03b1ab89cfbfa18ca18151e42c19d0c89cacc6b2546fe5b9803e711a2a2f4.png
17:33:06.439 [Test worker] DEBUG net.serenitybdd.core.photography.Darkroom - Send negative for processing for C:\Users\nriosa\Desktop\SanitySemillas\SanitySemilla2\target\site\serenity\dffa8de99af3bbb0ceb529cc6ebcc40472264fd5ba4928eaa2aa53f9a984d5df.png
17:33:07.009 [Test worker] DEBUG net.serenitybdd.core.photography.Darkroom - Send negative for processing for C:\Users\nriosa\Desktop\SanitySemillas\SanitySemilla2\target\site\serenity\9b4e861424e160e4b8a612e32d570e6e93f17645eb8971643eaba48fd18db46e.png
17:33:07.608 [Test worker] DEBUG net.serenitybdd.core.photography.Darkroom - Send negative for processing for C:\Users\nriosa\Desktop\SanitySemillas\SanitySemilla2\target\site\serenity\9b4e861424e160e4b8a612e32d570e6e93f17645eb8971643eaba48fd18db46e.png
17:33:08.256 [Test worker] DEBUG net.serenitybdd.core.photography.Darkroom - Send negative for processing for C:\Users\nriosa\Desktop\SanitySemillas\SanitySemilla2\target\site\serenity\9b4e861424e160e4b8a612e32d570e6e93f17645eb8971643eaba48fd18db46e.png
17:33:08.830 [Test worker] DEBUG net.serenitybdd.core.photography.Darkroom - Send negative for processing for C:\Users\nriosa\Desktop\SanitySemillas\SanitySemilla2\target\site\serenity\9b4e861424e160e4b8a612e32d570e6e93f17645eb8971643eaba48fd18db46e.png
17:33:09.458 [Test worker] DEBUG net.serenitybdd.core.photography.Darkroom - Send negative for processing for C:\Users\nriosa\Desktop\SanitySemillas\SanitySemilla2\target\site\serenity\9b4e861424e160e4b8a612e32d570e6e93f17645eb8971643eaba48fd18db46e.png
17:33:10.111 [Test worker] DEBUG net.serenitybdd.core.photography.Darkroom - Send negative for processing for C:\Users\nriosa\Desktop\SanitySemillas\SanitySemilla2\target\site\serenity\184341996e4b7a40f5c95d0399d7c91d665a84946470032ddf557fa27fb567bc.png
17:33:10.747 [Test worker] DEBUG net.serenitybdd.core.photography.Darkroom - Send negative for processing for C:\Users\nriosa\Desktop\SanitySemillas\SanitySemilla2\target\site\serenity\eab03b1ab89cfbfa18ca18151e42c19d0c89cacc6b2546fe5b9803e711a2a2f4.png
17:33:11.391 [Test worker] DEBUG net.serenitybdd.core.photography.Darkroom - Send negative for processing for C:\Users\nriosa\Desktop\SanitySemillas\SanitySemilla2\target\site\serenity\d4b08133142592989640556b16a7fed2cd3172a639009c485ef525689071d45c.png
17:33:12.073 [Test worker] DEBUG net.serenitybdd.core.photography.Darkroom - Send negative for processing for C:\Users\nriosa\Desktop\SanitySemillas\SanitySemilla2\target\site\serenity\a7567c42167c8b8c66461afb14b6fb6cb4e293fb2147a5e4b9710f5cf7402111.png
17:33:12.075 [Darkroom Processing Line] DEBUG net.serenitybdd.core.photography.DarkroomProcessingLine - Processing screenshot image in /var/screenshots/screenshot-321521621875259402
17:33:12.075 [Darkroom Processing Line] DEBUG net.serenitybdd.core.photography.DarkroomProcessingLine - Saving screenshot to C:\Users\nriosa\Desktop\SanitySemillas\SanitySemilla2\target\site\serenity\a7567c42167c8b8c66461afb14b6fb6cb4e293fb2147a5e4b9710f5cf7402111.png
17:33:16.105 [Test worker] DEBUG net.serenitybdd.core.photography.Darkroom - Send negative for processing for C:\Users\nriosa\Desktop\SanitySemillas\SanitySemilla2\target\site\serenity\c57be092d1711637cfe79e7c0ee514104cde63a26caf18f57f43684c3d64f190.png
17:33:16.106 [Darkroom Processing Line] DEBUG net.serenitybdd.core.photography.DarkroomProcessingLine - Processing screenshot image in /var/screenshots/screenshot-1212888312122326064
17:33:16.107 [Darkroom Processing Line] DEBUG net.serenitybdd.core.photography.DarkroomProcessingLine - Saving screenshot to C:\Users\nriosa\Desktop\SanitySemillas\SanitySemilla2\target\site\serenity\c57be092d1711637cfe79e7c0ee514104cde63a26caf18f57f43684c3d64f190.png
17:33:18.767 [Test worker] DEBUG net.serenitybdd.core.photography.Darkroom - Send negative for processing for C:\Users\nriosa\Desktop\SanitySemillas\SanitySemilla2\target\site\serenity\f32d7d3717e6d2e9a7aeb431a8d27f401d0f04c981b5d1c8dd20b42b51728abc.png
17:33:18.768 [Darkroom Processing Line] DEBUG net.serenitybdd.core.photography.DarkroomProcessingLine - Processing screenshot image in /var/screenshots/screenshot-8089589310655312634
17:33:18.768 [Darkroom Processing Line] DEBUG net.serenitybdd.core.photography.DarkroomProcessingLine - Saving screenshot to C:\Users\nriosa\Desktop\SanitySemillas\SanitySemilla2\target\site\serenity\f32d7d3717e6d2e9a7aeb431a8d27f401d0f04c981b5d1c8dd20b42b51728abc.png
*****************************************************Codigo y Descripcion***********************************************************************************


Código: Msisdn: 573046010569
Descripción: Activacion exitosa; Bienvenido a TIGO recuerda activar los servicio VAS y contarle al cliente los beneficios de SMS; WAP; 3.5G;Backtones. Eso es estar con TigoEDF725


*****************************************************************************************************************************************
17:34:04.147 [Test worker] DEBUG net.serenitybdd.core.photography.Darkroom - Send negative for processing for C:\Users\nriosa\Desktop\SanitySemillas\SanitySemilla2\target\site\serenity\978d387b7eb612940fff8af7082d76622d8156ec6203b74d2d461736258fb8ce.png
17:34:04.149 [Darkroom Processing Line] DEBUG net.serenitybdd.core.photography.DarkroomProcessingLine - Processing screenshot image in /var/screenshots/screenshot-863934426180960498
17:34:04.149 [Darkroom Processing Line] DEBUG net.serenitybdd.core.photography.DarkroomProcessingLine - Saving screenshot to C:\Users\nriosa\Desktop\SanitySemillas\SanitySemilla2\target\site\serenity\978d387b7eb612940fff8af7082d76622d8156ec6203b74d2d461736258fb8ce.png
17:34:05.363 [Test worker] DEBUG net.serenitybdd.core.photography.Darkroom - Send negative for processing for C:\Users\nriosa\Desktop\SanitySemillas\SanitySemilla2\target\site\serenity\90d5e24bb27c597af57642a285344ac39cd586a8c11fc1f610a1ed72421cfd05.png
17:34:05.992 [Test worker] DEBUG net.serenitybdd.core.photography.Darkroom - Send negative for processing for C:\Users\nriosa\Desktop\SanitySemillas\SanitySemilla2\target\site\serenity\af7c6775cff514a33f5651bf7aafdd0b472d65b345f136e6c13b2bbc3d6b587e.png
17:34:06.622 [Test worker] DEBUG net.serenitybdd.core.photography.Darkroom - Send negative for processing for C:\Users\nriosa\Desktop\SanitySemillas\SanitySemilla2\target\site\serenity\24c29a0be3f348760d71d0a96d0406538f54b19af4e3b00139db1d07d24d2af6.png
17:34:07.266 [Test worker] DEBUG net.serenitybdd.core.photography.Darkroom - Send negative for processing for C:\Users\nriosa\Desktop\SanitySemillas\SanitySemilla2\target\site\serenity\82255d70a50ce83fef72b7a60c4c2cca75ef3c074cf0aeb7dc961049f6f9dbfe.png
17:34:08.429 [Test worker] DEBUG net.serenitybdd.core.photography.Darkroom - Send negative for processing for C:\Users\nriosa\Desktop\SanitySemillas\SanitySemilla2\target\site\serenity\4e5699ce1c5ba8197667427e336a142efd20e5ba83ca0da7bba5cb31b64586ad.png
17:34:09.093 [Test worker] DEBUG net.serenitybdd.core.photography.Darkroom - Send negative for processing for C:\Users\nriosa\Desktop\SanitySemillas\SanitySemilla2\target\site\serenity\642197bc562b8b496573ca058ec7ff39182e1e0c5916c40ef9f06f807cc6e5fd.png
17:34:10.116 [Test worker] DEBUG net.serenitybdd.core.photography.Darkroom - Send negative for processing for C:\Users\nriosa\Desktop\SanitySemillas\SanitySemilla2\target\site\serenity\02b3186ecb4c2fa1d0808b655b6ccba70a1f3af1c2da183b17045530d8e39f70.png
17:34:17.120 [Test worker] INFO net.thucydides.core.steps.ConsoleLoggingListener - ?[92m
        __    _____ _____ ____ _____   ____   _    ____  ____  _____ ____  
  _     \ \  |_   _| ____/ ___|_   _| |  _ \ / \  / ___|/ ___|| ____|  _ \ 
 (_)_____| |   | | |  _| \___ \ | |   | |_) / _ \ \___ \\___ \|  _| | | | |
  _|_____| |   | | | |___ ___) || |   |  __/ ___ \ ___) |___) | |___| |_| |
 (_)     | |   |_| |_____|____/ |_|   |_| /_/   \_\____/|____/|_____|____/ 
        /_/                                                                

TEST PASSED: se requiere realizar una activacion nintendo
----------------------------------------------------------------------------?[0m
17:34:17.317 [Test worker] INFO net.serenitybdd.core.webdriver.driverproviders.ProvideNewDriver - Instantiating driver
17:34:17.317 [Test worker] INFO net.serenitybdd.core.webdriver.driverproviders.ProvideNewDriver - Driver capabilities: Capabilities {acceptInsecureCerts: true, browserName: firefox, firefox_profile: org.openqa.selenium.firefox..., headless: false, loggingPrefs: org.openqa.selenium.logging..., marionette: true, moz:firefoxOptions: {}, platform: ANY, version: }
17:34:22.532 [Test worker] DEBUG net.serenitybdd.core.photography.Darkroom - Send negative for processing for C:\Users\nriosa\Desktop\SanitySemillas\SanitySemilla2\target\site\serenity\8a6c552499fef698e1b57ab10a498f752a43ff0b2becb28712565b39c41ecb96.png
17:34:22.857 [Test worker] DEBUG net.serenitybdd.core.photography.Darkroom - Send negative for processing for C:\Users\nriosa\Desktop\SanitySemillas\SanitySemilla2\target\site\serenity\d1f7553147769a75b87043926a8b3b0bf936fafaf394c13940c8b35f79332bae.png
17:34:25.741 [Test worker] DEBUG net.serenitybdd.core.photography.Darkroom - Send negative for processing for C:\Users\nriosa\Desktop\SanitySemillas\SanitySemilla2\target\site\serenity\90d5e24bb27c597af57642a285344ac39cd586a8c11fc1f610a1ed72421cfd05.png
17:34:27.646 [Test worker] DEBUG net.serenitybdd.core.photography.Darkroom - Send negative for processing for C:\Users\nriosa\Desktop\SanitySemillas\SanitySemilla2\target\site\serenity\598a1cddd5f521400874c6d3db4c7dd4fe8ddc201cb63243364bcb0e9d244515.png
17:34:28.248 [Test worker] DEBUG net.serenitybdd.core.photography.Darkroom - Send negative for processing for C:\Users\nriosa\Desktop\SanitySemillas\SanitySemilla2\target\site\serenity\2d9065536ad677b59e3054ac19c52651a3d39992a5b94d66e3c14f778979ad18.png
17:34:28.870 [Test worker] DEBUG net.serenitybdd.core.photography.Darkroom - Send negative for processing for C:\Users\nriosa\Desktop\SanitySemillas\SanitySemilla2\target\site\serenity\85e6a086fd9e6d2df9d981cff993b43741c465724783a9e6baec08c0eaf732db.png
17:34:29.464 [Test worker] DEBUG net.serenitybdd.core.photography.Darkroom - Send negative for processing for C:\Users\nriosa\Desktop\SanitySemillas\SanitySemilla2\target\site\serenity\6fe185b65c3510117788f32a1ad8a5a2041f0b202d522f92ca9023003dcc1cc8.png
17:34:29.466 [Darkroom Processing Line] DEBUG net.serenitybdd.core.photography.DarkroomProcessingLine - Processing screenshot image in /var/screenshots/screenshot-1227184614134762832
17:34:29.466 [Darkroom Processing Line] DEBUG net.serenitybdd.core.photography.DarkroomProcessingLine - Saving screenshot to C:\Users\nriosa\Desktop\SanitySemillas\SanitySemilla2\target\site\serenity\6fe185b65c3510117788f32a1ad8a5a2041f0b202d522f92ca9023003dcc1cc8.png
17:34:31.414 [Test worker] DEBUG net.serenitybdd.core.photography.Darkroom - Send negative for processing for C:\Users\nriosa\Desktop\SanitySemillas\SanitySemilla2\target\site\serenity\39c9578592312a9cb5055b8d3d7361fae64d40f9214edf1e40d5e81a2b4859fc.png
17:34:35.774 [Test worker] DEBUG net.serenitybdd.core.photography.Darkroom - Send negative for processing for C:\Users\nriosa\Desktop\SanitySemillas\SanitySemilla2\target\site\serenity\c74010b7c428dc0a39a2435a7f80f3cee12d950cc7134d72f8f49fed28e9c0d3.png
17:34:36.757 [Test worker] DEBUG net.serenitybdd.core.photography.Darkroom - Send negative for processing for C:\Users\nriosa\Desktop\SanitySemillas\SanitySemilla2\target\site\serenity\6193937c210dbf2ad68833ab14cb2ea8ee1b78aca80cebf025c2b6b47fc5b26a.png
Connecting------
Established Session
Opened sftp Channel
Copying file from Host to Local
Copied file from Host to local
Disconnected from sftp
1129
17:34:39.564 [Test worker] DEBUG net.serenitybdd.core.photography.Darkroom - Send negative for processing for C:\Users\nriosa\Desktop\SanitySemillas\SanitySemilla2\target\site\serenity\6193937c210dbf2ad68833ab14cb2ea8ee1b78aca80cebf025c2b6b47fc5b26a.png
17:34:43.625 [Test worker] DEBUG net.serenitybdd.core.photography.Darkroom - Send negative for processing for C:\Users\nriosa\Desktop\SanitySemillas\SanitySemilla2\target\site\serenity\feedf442ee563eb50e402ad762ffd47e74953c89b4fb695156b5b9e067539763.png
17:34:44.324 [Test worker] DEBUG net.serenitybdd.core.photography.Darkroom - Send negative for processing for C:\Users\nriosa\Desktop\SanitySemillas\SanitySemilla2\target\site\serenity\2aa51aea1ceaac37525e1b5ac02bad715f2a968338de3fdd08cba7aca0f1fc66.png
17:34:44.852 [Test worker] DEBUG net.serenitybdd.core.photography.Darkroom - Send negative for processing for C:\Users\nriosa\Desktop\SanitySemillas\SanitySemilla2\target\site\serenity\cbe094fdba093c6e57bb13c6f8e6cda6bc733d10116b0a7a28596ebaf65d33ef.png
17:34:45.351 [Test worker] DEBUG net.serenitybdd.core.photography.Darkroom - Send negative for processing for C:\Users\nriosa\Desktop\SanitySemillas\SanitySemilla2\target\site\serenity\cbe094fdba093c6e57bb13c6f8e6cda6bc733d10116b0a7a28596ebaf65d33ef.png
17:34:47.586 [Test worker] DEBUG net.serenitybdd.core.photography.Darkroom - Send negative for processing for C:\Users\nriosa\Desktop\SanitySemillas\SanitySemilla2\target\site\serenity\1b1c97fc13e0f5457a905f1f5d6bc6c24fd225d045b7c90c7b6beae668a49613.png
17:34:48.370 [Test worker] DEBUG net.serenitybdd.core.photography.Darkroom - Send negative for processing for C:\Users\nriosa\Desktop\SanitySemillas\SanitySemilla2\target\site\serenity\38dbf587a90f91769919a21a34fe10e522bb3a06ec9d351fe0d1a74a8ae10ec0.png
17:34:48.848 [Test worker] DEBUG net.serenitybdd.core.photography.Darkroom - Send negative for processing for C:\Users\nriosa\Desktop\SanitySemillas\SanitySemilla2\target\site\serenity\d7c6d5a0ddc042e1e6cfb1da76bb1f4ab49e405d2532c562efb6f6583d2d373b.png
17:34:49.277 [Test worker] DEBUG net.serenitybdd.core.photography.Darkroom - Send negative for processing for C:\Users\nriosa\Desktop\SanitySemillas\SanitySemilla2\target\site\serenity\d7c6d5a0ddc042e1e6cfb1da76bb1f4ab49e405d2532c562efb6f6583d2d373b.png
17:34:49.844 [Test worker] DEBUG net.serenitybdd.core.photography.Darkroom - Send negative for processing for C:\Users\nriosa\Desktop\SanitySemillas\SanitySemilla2\target\site\serenity\dd70f56a63986d7a72b6ce7871a04e6eb3794e732ed58f8fa52c934cfd5808fc.png
17:34:50.378 [Test worker] DEBUG net.serenitybdd.core.photography.Darkroom - Send negative for processing for C:\Users\nriosa\Desktop\SanitySemillas\SanitySemilla2\target\site\serenity\dd70f56a63986d7a72b6ce7871a04e6eb3794e732ed58f8fa52c934cfd5808fc.png
linea no migrada siebel -->BLOCKPOSTSALE
17:35:09.429 [Test worker] DEBUG net.serenitybdd.core.photography.Darkroom - Send negative for processing for C:\Users\nriosa\Desktop\SanitySemillas\SanitySemilla2\target\site\serenity\dd70f56a63986d7a72b6ce7871a04e6eb3794e732ed58f8fa52c934cfd5808fc.png
17:35:10.407 [Test worker] DEBUG net.serenitybdd.core.photography.Darkroom - Send negative for processing for C:\Users\nriosa\Desktop\SanitySemillas\SanitySemilla2\target\site\serenity\90d5e24bb27c597af57642a285344ac39cd586a8c11fc1f610a1ed72421cfd05.png
17:35:11.008 [Test worker] DEBUG net.serenitybdd.core.photography.Darkroom - Send negative for processing for C:\Users\nriosa\Desktop\SanitySemillas\SanitySemilla2\target\site\serenity\af7c6775cff514a33f5651bf7aafdd0b472d65b345f136e6c13b2bbc3d6b587e.png
17:35:11.619 [Test worker] DEBUG net.serenitybdd.core.photography.Darkroom - Send negative for processing for C:\Users\nriosa\Desktop\SanitySemillas\SanitySemilla2\target\site\serenity\24c29a0be3f348760d71d0a96d0406538f54b19af4e3b00139db1d07d24d2af6.png
17:35:12.216 [Test worker] DEBUG net.serenitybdd.core.photography.Darkroom - Send negative for processing for C:\Users\nriosa\Desktop\SanitySemillas\SanitySemilla2\target\site\serenity\82255d70a50ce83fef72b7a60c4c2cca75ef3c074cf0aeb7dc961049f6f9dbfe.png
17:35:13.265 [Test worker] DEBUG net.serenitybdd.core.photography.Darkroom - Send negative for processing for C:\Users\nriosa\Desktop\SanitySemillas\SanitySemilla2\target\site\serenity\294adde3b0311e1daceb3889e6fc660f99a7d6c38c256625a622b99ecf78bc64.png
17:35:13.917 [Test worker] DEBUG net.serenitybdd.core.photography.Darkroom - Send negative for processing for C:\Users\nriosa\Desktop\SanitySemillas\SanitySemilla2\target\site\serenity\eabea12a1b895ef7d83a0e28bcd3c1d8639f7ab2f946df38c5a18292a52e9b75.png
17:35:14.532 [Test worker] DEBUG net.serenitybdd.core.photography.Darkroom - Send negative for processing for C:\Users\nriosa\Desktop\SanitySemillas\SanitySemilla2\target\site\serenity\1c2c9c3f582225dd0d986ec807fd62a38abd4552763fcf29784c499f4fdbf707.png
17:35:14.534 [Darkroom Processing Line] DEBUG net.serenitybdd.core.photography.DarkroomProcessingLine - Processing screenshot image in /var/screenshots/screenshot-3170975991140354880
17:35:14.534 [Darkroom Processing Line] DEBUG net.serenitybdd.core.photography.DarkroomProcessingLine - Saving screenshot to C:\Users\nriosa\Desktop\SanitySemillas\SanitySemilla2\target\site\serenity\1c2c9c3f582225dd0d986ec807fd62a38abd4552763fcf29784c499f4fdbf707.png
17:35:20.652 [Test worker] INFO net.thucydides.core.steps.ConsoleLoggingListener - ?[92m
        __    _____ _____ ____ _____   ____   _    ____  ____  _____ ____  
  _     \ \  |_   _| ____/ ___|_   _| |  _ \ / \  / ___|/ ___|| ____|  _ \ 
 (_)_____| |   | | |  _| \___ \ | |   | |_) / _ \ \___ \\___ \|  _| | | | |
  _|_____| |   | | | |___ ___) || |   |  __/ ___ \ ___) |___) | |___| |_| |
 (_)     | |   |_| |_____|____/ |_|   |_| /_/   \_\____/|____/|_____|____/ 
        /_/                                                                

TEST PASSED: se requiere realizar una cesion de contrato de pre a pos
----------------------------------------------------------------------------?[0m
17:35:20.912 [Test worker] INFO net.serenitybdd.core.webdriver.driverproviders.ProvideNewDriver - Instantiating driver
17:35:20.912 [Test worker] INFO net.serenitybdd.core.webdriver.driverproviders.ProvideNewDriver - Driver capabilities: Capabilities {acceptInsecureCerts: true, browserName: firefox, firefox_profile: org.openqa.selenium.firefox..., headless: false, loggingPrefs: org.openqa.selenium.logging..., marionette: true, moz:firefoxOptions: {}, platform: ANY, version: }
17:35:26.076 [Test worker] DEBUG net.serenitybdd.core.photography.Darkroom - Send negative for processing for C:\Users\nriosa\Desktop\SanitySemillas\SanitySemilla2\target\site\serenity\8a6c552499fef698e1b57ab10a498f752a43ff0b2becb28712565b39c41ecb96.png
17:35:26.450 [Test worker] DEBUG net.serenitybdd.core.photography.Darkroom - Send negative for processing for C:\Users\nriosa\Desktop\SanitySemillas\SanitySemilla2\target\site\serenity\d1f7553147769a75b87043926a8b3b0bf936fafaf394c13940c8b35f79332bae.png
17:35:29.591 [Test worker] DEBUG net.serenitybdd.core.photography.Darkroom - Send negative for processing for C:\Users\nriosa\Desktop\SanitySemillas\SanitySemilla2\target\site\serenity\90d5e24bb27c597af57642a285344ac39cd586a8c11fc1f610a1ed72421cfd05.png
17:35:31.646 [Test worker] DEBUG net.serenitybdd.core.photography.Darkroom - Send negative for processing for C:\Users\nriosa\Desktop\SanitySemillas\SanitySemilla2\target\site\serenity\598a1cddd5f521400874c6d3db4c7dd4fe8ddc201cb63243364bcb0e9d244515.png
17:35:32.228 [Test worker] DEBUG net.serenitybdd.core.photography.Darkroom - Send negative for processing for C:\Users\nriosa\Desktop\SanitySemillas\SanitySemilla2\target\site\serenity\2d9065536ad677b59e3054ac19c52651a3d39992a5b94d66e3c14f778979ad18.png
17:35:32.776 [Test worker] DEBUG net.serenitybdd.core.photography.Darkroom - Send negative for processing for C:\Users\nriosa\Desktop\SanitySemillas\SanitySemilla2\target\site\serenity\85e6a086fd9e6d2df9d981cff993b43741c465724783a9e6baec08c0eaf732db.png
17:35:33.289 [Test worker] DEBUG net.serenitybdd.core.photography.Darkroom - Send negative for processing for C:\Users\nriosa\Desktop\SanitySemillas\SanitySemilla2\target\site\serenity\e928df38b3de1cedab9a2987fe7e2a5a3a471f0ab0f67ec39b2d7cb52757abe9.png
17:35:35.295 [Test worker] DEBUG net.serenitybdd.core.photography.Darkroom - Send negative for processing for C:\Users\nriosa\Desktop\SanitySemillas\SanitySemilla2\target\site\serenity\093b68b057eba682397a611939186ab96862ec8f252f5cbbac0aaf757cc8f62a.png
17:35:39.820 [Test worker] DEBUG net.serenitybdd.core.photography.Darkroom - Send negative for processing for C:\Users\nriosa\Desktop\SanitySemillas\SanitySemilla2\target\site\serenity\675d7a765474e5233a3c31a1a01b9bd6515c0136a5e7058f4c0095457c8a9e1c.png
17:35:40.812 [Test worker] DEBUG net.serenitybdd.core.photography.Darkroom - Send negative for processing for C:\Users\nriosa\Desktop\SanitySemillas\SanitySemilla2\target\site\serenity\1a188b2834bb91429b57efb90d467ec276705bd0139760112a384dfaa9669854.png
Connecting------
Established Session
Opened sftp Channel
Copying file from Host to Local
Copied file from Host to local
Disconnected from sftp
5084
17:35:43.354 [Test worker] DEBUG net.serenitybdd.core.photography.Darkroom - Send negative for processing for C:\Users\nriosa\Desktop\SanitySemillas\SanitySemilla2\target\site\serenity\1a188b2834bb91429b57efb90d467ec276705bd0139760112a384dfaa9669854.png
17:35:47.342 [Test worker] DEBUG net.serenitybdd.core.photography.Darkroom - Send negative for processing for C:\Users\nriosa\Desktop\SanitySemillas\SanitySemilla2\target\site\serenity\854646a89bdd373aa5c62c5a1ae840ffaba7bd2723ca93bcc7dc06ad627f0c66.png
17:35:47.986 [Test worker] DEBUG net.serenitybdd.core.photography.Darkroom - Send negative for processing for C:\Users\nriosa\Desktop\SanitySemillas\SanitySemilla2\target\site\serenity\98d8dfd95e7ffd7772d1ab5c442cf2f9b3a7851206b77855ce21d7f83bb5b6b0.png
17:35:48.401 [Test worker] DEBUG net.serenitybdd.core.photography.Darkroom - Send negative for processing for C:\Users\nriosa\Desktop\SanitySemillas\SanitySemilla2\target\site\serenity\6ecf2f5f04b6288be283334f0e89a8e96dd69908d64335e2d53ad0cc70b4f39e.png
17:35:48.789 [Test worker] DEBUG net.serenitybdd.core.photography.Darkroom - Send negative for processing for C:\Users\nriosa\Desktop\SanitySemillas\SanitySemilla2\target\site\serenity\6ecf2f5f04b6288be283334f0e89a8e96dd69908d64335e2d53ad0cc70b4f39e.png
17:35:50.953 [Test worker] DEBUG net.serenitybdd.core.photography.Darkroom - Send negative for processing for C:\Users\nriosa\Desktop\SanitySemillas\SanitySemilla2\target\site\serenity\7fca175d7a0099c6f792e36995be516f0bf789f72317b5cfd8932ba15990b770.png
17:35:51.631 [Test worker] DEBUG net.serenitybdd.core.photography.Darkroom - Send negative for processing for C:\Users\nriosa\Desktop\SanitySemillas\SanitySemilla2\target\site\serenity\944a61806611eaa809e19a11472205ffe5bc425b6467fff8621bb494191e36d1.png
17:35:52.013 [Test worker] DEBUG net.serenitybdd.core.photography.Darkroom - Send negative for processing for C:\Users\nriosa\Desktop\SanitySemillas\SanitySemilla2\target\site\serenity\1f2f1ce3fd62971fb7e79a8d8b0530d732733ee07d941419de36902a46bbcb9b.png
17:35:52.402 [Test worker] DEBUG net.serenitybdd.core.photography.Darkroom - Send negative for processing for C:\Users\nriosa\Desktop\SanitySemillas\SanitySemilla2\target\site\serenity\1f2f1ce3fd62971fb7e79a8d8b0530d732733ee07d941419de36902a46bbcb9b.png
17:35:52.938 [Test worker] DEBUG net.serenitybdd.core.photography.Darkroom - Send negative for processing for C:\Users\nriosa\Desktop\SanitySemillas\SanitySemilla2\target\site\serenity\3e2d82681baf44f0061db7a011042c1904b347390ffbe802335f0076ab3a504b.png
17:35:53.422 [Test worker] DEBUG net.serenitybdd.core.photography.Darkroom - Send negative for processing for C:\Users\nriosa\Desktop\SanitySemillas\SanitySemilla2\target\site\serenity\3e2d82681baf44f0061db7a011042c1904b347390ffbe802335f0076ab3a504b.png
linea no migrada siebel -->BLOCKPOSTSALE
17:36:14.058 [Test worker] DEBUG net.serenitybdd.core.photography.Darkroom - Send negative for processing for C:\Users\nriosa\Desktop\SanitySemillas\SanitySemilla2\target\site\serenity\3e2d82681baf44f0061db7a011042c1904b347390ffbe802335f0076ab3a504b.png
17:36:14.958 [Test worker] DEBUG net.serenitybdd.core.photography.Darkroom - Send negative for processing for C:\Users\nriosa\Desktop\SanitySemillas\SanitySemilla2\target\site\serenity\90d5e24bb27c597af57642a285344ac39cd586a8c11fc1f610a1ed72421cfd05.png
17:36:15.567 [Test worker] DEBUG net.serenitybdd.core.photography.Darkroom - Send negative for processing for C:\Users\nriosa\Desktop\SanitySemillas\SanitySemilla2\target\site\serenity\af7c6775cff514a33f5651bf7aafdd0b472d65b345f136e6c13b2bbc3d6b587e.png
17:36:16.167 [Test worker] DEBUG net.serenitybdd.core.photography.Darkroom - Send negative for processing for C:\Users\nriosa\Desktop\SanitySemillas\SanitySemilla2\target\site\serenity\24c29a0be3f348760d71d0a96d0406538f54b19af4e3b00139db1d07d24d2af6.png
17:36:16.705 [Test worker] DEBUG net.serenitybdd.core.photography.Darkroom - Send negative for processing for C:\Users\nriosa\Desktop\SanitySemillas\SanitySemilla2\target\site\serenity\82255d70a50ce83fef72b7a60c4c2cca75ef3c074cf0aeb7dc961049f6f9dbfe.png
17:36:17.614 [Test worker] DEBUG net.serenitybdd.core.photography.Darkroom - Send negative for processing for C:\Users\nriosa\Desktop\SanitySemillas\SanitySemilla2\target\site\serenity\4e5699ce1c5ba8197667427e336a142efd20e5ba83ca0da7bba5cb31b64586ad.png
17:36:18.293 [Test worker] DEBUG net.serenitybdd.core.photography.Darkroom - Send negative for processing for C:\Users\nriosa\Desktop\SanitySemillas\SanitySemilla2\target\site\serenity\642197bc562b8b496573ca058ec7ff39182e1e0c5916c40ef9f06f807cc6e5fd.png
17:36:19.242 [Test worker] DEBUG net.serenitybdd.core.photography.Darkroom - Send negative for processing for C:\Users\nriosa\Desktop\SanitySemillas\SanitySemilla2\target\site\serenity\71e9bcbb345fc5c3c22fde784ab4a0fe7f3b16571344d35946be7b936f0c60f0.png
17:36:19.243 [Darkroom Processing Line] DEBUG net.serenitybdd.core.photography.DarkroomProcessingLine - Processing screenshot image in /var/screenshots/screenshot-1932476121831932060
17:36:19.243 [Darkroom Processing Line] DEBUG net.serenitybdd.core.photography.DarkroomProcessingLine - Saving screenshot to C:\Users\nriosa\Desktop\SanitySemillas\SanitySemilla2\target\site\serenity\71e9bcbb345fc5c3c22fde784ab4a0fe7f3b16571344d35946be7b936f0c60f0.png
17:36:25.532 [Test worker] INFO net.thucydides.core.steps.ConsoleLoggingListener - ?[92m
        __    _____ _____ ____ _____   ____   _    ____  ____  _____ ____  
  _     \ \  |_   _| ____/ ___|_   _| |  _ \ / \  / ___|/ ___|| ____|  _ \ 
 (_)_____| |   | | |  _| \___ \ | |   | |_) / _ \ \___ \\___ \|  _| | | | |
  _|_____| |   | | | |___ ___) || |   |  __/ ___ \ ___) |___) | |___| |_| |
 (_)     | |   |_| |_____|____/ |_|   |_| /_/   \_\____/|____/|_____|____/ 
        /_/                                                                

TEST PASSED: se requiere realizar una cesion de contrato de pos a pre
----------------------------------------------------------------------------?[0m
17:36:25.756 [Test worker] INFO net.serenitybdd.core.webdriver.driverproviders.ProvideNewDriver - Instantiating driver
17:36:25.756 [Test worker] INFO net.serenitybdd.core.webdriver.driverproviders.ProvideNewDriver - Driver capabilities: Capabilities {acceptInsecureCerts: true, browserName: firefox, firefox_profile: org.openqa.selenium.firefox..., headless: false, loggingPrefs: org.openqa.selenium.logging..., marionette: true, moz:firefoxOptions: {}, platform: ANY, version: }
17:36:31.041 [Test worker] DEBUG net.serenitybdd.core.photography.Darkroom - Send negative for processing for C:\Users\nriosa\Desktop\SanitySemillas\SanitySemilla2\target\site\serenity\8a6c552499fef698e1b57ab10a498f752a43ff0b2becb28712565b39c41ecb96.png
17:36:31.489 [Test worker] DEBUG net.serenitybdd.core.photography.Darkroom - Send negative for processing for C:\Users\nriosa\Desktop\SanitySemillas\SanitySemilla2\target\site\serenity\d1f7553147769a75b87043926a8b3b0bf936fafaf394c13940c8b35f79332bae.png
17:36:34.802 [Test worker] DEBUG net.serenitybdd.core.photography.Darkroom - Send negative for processing for C:\Users\nriosa\Desktop\SanitySemillas\SanitySemilla2\target\site\serenity\90d5e24bb27c597af57642a285344ac39cd586a8c11fc1f610a1ed72421cfd05.png
17:36:36.675 [Test worker] DEBUG net.serenitybdd.core.photography.Darkroom - Send negative for processing for C:\Users\nriosa\Desktop\SanitySemillas\SanitySemilla2\target\site\serenity\f02ad2e57d315fa00bd417539a564e9b85d6d2989675dd75c6e7f2cced39b204.png
17:36:37.276 [Test worker] DEBUG net.serenitybdd.core.photography.Darkroom - Send negative for processing for C:\Users\nriosa\Desktop\SanitySemillas\SanitySemilla2\target\site\serenity\9b7b7d48446286c0f8e79f63f3ca249be84589143a9d7af7a589941d1ffcd33f.png
17:36:37.896 [Test worker] DEBUG net.serenitybdd.core.photography.Darkroom - Send negative for processing for C:\Users\nriosa\Desktop\SanitySemillas\SanitySemilla2\target\site\serenity\c14d9761f8d3348118d4098cc20da0cac38d5cb6a6b6dc4eb84639def80e6521.png
17:36:38.502 [Test worker] DEBUG net.serenitybdd.core.photography.Darkroom - Send negative for processing for C:\Users\nriosa\Desktop\SanitySemillas\SanitySemilla2\target\site\serenity\723a544d303168a78791bcc377eb080f456620a6b5b49d2d87e4da388da56e1b.png
17:36:40.441 [Test worker] DEBUG net.serenitybdd.core.photography.Darkroom - Send negative for processing for C:\Users\nriosa\Desktop\SanitySemillas\SanitySemilla2\target\site\serenity\7a2cd19f9c9a7336d704bb7c0f00e8f0fdbf69954a51a2a5b286b803739cdfb7.png
17:36:42.178 [Test worker] DEBUG net.serenitybdd.core.photography.Darkroom - Send negative for processing for C:\Users\nriosa\Desktop\SanitySemillas\SanitySemilla2\target\site\serenity\90221f99fdc7199c31f06f33aa848a19a16dc7e6396c3b57101ed0d52d4e91a0.png
17:36:42.975 [Test worker] DEBUG net.serenitybdd.core.photography.Darkroom - Send negative for processing for C:\Users\nriosa\Desktop\SanitySemillas\SanitySemilla2\target\site\serenity\302eafd587a6df33d5cb4f4b71950eebdfc6aa15c4f77c9bb86247ff28ec6774.png
17:36:44.235 [Test worker] DEBUG net.serenitybdd.core.photography.Darkroom - Send negative for processing for C:\Users\nriosa\Desktop\SanitySemillas\SanitySemilla2\target\site\serenity\1e832304af794f4e68c79d6cad4d42a3845d169e2d2ce1f235a05c560ccdf46f.png
17:36:44.993 [Test worker] DEBUG net.serenitybdd.core.photography.Darkroom - Send negative for processing for C:\Users\nriosa\Desktop\SanitySemillas\SanitySemilla2\target\site\serenity\70e390fdcd265ee85457150539d656070188e7da2266159092baec07d5ce631d.png
17:36:45.545 [Test worker] DEBUG net.serenitybdd.core.photography.Darkroom - Send negative for processing for C:\Users\nriosa\Desktop\SanitySemillas\SanitySemilla2\target\site\serenity\5ef99b7fe280ad6a86c0545a53369df838ccf6f22ff9a88869ad4794fd77f305.png
17:36:46.049 [Test worker] DEBUG net.serenitybdd.core.photography.Darkroom - Send negative for processing for C:\Users\nriosa\Desktop\SanitySemillas\SanitySemilla2\target\site\serenity\94ef2706e382e948e5d64b6bbb53f3e13ca0046d2e683fc9c981ecd378519a11.png
17:36:46.675 [Test worker] DEBUG net.serenitybdd.core.photography.Darkroom - Send negative for processing for C:\Users\nriosa\Desktop\SanitySemillas\SanitySemilla2\target\site\serenity\a41db7bc44f6fe8b1d40e5df93e5b5f2740b413e943e1637d948325a7ddf63c9.png
17:36:48.119 [Test worker] DEBUG net.serenitybdd.core.photography.Darkroom - Send negative for processing for C:\Users\nriosa\Desktop\SanitySemillas\SanitySemilla2\target\site\serenity\b5d8fdf368e9846850dd05923bf83cb33fca1df8fed3d524dd18275c19046057.png
17:36:48.774 [Test worker] DEBUG net.serenitybdd.core.photography.Darkroom - Send negative for processing for C:\Users\nriosa\Desktop\SanitySemillas\SanitySemilla2\target\site\serenity\c8a628355cbb41728f3dfdd2aef1cde0a56c7413ca7a70bcebcdcd46c12ab4c4.png
17:36:49.269 [Test worker] DEBUG net.serenitybdd.core.photography.Darkroom - Send negative for processing for C:\Users\nriosa\Desktop\SanitySemillas\SanitySemilla2\target\site\serenity\cac23e938f25f727d80c66a98bbfce5e55665c5fb2619544681216df0b2b4c3e.png
17:36:49.777 [Test worker] DEBUG net.serenitybdd.core.photography.Darkroom - Send negative for processing for C:\Users\nriosa\Desktop\SanitySemillas\SanitySemilla2\target\site\serenity\379313629e55681c6bcee1193feb7a8871caaa7dfe09167f3428002cbe81f6cf.png
17:36:50.352 [Test worker] DEBUG net.serenitybdd.core.photography.Darkroom - Send negative for processing for C:\Users\nriosa\Desktop\SanitySemillas\SanitySemilla2\target\site\serenity\a688ec1d2dff06fe9e6a82a42f5f464d78e5940584721a37fc09917ed100a3d0.png
17:36:50.940 [Test worker] DEBUG net.serenitybdd.core.photography.Darkroom - Send negative for processing for C:\Users\nriosa\Desktop\SanitySemillas\SanitySemilla2\target\site\serenity\a688ec1d2dff06fe9e6a82a42f5f464d78e5940584721a37fc09917ed100a3d0.png
17:36:51.690 [Test worker] DEBUG net.serenitybdd.core.photography.Darkroom - Send negative for processing for C:\Users\nriosa\Desktop\SanitySemillas\SanitySemilla2\target\site\serenity\a688ec1d2dff06fe9e6a82a42f5f464d78e5940584721a37fc09917ed100a3d0.png
17:36:52.301 [Test worker] DEBUG net.serenitybdd.core.photography.Darkroom - Send negative for processing for C:\Users\nriosa\Desktop\SanitySemillas\SanitySemilla2\target\site\serenity\798cc34fd4958a5d5b80be30833395abffd1d00521a46178bdb02b0d294ff3af.png
17:36:52.303 [Darkroom Processing Line] DEBUG net.serenitybdd.core.photography.DarkroomProcessingLine - Processing screenshot image in /var/screenshots/screenshot-5629177141137727406
17:36:52.303 [Darkroom Processing Line] DEBUG net.serenitybdd.core.photography.DarkroomProcessingLine - Saving screenshot to C:\Users\nriosa\Desktop\SanitySemillas\SanitySemilla2\target\site\serenity\798cc34fd4958a5d5b80be30833395abffd1d00521a46178bdb02b0d294ff3af.png
17:37:02.657 [Test worker] DEBUG net.serenitybdd.core.photography.Darkroom - Send negative for processing for C:\Users\nriosa\Desktop\SanitySemillas\SanitySemilla2\target\site\serenity\07ab96d09a0196672287748d9156cc678786c6f04f510b4ab5994487324bfb21.png
17:37:03.317 [Test worker] DEBUG net.serenitybdd.core.photography.Darkroom - Send negative for processing for C:\Users\nriosa\Desktop\SanitySemillas\SanitySemilla2\target\site\serenity\d939e7fe4d5c69a80cf37b97bb22be7050446609d22844a8cbc684afd36c813a.png
17:37:03.924 [Test worker] DEBUG net.serenitybdd.core.photography.Darkroom - Send negative for processing for C:\Users\nriosa\Desktop\SanitySemillas\SanitySemilla2\target\site\serenity\3e05763e10b5517493d5b58fbabb94a79da6f220eb193a7e9e8af2c348c2ffe3.png
17:37:04.574 [Test worker] DEBUG net.serenitybdd.core.photography.Darkroom - Send negative for processing for C:\Users\nriosa\Desktop\SanitySemillas\SanitySemilla2\target\site\serenity\3e05763e10b5517493d5b58fbabb94a79da6f220eb193a7e9e8af2c348c2ffe3.png
17:37:05.192 [Test worker] DEBUG net.serenitybdd.core.photography.Darkroom - Send negative for processing for C:\Users\nriosa\Desktop\SanitySemillas\SanitySemilla2\target\site\serenity\e7debcf085eae9c8679083a95eb620edf25d990b326191a546823c09ebf7f0d1.png
17:37:05.710 [Test worker] DEBUG net.serenitybdd.core.photography.Darkroom - Send negative for processing for C:\Users\nriosa\Desktop\SanitySemillas\SanitySemilla2\target\site\serenity\e7debcf085eae9c8679083a95eb620edf25d990b326191a546823c09ebf7f0d1.png
17:37:06.213 [Test worker] DEBUG net.serenitybdd.core.photography.Darkroom - Send negative for processing for C:\Users\nriosa\Desktop\SanitySemillas\SanitySemilla2\target\site\serenity\e7debcf085eae9c8679083a95eb620edf25d990b326191a546823c09ebf7f0d1.png
17:37:06.784 [Test worker] DEBUG net.serenitybdd.core.photography.Darkroom - Send negative for processing for C:\Users\nriosa\Desktop\SanitySemillas\SanitySemilla2\target\site\serenity\eab03b1ab89cfbfa18ca18151e42c19d0c89cacc6b2546fe5b9803e711a2a2f4.png
17:37:07.464 [Test worker] DEBUG net.serenitybdd.core.photography.Darkroom - Send negative for processing for C:\Users\nriosa\Desktop\SanitySemillas\SanitySemilla2\target\site\serenity\dffa8de99af3bbb0ceb529cc6ebcc40472264fd5ba4928eaa2aa53f9a984d5df.png
17:37:08.144 [Test worker] DEBUG net.serenitybdd.core.photography.Darkroom - Send negative for processing for C:\Users\nriosa\Desktop\SanitySemillas\SanitySemilla2\target\site\serenity\9b4e861424e160e4b8a612e32d570e6e93f17645eb8971643eaba48fd18db46e.png
17:37:08.769 [Test worker] DEBUG net.serenitybdd.core.photography.Darkroom - Send negative for processing for C:\Users\nriosa\Desktop\SanitySemillas\SanitySemilla2\target\site\serenity\9b4e861424e160e4b8a612e32d570e6e93f17645eb8971643eaba48fd18db46e.png
17:37:09.417 [Test worker] DEBUG net.serenitybdd.core.photography.Darkroom - Send negative for processing for C:\Users\nriosa\Desktop\SanitySemillas\SanitySemilla2\target\site\serenity\9b4e861424e160e4b8a612e32d570e6e93f17645eb8971643eaba48fd18db46e.png
17:37:10.043 [Test worker] DEBUG net.serenitybdd.core.photography.Darkroom - Send negative for processing for C:\Users\nriosa\Desktop\SanitySemillas\SanitySemilla2\target\site\serenity\9b4e861424e160e4b8a612e32d570e6e93f17645eb8971643eaba48fd18db46e.png
17:37:10.625 [Test worker] DEBUG net.serenitybdd.core.photography.Darkroom - Send negative for processing for C:\Users\nriosa\Desktop\SanitySemillas\SanitySemilla2\target\site\serenity\9b4e861424e160e4b8a612e32d570e6e93f17645eb8971643eaba48fd18db46e.png
17:37:11.297 [Test worker] DEBUG net.serenitybdd.core.photography.Darkroom - Send negative for processing for C:\Users\nriosa\Desktop\SanitySemillas\SanitySemilla2\target\site\serenity\184341996e4b7a40f5c95d0399d7c91d665a84946470032ddf557fa27fb567bc.png
17:37:11.902 [Test worker] DEBUG net.serenitybdd.core.photography.Darkroom - Send negative for processing for C:\Users\nriosa\Desktop\SanitySemillas\SanitySemilla2\target\site\serenity\eab03b1ab89cfbfa18ca18151e42c19d0c89cacc6b2546fe5b9803e711a2a2f4.png
17:37:12.647 [Test worker] DEBUG net.serenitybdd.core.photography.Darkroom - Send negative for processing for C:\Users\nriosa\Desktop\SanitySemillas\SanitySemilla2\target\site\serenity\caf58c05d8082db476bdccf537c2217a373a615d223f21ae8e5e38d98268717b.png
17:37:13.312 [Test worker] DEBUG net.serenitybdd.core.photography.Darkroom - Send negative for processing for C:\Users\nriosa\Desktop\SanitySemillas\SanitySemilla2\target\site\serenity\e7fee8bd27f26a5ab037d483e9fd32c490e15ef6918d5ceca3f88ba5788b1701.png
17:37:13.314 [Darkroom Processing Line] DEBUG net.serenitybdd.core.photography.DarkroomProcessingLine - Processing screenshot image in /var/screenshots/screenshot-5249896722581739165
17:37:13.314 [Darkroom Processing Line] DEBUG net.serenitybdd.core.photography.DarkroomProcessingLine - Saving screenshot to C:\Users\nriosa\Desktop\SanitySemillas\SanitySemilla2\target\site\serenity\e7fee8bd27f26a5ab037d483e9fd32c490e15ef6918d5ceca3f88ba5788b1701.png
17:37:17.557 [Test worker] DEBUG net.serenitybdd.core.photography.Darkroom - Send negative for processing for C:\Users\nriosa\Desktop\SanitySemillas\SanitySemilla2\target\site\serenity\adb978ee35508afa7f919bd86bc96c1f560329c18db8311e153b6fcc4c6f5c00.png
17:37:20.265 [Test worker] DEBUG net.serenitybdd.core.photography.Darkroom - Send negative for processing for C:\Users\nriosa\Desktop\SanitySemillas\SanitySemilla2\target\site\serenity\f5122bd2c285e07caa401a312ccdda574e8306cc03f98333ecf7189b566b3ebb.png
17:37:20.267 [Darkroom Processing Line] DEBUG net.serenitybdd.core.photography.DarkroomProcessingLine - Processing screenshot image in /var/screenshots/screenshot-940891463185939776
17:37:20.267 [Darkroom Processing Line] DEBUG net.serenitybdd.core.photography.DarkroomProcessingLine - Saving screenshot to C:\Users\nriosa\Desktop\SanitySemillas\SanitySemilla2\target\site\serenity\f5122bd2c285e07caa401a312ccdda574e8306cc03f98333ecf7189b566b3ebb.png
*****************************************************Codigo y Descripcion***********************************************************************************


Código: Msisdn: 573046008593
Descripción: Activacion exitosa; Bienvenido a TIGO recuerda activar los servicio VAS y contarle al cliente los beneficios de SMS; WAP; 3.5G;Backtones. Eso es estar con Tigo25794E


*****************************************************************************************************************************************
17:38:05.669 [Test worker] DEBUG net.serenitybdd.core.photography.Darkroom - Send negative for processing for C:\Users\nriosa\Desktop\SanitySemillas\SanitySemilla2\target\site\serenity\535f53bb2af1d573e6142dcd1375cf09a199e8704ecff04a5837c7fd462465f3.png
17:38:05.671 [Darkroom Processing Line] DEBUG net.serenitybdd.core.photography.DarkroomProcessingLine - Processing screenshot image in /var/screenshots/screenshot-4715782529990783599
17:38:05.671 [Darkroom Processing Line] DEBUG net.serenitybdd.core.photography.DarkroomProcessingLine - Saving screenshot to C:\Users\nriosa\Desktop\SanitySemillas\SanitySemilla2\target\site\serenity\535f53bb2af1d573e6142dcd1375cf09a199e8704ecff04a5837c7fd462465f3.png
17:38:07.422 [Test worker] DEBUG net.serenitybdd.core.photography.Darkroom - Send negative for processing for C:\Users\nriosa\Desktop\SanitySemillas\SanitySemilla2\target\site\serenity\90d5e24bb27c597af57642a285344ac39cd586a8c11fc1f610a1ed72421cfd05.png
17:38:08.022 [Test worker] DEBUG net.serenitybdd.core.photography.Darkroom - Send negative for processing for C:\Users\nriosa\Desktop\SanitySemillas\SanitySemilla2\target\site\serenity\af7c6775cff514a33f5651bf7aafdd0b472d65b345f136e6c13b2bbc3d6b587e.png
17:38:08.625 [Test worker] DEBUG net.serenitybdd.core.photography.Darkroom - Send negative for processing for C:\Users\nriosa\Desktop\SanitySemillas\SanitySemilla2\target\site\serenity\24c29a0be3f348760d71d0a96d0406538f54b19af4e3b00139db1d07d24d2af6.png
17:38:09.203 [Test worker] DEBUG net.serenitybdd.core.photography.Darkroom - Send negative for processing for C:\Users\nriosa\Desktop\SanitySemillas\SanitySemilla2\target\site\serenity\f4d50e4a1f98b0540088eafda1ae93e293017da3656c63dfa0ae69179487a840.png
17:38:10.233 [Test worker] DEBUG net.serenitybdd.core.photography.Darkroom - Send negative for processing for C:\Users\nriosa\Desktop\SanitySemillas\SanitySemilla2\target\site\serenity\6e49dc3e7abd97d33aa9f2336b82850978d9d98998496e10f9bb0afc0d58d2f4.png
17:38:10.234 [Darkroom Processing Line] DEBUG net.serenitybdd.core.photography.DarkroomProcessingLine - Processing screenshot image in /var/screenshots/screenshot-291383719661662195
17:38:10.234 [Darkroom Processing Line] DEBUG net.serenitybdd.core.photography.DarkroomProcessingLine - Saving screenshot to C:\Users\nriosa\Desktop\SanitySemillas\SanitySemilla2\target\site\serenity\6e49dc3e7abd97d33aa9f2336b82850978d9d98998496e10f9bb0afc0d58d2f4.png
17:38:10.869 [Test worker] DEBUG net.serenitybdd.core.photography.Darkroom - Send negative for processing for C:\Users\nriosa\Desktop\SanitySemillas\SanitySemilla2\target\site\serenity\cc4be758dd572673d13314efcd1ae2592c828987f6aa4396e4d40742d0a1e35a.png
17:38:10.875 [Darkroom Processing Line] DEBUG net.serenitybdd.core.photography.DarkroomProcessingLine - Processing screenshot image in /var/screenshots/screenshot-5105537577253556648
17:38:10.875 [Darkroom Processing Line] DEBUG net.serenitybdd.core.photography.DarkroomProcessingLine - Saving screenshot to C:\Users\nriosa\Desktop\SanitySemillas\SanitySemilla2\target\site\serenity\cc4be758dd572673d13314efcd1ae2592c828987f6aa4396e4d40742d0a1e35a.png
17:38:11.834 [Test worker] DEBUG net.serenitybdd.core.photography.Darkroom - Send negative for processing for C:\Users\nriosa\Desktop\SanitySemillas\SanitySemilla2\target\site\serenity\56a07e0acb41bde7b1d47f98f3237ef8e06bad960d3ba2de8d7e58c56943ed2f.png
17:38:11.835 [Darkroom Processing Line] DEBUG net.serenitybdd.core.photography.DarkroomProcessingLine - Processing screenshot image in /var/screenshots/screenshot-3175204766296747874
17:38:11.835 [Darkroom Processing Line] DEBUG net.serenitybdd.core.photography.DarkroomProcessingLine - Saving screenshot to C:\Users\nriosa\Desktop\SanitySemillas\SanitySemilla2\target\site\serenity\56a07e0acb41bde7b1d47f98f3237ef8e06bad960d3ba2de8d7e58c56943ed2f.png
17:38:18.873 [Test worker] ERROR net.thucydides.core.steps.ConsoleLoggingListener - ?[91m
           __  _____ _____ ____ _____   _____ _    ___ _     _____ ____  
  _       / / |_   _| ____/ ___|_   _| |  ___/ \  |_ _| |   | ____|  _ \ 
 (_)_____| |    | | |  _| \___ \ | |   | |_ / _ \  | || |   |  _| | | | |
  _|_____| |    | | | |___ ___) || |   |  _/ ___ \ | || |___| |___| |_| |
 (_)     | |    |_| |_____|____/ |_|   |_|/_/   \_\___|_____|_____|____/ 
          \_\                                                            

TEST FAILED: se requiere realizar una activacion avanger
--------------------------------------------------------------------------?[0m
17:38:18.875 [Test worker] DEBUG net.thucydides.core.steps.ConsoleLoggingListener - RELATED ISSUES: 
17:38:18.946 [Test worker] ERROR net.thucydides.core.steps.ConsoleLoggingListener - ?[91mTEST FAILED AT STEP Then Se deberia ver en pantalla unica la linea activa avanger?[0m
17:38:18.946 [Test worker] ERROR net.thucydides.core.steps.ConsoleLoggingListener - el plan es pospagoExpected: a string containing "Pospago " but: was "188145974"
17:38:19.164 [Test worker] INFO net.serenitybdd.core.webdriver.driverproviders.ProvideNewDriver - Instantiating driver
17:38:19.164 [Test worker] INFO net.serenitybdd.core.webdriver.driverproviders.ProvideNewDriver - Driver capabilities: Capabilities {acceptInsecureCerts: true, browserName: firefox, firefox_profile: org.openqa.selenium.firefox..., headless: false, loggingPrefs: org.openqa.selenium.logging..., marionette: true, moz:firefoxOptions: {}, platform: ANY, version: }
17:38:24.519 [Test worker] DEBUG net.serenitybdd.core.photography.Darkroom - Send negative for processing for C:\Users\nriosa\Desktop\SanitySemillas\SanitySemilla2\target\site\serenity\8a6c552499fef698e1b57ab10a498f752a43ff0b2becb28712565b39c41ecb96.png
17:38:24.862 [Test worker] DEBUG net.serenitybdd.core.photography.Darkroom - Send negative for processing for C:\Users\nriosa\Desktop\SanitySemillas\SanitySemilla2\target\site\serenity\d1f7553147769a75b87043926a8b3b0bf936fafaf394c13940c8b35f79332bae.png
17:38:27.797 [Test worker] DEBUG net.serenitybdd.core.photography.Darkroom - Send negative for processing for C:\Users\nriosa\Desktop\SanitySemillas\SanitySemilla2\target\site\serenity\90d5e24bb27c597af57642a285344ac39cd586a8c11fc1f610a1ed72421cfd05.png
17:38:29.731 [Test worker] DEBUG net.serenitybdd.core.photography.Darkroom - Send negative for processing for C:\Users\nriosa\Desktop\SanitySemillas\SanitySemilla2\target\site\serenity\598a1cddd5f521400874c6d3db4c7dd4fe8ddc201cb63243364bcb0e9d244515.png
17:38:30.368 [Test worker] DEBUG net.serenitybdd.core.photography.Darkroom - Send negative for processing for C:\Users\nriosa\Desktop\SanitySemillas\SanitySemilla2\target\site\serenity\2d9065536ad677b59e3054ac19c52651a3d39992a5b94d66e3c14f778979ad18.png
17:38:30.984 [Test worker] DEBUG net.serenitybdd.core.photography.Darkroom - Send negative for processing for C:\Users\nriosa\Desktop\SanitySemillas\SanitySemilla2\target\site\serenity\85e6a086fd9e6d2df9d981cff993b43741c465724783a9e6baec08c0eaf732db.png
17:38:31.618 [Test worker] DEBUG net.serenitybdd.core.photography.Darkroom - Send negative for processing for C:\Users\nriosa\Desktop\SanitySemillas\SanitySemilla2\target\site\serenity\0573ad3bb2245a09f83b3feb5ca0e50caf744298dfa94c90934845dfba2dde00.png
17:38:33.119 [Test worker] DEBUG net.serenitybdd.core.photography.Darkroom - Send negative for processing for C:\Users\nriosa\Desktop\SanitySemillas\SanitySemilla2\target\site\serenity\f9f9562b2de3a15607d63cf08c7190ff40cadf6fdf0085d8a5b66508df91c403.png
17:38:33.121 [Darkroom Processing Line] DEBUG net.serenitybdd.core.photography.DarkroomProcessingLine - Processing screenshot image in /var/screenshots/screenshot-5169606963227865994
17:38:33.121 [Darkroom Processing Line] DEBUG net.serenitybdd.core.photography.DarkroomProcessingLine - Saving screenshot to C:\Users\nriosa\Desktop\SanitySemillas\SanitySemilla2\target\site\serenity\f9f9562b2de3a15607d63cf08c7190ff40cadf6fdf0085d8a5b66508df91c403.png
17:38:34.028 [Test worker] DEBUG net.serenitybdd.core.photography.Darkroom - Send negative for processing for C:\Users\nriosa\Desktop\SanitySemillas\SanitySemilla2\target\site\serenity\b640951356e7de056d8c69dd5542055b3707adfa2ae9865af07899f558dacc71.png
17:38:34.028 [Darkroom Processing Line] DEBUG net.serenitybdd.core.photography.DarkroomProcessingLine - Processing screenshot image in /var/screenshots/screenshot-8669584176504870450
17:38:34.028 [Darkroom Processing Line] DEBUG net.serenitybdd.core.photography.DarkroomProcessingLine - Saving screenshot to C:\Users\nriosa\Desktop\SanitySemillas\SanitySemilla2\target\site\serenity\b640951356e7de056d8c69dd5542055b3707adfa2ae9865af07899f558dacc71.png
17:38:34.745 [Test worker] DEBUG net.serenitybdd.core.photography.Darkroom - Send negative for processing for C:\Users\nriosa\Desktop\SanitySemillas\SanitySemilla2\target\site\serenity\02c24a2595afbabcf6597b9263ec7f67e77aad0ea04d48a97aea489a7804c77b.png
17:38:34.746 [Darkroom Processing Line] DEBUG net.serenitybdd.core.photography.DarkroomProcessingLine - Processing screenshot image in /var/screenshots/screenshot-3614142949397767206
17:38:34.746 [Darkroom Processing Line] DEBUG net.serenitybdd.core.photography.DarkroomProcessingLine - Saving screenshot to C:\Users\nriosa\Desktop\SanitySemillas\SanitySemilla2\target\site\serenity\02c24a2595afbabcf6597b9263ec7f67e77aad0ea04d48a97aea489a7804c77b.png
17:38:38.018 [Test worker] DEBUG net.serenitybdd.core.photography.Darkroom - Send negative for processing for C:\Users\nriosa\Desktop\SanitySemillas\SanitySemilla2\target\site\serenity\02c24a2595afbabcf6597b9263ec7f67e77aad0ea04d48a97aea489a7804c77b.png
17:38:38.758 [Test worker] DEBUG net.serenitybdd.core.photography.Darkroom - Send negative for processing for C:\Users\nriosa\Desktop\SanitySemillas\SanitySemilla2\target\site\serenity\02c24a2595afbabcf6597b9263ec7f67e77aad0ea04d48a97aea489a7804c77b.png
17:38:39.391 [Test worker] DEBUG net.serenitybdd.core.photography.Darkroom - Send negative for processing for C:\Users\nriosa\Desktop\SanitySemillas\SanitySemilla2\target\site\serenity\02c24a2595afbabcf6597b9263ec7f67e77aad0ea04d48a97aea489a7804c77b.png
17:38:40.062 [Test worker] DEBUG net.serenitybdd.core.photography.Darkroom - Send negative for processing for C:\Users\nriosa\Desktop\SanitySemillas\SanitySemilla2\target\site\serenity\02c24a2595afbabcf6597b9263ec7f67e77aad0ea04d48a97aea489a7804c77b.png
17:38:40.714 [Test worker] DEBUG net.serenitybdd.core.photography.Darkroom - Send negative for processing for C:\Users\nriosa\Desktop\SanitySemillas\SanitySemilla2\target\site\serenity\02c24a2595afbabcf6597b9263ec7f67e77aad0ea04d48a97aea489a7804c77b.png
17:38:41.398 [Test worker] DEBUG net.serenitybdd.core.photography.Darkroom - Send negative for processing for C:\Users\nriosa\Desktop\SanitySemillas\SanitySemilla2\target\site\serenity\02c24a2595afbabcf6597b9263ec7f67e77aad0ea04d48a97aea489a7804c77b.png
17:38:42.012 [Test worker] DEBUG net.serenitybdd.core.photography.Darkroom - Send negative for processing for C:\Users\nriosa\Desktop\SanitySemillas\SanitySemilla2\target\site\serenity\7507c4e7ffafb456fde7691fbbfbf6a325e60ba60e1ffc140f96d5e99591095b.png
17:38:42.015 [Darkroom Processing Line] DEBUG net.serenitybdd.core.photography.DarkroomProcessingLine - Processing screenshot image in /var/screenshots/screenshot-1599804328966488550
17:38:42.015 [Darkroom Processing Line] DEBUG net.serenitybdd.core.photography.DarkroomProcessingLine - Saving screenshot to C:\Users\nriosa\Desktop\SanitySemillas\SanitySemilla2\target\site\serenity\7507c4e7ffafb456fde7691fbbfbf6a325e60ba60e1ffc140f96d5e99591095b.png
17:38:42.647 [Test worker] DEBUG net.serenitybdd.core.photography.Darkroom - Send negative for processing for C:\Users\nriosa\Desktop\SanitySemillas\SanitySemilla2\target\site\serenity\8c7761d9d81137d2b54847e72beaecd232469d78dd7b66821e9be306031a372e.png
17:38:42.648 [Darkroom Processing Line] DEBUG net.serenitybdd.core.photography.DarkroomProcessingLine - Processing screenshot image in /var/screenshots/screenshot-2702197951607836323
17:38:42.648 [Darkroom Processing Line] DEBUG net.serenitybdd.core.photography.DarkroomProcessingLine - Saving screenshot to C:\Users\nriosa\Desktop\SanitySemillas\SanitySemilla2\target\site\serenity\8c7761d9d81137d2b54847e72beaecd232469d78dd7b66821e9be306031a372e.png
Transaccion :
17:39:07.198 [Test worker] DEBUG net.serenitybdd.core.photography.Darkroom - Send negative for processing for C:\Users\nriosa\Desktop\SanitySemillas\SanitySemilla2\target\site\serenity\6281148a5ed996a3dc377c5bd36ea39d67478508f01a7ecd19cf387cc80908b0.png
17:39:07.199 [Darkroom Processing Line] DEBUG net.serenitybdd.core.photography.DarkroomProcessingLine - Processing screenshot image in /var/screenshots/screenshot-1467721629128403894
17:39:07.199 [Darkroom Processing Line] DEBUG net.serenitybdd.core.photography.DarkroomProcessingLine - Saving screenshot to C:\Users\nriosa\Desktop\SanitySemillas\SanitySemilla2\target\site\serenity\6281148a5ed996a3dc377c5bd36ea39d67478508f01a7ecd19cf387cc80908b0.png
17:39:08.233 [Test worker] DEBUG net.serenitybdd.core.photography.Darkroom - Send negative for processing for C:\Users\nriosa\Desktop\SanitySemillas\SanitySemilla2\target\site\serenity\90d5e24bb27c597af57642a285344ac39cd586a8c11fc1f610a1ed72421cfd05.png
17:39:08.854 [Test worker] DEBUG net.serenitybdd.core.photography.Darkroom - Send negative for processing for C:\Users\nriosa\Desktop\SanitySemillas\SanitySemilla2\target\site\serenity\af7c6775cff514a33f5651bf7aafdd0b472d65b345f136e6c13b2bbc3d6b587e.png
17:39:09.459 [Test worker] DEBUG net.serenitybdd.core.photography.Darkroom - Send negative for processing for C:\Users\nriosa\Desktop\SanitySemillas\SanitySemilla2\target\site\serenity\24c29a0be3f348760d71d0a96d0406538f54b19af4e3b00139db1d07d24d2af6.png
17:39:10.078 [Test worker] DEBUG net.serenitybdd.core.photography.Darkroom - Send negative for processing for C:\Users\nriosa\Desktop\SanitySemillas\SanitySemilla2\target\site\serenity\b6876a2fc97eab843d05e63c1cb43c8956c9a63b6d6cdc47559414923be23e45.png
17:39:11.158 [Test worker] DEBUG net.serenitybdd.core.photography.Darkroom - Send negative for processing for C:\Users\nriosa\Desktop\SanitySemillas\SanitySemilla2\target\site\serenity\4e5699ce1c5ba8197667427e336a142efd20e5ba83ca0da7bba5cb31b64586ad.png
17:39:11.831 [Test worker] DEBUG net.serenitybdd.core.photography.Darkroom - Send negative for processing for C:\Users\nriosa\Desktop\SanitySemillas\SanitySemilla2\target\site\serenity\642197bc562b8b496573ca058ec7ff39182e1e0c5916c40ef9f06f807cc6e5fd.png
17:39:13.304 [Test worker] DEBUG net.serenitybdd.core.photography.Darkroom - Send negative for processing for C:\Users\nriosa\Desktop\SanitySemillas\SanitySemilla2\target\site\serenity\db359c821d8f69c701b24ed5335d14b09632cd95d4555302fec28d0308259e5d.png
17:39:13.306 [Darkroom Processing Line] DEBUG net.serenitybdd.core.photography.DarkroomProcessingLine - Processing screenshot image in /var/screenshots/screenshot-9069992018322348688
17:39:13.306 [Darkroom Processing Line] DEBUG net.serenitybdd.core.photography.DarkroomProcessingLine - Saving screenshot to C:\Users\nriosa\Desktop\SanitySemillas\SanitySemilla2\target\site\serenity\db359c821d8f69c701b24ed5335d14b09632cd95d4555302fec28d0308259e5d.png
17:39:19.418 [Test worker] ERROR net.thucydides.core.steps.ConsoleLoggingListener - ?[91m
           __  _____ _____ ____ _____   _____ _    ___ _     _____ ____  
  _       / / |_   _| ____/ ___|_   _| |  ___/ \  |_ _| |   | ____|  _ \ 
 (_)_____| |    | | |  _| \___ \ | |   | |_ / _ \  | || |   |  _| | | | |
  _|_____| |    | | | |___ ___) || |   |  _/ ___ \ | || |___| |___| |_| |
 (_)     | |    |_| |_____|____/ |_|   |_|/_/   \_\___|_____|_____|____/ 
          \_\                                                            

TEST FAILED: se requiere realizar un cambio de plan pos a pre
--------------------------------------------------------------------------?[0m
17:39:19.418 [Test worker] DEBUG net.thucydides.core.steps.ConsoleLoggingListener - RELATED ISSUES: 
17:39:19.418 [Test worker] ERROR net.thucydides.core.steps.ConsoleLoggingListener - ?[91mTEST FAILED AT STEP Then Se deberia ver en pantalla unica la linea en plan pos?[0m
17:39:19.418 [Test worker] ERROR net.thucydides.core.steps.ConsoleLoggingListener - el plan es prepagoExpected: a string containing "Plan Tigo Prepago" but: was "Pospago 5.3 Empresarial"
17:39:19.675 [Test worker] INFO net.serenitybdd.core.webdriver.driverproviders.ProvideNewDriver - Instantiating driver
17:39:19.675 [Test worker] INFO net.serenitybdd.core.webdriver.driverproviders.ProvideNewDriver - Driver capabilities: Capabilities {acceptInsecureCerts: true, browserName: firefox, firefox_profile: org.openqa.selenium.firefox..., headless: false, loggingPrefs: org.openqa.selenium.logging..., marionette: true, moz:firefoxOptions: {}, platform: ANY, version: }
17:39:24.808 [Test worker] DEBUG net.serenitybdd.core.photography.Darkroom - Send negative for processing for C:\Users\nriosa\Desktop\SanitySemillas\SanitySemilla2\target\site\serenity\8a6c552499fef698e1b57ab10a498f752a43ff0b2becb28712565b39c41ecb96.png
17:39:25.160 [Test worker] DEBUG net.serenitybdd.core.photography.Darkroom - Send negative for processing for C:\Users\nriosa\Desktop\SanitySemillas\SanitySemilla2\target\site\serenity\d1f7553147769a75b87043926a8b3b0bf936fafaf394c13940c8b35f79332bae.png
17:39:28.111 [Test worker] DEBUG net.serenitybdd.core.photography.Darkroom - Send negative for processing for C:\Users\nriosa\Desktop\SanitySemillas\SanitySemilla2\target\site\serenity\90d5e24bb27c597af57642a285344ac39cd586a8c11fc1f610a1ed72421cfd05.png
17:39:29.795 [Test worker] DEBUG net.serenitybdd.core.photography.Darkroom - Send negative for processing for C:\Users\nriosa\Desktop\SanitySemillas\SanitySemilla2\target\site\serenity\598a1cddd5f521400874c6d3db4c7dd4fe8ddc201cb63243364bcb0e9d244515.png
17:39:30.316 [Test worker] DEBUG net.serenitybdd.core.photography.Darkroom - Send negative for processing for C:\Users\nriosa\Desktop\SanitySemillas\SanitySemilla2\target\site\serenity\2d9065536ad677b59e3054ac19c52651a3d39992a5b94d66e3c14f778979ad18.png
17:39:30.827 [Test worker] DEBUG net.serenitybdd.core.photography.Darkroom - Send negative for processing for C:\Users\nriosa\Desktop\SanitySemillas\SanitySemilla2\target\site\serenity\85e6a086fd9e6d2df9d981cff993b43741c465724783a9e6baec08c0eaf732db.png
17:39:31.313 [Test worker] DEBUG net.serenitybdd.core.photography.Darkroom - Send negative for processing for C:\Users\nriosa\Desktop\SanitySemillas\SanitySemilla2\target\site\serenity\4802132213fb0592d94ba6a97c69680d65e8dd3c583793238c889b4c0e30cb36.png
17:39:31.315 [Darkroom Processing Line] DEBUG net.serenitybdd.core.photography.DarkroomProcessingLine - Processing screenshot image in /var/screenshots/screenshot-8710781331524341994
17:39:31.315 [Darkroom Processing Line] DEBUG net.serenitybdd.core.photography.DarkroomProcessingLine - Saving screenshot to C:\Users\nriosa\Desktop\SanitySemillas\SanitySemilla2\target\site\serenity\4802132213fb0592d94ba6a97c69680d65e8dd3c583793238c889b4c0e30cb36.png
17:39:33.742 [Test worker] DEBUG net.serenitybdd.core.photography.Darkroom - Send negative for processing for C:\Users\nriosa\Desktop\SanitySemillas\SanitySemilla2\target\site\serenity\7ce9c2bd01f1b660850b5f3770f240d4cf20dc0e78ae687c2439279a2f947125.png
ya pasaron 50 sg
17:40:39.360 [Test worker] DEBUG net.serenitybdd.core.photography.Darkroom - Send negative for processing for C:\Users\nriosa\Desktop\SanitySemillas\SanitySemilla2\target\site\serenity\7a5f583e212133db52d9ef162afcc8291cc0461cf16b3aa25824e3da468dd3bf.png
17:40:39.362 [Darkroom Processing Line] DEBUG net.serenitybdd.core.photography.DarkroomProcessingLine - Processing screenshot image in /var/screenshots/screenshot-6601238727740313278
17:40:39.362 [Darkroom Processing Line] DEBUG net.serenitybdd.core.photography.DarkroomProcessingLine - Saving screenshot to C:\Users\nriosa\Desktop\SanitySemillas\SanitySemilla2\target\site\serenity\7a5f583e212133db52d9ef162afcc8291cc0461cf16b3aa25824e3da468dd3bf.png
17:40:44.606 [Test worker] ERROR net.thucydides.core.steps.ConsoleLoggingListener - ?[91m
           __  _____ _____ ____ _____   _____ _    ___ _     _____ ____  
  _       / / |_   _| ____/ ___|_   _| |  ___/ \  |_ _| |   | ____|  _ \ 
 (_)_____| |    | | |  _| \___ \ | |   | |_ / _ \  | || |   |  _| | | | |
  _|_____| |    | | | |___ ___) || |   |  _/ ___ \ | || |___| |___| |_| |
 (_)     | |    |_| |_____|____/ |_|   |_|/_/   \_\___|_____|_____|____/ 
          \_\                                                            

TEST FAILED WITH ERROR: se requiere realizar un cambio de plan pre a pos
---------------------------------------------------------------------?[0m
17:40:44.606 [Test worker] DEBUG net.thucydides.core.steps.ConsoleLoggingListener - RELATED ISSUES: 
17:40:44.606 [Test worker] ERROR net.thucydides.core.steps.ConsoleLoggingListener - ?[91mTEST FAILED AT STEP When Se hace el cambio plan de pre a pos?[0m
17:40:44.607 [Test worker] ERROR net.thucydides.core.steps.ConsoleLoggingListener - Element <input name="PlanschangeForm:j_id230" type="submit"> is not clickable at point (722,185) because another element <div id="ajaxLoadingModalBoxDiv" class="rich-mpnl-mask-div-opaque rich-mpnl-mask-div"> obscures it
17:40:44.886 [Test worker] INFO net.serenitybdd.core.webdriver.driverproviders.ProvideNewDriver - Instantiating driver
17:40:44.886 [Test worker] INFO net.serenitybdd.core.webdriver.driverproviders.ProvideNewDriver - Driver capabilities: Capabilities {acceptInsecureCerts: true, browserName: firefox, firefox_profile: org.openqa.selenium.firefox..., headless: false, loggingPrefs: org.openqa.selenium.logging..., marionette: true, moz:firefoxOptions: {}, platform: ANY, version: }
17:40:50.260 [Test worker] DEBUG net.serenitybdd.core.photography.Darkroom - Send negative for processing for C:\Users\nriosa\Desktop\SanitySemillas\SanitySemilla2\target\site\serenity\8a6c552499fef698e1b57ab10a498f752a43ff0b2becb28712565b39c41ecb96.png
17:40:50.607 [Test worker] DEBUG net.serenitybdd.core.photography.Darkroom - Send negative for processing for C:\Users\nriosa\Desktop\SanitySemillas\SanitySemilla2\target\site\serenity\d1f7553147769a75b87043926a8b3b0bf936fafaf394c13940c8b35f79332bae.png
17:40:53.825 [Test worker] DEBUG net.serenitybdd.core.photography.Darkroom - Send negative for processing for C:\Users\nriosa\Desktop\SanitySemillas\SanitySemilla2\target\site\serenity\90d5e24bb27c597af57642a285344ac39cd586a8c11fc1f610a1ed72421cfd05.png
17:40:54.669 [Test worker] DEBUG net.serenitybdd.core.photography.Darkroom - Send negative for processing for C:\Users\nriosa\Desktop\SanitySemillas\SanitySemilla2\target\site\serenity\90d5e24bb27c597af57642a285344ac39cd586a8c11fc1f610a1ed72421cfd05.png
17:40:55.214 [Test worker] DEBUG net.serenitybdd.core.photography.Darkroom - Send negative for processing for C:\Users\nriosa\Desktop\SanitySemillas\SanitySemilla2\target\site\serenity\af7c6775cff514a33f5651bf7aafdd0b472d65b345f136e6c13b2bbc3d6b587e.png
17:40:55.732 [Test worker] DEBUG net.serenitybdd.core.photography.Darkroom - Send negative for processing for C:\Users\nriosa\Desktop\SanitySemillas\SanitySemilla2\target\site\serenity\24c29a0be3f348760d71d0a96d0406538f54b19af4e3b00139db1d07d24d2af6.png
17:40:56.221 [Test worker] DEBUG net.serenitybdd.core.photography.Darkroom - Send negative for processing for C:\Users\nriosa\Desktop\SanitySemillas\SanitySemilla2\target\site\serenity\b6876a2fc97eab843d05e63c1cb43c8956c9a63b6d6cdc47559414923be23e45.png
17:40:57.167 [Test worker] DEBUG net.serenitybdd.core.photography.Darkroom - Send negative for processing for C:\Users\nriosa\Desktop\SanitySemillas\SanitySemilla2\target\site\serenity\294adde3b0311e1daceb3889e6fc660f99a7d6c38c256625a622b99ecf78bc64.png
17:40:57.716 [Test worker] DEBUG net.serenitybdd.core.photography.Darkroom - Send negative for processing for C:\Users\nriosa\Desktop\SanitySemillas\SanitySemilla2\target\site\serenity\eabea12a1b895ef7d83a0e28bcd3c1d8639f7ab2f946df38c5a18292a52e9b75.png
17:40:58.846 [Test worker] DEBUG net.serenitybdd.core.photography.Darkroom - Send negative for processing for C:\Users\nriosa\Desktop\SanitySemillas\SanitySemilla2\target\site\serenity\91f68b315261b4f977dc211cc5972020c5cbbd36c9a35c9f06d90f48678ec91e.png
17:40:58.849 [Darkroom Processing Line] DEBUG net.serenitybdd.core.photography.DarkroomProcessingLine - Processing screenshot image in /var/screenshots/screenshot-1852617835007815734
17:40:58.849 [Darkroom Processing Line] DEBUG net.serenitybdd.core.photography.DarkroomProcessingLine - Saving screenshot to C:\Users\nriosa\Desktop\SanitySemillas\SanitySemilla2\target\site\serenity\91f68b315261b4f977dc211cc5972020c5cbbd36c9a35c9f06d90f48678ec91e.png
17:41:00.807 [Test worker] DEBUG net.serenitybdd.core.photography.Darkroom - Send negative for processing for C:\Users\nriosa\Desktop\SanitySemillas\SanitySemilla2\target\site\serenity\41e511e38cf092036173dc7e593a28079610b01e42dc9e935d44cf59d3e54a90.png
17:41:01.480 [Test worker] DEBUG net.serenitybdd.core.photography.Darkroom - Send negative for processing for C:\Users\nriosa\Desktop\SanitySemillas\SanitySemilla2\target\site\serenity\7e6a6babc47aa805f0ff6762d41b3fc5f81207e1c8c0b2c163a64bc7062269e3.png
17:41:03.635 [Test worker] DEBUG net.serenitybdd.core.photography.Darkroom - Send negative for processing for C:\Users\nriosa\Desktop\SanitySemillas\SanitySemilla2\target\site\serenity\598a1cddd5f521400874c6d3db4c7dd4fe8ddc201cb63243364bcb0e9d244515.png
17:41:04.394 [Test worker] DEBUG net.serenitybdd.core.photography.Darkroom - Send negative for processing for C:\Users\nriosa\Desktop\SanitySemillas\SanitySemilla2\target\site\serenity\2d9065536ad677b59e3054ac19c52651a3d39992a5b94d66e3c14f778979ad18.png
17:41:04.984 [Test worker] DEBUG net.serenitybdd.core.photography.Darkroom - Send negative for processing for C:\Users\nriosa\Desktop\SanitySemillas\SanitySemilla2\target\site\serenity\85e6a086fd9e6d2df9d981cff993b43741c465724783a9e6baec08c0eaf732db.png
17:41:05.714 [Test worker] DEBUG net.serenitybdd.core.photography.Darkroom - Send negative for processing for C:\Users\nriosa\Desktop\SanitySemillas\SanitySemilla2\target\site\serenity\3213ad3f4cfeefe3f9c2901934be2f90e270e288dd6c03dfe4d1d282beab109a.png
17:41:07.106 [Test worker] DEBUG net.serenitybdd.core.photography.Darkroom - Send negative for processing for C:\Users\nriosa\Desktop\SanitySemillas\SanitySemilla2\target\site\serenity\0a89525a2e42d75453f1750ddd891ade6111de2b199dabfc4c265ec1a6545891.png
17:41:09.266 [Test worker] DEBUG net.serenitybdd.core.photography.Darkroom - Send negative for processing for C:\Users\nriosa\Desktop\SanitySemillas\SanitySemilla2\target\site\serenity\1c4a598fd976b62c1f2093c7a73ef193d21857cf98b74fec48c2bae26fcda847.png
Esta seguro de modificar el subscriptor?
17:41:48.984 [Test worker] DEBUG net.serenitybdd.core.photography.Darkroom - Send negative for processing for C:\Users\nriosa\Desktop\SanitySemillas\SanitySemilla2\target\site\serenity\821829147fb28a0f8ee0d3d0c8a63f237e409479d5644ef29280044d6ff444e4.png
17:41:48.986 [Darkroom Processing Line] DEBUG net.serenitybdd.core.photography.DarkroomProcessingLine - Processing screenshot image in /var/screenshots/screenshot-239321065774743337
17:41:48.986 [Darkroom Processing Line] DEBUG net.serenitybdd.core.photography.DarkroomProcessingLine - Saving screenshot to C:\Users\nriosa\Desktop\SanitySemillas\SanitySemilla2\target\site\serenity\821829147fb28a0f8ee0d3d0c8a63f237e409479d5644ef29280044d6ff444e4.png
17:41:50.360 [Test worker] DEBUG net.serenitybdd.core.photography.Darkroom - Send negative for processing for C:\Users\nriosa\Desktop\SanitySemillas\SanitySemilla2\target\site\serenity\47fe868a27d758c3ada88f44c226e0144fe04f9b70ed385ef8958b63e2e4564a.png
aca
aca
17:41:50.977 [Test worker] DEBUG net.serenitybdd.core.photography.Darkroom - Send negative for processing for C:\Users\nriosa\Desktop\SanitySemillas\SanitySemilla2\target\site\serenity\df7416d56e10b59d0ae0517a65afd2c7ce1050f021f9b6bf434513e8c4112213.png
17:41:51.625 [Test worker] DEBUG net.serenitybdd.core.photography.Darkroom - Send negative for processing for C:\Users\nriosa\Desktop\SanitySemillas\SanitySemilla2\target\site\serenity\3ee1d8afa2f32e4c8a473a3dc0df1ebd0668cf224e3f916a0894a431b60eb273.png
17:41:52.633 [Test worker] DEBUG net.serenitybdd.core.photography.Darkroom - Send negative for processing for C:\Users\nriosa\Desktop\SanitySemillas\SanitySemilla2\target\site\serenity\2d0324fbb8b96cb5f0246ad3d1d0d7d9ac1933c9f7cdf300b40784cb4f309f2c.png
17:41:52.635 [Darkroom Processing Line] DEBUG net.serenitybdd.core.photography.DarkroomProcessingLine - Processing screenshot image in /var/screenshots/screenshot-8713948214834854938
17:41:52.635 [Darkroom Processing Line] DEBUG net.serenitybdd.core.photography.DarkroomProcessingLine - Saving screenshot to C:\Users\nriosa\Desktop\SanitySemillas\SanitySemilla2\target\site\serenity\2d0324fbb8b96cb5f0246ad3d1d0d7d9ac1933c9f7cdf300b40784cb4f309f2c.png
17:41:54.574 [Test worker] DEBUG net.serenitybdd.core.photography.Darkroom - Send negative for processing for C:\Users\nriosa\Desktop\SanitySemillas\SanitySemilla2\target\site\serenity\f94b4ad11e6561f7e68db3d23b786d5fa9082c7103889d18d8b2a05df722bde6.png
17:41:55.293 [Test worker] DEBUG net.serenitybdd.core.photography.Darkroom - Send negative for processing for C:\Users\nriosa\Desktop\SanitySemillas\SanitySemilla2\target\site\serenity\d34693a4673408c3ad7e5401ce7660363a2ed2d56e3d769d996e394d51082963.png
17:42:01.274 [Test worker] INFO net.thucydides.core.steps.ConsoleLoggingListener - ?[92m
        __    _____ _____ ____ _____   ____   _    ____  ____  _____ ____  
  _     \ \  |_   _| ____/ ___|_   _| |  _ \ / \  / ___|/ ___|| ____|  _ \ 
 (_)_____| |   | | |  _| \___ \ | |   | |_) / _ \ \___ \\___ \|  _| | | | |
  _|_____| |   | | | |___ ___) || |   |  __/ ___ \ ___) |___) | |___| |_| |
 (_)     | |   |_| |_____|____/ |_|   |_| /_/   \_\____/|____/|_____|____/ 
        /_/                                                                

TEST PASSED: se requiere realizar la suspension de una linea
----------------------------------------------------------------------------?[0m
17:42:01.503 [Test worker] INFO net.serenitybdd.core.webdriver.driverproviders.ProvideNewDriver - Instantiating driver
17:42:01.503 [Test worker] INFO net.serenitybdd.core.webdriver.driverproviders.ProvideNewDriver - Driver capabilities: Capabilities {acceptInsecureCerts: true, browserName: firefox, firefox_profile: org.openqa.selenium.firefox..., headless: false, loggingPrefs: org.openqa.selenium.logging..., marionette: true, moz:firefoxOptions: {}, platform: ANY, version: }
17:42:06.590 [Test worker] DEBUG net.serenitybdd.core.photography.Darkroom - Send negative for processing for C:\Users\nriosa\Desktop\SanitySemillas\SanitySemilla2\target\site\serenity\8a6c552499fef698e1b57ab10a498f752a43ff0b2becb28712565b39c41ecb96.png
17:42:06.952 [Test worker] DEBUG net.serenitybdd.core.photography.Darkroom - Send negative for processing for C:\Users\nriosa\Desktop\SanitySemillas\SanitySemilla2\target\site\serenity\d1f7553147769a75b87043926a8b3b0bf936fafaf394c13940c8b35f79332bae.png
17:42:10.159 [Test worker] DEBUG net.serenitybdd.core.photography.Darkroom - Send negative for processing for C:\Users\nriosa\Desktop\SanitySemillas\SanitySemilla2\target\site\serenity\90d5e24bb27c597af57642a285344ac39cd586a8c11fc1f610a1ed72421cfd05.png
17:42:11.426 [Test worker] DEBUG net.serenitybdd.core.photography.Darkroom - Send negative for processing for C:\Users\nriosa\Desktop\SanitySemillas\SanitySemilla2\target\site\serenity\90d5e24bb27c597af57642a285344ac39cd586a8c11fc1f610a1ed72421cfd05.png
17:42:12.089 [Test worker] DEBUG net.serenitybdd.core.photography.Darkroom - Send negative for processing for C:\Users\nriosa\Desktop\SanitySemillas\SanitySemilla2\target\site\serenity\af7c6775cff514a33f5651bf7aafdd0b472d65b345f136e6c13b2bbc3d6b587e.png
17:42:12.725 [Test worker] DEBUG net.serenitybdd.core.photography.Darkroom - Send negative for processing for C:\Users\nriosa\Desktop\SanitySemillas\SanitySemilla2\target\site\serenity\24c29a0be3f348760d71d0a96d0406538f54b19af4e3b00139db1d07d24d2af6.png
17:42:13.331 [Test worker] DEBUG net.serenitybdd.core.photography.Darkroom - Send negative for processing for C:\Users\nriosa\Desktop\SanitySemillas\SanitySemilla2\target\site\serenity\b6876a2fc97eab843d05e63c1cb43c8956c9a63b6d6cdc47559414923be23e45.png
17:42:14.359 [Test worker] DEBUG net.serenitybdd.core.photography.Darkroom - Send negative for processing for C:\Users\nriosa\Desktop\SanitySemillas\SanitySemilla2\target\site\serenity\294adde3b0311e1daceb3889e6fc660f99a7d6c38c256625a622b99ecf78bc64.png
17:42:14.979 [Test worker] DEBUG net.serenitybdd.core.photography.Darkroom - Send negative for processing for C:\Users\nriosa\Desktop\SanitySemillas\SanitySemilla2\target\site\serenity\eabea12a1b895ef7d83a0e28bcd3c1d8639f7ab2f946df38c5a18292a52e9b75.png
17:42:15.911 [Test worker] DEBUG net.serenitybdd.core.photography.Darkroom - Send negative for processing for C:\Users\nriosa\Desktop\SanitySemillas\SanitySemilla2\target\site\serenity\17b6c686c5f408f19bba740fe396320c38e9aff0fd73f30be5f2ce4db8a5bcd7.png
17:42:15.912 [Darkroom Processing Line] DEBUG net.serenitybdd.core.photography.DarkroomProcessingLine - Processing screenshot image in /var/screenshots/screenshot-7628541133834016846
17:42:15.912 [Darkroom Processing Line] DEBUG net.serenitybdd.core.photography.DarkroomProcessingLine - Saving screenshot to C:\Users\nriosa\Desktop\SanitySemillas\SanitySemilla2\target\site\serenity\17b6c686c5f408f19bba740fe396320c38e9aff0fd73f30be5f2ce4db8a5bcd7.png
17:42:17.829 [Test worker] DEBUG net.serenitybdd.core.photography.Darkroom - Send negative for processing for C:\Users\nriosa\Desktop\SanitySemillas\SanitySemilla2\target\site\serenity\41e511e38cf092036173dc7e593a28079610b01e42dc9e935d44cf59d3e54a90.png
17:42:18.443 [Test worker] DEBUG net.serenitybdd.core.photography.Darkroom - Send negative for processing for C:\Users\nriosa\Desktop\SanitySemillas\SanitySemilla2\target\site\serenity\7e6a6babc47aa805f0ff6762d41b3fc5f81207e1c8c0b2c163a64bc7062269e3.png
17:42:21.991 [Test worker] DEBUG net.serenitybdd.core.photography.Darkroom - Send negative for processing for C:\Users\nriosa\Desktop\SanitySemillas\SanitySemilla2\target\site\serenity\598a1cddd5f521400874c6d3db4c7dd4fe8ddc201cb63243364bcb0e9d244515.png
17:42:22.674 [Test worker] DEBUG net.serenitybdd.core.photography.Darkroom - Send negative for processing for C:\Users\nriosa\Desktop\SanitySemillas\SanitySemilla2\target\site\serenity\2d9065536ad677b59e3054ac19c52651a3d39992a5b94d66e3c14f778979ad18.png
17:42:23.362 [Test worker] DEBUG net.serenitybdd.core.photography.Darkroom - Send negative for processing for C:\Users\nriosa\Desktop\SanitySemillas\SanitySemilla2\target\site\serenity\85e6a086fd9e6d2df9d981cff993b43741c465724783a9e6baec08c0eaf732db.png
17:42:23.963 [Test worker] DEBUG net.serenitybdd.core.photography.Darkroom - Send negative for processing for C:\Users\nriosa\Desktop\SanitySemillas\SanitySemilla2\target\site\serenity\a3902fd3c6dc37040c6160937ccd3a0333ed296f744b44d36500d1f50fc7ef9b.png
17:42:25.337 [Test worker] DEBUG net.serenitybdd.core.photography.Darkroom - Send negative for processing for C:\Users\nriosa\Desktop\SanitySemillas\SanitySemilla2\target\site\serenity\0a89525a2e42d75453f1750ddd891ade6111de2b199dabfc4c265ec1a6545891.png
17:42:27.359 [Test worker] DEBUG net.serenitybdd.core.photography.Darkroom - Send negative for processing for C:\Users\nriosa\Desktop\SanitySemillas\SanitySemilla2\target\site\serenity\8d220a90576f1fc6ae5a0ab798c3b3fd14733b9ce1202fab9bab7cac807071ba.png
17:42:37.121 [Test worker] DEBUG net.serenitybdd.core.photography.Darkroom - Send negative for processing for C:\Users\nriosa\Desktop\SanitySemillas\SanitySemilla2\target\site\serenity\e001309529b51d059b96cd288d28b01d11d2126198359f36b54c36760e6ebe03.png
17:42:37.123 [Darkroom Processing Line] DEBUG net.serenitybdd.core.photography.DarkroomProcessingLine - Processing screenshot image in /var/screenshots/screenshot-2550670386386206417
17:42:37.123 [Darkroom Processing Line] DEBUG net.serenitybdd.core.photography.DarkroomProcessingLine - Saving screenshot to C:\Users\nriosa\Desktop\SanitySemillas\SanitySemilla2\target\site\serenity\e001309529b51d059b96cd288d28b01d11d2126198359f36b54c36760e6ebe03.png
17:42:38.430 [Test worker] DEBUG net.serenitybdd.core.photography.Darkroom - Send negative for processing for C:\Users\nriosa\Desktop\SanitySemillas\SanitySemilla2\target\site\serenity\47fe868a27d758c3ada88f44c226e0144fe04f9b70ed385ef8958b63e2e4564a.png
aca
aca
17:42:39.021 [Test worker] DEBUG net.serenitybdd.core.photography.Darkroom - Send negative for processing for C:\Users\nriosa\Desktop\SanitySemillas\SanitySemilla2\target\site\serenity\df7416d56e10b59d0ae0517a65afd2c7ce1050f021f9b6bf434513e8c4112213.png
17:42:39.674 [Test worker] DEBUG net.serenitybdd.core.photography.Darkroom - Send negative for processing for C:\Users\nriosa\Desktop\SanitySemillas\SanitySemilla2\target\site\serenity\3ee1d8afa2f32e4c8a473a3dc0df1ebd0668cf224e3f916a0894a431b60eb273.png
17:42:40.581 [Test worker] DEBUG net.serenitybdd.core.photography.Darkroom - Send negative for processing for C:\Users\nriosa\Desktop\SanitySemillas\SanitySemilla2\target\site\serenity\f493a11ec730e1f39d4282f6013b08f03ddb40471c4b650aedede2747146d30c.png
17:42:40.582 [Darkroom Processing Line] DEBUG net.serenitybdd.core.photography.DarkroomProcessingLine - Processing screenshot image in /var/screenshots/screenshot-1858516324904924380
17:42:40.582 [Darkroom Processing Line] DEBUG net.serenitybdd.core.photography.DarkroomProcessingLine - Saving screenshot to C:\Users\nriosa\Desktop\SanitySemillas\SanitySemilla2\target\site\serenity\f493a11ec730e1f39d4282f6013b08f03ddb40471c4b650aedede2747146d30c.png
17:42:42.464 [Test worker] DEBUG net.serenitybdd.core.photography.Darkroom - Send negative for processing for C:\Users\nriosa\Desktop\SanitySemillas\SanitySemilla2\target\site\serenity\f94b4ad11e6561f7e68db3d23b786d5fa9082c7103889d18d8b2a05df722bde6.png
17:42:43.085 [Test worker] DEBUG net.serenitybdd.core.photography.Darkroom - Send negative for processing for C:\Users\nriosa\Desktop\SanitySemillas\SanitySemilla2\target\site\serenity\d34693a4673408c3ad7e5401ce7660363a2ed2d56e3d769d996e394d51082963.png
17:42:49.608 [Test worker] INFO net.thucydides.core.steps.ConsoleLoggingListener - ?[92m
        __    _____ _____ ____ _____   ____   _    ____  ____  _____ ____  
  _     \ \  |_   _| ____/ ___|_   _| |  _ \ / \  / ___|/ ___|| ____|  _ \ 
 (_)_____| |   | | |  _| \___ \ | |   | |_) / _ \ \___ \\___ \|  _| | | | |
  _|_____| |   | | | |___ ___) || |   |  __/ ___ \ ___) |___) | |___| |_| |
 (_)     | |   |_| |_____|____/ |_|   |_| /_/   \_\____/|____/|_____|____/ 
        /_/                                                                

TEST PASSED: se requiere realizar la reconexion de una linea
----------------------------------------------------------------------------?[0m
]]></system-out>
  <system-err><![CDATA[may 19, 2022 5:29:18 PM org.openqa.selenium.remote.DesiredCapabilities firefox
INFORMACIÓN: Using `new FirefoxOptions()` is preferred to `DesiredCapabilities.firefox()`
may 19, 2022 5:29:18 PM org.openqa.selenium.remote.DesiredCapabilities firefox
INFORMACIÓN: Using `new FirefoxOptions()` is preferred to `DesiredCapabilities.firefox()`
1652999359346	geckodriver	INFO	Listening on 127.0.0.1:13668
1652999360094	mozrunner::runner	INFO	Running command: "C:\\Program Files\\Mozilla Firefox\\firefox.exe" "--marionette" "-foreground" "-no-remote" "-profile" "C:\\Users\\nriosa\\AppData\\Local\\Temp\\rust_mozprofileThkTxm"
1652999361053	addons.webextension.doh-rollout@mozilla.org	WARN	Loading extension 'doh-rollout@mozilla.org': Reading manifest: Invalid extension permission: networkStatus
1652999361081	addons.webextension.screenshots@mozilla.org	WARN	Loading extension 'screenshots@mozilla.org': Reading manifest: Invalid extension permission: mozillaAddons
1652999361081	addons.webextension.screenshots@mozilla.org	WARN	Loading extension 'screenshots@mozilla.org': Reading manifest: Invalid extension permission: telemetry
1652999361081	addons.webextension.screenshots@mozilla.org	WARN	Loading extension 'screenshots@mozilla.org': Reading manifest: Invalid extension permission: resource://pdf.js/
1652999361081	addons.webextension.screenshots@mozilla.org	WARN	Loading extension 'screenshots@mozilla.org': Reading manifest: Invalid extension permission: about:reader*
JavaScript error: resource://gre/modules/XULStore.jsm, line 66: Error: Can't find profile directory.
1652999362931	Marionette	INFO	Listening on port 65298
1652999363495	Marionette	WARN	TLS certificate errors will be ignored for this session
may 19, 2022 5:29:23 PM org.openqa.selenium.remote.ProtocolHandshake createSession
INFORMACIÓN: Detected dialect: W3C
1652999384361	Marionette	INFO	Stopped listening on port 65298
Extension error: [Exception... "Component not initialized"  nsresult: "0xc1f30001 (NS_ERROR_NOT_INITIALIZED)"  location: "JS frame :: moz-extension://c530639f-d7dd-4176-b5da-04bce9498cc3/main.js :: connect :: line 12034"  data: no] undefined 12034
[[Exception stack
connect@moz-extension://c530639f-d7dd-4176-b5da-04bce9498cc3/main.js:12034:23
onPortDisconnected@moz-extension://c530639f-d7dd-4176-b5da-04bce9498cc3/main.js:20120:30
makeConnection/channel<@moz-extension://c530639f-d7dd-4176-b5da-04bce9498cc3/main.js:20093:136
handleDisconnect@moz-extension://c530639f-d7dd-4176-b5da-04bce9498cc3/main.js:12138:14
connect/</<@moz-extension://c530639f-d7dd-4176-b5da-04bce9498cc3/main.js:12020:63
Current stack
applySafeWithoutClone@resource://gre/modules/ExtensionCommon.jsm:606:13
addListener/asyncWithoutClone/<@resource://gre/modules/ExtensionCommon.jsm:2443:39
]]

###!!! [Child][MessageChannel] Error: (msgtype=0x370128,name=PContent::Msg_AsyncMessage) Channel closing: too late to send/recv, messages will be lost


###!!! [Child][RunMessage] Error: Channel closing: too late to send/recv, messages will be lost


###!!! [Child][MessageChannel::SendAndWait] Error: Channel error: cannot send/recv

may 19, 2022 5:29:49 PM org.openqa.selenium.remote.DesiredCapabilities firefox
INFORMACIÓN: Using `new FirefoxOptions()` is preferred to `DesiredCapabilities.firefox()`
may 19, 2022 5:29:49 PM org.openqa.selenium.remote.DesiredCapabilities firefox
INFORMACIÓN: Using `new FirefoxOptions()` is preferred to `DesiredCapabilities.firefox()`
1652999389793	geckodriver	INFO	Listening on 127.0.0.1:15863
1652999390283	mozrunner::runner	INFO	Running command: "C:\\Program Files\\Mozilla Firefox\\firefox.exe" "--marionette" "-foreground" "-no-remote" "-profile" "C:\\Users\\nriosa\\AppData\\Local\\Temp\\rust_mozprofileFSCUCG"
1652999391288	addons.webextension.doh-rollout@mozilla.org	WARN	Loading extension 'doh-rollout@mozilla.org': Reading manifest: Invalid extension permission: networkStatus
1652999391318	addons.webextension.screenshots@mozilla.org	WARN	Loading extension 'screenshots@mozilla.org': Reading manifest: Invalid extension permission: mozillaAddons
1652999391318	addons.webextension.screenshots@mozilla.org	WARN	Loading extension 'screenshots@mozilla.org': Reading manifest: Invalid extension permission: telemetry
1652999391318	addons.webextension.screenshots@mozilla.org	WARN	Loading extension 'screenshots@mozilla.org': Reading manifest: Invalid extension permission: resource://pdf.js/
1652999391318	addons.webextension.screenshots@mozilla.org	WARN	Loading extension 'screenshots@mozilla.org': Reading manifest: Invalid extension permission: about:reader*
JavaScript error: resource://gre/modules/XULStore.jsm, line 66: Error: Can't find profile directory.
1652999393027	Marionette	INFO	Listening on port 65327
1652999393787	Marionette	WARN	TLS certificate errors will be ignored for this session
may 19, 2022 5:29:53 PM org.openqa.selenium.remote.ProtocolHandshake createSession
INFORMACIÓN: Detected dialect: W3C
JavaScript error: http://10.69.60.57:8180/tigo-pos-web-ii/a4j_3_2_0.SR1-SNAPSHOTorg/ajax4jsf/javascript/scripts/form.js.jsf, line 11: TypeError: element is null
JavaScript error: http://10.69.60.57:8180/tigo-pos-web-ii/a4j_3_2_0.SR1-SNAPSHOTorg/ajax4jsf/javascript/scripts/form.js.jsf, line 11: TypeError: element is null
1652999422434	Marionette	INFO	Stopped listening on port 65327
Extension error: [Exception... "Component not initialized"  nsresult: "0xc1f30001 (NS_ERROR_NOT_INITIALIZED)"  location: "JS frame :: moz-extension://915ded42-cea7-4c23-bfdb-d0f843b48193/main.js :: connect :: line 12034"  data: no] undefined 12034
[[Exception stack
connect@moz-extension://915ded42-cea7-4c23-bfdb-d0f843b48193/main.js:12034:23
onPortDisconnected@moz-extension://915ded42-cea7-4c23-bfdb-d0f843b48193/main.js:20120:30
makeConnection/channel<@moz-extension://915ded42-cea7-4c23-bfdb-d0f843b48193/main.js:20093:136
handleDisconnect@moz-extension://915ded42-cea7-4c23-bfdb-d0f843b48193/main.js:12138:14
connect/</<@moz-extension://915ded42-cea7-4c23-bfdb-d0f843b48193/main.js:12020:63
Current stack
applySafeWithoutClone@resource://gre/modules/ExtensionCommon.jsm:606:13
addListener/asyncWithoutClone/<@resource://gre/modules/ExtensionCommon.jsm:2443:39
]]

###!!! [Child][RunMessage] Error: Channel closing: too late to send/recv, messages will be lost


###!!! [Child][MessageChannel::SendAndWait] Error: Channel error: cannot send/recv

may 19, 2022 5:30:49 PM org.openqa.selenium.remote.DesiredCapabilities firefox
INFORMACIÓN: Using `new FirefoxOptions()` is preferred to `DesiredCapabilities.firefox()`
may 19, 2022 5:30:49 PM org.openqa.selenium.remote.DesiredCapabilities firefox
INFORMACIÓN: Using `new FirefoxOptions()` is preferred to `DesiredCapabilities.firefox()`
1652999450307	geckodriver	INFO	Listening on 127.0.0.1:25830
1652999450815	mozrunner::runner	INFO	Running command: "C:\\Program Files\\Mozilla Firefox\\firefox.exe" "--marionette" "-foreground" "-no-remote" "-profile" "C:\\Users\\nriosa\\AppData\\Local\\Temp\\rust_mozprofileu48WvR"
1652999451734	addons.webextension.doh-rollout@mozilla.org	WARN	Loading extension 'doh-rollout@mozilla.org': Reading manifest: Invalid extension permission: networkStatus
1652999451762	addons.webextension.screenshots@mozilla.org	WARN	Loading extension 'screenshots@mozilla.org': Reading manifest: Invalid extension permission: mozillaAddons
1652999451762	addons.webextension.screenshots@mozilla.org	WARN	Loading extension 'screenshots@mozilla.org': Reading manifest: Invalid extension permission: telemetry
1652999451762	addons.webextension.screenshots@mozilla.org	WARN	Loading extension 'screenshots@mozilla.org': Reading manifest: Invalid extension permission: resource://pdf.js/
1652999451762	addons.webextension.screenshots@mozilla.org	WARN	Loading extension 'screenshots@mozilla.org': Reading manifest: Invalid extension permission: about:reader*
JavaScript error: resource://gre/modules/XULStore.jsm, line 66: Error: Can't find profile directory.
1652999453552	Marionette	INFO	Listening on port 65372
1652999454212	Marionette	WARN	TLS certificate errors will be ignored for this session
may 19, 2022 5:30:54 PM org.openqa.selenium.remote.ProtocolHandshake createSession
INFORMACIÓN: Detected dialect: W3C
JavaScript error: http://10.69.60.61:8280/portal/scripts/3.8.16.Final-redhat-1/SHARED/bootstrap-min.js, line 7: Error: Script error for: SHARED/jquery
http://requirejs.org/docs/errors.html#scripterror
JavaScript error: http://10.69.60.61:8280/portal/scripts/3.8.16.Final-redhat-1/SHARED/bootstrap-min.js, line 7: Error: Script error for: SHARED/navigation
http://requirejs.org/docs/errors.html#scripterror
JavaScript error: http://10.69.60.61:8280/portal/scripts/3.8.16.Final-redhat-1/SHARED/bootstrap-min.js, line 7: Error: Script error for: SHARED/base
http://requirejs.org/docs/errors.html#scripterror
JavaScript warning: http://10.69.60.61:8280/portal/CRMPortal/Consultas?portal:windowState=normal&portal:componentId=gtnc323725e-6efe-4037-9f93-1bc06edfa941&portal:resourceID=/org.rf.res/org/richfaces/ui.pack.js&portal:cacheLevel=PAGE&portal:type=resource&portal:portletMode=view, line 10431: unreachable code after return statement
JavaScript warning: http://10.69.60.61:8280/portal/CRMPortal/Consultas?portal:windowState=normal&portal:componentId=gtnc323725e-6efe-4037-9f93-1bc06edfa941&portal:resourceID=/org.rf.res/org/richfaces/ui.pack.js&portal:cacheLevel=PAGE&portal:type=resource&portal:portletMode=view, line 10431: unreachable code after return statement
JavaScript error: http://10.69.60.61:8280/portal/CRMPortal/Consultas, line 1: ReferenceError: setIframeListeners is not defined
JavaScript warning: http://10.69.60.61:8280/portal/CRMPortal/Venta?portal:windowState=normal&portal:componentId=gtn1dfca009-52ed-45cd-a543-6660573bef81&portal:resourceID=/org.rf.res/org/richfaces/ui.pack.js&portal:cacheLevel=PAGE&portal:type=resource&portal:portletMode=view, line 10431: unreachable code after return statement
JavaScript warning: http://10.69.60.61:8280/portal/CRMPortal/Venta?portal:windowState=normal&portal:componentId=gtn1dfca009-52ed-45cd-a543-6660573bef81&portal:resourceID=/org.rf.res/org/richfaces/ui.pack.js&portal:cacheLevel=PAGE&portal:type=resource&portal:portletMode=view, line 10431: unreachable code after return statement
JavaScript error: http://10.69.60.61:8280/portal/CRMPortal/Venta, line 1: ReferenceError: setIframeListeners is not defined
JavaScript error: http://10.69.60.61:8280/portal/CRMPortal/Venta, line 1: ReferenceError: setIframeListeners is not defined
JavaScript error: http://10.69.60.61:8280/portal/CRMPortal/Venta, line 1: ReferenceError: setIframeListeners is not defined
JavaScript error: http://10.69.60.61:8280/portal/CRMPortal/Venta, line 1: ReferenceError: setIframeListeners is not defined
JavaScript warning: http://10.69.60.61:8280/portal/CRMPortal/Consultas?portal:windowState=normal&portal:componentId=gtnc323725e-6efe-4037-9f93-1bc06edfa941&portal:resourceID=/org.rf.res/org/richfaces/ui.pack.js&portal:cacheLevel=PAGE&portal:type=resource&portal:portletMode=view, line 10431: unreachable code after return statement
JavaScript warning: http://10.69.60.61:8280/portal/CRMPortal/Consultas?portal:windowState=normal&portal:componentId=gtnc323725e-6efe-4037-9f93-1bc06edfa941&portal:resourceID=/org.rf.res/org/richfaces/ui.pack.js&portal:cacheLevel=PAGE&portal:type=resource&portal:portletMode=view, line 10431: unreachable code after return statement
JavaScript error: http://10.69.60.61:8280/portal/CRMPortal/Consultas, line 1: ReferenceError: setIframeListeners is not defined
JavaScript error: http://10.69.60.61:8280/portal/CRMPortal/Consultas, line 1: ReferenceError: setIframeListeners is not defined
1652999538300	Marionette	INFO	Stopped listening on port 65372
Extension error: [Exception... "Component not initialized"  nsresult: "0xc1f30001 (NS_ERROR_NOT_INITIALIZED)"  location: "JS frame :: moz-extension://865581f1-8382-44c0-8d0b-5c7110bdb424/main.js :: connect :: line 12034"  data: no] undefined 12034
[[Exception stack
connect@moz-extension://865581f1-8382-44c0-8d0b-5c7110bdb424/main.js:12034:23
onPortDisconnected@moz-extension://865581f1-8382-44c0-8d0b-5c7110bdb424/main.js:20120:30
makeConnection/channel<@moz-extension://865581f1-8382-44c0-8d0b-5c7110bdb424/main.js:20093:136
handleDisconnect@moz-extension://865581f1-8382-44c0-8d0b-5c7110bdb424/main.js:12138:14
connect/</<@moz-extension://865581f1-8382-44c0-8d0b-5c7110bdb424/main.js:12020:63
Current stack
applySafeWithoutClone@resource://gre/modules/ExtensionCommon.jsm:606:13
addListener/asyncWithoutClone/<@resource://gre/modules/ExtensionCommon.jsm:2443:39
]]

###!!! [Child][RunMessage] Error: Channel closing: too late to send/recv, messages will be lost


###!!! [Child][MessageChannel::SendAndWait] Error: Channel error: cannot send/recv

may 19, 2022 5:32:25 PM org.openqa.selenium.remote.DesiredCapabilities firefox
INFORMACIÓN: Using `new FirefoxOptions()` is preferred to `DesiredCapabilities.firefox()`
may 19, 2022 5:32:25 PM org.openqa.selenium.remote.DesiredCapabilities firefox
INFORMACIÓN: Using `new FirefoxOptions()` is preferred to `DesiredCapabilities.firefox()`
1652999546268	geckodriver	INFO	Listening on 127.0.0.1:32523
1652999546745	mozrunner::runner	INFO	Running command: "C:\\Program Files\\Mozilla Firefox\\firefox.exe" "--marionette" "-foreground" "-no-remote" "-profile" "C:\\Users\\nriosa\\AppData\\Local\\Temp\\rust_mozprofile0U4EPM"
1652999548152	addons.webextension.doh-rollout@mozilla.org	WARN	Loading extension 'doh-rollout@mozilla.org': Reading manifest: Invalid extension permission: networkStatus
1652999548183	addons.webextension.screenshots@mozilla.org	WARN	Loading extension 'screenshots@mozilla.org': Reading manifest: Invalid extension permission: mozillaAddons
1652999548183	addons.webextension.screenshots@mozilla.org	WARN	Loading extension 'screenshots@mozilla.org': Reading manifest: Invalid extension permission: telemetry
1652999548183	addons.webextension.screenshots@mozilla.org	WARN	Loading extension 'screenshots@mozilla.org': Reading manifest: Invalid extension permission: resource://pdf.js/
1652999548183	addons.webextension.screenshots@mozilla.org	WARN	Loading extension 'screenshots@mozilla.org': Reading manifest: Invalid extension permission: about:reader*
JavaScript error: resource://gre/modules/XULStore.jsm, line 66: Error: Can't find profile directory.
1652999550310	Marionette	INFO	Listening on port 65431
1652999550486	Marionette	WARN	TLS certificate errors will be ignored for this session
may 19, 2022 5:32:30 PM org.openqa.selenium.remote.ProtocolHandshake createSession
INFORMACIÓN: Detected dialect: W3C
JavaScript error: http://10.69.60.61:8280/portal/scripts/3.8.16.Final-redhat-1/SHARED/bootstrap-min.js, line 7: Error: Script error for: SHARED/jquery
http://requirejs.org/docs/errors.html#scripterror
JavaScript error: http://10.69.60.61:8280/portal/scripts/3.8.16.Final-redhat-1/SHARED/bootstrap-min.js, line 7: Error: Script error for: SHARED/navigation
http://requirejs.org/docs/errors.html#scripterror
JavaScript error: http://10.69.60.61:8280/portal/scripts/3.8.16.Final-redhat-1/SHARED/bootstrap-min.js, line 7: Error: Script error for: SHARED/base
http://requirejs.org/docs/errors.html#scripterror
JavaScript warning: http://10.69.60.61:8280/portal/CRMPortal/Consultas?portal:windowState=normal&portal:componentId=gtnc323725e-6efe-4037-9f93-1bc06edfa941&portal:resourceID=/org.rf.res/org/richfaces/ui.pack.js&portal:cacheLevel=PAGE&portal:type=resource&portal:portletMode=view, line 10431: unreachable code after return statement
JavaScript warning: http://10.69.60.61:8280/portal/CRMPortal/Consultas?portal:windowState=normal&portal:componentId=gtnc323725e-6efe-4037-9f93-1bc06edfa941&portal:resourceID=/org.rf.res/org/richfaces/ui.pack.js&portal:cacheLevel=PAGE&portal:type=resource&portal:portletMode=view, line 10431: unreachable code after return statement
JavaScript error: http://10.69.60.61:8280/portal/CRMPortal/Consultas, line 1: ReferenceError: setIframeListeners is not defined
JavaScript warning: http://10.69.60.61:8280/portal/CRMPortal/Venta?portal:windowState=normal&portal:componentId=gtn1dfca009-52ed-45cd-a543-6660573bef81&portal:resourceID=/org.rf.res/org/richfaces/ui.pack.js&portal:cacheLevel=PAGE&portal:type=resource&portal:portletMode=view, line 10431: unreachable code after return statement
JavaScript warning: http://10.69.60.61:8280/portal/CRMPortal/Venta?portal:windowState=normal&portal:componentId=gtn1dfca009-52ed-45cd-a543-6660573bef81&portal:resourceID=/org.rf.res/org/richfaces/ui.pack.js&portal:cacheLevel=PAGE&portal:type=resource&portal:portletMode=view, line 10431: unreachable code after return statement
JavaScript error: http://10.69.60.61:8280/portal/CRMPortal/Venta, line 1: ReferenceError: setIframeListeners is not defined
JavaScript error: http://10.69.60.61:8280/portal/CRMPortal/Venta, line 1: ReferenceError: setIframeListeners is not defined
JavaScript error: http://10.69.60.61:8280/portal/CRMPortal/Venta, line 1: ReferenceError: setIframeListeners is not defined
1652999563689	Marionette	WARN	TimedPromise timed out after 500 ms: stacktrace:
bail@chrome://marionette/content/sync.js:237:64
JavaScript error: http://10.69.60.61:8280/portal/CRMPortal/Venta, line 1: ReferenceError: setIframeListeners is not defined
JavaScript warning: http://10.69.60.61:8280/portal/CRMPortal/Consultas?portal:windowState=normal&portal:componentId=gtnc323725e-6efe-4037-9f93-1bc06edfa941&portal:resourceID=/org.rf.res/org/richfaces/ui.pack.js&portal:cacheLevel=PAGE&portal:type=resource&portal:portletMode=view, line 10431: unreachable code after return statement
JavaScript warning: http://10.69.60.61:8280/portal/CRMPortal/Consultas?portal:windowState=normal&portal:componentId=gtnc323725e-6efe-4037-9f93-1bc06edfa941&portal:resourceID=/org.rf.res/org/richfaces/ui.pack.js&portal:cacheLevel=PAGE&portal:type=resource&portal:portletMode=view, line 10431: unreachable code after return statement
JavaScript error: http://10.69.60.61:8280/portal/CRMPortal/Consultas, line 1: ReferenceError: setIframeListeners is not defined
JavaScript error: http://10.69.60.61:8280/portal/CRMPortal/Consultas, line 1: ReferenceError: setIframeListeners is not defined
1652999650299	Marionette	INFO	Stopped listening on port 65431
Extension error: [Exception... "Component not initialized"  nsresult: "0xc1f30001 (NS_ERROR_NOT_INITIALIZED)"  location: "JS frame :: moz-extension://574107ff-589f-4508-8f45-b07d1758cb46/main.js :: connect :: line 12034"  data: no] undefined 12034
[[Exception stack
connect@moz-extension://574107ff-589f-4508-8f45-b07d1758cb46/main.js:12034:23
onPortDisconnected@moz-extension://574107ff-589f-4508-8f45-b07d1758cb46/main.js:20120:30
makeConnection/channel<@moz-extension://574107ff-589f-4508-8f45-b07d1758cb46/main.js:20093:136
handleDisconnect@moz-extension://574107ff-589f-4508-8f45-b07d1758cb46/main.js:12138:14
connect/</<@moz-extension://574107ff-589f-4508-8f45-b07d1758cb46/main.js:12020:63
Current stack
applySafeWithoutClone@resource://gre/modules/ExtensionCommon.jsm:606:13
addListener/asyncWithoutClone/<@resource://gre/modules/ExtensionCommon.jsm:2443:39
]]

###!!! [Child][RunMessage] Error: Channel closing: too late to send/recv, messages will be lost


###!!! [Child][MessageChannel::SendAndWait] Error: Channel error: cannot send/recv

may 19, 2022 5:34:17 PM org.openqa.selenium.remote.DesiredCapabilities firefox
INFORMACIÓN: Using `new FirefoxOptions()` is preferred to `DesiredCapabilities.firefox()`
may 19, 2022 5:34:17 PM org.openqa.selenium.remote.DesiredCapabilities firefox
INFORMACIÓN: Using `new FirefoxOptions()` is preferred to `DesiredCapabilities.firefox()`
1652999657549	geckodriver	INFO	Listening on 127.0.0.1:46488
1652999658053	mozrunner::runner	INFO	Running command: "C:\\Program Files\\Mozilla Firefox\\firefox.exe" "--marionette" "-foreground" "-no-remote" "-profile" "C:\\Users\\nriosa\\AppData\\Local\\Temp\\rust_mozprofilea3oZoC"
1652999659033	addons.webextension.doh-rollout@mozilla.org	WARN	Loading extension 'doh-rollout@mozilla.org': Reading manifest: Invalid extension permission: networkStatus
1652999659064	addons.webextension.screenshots@mozilla.org	WARN	Loading extension 'screenshots@mozilla.org': Reading manifest: Invalid extension permission: mozillaAddons
1652999659064	addons.webextension.screenshots@mozilla.org	WARN	Loading extension 'screenshots@mozilla.org': Reading manifest: Invalid extension permission: telemetry
1652999659064	addons.webextension.screenshots@mozilla.org	WARN	Loading extension 'screenshots@mozilla.org': Reading manifest: Invalid extension permission: resource://pdf.js/
1652999659065	addons.webextension.screenshots@mozilla.org	WARN	Loading extension 'screenshots@mozilla.org': Reading manifest: Invalid extension permission: about:reader*
JavaScript error: resource://gre/modules/XULStore.jsm, line 66: Error: Can't find profile directory.
1652999660967	Marionette	INFO	Listening on port 65490
1652999661246	Marionette	WARN	TLS certificate errors will be ignored for this session
may 19, 2022 5:34:21 PM org.openqa.selenium.remote.ProtocolHandshake createSession
INFORMACIÓN: Detected dialect: W3C
JavaScript error: http://10.69.60.61:8280/portal/scripts/3.8.16.Final-redhat-1/SHARED/bootstrap-min.js, line 7: Error: Script error for: SHARED/base
http://requirejs.org/docs/errors.html#scripterror
JavaScript error: http://10.69.60.61:8280/portal/scripts/3.8.16.Final-redhat-1/SHARED/bootstrap-min.js, line 7: Error: Script error for: SHARED/navigation
http://requirejs.org/docs/errors.html#scripterror
JavaScript error: http://10.69.60.61:8280/portal/scripts/3.8.16.Final-redhat-1/SHARED/bootstrap-min.js, line 7: Error: Script error for: SHARED/jquery
http://requirejs.org/docs/errors.html#scripterror
JavaScript warning: http://10.69.60.61:8280/portal/CRMPortal/Consultas?portal:windowState=normal&portal:componentId=gtnc323725e-6efe-4037-9f93-1bc06edfa941&portal:resourceID=/org.rf.res/org/richfaces/ui.pack.js&portal:cacheLevel=PAGE&portal:type=resource&portal:portletMode=view, line 10431: unreachable code after return statement
JavaScript warning: http://10.69.60.61:8280/portal/CRMPortal/Consultas?portal:windowState=normal&portal:componentId=gtnc323725e-6efe-4037-9f93-1bc06edfa941&portal:resourceID=/org.rf.res/org/richfaces/ui.pack.js&portal:cacheLevel=PAGE&portal:type=resource&portal:portletMode=view, line 10431: unreachable code after return statement
JavaScript error: http://10.69.60.61:8280/portal/CRMPortal/Consultas, line 1: ReferenceError: setIframeListeners is not defined
JavaScript warning: http://10.69.60.61:8280/portal/CRMPortal/Postventa?portal:windowState=normal&portal:componentId=gtnf5a1f4f3-5ecc-4e4a-8654-6459a01c3953&portal:resourceID=/org.rf.res/org/richfaces/ui.pack.js&portal:cacheLevel=PAGE&portal:type=resource&portal:portletMode=view, line 10431: unreachable code after return statement
JavaScript warning: http://10.69.60.61:8280/portal/CRMPortal/Postventa?portal:windowState=normal&portal:componentId=gtnf5a1f4f3-5ecc-4e4a-8654-6459a01c3953&portal:resourceID=/org.rf.res/org/richfaces/ui.pack.js&portal:cacheLevel=PAGE&portal:type=resource&portal:portletMode=view, line 10431: unreachable code after return statement
JavaScript error: http://10.69.60.61:8280/portal/CRMPortal/Postventa, line 1: ReferenceError: setIframeListeners is not defined
JavaScript warning: http://10.69.60.56:8080/PostSale/a4j/g/3_3_3.Final/org/ajax4jsf/framework.pack.js, line 5514: unreachable code after return statement
JavaScript warning: http://10.69.60.56:8080/PostSale/a4j/g/3_3_3.Final/org/richfaces/ui.pack.js, line 12786: unreachable code after return statement
JavaScript warning: http://10.69.60.56:8080/PostSale/a4j/g/3_3_3.Final/org/richfaces/ui.pack.js, line 12786: unreachable code after return statement
JavaScript error: http://10.69.60.61:8280/portal/CRMPortal/Postventa, line 1: ReferenceError: setIframeListeners is not defined
JavaScript warning: http://10.69.60.56:8080/PostSale/a4j/g/3_3_3.Final/org/ajax4jsf/framework.pack.js, line 5514: unreachable code after return statement
JavaScript warning: http://10.69.60.56:8080/PostSale/a4j/g/3_3_3.Final/org/richfaces/ui.pack.js, line 12786: unreachable code after return statement
JavaScript warning: http://10.69.60.56:8080/PostSale/a4j/g/3_3_3.Final/org/richfaces/ui.pack.js, line 12786: unreachable code after return statement
JavaScript error: http://10.69.60.61:8280/portal/CRMPortal/Postventa, line 1: ReferenceError: setIframeListeners is not defined
JavaScript warning: http://10.69.60.56:8080/PostSale/a4j/g/3_3_3.Final/org/ajax4jsf/framework.pack.js, line 5514: unreachable code after return statement
JavaScript warning: http://10.69.60.56:8080/PostSale/a4j/g/3_3_3.Final/org/richfaces/ui.pack.js, line 12786: unreachable code after return statement
JavaScript warning: http://10.69.60.56:8080/PostSale/a4j/g/3_3_3.Final/org/richfaces/ui.pack.js, line 12786: unreachable code after return statement
JavaScript error: http://10.69.60.61:8280/portal/CRMPortal/Postventa, line 1: ReferenceError: setIframeListeners is not defined
JavaScript warning: http://10.69.60.56:8080/PostSale/a4j/g/3_3_3.Final/org/ajax4jsf/framework.pack.js, line 5514: unreachable code after return statement
JavaScript warning: http://10.69.60.56:8080/PostSale/a4j/g/3_3_3.Final/org/richfaces/ui.pack.js, line 12786: unreachable code after return statement
JavaScript warning: http://10.69.60.56:8080/PostSale/a4j/g/3_3_3.Final/org/richfaces/ui.pack.js, line 12786: unreachable code after return statement
JavaScript error: http://10.69.60.61:8280/portal/CRMPortal/Postventa, line 1: ReferenceError: setIframeListeners is not defined
JavaScript warning: http://10.69.60.61:8280/portal/CRMPortal/Consultas?portal:windowState=normal&portal:componentId=gtnc323725e-6efe-4037-9f93-1bc06edfa941&portal:resourceID=/org.rf.res/org/richfaces/ui.pack.js&portal:cacheLevel=PAGE&portal:type=resource&portal:portletMode=view, line 10431: unreachable code after return statement
JavaScript warning: http://10.69.60.61:8280/portal/CRMPortal/Consultas?portal:windowState=normal&portal:componentId=gtnc323725e-6efe-4037-9f93-1bc06edfa941&portal:resourceID=/org.rf.res/org/richfaces/ui.pack.js&portal:cacheLevel=PAGE&portal:type=resource&portal:portletMode=view, line 10431: unreachable code after return statement
JavaScript error: http://10.69.60.61:8280/portal/CRMPortal/Consultas, line 1: ReferenceError: setIframeListeners is not defined
JavaScript error: http://10.69.60.61:8280/portal/CRMPortal/Consultas, line 1: ReferenceError: setIframeListeners is not defined
1652999714707	Marionette	INFO	Stopped listening on port 65490
Extension error: [Exception... "Component not initialized"  nsresult: "0xc1f30001 (NS_ERROR_NOT_INITIALIZED)"  location: "JS frame :: moz-extension://3d79e1f0-a7d0-4fce-9457-4774c52e182c/main.js :: connect :: line 12034"  data: no] undefined 12034
[[Exception stack
connect@moz-extension://3d79e1f0-a7d0-4fce-9457-4774c52e182c/main.js:12034:23
onPortDisconnected@moz-extension://3d79e1f0-a7d0-4fce-9457-4774c52e182c/main.js:20120:30
makeConnection/channel<@moz-extension://3d79e1f0-a7d0-4fce-9457-4774c52e182c/main.js:20093:136
handleDisconnect@moz-extension://3d79e1f0-a7d0-4fce-9457-4774c52e182c/main.js:12138:14
connect/</<@moz-extension://3d79e1f0-a7d0-4fce-9457-4774c52e182c/main.js:12020:63
Current stack
applySafeWithoutClone@resource://gre/modules/ExtensionCommon.jsm:606:13
addListener/asyncWithoutClone/<@resource://gre/modules/ExtensionCommon.jsm:2443:39
]]

###!!! [Child][RunMessage] Error: Channel closing: too late to send/recv, messages will be lost


###!!! [Child][RunMessage] Error: Channel closing: too late to send/recv, messages will be lost


###!!! [Child][MessageChannel::SendAndWait] Error: Channel error: cannot send/recv

JavaScript error: resource://gre/modules/osfile/osfile_async_front.jsm, line 426: Error: OS.File has been shut down. Rejecting post to stat
may 19, 2022 5:35:20 PM org.openqa.selenium.remote.DesiredCapabilities firefox
INFORMACIÓN: Using `new FirefoxOptions()` is preferred to `DesiredCapabilities.firefox()`
may 19, 2022 5:35:20 PM org.openqa.selenium.remote.DesiredCapabilities firefox
INFORMACIÓN: Using `new FirefoxOptions()` is preferred to `DesiredCapabilities.firefox()`
1652999721149	geckodriver	INFO	Listening on 127.0.0.1:31574
1652999721598	mozrunner::runner	INFO	Running command: "C:\\Program Files\\Mozilla Firefox\\firefox.exe" "--marionette" "-foreground" "-no-remote" "-profile" "C:\\Users\\nriosa\\AppData\\Local\\Temp\\rust_mozprofilesQo8xQ"
1652999722557	addons.webextension.doh-rollout@mozilla.org	WARN	Loading extension 'doh-rollout@mozilla.org': Reading manifest: Invalid extension permission: networkStatus
1652999722586	addons.webextension.screenshots@mozilla.org	WARN	Loading extension 'screenshots@mozilla.org': Reading manifest: Invalid extension permission: mozillaAddons
1652999722586	addons.webextension.screenshots@mozilla.org	WARN	Loading extension 'screenshots@mozilla.org': Reading manifest: Invalid extension permission: telemetry
1652999722586	addons.webextension.screenshots@mozilla.org	WARN	Loading extension 'screenshots@mozilla.org': Reading manifest: Invalid extension permission: resource://pdf.js/
1652999722586	addons.webextension.screenshots@mozilla.org	WARN	Loading extension 'screenshots@mozilla.org': Reading manifest: Invalid extension permission: about:reader*
JavaScript error: resource://gre/modules/XULStore.jsm, line 66: Error: Can't find profile directory.
1652999724302	Marionette	INFO	Listening on port 49154
1652999724989	Marionette	WARN	TLS certificate errors will be ignored for this session
may 19, 2022 5:35:25 PM org.openqa.selenium.remote.ProtocolHandshake createSession
INFORMACIÓN: Detected dialect: W3C
JavaScript error: http://10.69.60.61:8280/portal/scripts/3.8.16.Final-redhat-1/SHARED/bootstrap-min.js, line 7: Error: Script error for: SHARED/jquery
http://requirejs.org/docs/errors.html#scripterror
JavaScript error: http://10.69.60.61:8280/portal/scripts/3.8.16.Final-redhat-1/SHARED/bootstrap-min.js, line 7: Error: Script error for: SHARED/base
http://requirejs.org/docs/errors.html#scripterror
JavaScript error: http://10.69.60.61:8280/portal/scripts/3.8.16.Final-redhat-1/SHARED/bootstrap-min.js, line 7: Error: Script error for: SHARED/navigation
http://requirejs.org/docs/errors.html#scripterror
JavaScript warning: http://10.69.60.61:8280/portal/CRMPortal/Consultas?portal:windowState=normal&portal:componentId=gtnc323725e-6efe-4037-9f93-1bc06edfa941&portal:resourceID=/org.rf.res/org/richfaces/ui.pack.js&portal:cacheLevel=PAGE&portal:type=resource&portal:portletMode=view, line 10431: unreachable code after return statement
JavaScript warning: http://10.69.60.61:8280/portal/CRMPortal/Consultas?portal:windowState=normal&portal:componentId=gtnc323725e-6efe-4037-9f93-1bc06edfa941&portal:resourceID=/org.rf.res/org/richfaces/ui.pack.js&portal:cacheLevel=PAGE&portal:type=resource&portal:portletMode=view, line 10431: unreachable code after return statement
JavaScript error: http://10.69.60.61:8280/portal/CRMPortal/Consultas, line 1: ReferenceError: setIframeListeners is not defined
JavaScript warning: http://10.69.60.61:8280/portal/CRMPortal/Postventa?portal:windowState=normal&portal:componentId=gtnf5a1f4f3-5ecc-4e4a-8654-6459a01c3953&portal:resourceID=/org.rf.res/org/richfaces/ui.pack.js&portal:cacheLevel=PAGE&portal:type=resource&portal:portletMode=view, line 10431: unreachable code after return statement
JavaScript warning: http://10.69.60.61:8280/portal/CRMPortal/Postventa?portal:windowState=normal&portal:componentId=gtnf5a1f4f3-5ecc-4e4a-8654-6459a01c3953&portal:resourceID=/org.rf.res/org/richfaces/ui.pack.js&portal:cacheLevel=PAGE&portal:type=resource&portal:portletMode=view, line 10431: unreachable code after return statement
JavaScript error: http://10.69.60.61:8280/portal/CRMPortal/Postventa, line 1: ReferenceError: setIframeListeners is not defined
JavaScript warning: http://10.69.60.56:8080/PostSale/a4j/g/3_3_3.Final/org/ajax4jsf/framework.pack.js, line 5514: unreachable code after return statement
JavaScript warning: http://10.69.60.56:8080/PostSale/a4j/g/3_3_3.Final/org/richfaces/ui.pack.js, line 12786: unreachable code after return statement
JavaScript warning: http://10.69.60.56:8080/PostSale/a4j/g/3_3_3.Final/org/richfaces/ui.pack.js, line 12786: unreachable code after return statement
JavaScript error: http://10.69.60.61:8280/portal/CRMPortal/Postventa, line 1: ReferenceError: setIframeListeners is not defined
JavaScript warning: http://10.69.60.56:8080/PostSale/a4j/g/3_3_3.Final/org/ajax4jsf/framework.pack.js, line 5514: unreachable code after return statement
JavaScript warning: http://10.69.60.56:8080/PostSale/a4j/g/3_3_3.Final/org/richfaces/ui.pack.js, line 12786: unreachable code after return statement
JavaScript warning: http://10.69.60.56:8080/PostSale/a4j/g/3_3_3.Final/org/richfaces/ui.pack.js, line 12786: unreachable code after return statement
JavaScript error: http://10.69.60.61:8280/portal/CRMPortal/Postventa, line 1: ReferenceError: setIframeListeners is not defined
JavaScript warning: http://10.69.60.56:8080/PostSale/a4j/g/3_3_3.Final/org/ajax4jsf/framework.pack.js, line 5514: unreachable code after return statement
JavaScript warning: http://10.69.60.56:8080/PostSale/a4j/g/3_3_3.Final/org/richfaces/ui.pack.js, line 12786: unreachable code after return statement
JavaScript warning: http://10.69.60.56:8080/PostSale/a4j/g/3_3_3.Final/org/richfaces/ui.pack.js, line 12786: unreachable code after return statement
JavaScript error: http://10.69.60.61:8280/portal/CRMPortal/Postventa, line 1: ReferenceError: setIframeListeners is not defined
JavaScript warning: http://10.69.60.56:8080/PostSale/a4j/g/3_3_3.Final/org/ajax4jsf/framework.pack.js, line 5514: unreachable code after return statement
JavaScript warning: http://10.69.60.56:8080/PostSale/a4j/g/3_3_3.Final/org/richfaces/ui.pack.js, line 12786: unreachable code after return statement
JavaScript warning: http://10.69.60.56:8080/PostSale/a4j/g/3_3_3.Final/org/richfaces/ui.pack.js, line 12786: unreachable code after return statement
JavaScript error: http://10.69.60.61:8280/portal/CRMPortal/Postventa, line 1: ReferenceError: setIframeListeners is not defined
JavaScript warning: http://10.69.60.61:8280/portal/CRMPortal/Consultas?portal:windowState=normal&portal:componentId=gtnc323725e-6efe-4037-9f93-1bc06edfa941&portal:resourceID=/org.rf.res/org/richfaces/ui.pack.js&portal:cacheLevel=PAGE&portal:type=resource&portal:portletMode=view, line 10431: unreachable code after return statement
JavaScript warning: http://10.69.60.61:8280/portal/CRMPortal/Consultas?portal:windowState=normal&portal:componentId=gtnc323725e-6efe-4037-9f93-1bc06edfa941&portal:resourceID=/org.rf.res/org/richfaces/ui.pack.js&portal:cacheLevel=PAGE&portal:type=resource&portal:portletMode=view, line 10431: unreachable code after return statement
JavaScript error: http://10.69.60.61:8280/portal/CRMPortal/Consultas, line 1: ReferenceError: setIframeListeners is not defined
JavaScript error: http://10.69.60.61:8280/portal/CRMPortal/Consultas, line 1: ReferenceError: setIframeListeners is not defined
1652999779432	Marionette	INFO	Stopped listening on port 49154
Extension error: [Exception... "Component not initialized"  nsresult: "0xc1f30001 (NS_ERROR_NOT_INITIALIZED)"  location: "JS frame :: moz-extension://c5f4398d-2c80-436f-bc6b-74a94d2738a0/main.js :: connect :: line 12034"  data: no] undefined 12034
[[Exception stack
connect@moz-extension://c5f4398d-2c80-436f-bc6b-74a94d2738a0/main.js:12034:23
onPortDisconnected@moz-extension://c5f4398d-2c80-436f-bc6b-74a94d2738a0/main.js:20120:30
makeConnection/channel<@moz-extension://c5f4398d-2c80-436f-bc6b-74a94d2738a0/main.js:20093:136
handleDisconnect@moz-extension://c5f4398d-2c80-436f-bc6b-74a94d2738a0/main.js:12138:14
connect/</<@moz-extension://c5f4398d-2c80-436f-bc6b-74a94d2738a0/main.js:12020:63
Current stack
applySafeWithoutClone@resource://gre/modules/ExtensionCommon.jsm:606:13
addListener/asyncWithoutClone/<@resource://gre/modules/ExtensionCommon.jsm:2443:39
]]

###!!! [Child][RunMessage] Error: Channel closing: too late to send/recv, messages will be lost


###!!! [Child][MessageChannel::SendAndWait] Error: Channel error: cannot send/recv

may 19, 2022 5:36:25 PM org.openqa.selenium.remote.DesiredCapabilities firefox
INFORMACIÓN: Using `new FirefoxOptions()` is preferred to `DesiredCapabilities.firefox()`
may 19, 2022 5:36:25 PM org.openqa.selenium.remote.DesiredCapabilities firefox
INFORMACIÓN: Using `new FirefoxOptions()` is preferred to `DesiredCapabilities.firefox()`
1652999785967	geckodriver	INFO	Listening on 127.0.0.1:33154
1652999786481	mozrunner::runner	INFO	Running command: "C:\\Program Files\\Mozilla Firefox\\firefox.exe" "--marionette" "-foreground" "-no-remote" "-profile" "C:\\Users\\nriosa\\AppData\\Local\\Temp\\rust_mozprofileg2yNQs"
1652999787407	addons.webextension.doh-rollout@mozilla.org	WARN	Loading extension 'doh-rollout@mozilla.org': Reading manifest: Invalid extension permission: networkStatus
1652999787434	addons.webextension.screenshots@mozilla.org	WARN	Loading extension 'screenshots@mozilla.org': Reading manifest: Invalid extension permission: mozillaAddons
1652999787434	addons.webextension.screenshots@mozilla.org	WARN	Loading extension 'screenshots@mozilla.org': Reading manifest: Invalid extension permission: telemetry
1652999787434	addons.webextension.screenshots@mozilla.org	WARN	Loading extension 'screenshots@mozilla.org': Reading manifest: Invalid extension permission: resource://pdf.js/
1652999787434	addons.webextension.screenshots@mozilla.org	WARN	Loading extension 'screenshots@mozilla.org': Reading manifest: Invalid extension permission: about:reader*
JavaScript error: resource://gre/modules/XULStore.jsm, line 66: Error: Can't find profile directory.
1652999789349	Marionette	INFO	Listening on port 49206
1652999789968	Marionette	WARN	TLS certificate errors will be ignored for this session
may 19, 2022 5:36:30 PM org.openqa.selenium.remote.ProtocolHandshake createSession
INFORMACIÓN: Detected dialect: W3C
JavaScript error: http://10.69.60.61:8280/portal/scripts/3.8.16.Final-redhat-1/SHARED/bootstrap-min.js, line 7: Error: Script error for: SHARED/base
http://requirejs.org/docs/errors.html#scripterror
JavaScript error: http://10.69.60.61:8280/portal/scripts/3.8.16.Final-redhat-1/SHARED/bootstrap-min.js, line 7: Error: Script error for: SHARED/navigation
http://requirejs.org/docs/errors.html#scripterror
JavaScript error: http://10.69.60.61:8280/portal/scripts/3.8.16.Final-redhat-1/SHARED/bootstrap-min.js, line 7: Error: Script error for: SHARED/jquery
http://requirejs.org/docs/errors.html#scripterror
JavaScript warning: http://10.69.60.61:8280/portal/CRMPortal/Consultas?portal:windowState=normal&portal:componentId=gtnc323725e-6efe-4037-9f93-1bc06edfa941&portal:resourceID=/org.rf.res/org/richfaces/ui.pack.js&portal:cacheLevel=PAGE&portal:type=resource&portal:portletMode=view, line 10431: unreachable code after return statement
JavaScript warning: http://10.69.60.61:8280/portal/CRMPortal/Consultas?portal:windowState=normal&portal:componentId=gtnc323725e-6efe-4037-9f93-1bc06edfa941&portal:resourceID=/org.rf.res/org/richfaces/ui.pack.js&portal:cacheLevel=PAGE&portal:type=resource&portal:portletMode=view, line 10431: unreachable code after return statement
JavaScript error: http://10.69.60.61:8280/portal/CRMPortal/Consultas, line 1: ReferenceError: setIframeListeners is not defined
JavaScript warning: http://10.69.60.61:8280/portal/CRMPortal/Venta?portal:windowState=normal&portal:componentId=gtn1dfca009-52ed-45cd-a543-6660573bef81&portal:resourceID=/org.rf.res/org/richfaces/ui.pack.js&portal:cacheLevel=PAGE&portal:type=resource&portal:portletMode=view, line 10431: unreachable code after return statement
JavaScript warning: http://10.69.60.61:8280/portal/CRMPortal/Venta?portal:windowState=normal&portal:componentId=gtn1dfca009-52ed-45cd-a543-6660573bef81&portal:resourceID=/org.rf.res/org/richfaces/ui.pack.js&portal:cacheLevel=PAGE&portal:type=resource&portal:portletMode=view, line 10431: unreachable code after return statement
JavaScript error: http://10.69.60.61:8280/portal/CRMPortal/Venta, line 1: ReferenceError: setIframeListeners is not defined
JavaScript error: http://10.69.60.61:8280/portal/CRMPortal/Venta, line 1: ReferenceError: setIframeListeners is not defined
JavaScript error: http://10.69.60.61:8280/portal/CRMPortal/Venta, line 1: ReferenceError: setIframeListeners is not defined
1652999803839	Marionette	WARN	TimedPromise timed out after 500 ms: stacktrace:
bail@chrome://marionette/content/sync.js:237:64
JavaScript error: http://10.69.60.61:8280/portal/CRMPortal/Venta, line 1: ReferenceError: setIframeListeners is not defined
1652999886490	Marionette	WARN	TimedPromise timed out after 500 ms: stacktrace:
bail@chrome://marionette/content/sync.js:237:64
JavaScript warning: http://10.69.60.61:8280/portal/CRMPortal/Consultas?portal:windowState=normal&portal:componentId=gtnc323725e-6efe-4037-9f93-1bc06edfa941&portal:resourceID=/org.rf.res/org/richfaces/ui.pack.js&portal:cacheLevel=PAGE&portal:type=resource&portal:portletMode=view, line 10431: unreachable code after return statement
JavaScript warning: http://10.69.60.61:8280/portal/CRMPortal/Consultas?portal:windowState=normal&portal:componentId=gtnc323725e-6efe-4037-9f93-1bc06edfa941&portal:resourceID=/org.rf.res/org/richfaces/ui.pack.js&portal:cacheLevel=PAGE&portal:type=resource&portal:portletMode=view, line 10431: unreachable code after return statement
JavaScript error: http://10.69.60.61:8280/portal/CRMPortal/Consultas, line 1: ReferenceError: setIframeListeners is not defined
JavaScript error: http://10.69.60.61:8280/portal/CRMPortal/Consultas, line 1: ReferenceError: setIframeListeners is not defined
1652999892111	Marionette	INFO	Stopped listening on port 49206
Extension error: [Exception... "Component not initialized"  nsresult: "0xc1f30001 (NS_ERROR_NOT_INITIALIZED)"  location: "JS frame :: moz-extension://70243f41-60ef-4574-8274-fb337d2724e4/main.js :: connect :: line 12034"  data: no] undefined 12034
[[Exception stack
connect@moz-extension://70243f41-60ef-4574-8274-fb337d2724e4/main.js:12034:23
onPortDisconnected@moz-extension://70243f41-60ef-4574-8274-fb337d2724e4/main.js:20120:30
makeConnection/channel<@moz-extension://70243f41-60ef-4574-8274-fb337d2724e4/main.js:20093:136
handleDisconnect@moz-extension://70243f41-60ef-4574-8274-fb337d2724e4/main.js:12138:14
connect/</<@moz-extension://70243f41-60ef-4574-8274-fb337d2724e4/main.js:12020:63
Current stack
applySafeWithoutClone@resource://gre/modules/ExtensionCommon.jsm:606:13
addListener/asyncWithoutClone/<@resource://gre/modules/ExtensionCommon.jsm:2443:39
]]

###!!! [Child][RunMessage] Error: Channel closing: too late to send/recv, messages will be lost


###!!! [Child][MessageChannel::SendAndWait] Error: Channel error: cannot send/recv

may 19, 2022 5:38:18 PM org.openqa.selenium.remote.DesiredCapabilities firefox
INFORMACIÓN: Using `new FirefoxOptions()` is preferred to `DesiredCapabilities.firefox()`
may 19, 2022 5:38:18 PM org.openqa.selenium.remote.DesiredCapabilities firefox
INFORMACIÓN: Using `new FirefoxOptions()` is preferred to `DesiredCapabilities.firefox()`
1652999899441	geckodriver	INFO	Listening on 127.0.0.1:3905
1652999899892	mozrunner::runner	INFO	Running command: "C:\\Program Files\\Mozilla Firefox\\firefox.exe" "--marionette" "-foreground" "-no-remote" "-profile" "C:\\Users\\nriosa\\AppData\\Local\\Temp\\rust_mozprofileaeICHX"
1652999900824	addons.webextension.doh-rollout@mozilla.org	WARN	Loading extension 'doh-rollout@mozilla.org': Reading manifest: Invalid extension permission: networkStatus
1652999900850	addons.webextension.screenshots@mozilla.org	WARN	Loading extension 'screenshots@mozilla.org': Reading manifest: Invalid extension permission: mozillaAddons
1652999900850	addons.webextension.screenshots@mozilla.org	WARN	Loading extension 'screenshots@mozilla.org': Reading manifest: Invalid extension permission: telemetry
1652999900850	addons.webextension.screenshots@mozilla.org	WARN	Loading extension 'screenshots@mozilla.org': Reading manifest: Invalid extension permission: resource://pdf.js/
1652999900850	addons.webextension.screenshots@mozilla.org	WARN	Loading extension 'screenshots@mozilla.org': Reading manifest: Invalid extension permission: about:reader*
JavaScript error: resource://gre/modules/XULStore.jsm, line 66: Error: Can't find profile directory.
1652999902938	Marionette	INFO	Listening on port 49265
1652999903518	Marionette	WARN	TLS certificate errors will be ignored for this session
may 19, 2022 5:38:23 PM org.openqa.selenium.remote.ProtocolHandshake createSession
INFORMACIÓN: Detected dialect: W3C
JavaScript warning: http://10.69.60.61:8280/portal/CRMPortal/Consultas?portal:windowState=normal&portal:componentId=gtnc323725e-6efe-4037-9f93-1bc06edfa941&portal:resourceID=/org.rf.res/org/richfaces/ui.pack.js&portal:cacheLevel=PAGE&portal:type=resource&portal:portletMode=view, line 10431: unreachable code after return statement
JavaScript warning: http://10.69.60.61:8280/portal/CRMPortal/Consultas?portal:windowState=normal&portal:componentId=gtnc323725e-6efe-4037-9f93-1bc06edfa941&portal:resourceID=/org.rf.res/org/richfaces/ui.pack.js&portal:cacheLevel=PAGE&portal:type=resource&portal:portletMode=view, line 10431: unreachable code after return statement
JavaScript error: http://10.69.60.61:8280/portal/CRMPortal/Consultas, line 1: ReferenceError: setIframeListeners is not defined
JavaScript warning: http://10.69.60.61:8280/portal/CRMPortal/Postventa?portal:windowState=normal&portal:componentId=gtnf5a1f4f3-5ecc-4e4a-8654-6459a01c3953&portal:resourceID=/org.rf.res/org/richfaces/ui.pack.js&portal:cacheLevel=PAGE&portal:type=resource&portal:portletMode=view, line 10431: unreachable code after return statement
JavaScript warning: http://10.69.60.61:8280/portal/CRMPortal/Postventa?portal:windowState=normal&portal:componentId=gtnf5a1f4f3-5ecc-4e4a-8654-6459a01c3953&portal:resourceID=/org.rf.res/org/richfaces/ui.pack.js&portal:cacheLevel=PAGE&portal:type=resource&portal:portletMode=view, line 10431: unreachable code after return statement
JavaScript error: http://10.69.60.61:8280/portal/CRMPortal/Postventa, line 1: ReferenceError: setIframeListeners is not defined
JavaScript warning: http://10.69.60.56:8080/PostSale/a4j/g/3_3_3.Final/org/ajax4jsf/framework.pack.js, line 5514: unreachable code after return statement
JavaScript warning: http://10.69.60.56:8080/PostSale/a4j/g/3_3_3.Final/org/richfaces/ui.pack.js, line 12786: unreachable code after return statement
JavaScript warning: http://10.69.60.56:8080/PostSale/a4j/g/3_3_3.Final/org/richfaces/ui.pack.js, line 12786: unreachable code after return statement
JavaScript error: http://10.69.60.61:8280/portal/CRMPortal/Postventa, line 1: ReferenceError: setIframeListeners is not defined
1652999917675	Marionette	WARN	TimedPromise timed out after 500 ms: stacktrace:
bail@chrome://marionette/content/sync.js:237:64
1652999925210	Marionette	WARN	TimedPromise timed out after 500 ms: stacktrace:
bail@chrome://marionette/content/sync.js:237:64
openRemotePrompt@resource://gre/modules/Prompter.jsm:619:17
openPrompt@resource://gre/modules/Prompter.jsm:679:23
confirm@resource://gre/modules/Prompter.jsm:771:10
onclick@http://10.69.60.56:8080/PostSale/planChangePre.seam?token=emIcwTDw4%2FQmwTnli5T%2F97is6S3iw8zFpG%2FBW%2BeTHGXCPtHwf0GzqmdD4BNbcCOYIdvsmEj%2BQveWO8iOb16a%2Fw%3D%3D:1:5
event.synthesizeMouseAtPoint@chrome://marionette/content/event.js:213:14
webdriverClickElement@chrome://marionette/content/interaction.js:183:11
JavaScript warning: http://10.69.60.61:8280/portal/CRMPortal/Consultas?portal:windowState=normal&portal:componentId=gtnc323725e-6efe-4037-9f93-1bc06edfa941&portal:resourceID=/org.rf.res/org/richfaces/ui.pack.js&portal:cacheLevel=PAGE&portal:type=resource&portal:portletMode=view, line 10431: unreachable code after return statement
JavaScript warning: http://10.69.60.61:8280/portal/CRMPortal/Consultas?portal:windowState=normal&portal:componentId=gtnc323725e-6efe-4037-9f93-1bc06edfa941&portal:resourceID=/org.rf.res/org/richfaces/ui.pack.js&portal:cacheLevel=PAGE&portal:type=resource&portal:portletMode=view, line 10431: unreachable code after return statement
JavaScript error: http://10.69.60.61:8280/portal/CRMPortal/Consultas, line 1: ReferenceError: setIframeListeners is not defined
JavaScript error: http://10.69.60.61:8280/portal/CRMPortal/Consultas, line 1: ReferenceError: setIframeListeners is not defined
1652999953611	Marionette	INFO	Stopped listening on port 49265
Extension error: [Exception... "Component not initialized"  nsresult: "0xc1f30001 (NS_ERROR_NOT_INITIALIZED)"  location: "JS frame :: moz-extension://df9219cd-a47f-43b4-b866-31a7c70aa4c9/main.js :: connect :: line 12034"  data: no] undefined 12034
[[Exception stack
connect@moz-extension://df9219cd-a47f-43b4-b866-31a7c70aa4c9/main.js:12034:23
onPortDisconnected@moz-extension://df9219cd-a47f-43b4-b866-31a7c70aa4c9/main.js:20120:30
makeConnection/channel<@moz-extension://df9219cd-a47f-43b4-b866-31a7c70aa4c9/main.js:20093:136
handleDisconnect@moz-extension://df9219cd-a47f-43b4-b866-31a7c70aa4c9/main.js:12138:14
connect/</<@moz-extension://df9219cd-a47f-43b4-b866-31a7c70aa4c9/main.js:12020:63
Current stack
applySafeWithoutClone@resource://gre/modules/ExtensionCommon.jsm:606:13
addListener/asyncWithoutClone/<@resource://gre/modules/ExtensionCommon.jsm:2443:39
]]

###!!! [Child][RunMessage] Error: Channel closing: too late to send/recv, messages will be lost


###!!! [Child][MessageChannel::SendAndWait] Error: Channel error: cannot send/recv

may 19, 2022 5:39:19 PM org.openqa.selenium.remote.DesiredCapabilities firefox
INFORMACIÓN: Using `new FirefoxOptions()` is preferred to `DesiredCapabilities.firefox()`
may 19, 2022 5:39:19 PM org.openqa.selenium.remote.DesiredCapabilities firefox
INFORMACIÓN: Using `new FirefoxOptions()` is preferred to `DesiredCapabilities.firefox()`
1652999959873	geckodriver	INFO	Listening on 127.0.0.1:10303
1652999960326	mozrunner::runner	INFO	Running command: "C:\\Program Files\\Mozilla Firefox\\firefox.exe" "--marionette" "-foreground" "-no-remote" "-profile" "C:\\Users\\nriosa\\AppData\\Local\\Temp\\rust_mozprofilezS3WeU"
1652999961290	addons.webextension.doh-rollout@mozilla.org	WARN	Loading extension 'doh-rollout@mozilla.org': Reading manifest: Invalid extension permission: networkStatus
1652999961319	addons.webextension.screenshots@mozilla.org	WARN	Loading extension 'screenshots@mozilla.org': Reading manifest: Invalid extension permission: mozillaAddons
1652999961319	addons.webextension.screenshots@mozilla.org	WARN	Loading extension 'screenshots@mozilla.org': Reading manifest: Invalid extension permission: telemetry
1652999961319	addons.webextension.screenshots@mozilla.org	WARN	Loading extension 'screenshots@mozilla.org': Reading manifest: Invalid extension permission: resource://pdf.js/
1652999961319	addons.webextension.screenshots@mozilla.org	WARN	Loading extension 'screenshots@mozilla.org': Reading manifest: Invalid extension permission: about:reader*
JavaScript error: resource://gre/modules/XULStore.jsm, line 66: Error: Can't find profile directory.
1652999963105	Marionette	INFO	Listening on port 49318
1652999963809	Marionette	WARN	TLS certificate errors will be ignored for this session
may 19, 2022 5:39:23 PM org.openqa.selenium.remote.ProtocolHandshake createSession
INFORMACIÓN: Detected dialect: W3C
JavaScript error: http://10.69.60.61:8280/portal/scripts/3.8.16.Final-redhat-1/SHARED/bootstrap-min.js, line 7: Error: Script error for: SHARED/navigation
http://requirejs.org/docs/errors.html#scripterror
JavaScript error: http://10.69.60.61:8280/portal/scripts/3.8.16.Final-redhat-1/SHARED/bootstrap-min.js, line 7: Error: Script error for: SHARED/jquery
http://requirejs.org/docs/errors.html#scripterror
JavaScript error: http://10.69.60.61:8280/portal/scripts/3.8.16.Final-redhat-1/SHARED/bootstrap-min.js, line 7: Error: Script error for: SHARED/base
http://requirejs.org/docs/errors.html#scripterror
JavaScript warning: http://10.69.60.61:8280/portal/CRMPortal/Consultas?portal:windowState=normal&portal:componentId=gtnc323725e-6efe-4037-9f93-1bc06edfa941&portal:resourceID=/org.rf.res/org/richfaces/ui.pack.js&portal:cacheLevel=PAGE&portal:type=resource&portal:portletMode=view, line 10431: unreachable code after return statement
JavaScript warning: http://10.69.60.61:8280/portal/CRMPortal/Consultas?portal:windowState=normal&portal:componentId=gtnc323725e-6efe-4037-9f93-1bc06edfa941&portal:resourceID=/org.rf.res/org/richfaces/ui.pack.js&portal:cacheLevel=PAGE&portal:type=resource&portal:portletMode=view, line 10431: unreachable code after return statement
JavaScript error: http://10.69.60.61:8280/portal/CRMPortal/Consultas, line 1: ReferenceError: setIframeListeners is not defined
JavaScript warning: http://10.69.60.61:8280/portal/CRMPortal/Postventa?portal:windowState=normal&portal:componentId=gtnf5a1f4f3-5ecc-4e4a-8654-6459a01c3953&portal:resourceID=/org.rf.res/org/richfaces/ui.pack.js&portal:cacheLevel=PAGE&portal:type=resource&portal:portletMode=view, line 10431: unreachable code after return statement
JavaScript warning: http://10.69.60.61:8280/portal/CRMPortal/Postventa?portal:windowState=normal&portal:componentId=gtnf5a1f4f3-5ecc-4e4a-8654-6459a01c3953&portal:resourceID=/org.rf.res/org/richfaces/ui.pack.js&portal:cacheLevel=PAGE&portal:type=resource&portal:portletMode=view, line 10431: unreachable code after return statement
JavaScript error: http://10.69.60.61:8280/portal/CRMPortal/Postventa, line 1: ReferenceError: setIframeListeners is not defined
JavaScript warning: http://10.69.60.56:8080/PostSale/a4j/g/3_3_3.Final/org/ajax4jsf/framework.pack.js, line 5514: unreachable code after return statement
JavaScript warning: http://10.69.60.56:8080/PostSale/a4j/g/3_3_3.Final/org/richfaces/ui.pack.js, line 12786: unreachable code after return statement
JavaScript warning: http://10.69.60.56:8080/PostSale/a4j/g/3_3_3.Final/org/richfaces/ui.pack.js, line 12786: unreachable code after return statement
JavaScript error: http://10.69.60.61:8280/portal/CRMPortal/Postventa, line 1: ReferenceError: setIframeListeners is not defined
JavaScript error: http://10.69.60.56:8080/PostSale/planChangeNew.seam?token=emIcwTDw4%2FQmwTnli5T%2F97is6S3iw8zFpG%2FBW%2BeTHGUPVruebvESqsLDBgsg7p4AIdvsmEj%2BQveWO8iOb16a%2Fw%3D%3D, line 50: TypeError: ePosIdObj is null
1653000039584	Marionette	INFO	Stopped listening on port 49318
Extension error: [Exception... "Component not initialized"  nsresult: "0xc1f30001 (NS_ERROR_NOT_INITIALIZED)"  location: "JS frame :: moz-extension://f65f7ee8-fe57-4de9-a9eb-eeae837c1c09/main.js :: connect :: line 12034"  data: no] undefined 12034
[[Exception stack
connect@moz-extension://f65f7ee8-fe57-4de9-a9eb-eeae837c1c09/main.js:12034:23
onPortDisconnected@moz-extension://f65f7ee8-fe57-4de9-a9eb-eeae837c1c09/main.js:20120:30
makeConnection/channel<@moz-extension://f65f7ee8-fe57-4de9-a9eb-eeae837c1c09/main.js:20093:136
handleDisconnect@moz-extension://f65f7ee8-fe57-4de9-a9eb-eeae837c1c09/main.js:12138:14
connect/</<@moz-extension://f65f7ee8-fe57-4de9-a9eb-eeae837c1c09/main.js:12020:63
Current stack
applySafeWithoutClone@resource://gre/modules/ExtensionCommon.jsm:606:13
addListener/asyncWithoutClone/<@resource://gre/modules/ExtensionCommon.jsm:2443:39
]]

###!!! [Child][RunMessage] Error: Channel closing: too late to send/recv, messages will be lost


###!!! [Child][MessageChannel::SendAndWait] Error: Channel error: cannot send/recv

may 19, 2022 5:40:44 PM org.openqa.selenium.remote.DesiredCapabilities firefox
INFORMACIÓN: Using `new FirefoxOptions()` is preferred to `DesiredCapabilities.firefox()`
may 19, 2022 5:40:44 PM org.openqa.selenium.remote.DesiredCapabilities firefox
INFORMACIÓN: Using `new FirefoxOptions()` is preferred to `DesiredCapabilities.firefox()`
1653000045091	geckodriver	INFO	Listening on 127.0.0.1:19626
1653000045595	mozrunner::runner	INFO	Running command: "C:\\Program Files\\Mozilla Firefox\\firefox.exe" "--marionette" "-foreground" "-no-remote" "-profile" "C:\\Users\\nriosa\\AppData\\Local\\Temp\\rust_mozprofileu5nLc2"
1653000046504	addons.webextension.doh-rollout@mozilla.org	WARN	Loading extension 'doh-rollout@mozilla.org': Reading manifest: Invalid extension permission: networkStatus
1653000046531	addons.webextension.screenshots@mozilla.org	WARN	Loading extension 'screenshots@mozilla.org': Reading manifest: Invalid extension permission: mozillaAddons
1653000046531	addons.webextension.screenshots@mozilla.org	WARN	Loading extension 'screenshots@mozilla.org': Reading manifest: Invalid extension permission: telemetry
1653000046531	addons.webextension.screenshots@mozilla.org	WARN	Loading extension 'screenshots@mozilla.org': Reading manifest: Invalid extension permission: resource://pdf.js/
1653000046531	addons.webextension.screenshots@mozilla.org	WARN	Loading extension 'screenshots@mozilla.org': Reading manifest: Invalid extension permission: about:reader*
JavaScript error: resource://gre/modules/XULStore.jsm, line 66: Error: Can't find profile directory.
1653000048402	Marionette	INFO	Listening on port 49369
1653000048800	Marionette	WARN	TLS certificate errors will be ignored for this session
may 19, 2022 5:40:48 PM org.openqa.selenium.remote.ProtocolHandshake createSession
INFORMACIÓN: Detected dialect: W3C
JavaScript error: http://10.69.60.61:8280/portal/scripts/3.8.16.Final-redhat-1/SHARED/bootstrap-min.js, line 7: Error: Script error for: SHARED/navigation
http://requirejs.org/docs/errors.html#scripterror
JavaScript error: http://10.69.60.61:8280/portal/scripts/3.8.16.Final-redhat-1/SHARED/bootstrap-min.js, line 7: Error: Script error for: SHARED/base
http://requirejs.org/docs/errors.html#scripterror
JavaScript error: http://10.69.60.61:8280/portal/scripts/3.8.16.Final-redhat-1/SHARED/bootstrap-min.js, line 7: Error: Script error for: SHARED/jquery
http://requirejs.org/docs/errors.html#scripterror
JavaScript warning: http://10.69.60.61:8280/portal/CRMPortal/Consultas?portal:windowState=normal&portal:componentId=gtnc323725e-6efe-4037-9f93-1bc06edfa941&portal:resourceID=/org.rf.res/org/richfaces/ui.pack.js&portal:cacheLevel=PAGE&portal:type=resource&portal:portletMode=view, line 10431: unreachable code after return statement
JavaScript warning: http://10.69.60.61:8280/portal/CRMPortal/Consultas?portal:windowState=normal&portal:componentId=gtnc323725e-6efe-4037-9f93-1bc06edfa941&portal:resourceID=/org.rf.res/org/richfaces/ui.pack.js&portal:cacheLevel=PAGE&portal:type=resource&portal:portletMode=view, line 10431: unreachable code after return statement
JavaScript error: http://10.69.60.61:8280/portal/CRMPortal/Consultas, line 1: ReferenceError: setIframeListeners is not defined
JavaScript warning: http://10.69.60.61:8280/portal/CRMPortal/Consultas?portal:windowState=normal&portal:componentId=gtnc323725e-6efe-4037-9f93-1bc06edfa941&portal:resourceID=/org.rf.res/org/richfaces/ui.pack.js&portal:cacheLevel=PAGE&portal:type=resource&portal:portletMode=view, line 10431: unreachable code after return statement
JavaScript warning: http://10.69.60.61:8280/portal/CRMPortal/Consultas?portal:windowState=normal&portal:componentId=gtnc323725e-6efe-4037-9f93-1bc06edfa941&portal:resourceID=/org.rf.res/org/richfaces/ui.pack.js&portal:cacheLevel=PAGE&portal:type=resource&portal:portletMode=view, line 10431: unreachable code after return statement
JavaScript error: http://10.69.60.61:8280/portal/CRMPortal/Consultas, line 1: ReferenceError: setIframeListeners is not defined
JavaScript error: http://10.69.60.61:8280/portal/CRMPortal/Consultas, line 1: ReferenceError: setIframeListeners is not defined
JavaScript warning: http://10.69.60.61:8280/portal/CRMPortal/Postventa?portal:windowState=normal&portal:componentId=gtnf5a1f4f3-5ecc-4e4a-8654-6459a01c3953&portal:resourceID=/org.rf.res/org/richfaces/ui.pack.js&portal:cacheLevel=PAGE&portal:type=resource&portal:portletMode=view, line 10431: unreachable code after return statement
JavaScript warning: http://10.69.60.61:8280/portal/CRMPortal/Postventa?portal:windowState=normal&portal:componentId=gtnf5a1f4f3-5ecc-4e4a-8654-6459a01c3953&portal:resourceID=/org.rf.res/org/richfaces/ui.pack.js&portal:cacheLevel=PAGE&portal:type=resource&portal:portletMode=view, line 10431: unreachable code after return statement
JavaScript error: http://10.69.60.61:8280/portal/CRMPortal/Postventa, line 1: ReferenceError: setIframeListeners is not defined
JavaScript warning: http://10.69.60.60:8280/PostSale/a4j/g/3_3_3.Final/org/ajax4jsf/framework.pack.js.page, line 5514: unreachable code after return statement
JavaScript warning: http://10.69.60.60:8280/PostSale/a4j/g/3_3_3.Final/org/richfaces/ui.pack.js.page, line 12786: unreachable code after return statement
JavaScript warning: http://10.69.60.60:8280/PostSale/a4j/g/3_3_3.Final/org/richfaces/ui.pack.js.page, line 12786: unreachable code after return statement
JavaScript error: http://10.69.60.61:8280/portal/CRMPortal/Postventa, line 1: ReferenceError: setIframeListeners is not defined
JavaScript warning: http://10.69.60.61:8280/portal/CRMPortal/Consultas?portal:windowState=normal&portal:componentId=gtnc323725e-6efe-4037-9f93-1bc06edfa941&portal:resourceID=/org.rf.res/org/richfaces/ui.pack.js&portal:cacheLevel=PAGE&portal:type=resource&portal:portletMode=view, line 10431: unreachable code after return statement
JavaScript warning: http://10.69.60.61:8280/portal/CRMPortal/Consultas?portal:windowState=normal&portal:componentId=gtnc323725e-6efe-4037-9f93-1bc06edfa941&portal:resourceID=/org.rf.res/org/richfaces/ui.pack.js&portal:cacheLevel=PAGE&portal:type=resource&portal:portletMode=view, line 10431: unreachable code after return statement
JavaScript error: http://10.69.60.61:8280/portal/CRMPortal/Consultas, line 1: ReferenceError: setIframeListeners is not defined
1653000115518	Marionette	INFO	Stopped listening on port 49369

###!!! [Child][RunMessage] Error: Channel closing: too late to send/recv, messages will be lost


###!!! [Child][MessageChannel::SendAndWait] Error: Channel error: cannot send/recv

may 19, 2022 5:42:01 PM org.openqa.selenium.remote.DesiredCapabilities firefox
INFORMACIÓN: Using `new FirefoxOptions()` is preferred to `DesiredCapabilities.firefox()`
may 19, 2022 5:42:01 PM org.openqa.selenium.remote.DesiredCapabilities firefox
INFORMACIÓN: Using `new FirefoxOptions()` is preferred to `DesiredCapabilities.firefox()`
1653000121720	geckodriver	INFO	Listening on 127.0.0.1:7833
1653000122163	mozrunner::runner	INFO	Running command: "C:\\Program Files\\Mozilla Firefox\\firefox.exe" "--marionette" "-foreground" "-no-remote" "-profile" "C:\\Users\\nriosa\\AppData\\Local\\Temp\\rust_mozprofileNHWSqJ"
1653000123127	addons.webextension.doh-rollout@mozilla.org	WARN	Loading extension 'doh-rollout@mozilla.org': Reading manifest: Invalid extension permission: networkStatus
1653000123154	addons.webextension.screenshots@mozilla.org	WARN	Loading extension 'screenshots@mozilla.org': Reading manifest: Invalid extension permission: mozillaAddons
1653000123154	addons.webextension.screenshots@mozilla.org	WARN	Loading extension 'screenshots@mozilla.org': Reading manifest: Invalid extension permission: telemetry
1653000123154	addons.webextension.screenshots@mozilla.org	WARN	Loading extension 'screenshots@mozilla.org': Reading manifest: Invalid extension permission: resource://pdf.js/
1653000123154	addons.webextension.screenshots@mozilla.org	WARN	Loading extension 'screenshots@mozilla.org': Reading manifest: Invalid extension permission: about:reader*
JavaScript error: resource://gre/modules/XULStore.jsm, line 66: Error: Can't find profile directory.
1653000124931	Marionette	INFO	Listening on port 49690
1653000125558	Marionette	WARN	TLS certificate errors will be ignored for this session
may 19, 2022 5:42:05 PM org.openqa.selenium.remote.ProtocolHandshake createSession
INFORMACIÓN: Detected dialect: W3C
JavaScript error: http://10.69.60.61:8280/portal/scripts/3.8.16.Final-redhat-1/SHARED/bootstrap-min.js, line 7: Error: Script error for: SHARED/base
http://requirejs.org/docs/errors.html#scripterror
JavaScript error: http://10.69.60.61:8280/portal/scripts/3.8.16.Final-redhat-1/SHARED/bootstrap-min.js, line 7: Error: Script error for: SHARED/jquery
http://requirejs.org/docs/errors.html#scripterror
JavaScript error: http://10.69.60.61:8280/portal/scripts/3.8.16.Final-redhat-1/SHARED/bootstrap-min.js, line 7: Error: Script error for: SHARED/navigation
http://requirejs.org/docs/errors.html#scripterror
JavaScript warning: http://10.69.60.61:8280/portal/CRMPortal/Consultas?portal:windowState=normal&portal:componentId=gtnc323725e-6efe-4037-9f93-1bc06edfa941&portal:resourceID=/org.rf.res/org/richfaces/ui.pack.js&portal:cacheLevel=PAGE&portal:type=resource&portal:portletMode=view, line 10431: unreachable code after return statement
JavaScript warning: http://10.69.60.61:8280/portal/CRMPortal/Consultas?portal:windowState=normal&portal:componentId=gtnc323725e-6efe-4037-9f93-1bc06edfa941&portal:resourceID=/org.rf.res/org/richfaces/ui.pack.js&portal:cacheLevel=PAGE&portal:type=resource&portal:portletMode=view, line 10431: unreachable code after return statement
JavaScript error: http://10.69.60.61:8280/portal/CRMPortal/Consultas, line 1: ReferenceError: setIframeListeners is not defined
JavaScript warning: http://10.69.60.61:8280/portal/CRMPortal/Consultas?portal:windowState=normal&portal:componentId=gtnc323725e-6efe-4037-9f93-1bc06edfa941&portal:resourceID=/org.rf.res/org/richfaces/ui.pack.js&portal:cacheLevel=PAGE&portal:type=resource&portal:portletMode=view, line 10431: unreachable code after return statement
JavaScript warning: http://10.69.60.61:8280/portal/CRMPortal/Consultas?portal:windowState=normal&portal:componentId=gtnc323725e-6efe-4037-9f93-1bc06edfa941&portal:resourceID=/org.rf.res/org/richfaces/ui.pack.js&portal:cacheLevel=PAGE&portal:type=resource&portal:portletMode=view, line 10431: unreachable code after return statement
JavaScript error: http://10.69.60.61:8280/portal/CRMPortal/Consultas, line 1: ReferenceError: setIframeListeners is not defined
JavaScript error: http://10.69.60.61:8280/portal/CRMPortal/Consultas, line 1: ReferenceError: setIframeListeners is not defined
JavaScript warning: http://10.69.60.61:8280/portal/CRMPortal/Postventa?portal:windowState=normal&portal:componentId=gtnf5a1f4f3-5ecc-4e4a-8654-6459a01c3953&portal:resourceID=/org.rf.res/org/richfaces/ui.pack.js&portal:cacheLevel=PAGE&portal:type=resource&portal:portletMode=view, line 10431: unreachable code after return statement
JavaScript warning: http://10.69.60.61:8280/portal/CRMPortal/Postventa?portal:windowState=normal&portal:componentId=gtnf5a1f4f3-5ecc-4e4a-8654-6459a01c3953&portal:resourceID=/org.rf.res/org/richfaces/ui.pack.js&portal:cacheLevel=PAGE&portal:type=resource&portal:portletMode=view, line 10431: unreachable code after return statement
JavaScript error: http://10.69.60.61:8280/portal/CRMPortal/Postventa, line 1: ReferenceError: setIframeListeners is not defined
JavaScript warning: http://10.69.60.60:8280/PostSale/a4j/g/3_3_3.Final/org/ajax4jsf/framework.pack.js.page, line 5514: unreachable code after return statement
JavaScript warning: http://10.69.60.60:8280/PostSale/a4j/g/3_3_3.Final/org/richfaces/ui.pack.js.page, line 12786: unreachable code after return statement
JavaScript warning: http://10.69.60.60:8280/PostSale/a4j/g/3_3_3.Final/org/richfaces/ui.pack.js.page, line 12786: unreachable code after return statement
JavaScript error: http://10.69.60.61:8280/portal/CRMPortal/Postventa, line 1: ReferenceError: setIframeListeners is not defined
JavaScript warning: http://10.69.60.61:8280/portal/CRMPortal/Consultas?portal:windowState=normal&portal:componentId=gtnc323725e-6efe-4037-9f93-1bc06edfa941&portal:resourceID=/org.rf.res/org/richfaces/ui.pack.js&portal:cacheLevel=PAGE&portal:type=resource&portal:portletMode=view, line 10431: unreachable code after return statement
JavaScript warning: http://10.69.60.61:8280/portal/CRMPortal/Consultas?portal:windowState=normal&portal:componentId=gtnc323725e-6efe-4037-9f93-1bc06edfa941&portal:resourceID=/org.rf.res/org/richfaces/ui.pack.js&portal:cacheLevel=PAGE&portal:type=resource&portal:portletMode=view, line 10431: unreachable code after return statement
JavaScript error: http://10.69.60.61:8280/portal/CRMPortal/Consultas, line 1: ReferenceError: setIframeListeners is not defined
1653000163255	Marionette	INFO	Stopped listening on port 49690
Extension error: [Exception... "Component not initialized"  nsresult: "0xc1f30001 (NS_ERROR_NOT_INITIALIZED)"  location: "JS frame :: moz-extension://83a02b7c-aef2-4de9-9eb9-d64b16541c86/main.js :: connect :: line 12034"  data: no] undefined 12034
[[Exception stack
connect@moz-extension://83a02b7c-aef2-4de9-9eb9-d64b16541c86/main.js:12034:23
onPortDisconnected@moz-extension://83a02b7c-aef2-4de9-9eb9-d64b16541c86/main.js:20120:30
makeConnection/channel<@moz-extension://83a02b7c-aef2-4de9-9eb9-d64b16541c86/main.js:20093:136
handleDisconnect@moz-extension://83a02b7c-aef2-4de9-9eb9-d64b16541c86/main.js:12138:14
connect/</<@moz-extension://83a02b7c-aef2-4de9-9eb9-d64b16541c86/main.js:12020:63
Current stack
applySafeWithoutClone@resource://gre/modules/ExtensionCommon.jsm:606:13
addListener/asyncWithoutClone/<@resource://gre/modules/ExtensionCommon.jsm:2443:39
]]

###!!! [Child][RunMessage] Error: Channel closing: too late to send/recv, messages will be lost


###!!! [Child][MessageChannel::SendAndWait] Error: Channel error: cannot send/recv

]]></system-err>
</testsuite>
